[0.013s] Invoking command in '/home/tinker/tk24_navigation_tradition/tk24_navigation_tradition/build/kiss_icp': CMAKE_PREFIX_PATH=/home/tinker/tk24_navigation_tradition/tk24_navigation_tradition/install/tracer_base:/opt/ros/humble:/home/tinker/tk24_navigation_tradition/tk24_navigation_tradition/install/ugv_sdk:/home/tinker/tk24_navigation_tradition/tk24_navigation_tradition/install/tracer_msgs:/home/tinker/tk24_navigation_tradition/tk24_navigation_tradition/install/navigation_bringup:/home/tinker/tk24_navigation_tradition/tk24_navigation_tradition/install/livox_ros_driver2:/home/tinker/tk24_navigation_tradition/tk24_navigation_tradition/install/kiss_icp /home/tinker/.local/bin/cmake --build /home/tinker/tk24_navigation_tradition/tk24_navigation_tradition/build/kiss_icp -- -j32 -l32
[0.089s] [ 13%] Built target kiss_icp_metrics
[0.089s] [ 26%] Built target kiss_icp_node
[0.094s] [ 73%] Built target kiss_icp_core
[0.107s] [ 86%] Built target kiss_icp_pipeline
[0.122s] [100%] Built target odometry_component
[0.128s] Invoked command in '/home/tinker/tk24_navigation_tradition/tk24_navigation_tradition/build/kiss_icp' returned '0': CMAKE_PREFIX_PATH=/home/tinker/tk24_navigation_tradition/tk24_navigation_tradition/install/tracer_base:/opt/ros/humble:/home/tinker/tk24_navigation_tradition/tk24_navigation_tradition/install/ugv_sdk:/home/tinker/tk24_navigation_tradition/tk24_navigation_tradition/install/tracer_msgs:/home/tinker/tk24_navigation_tradition/tk24_navigation_tradition/install/navigation_bringup:/home/tinker/tk24_navigation_tradition/tk24_navigation_tradition/install/livox_ros_driver2:/home/tinker/tk24_navigation_tradition/tk24_navigation_tradition/install/kiss_icp /home/tinker/.local/bin/cmake --build /home/tinker/tk24_navigation_tradition/tk24_navigation_tradition/build/kiss_icp -- -j32 -l32
[0.251s] Invoking command in '/home/tinker/tk24_navigation_tradition/tk24_navigation_tradition/build/kiss_icp': CMAKE_PREFIX_PATH=/home/tinker/tk24_navigation_tradition/tk24_navigation_tradition/install/tracer_base:/opt/ros/humble:/home/tinker/tk24_navigation_tradition/tk24_navigation_tradition/install/ugv_sdk:/home/tinker/tk24_navigation_tradition/tk24_navigation_tradition/install/tracer_msgs:/home/tinker/tk24_navigation_tradition/tk24_navigation_tradition/install/navigation_bringup:/home/tinker/tk24_navigation_tradition/tk24_navigation_tradition/install/livox_ros_driver2:/home/tinker/tk24_navigation_tradition/tk24_navigation_tradition/install/kiss_icp /home/tinker/.local/bin/cmake --install /home/tinker/tk24_navigation_tradition/tk24_navigation_tradition/build/kiss_icp
[0.312s] -- Install configuration: "Release"
[0.313s] -- Up-to-date: /home/tinker/tk24_navigation_tradition/tk24_navigation_tradition/install/kiss_icp/lib/kiss_icp/kiss_icp_node
[0.313s] -- Up-to-date: /home/tinker/tk24_navigation_tradition/tk24_navigation_tradition/install/kiss_icp/lib/libodometry_component.so
[0.314s] -- Up-to-date: /home/tinker/tk24_navigation_tradition/tk24_navigation_tradition/install/kiss_icp/share/kiss_icp//launch
[0.314s] -- Up-to-date: /home/tinker/tk24_navigation_tradition/tk24_navigation_tradition/install/kiss_icp/share/kiss_icp//launch/odometry.launch.py
[0.314s] -- Up-to-date: /home/tinker/tk24_navigation_tradition/tk24_navigation_tradition/install/kiss_icp/share/kiss_icp//rviz
[0.314s] -- Up-to-date: /home/tinker/tk24_navigation_tradition/tk24_navigation_tradition/install/kiss_icp/share/kiss_icp//rviz/kiss_icp.rviz
[0.314s] -- Up-to-date: /home/tinker/tk24_navigation_tradition/tk24_navigation_tradition/install/kiss_icp/share/ament_index/resource_index/package_run_dependencies/kiss_icp
[0.314s] -- Up-to-date: /home/tinker/tk24_navigation_tradition/tk24_navigation_tradition/install/kiss_icp/share/ament_index/resource_index/parent_prefix_path/kiss_icp
[0.314s] -- Up-to-date: /home/tinker/tk24_navigation_tradition/tk24_navigation_tradition/install/kiss_icp/share/kiss_icp/environment/ament_prefix_path.sh
[0.315s] -- Up-to-date: /home/tinker/tk24_navigation_tradition/tk24_navigation_tradition/install/kiss_icp/share/kiss_icp/environment/ament_prefix_path.dsv
[0.315s] -- Up-to-date: /home/tinker/tk24_navigation_tradition/tk24_navigation_tradition/install/kiss_icp/share/kiss_icp/environment/path.sh
[0.315s] -- Up-to-date: /home/tinker/tk24_navigation_tradition/tk24_navigation_tradition/install/kiss_icp/share/kiss_icp/environment/path.dsv
[0.315s] -- Up-to-date: /home/tinker/tk24_navigation_tradition/tk24_navigation_tradition/install/kiss_icp/share/kiss_icp/local_setup.bash
[0.315s] -- Up-to-date: /home/tinker/tk24_navigation_tradition/tk24_navigation_tradition/install/kiss_icp/share/kiss_icp/local_setup.sh
[0.315s] -- Up-to-date: /home/tinker/tk24_navigation_tradition/tk24_navigation_tradition/install/kiss_icp/share/kiss_icp/local_setup.zsh
[0.315s] -- Up-to-date: /home/tinker/tk24_navigation_tradition/tk24_navigation_tradition/install/kiss_icp/share/kiss_icp/local_setup.dsv
[0.316s] -- Installing: /home/tinker/tk24_navigation_tradition/tk24_navigation_tradition/install/kiss_icp/share/kiss_icp/package.dsv
[0.316s] -- Up-to-date: /home/tinker/tk24_navigation_tradition/tk24_navigation_tradition/install/kiss_icp/share/ament_index/resource_index/packages/kiss_icp
[0.316s] -- Up-to-date: /home/tinker/tk24_navigation_tradition/tk24_navigation_tradition/install/kiss_icp/share/ament_index/resource_index/rclcpp_components/kiss_icp
[0.316s] -- Up-to-date: /home/tinker/tk24_navigation_tradition/tk24_navigation_tradition/install/kiss_icp/share/kiss_icp/cmake/kiss_icpConfig.cmake
[0.316s] -- Up-to-date: /home/tinker/tk24_navigation_tradition/tk24_navigation_tradition/install/kiss_icp/share/kiss_icp/cmake/kiss_icpConfig-version.cmake
[0.316s] -- Up-to-date: /home/tinker/tk24_navigation_tradition/tk24_navigation_tradition/install/kiss_icp/share/kiss_icp/package.xml
[0.326s] Invoked command in '/home/tinker/tk24_navigation_tradition/tk24_navigation_tradition/build/kiss_icp' returned '0': CMAKE_PREFIX_PATH=/home/tinker/tk24_navigation_tradition/tk24_navigation_tradition/install/tracer_base:/opt/ros/humble:/home/tinker/tk24_navigation_tradition/tk24_navigation_tradition/install/ugv_sdk:/home/tinker/tk24_navigation_tradition/tk24_navigation_tradition/install/tracer_msgs:/home/tinker/tk24_navigation_tradition/tk24_navigation_tradition/install/navigation_bringup:/home/tinker/tk24_navigation_tradition/tk24_navigation_tradition/install/livox_ros_driver2:/home/tinker/tk24_navigation_tradition/tk24_navigation_tradition/install/kiss_icp /home/tinker/.local/bin/cmake --install /home/tinker/tk24_navigation_tradition/tk24_navigation_tradition/build/kiss_icp
