[0.013s] Invoking command in '/home/tinker/tk24_navigation_tradition/tk24_navigation_tradition/build/navigation_bringup': CMAKE_PREFIX_PATH=/home/tinker/ws_tk25/install/xarm_planner:/home/tinker/ws_tk25/install/xarm_moveit_servo:/home/tinker/ws_tk25/install/xarm_moveit_config:/home/tinker/ws_tk25/install/xarm_gazebo:/home/tinker/ws_tk25/install/xarm_controller:/home/tinker/ws_tk25/install/xarm_api:/home/tinker/ws_tk25/install/xarm_sdk:/home/tinker/ws_tk25/install/xarm_msgs:/home/tinker/ws_tk25/install/xarm_description:/home/tinker/ws_tk25/install/tracer_base:/home/tinker/ws_tk25/install/uf_ros_lib:/home/tinker/ws_tk25/install/arm_api:/home/tinker/ws_tk25/install/ros2_grasp_position_compute:/home/tinker/ws_tk25/install/nav_api:/home/tinker/ws_tk25/install/contact_graspnet_ros2:/home/tinker/ws_tk25/install/anygrasp_ros2:/opt/ros/humble:/home/tinker/ws_tk25/install/ugv_sdk:/home/tinker/ws_tk25/install/tracer_msgs:/home/tinker/ws_tk25/install/tk_nav_interfaces:/home/tinker/ws_tk25/install/tinker_nav_bringup:/home/tinker/ws_tk25/install/tinker_moveit:/home/tinker/ws_tk25/install/tinker_arm_msgs:/home/tinker/ws_tk25/install/rtab_map:/home/tinker/ws_tk25/install/realsense_gazebo_plugin:/home/tinker/ws_tk25/install/orbbec_description:/home/tinker/ws_tk25/install/orbbec_camera:/home/tinker/ws_tk25/install/orbbec_camera_msgs:/home/tinker/ws_tk25/install/mobile_teleop:/home/tinker/ws_tk25/install/mobile_bringup:/home/tinker/ws_tk25/install/compute_grasp_interface /home/tinker/.local/bin/cmake --build /home/tinker/tk24_navigation_tradition/tk24_navigation_tradition/build/navigation_bringup -- -j32 -l32
[0.069s] [0mCMake Deprecation Warning at CMakeLists.txt:1 (cmake_minimum_required):
[0.069s]   Compatibility with CMake < 3.10 will be removed from a future version of
[0.069s]   CMake.
[0.069s] 
[0.069s]   Update the VERSION argument <min> value or use a ...<max> suffix to tell
[0.069s]   CMake that the project does not need compatibility with older versions.
[0.069s] 
[0.069s] [0m
[0.076s] -- Found ament_cmake: 1.3.9 (/opt/ros/humble/share/ament_cmake/cmake)
[0.238s] -- Found ament_lint_auto: 0.12.11 (/opt/ros/humble/share/ament_lint_auto/cmake)
[0.281s] -- Added test 'flake8' to check Python code syntax and style conventions
[0.281s] -- Added test 'lint_cmake' to check CMake code style
[0.281s] -- Added test 'pep257' to check Python code against some of the docstring style conventions in PEP 257
[0.282s] -- Added test 'xmllint' to check XML markup files
[0.282s] -- Configuring done (0.2s)
[0.285s] -- Generating done (0.0s)
[0.285s] -- Build files have been written to: /home/tinker/tk24_navigation_tradition/tk24_navigation_tradition/build/navigation_bringup
[0.293s] Invoked command in '/home/tinker/tk24_navigation_tradition/tk24_navigation_tradition/build/navigation_bringup' returned '0': CMAKE_PREFIX_PATH=/home/tinker/ws_tk25/install/xarm_planner:/home/tinker/ws_tk25/install/xarm_moveit_servo:/home/tinker/ws_tk25/install/xarm_moveit_config:/home/tinker/ws_tk25/install/xarm_gazebo:/home/tinker/ws_tk25/install/xarm_controller:/home/tinker/ws_tk25/install/xarm_api:/home/tinker/ws_tk25/install/xarm_sdk:/home/tinker/ws_tk25/install/xarm_msgs:/home/tinker/ws_tk25/install/xarm_description:/home/tinker/ws_tk25/install/tracer_base:/home/tinker/ws_tk25/install/uf_ros_lib:/home/tinker/ws_tk25/install/arm_api:/home/tinker/ws_tk25/install/ros2_grasp_position_compute:/home/tinker/ws_tk25/install/nav_api:/home/tinker/ws_tk25/install/contact_graspnet_ros2:/home/tinker/ws_tk25/install/anygrasp_ros2:/opt/ros/humble:/home/tinker/ws_tk25/install/ugv_sdk:/home/tinker/ws_tk25/install/tracer_msgs:/home/tinker/ws_tk25/install/tk_nav_interfaces:/home/tinker/ws_tk25/install/tinker_nav_bringup:/home/tinker/ws_tk25/install/tinker_moveit:/home/tinker/ws_tk25/install/tinker_arm_msgs:/home/tinker/ws_tk25/install/rtab_map:/home/tinker/ws_tk25/install/realsense_gazebo_plugin:/home/tinker/ws_tk25/install/orbbec_description:/home/tinker/ws_tk25/install/orbbec_camera:/home/tinker/ws_tk25/install/orbbec_camera_msgs:/home/tinker/ws_tk25/install/mobile_teleop:/home/tinker/ws_tk25/install/mobile_bringup:/home/tinker/ws_tk25/install/compute_grasp_interface /home/tinker/.local/bin/cmake --build /home/tinker/tk24_navigation_tradition/tk24_navigation_tradition/build/navigation_bringup -- -j32 -l32
[0.365s] Invoking command in '/home/tinker/tk24_navigation_tradition/tk24_navigation_tradition/build/navigation_bringup': CMAKE_PREFIX_PATH=/home/tinker/ws_tk25/install/xarm_planner:/home/tinker/ws_tk25/install/xarm_moveit_servo:/home/tinker/ws_tk25/install/xarm_moveit_config:/home/tinker/ws_tk25/install/xarm_gazebo:/home/tinker/ws_tk25/install/xarm_controller:/home/tinker/ws_tk25/install/xarm_api:/home/tinker/ws_tk25/install/xarm_sdk:/home/tinker/ws_tk25/install/xarm_msgs:/home/tinker/ws_tk25/install/xarm_description:/home/tinker/ws_tk25/install/tracer_base:/home/tinker/ws_tk25/install/uf_ros_lib:/home/tinker/ws_tk25/install/arm_api:/home/tinker/ws_tk25/install/ros2_grasp_position_compute:/home/tinker/ws_tk25/install/nav_api:/home/tinker/ws_tk25/install/contact_graspnet_ros2:/home/tinker/ws_tk25/install/anygrasp_ros2:/opt/ros/humble:/home/tinker/ws_tk25/install/ugv_sdk:/home/tinker/ws_tk25/install/tracer_msgs:/home/tinker/ws_tk25/install/tk_nav_interfaces:/home/tinker/ws_tk25/install/tinker_nav_bringup:/home/tinker/ws_tk25/install/tinker_moveit:/home/tinker/ws_tk25/install/tinker_arm_msgs:/home/tinker/ws_tk25/install/rtab_map:/home/tinker/ws_tk25/install/realsense_gazebo_plugin:/home/tinker/ws_tk25/install/orbbec_description:/home/tinker/ws_tk25/install/orbbec_camera:/home/tinker/ws_tk25/install/orbbec_camera_msgs:/home/tinker/ws_tk25/install/mobile_teleop:/home/tinker/ws_tk25/install/mobile_bringup:/home/tinker/ws_tk25/install/compute_grasp_interface /home/tinker/.local/bin/cmake --install /home/tinker/tk24_navigation_tradition/tk24_navigation_tradition/build/navigation_bringup
[0.413s] -- Install configuration: ""
[0.413s] -- Up-to-date: /home/tinker/tk24_navigation_tradition/tk24_navigation_tradition/install/navigation_bringup/share/navigation_bringup/launch
[0.413s] -- Up-to-date: /home/tinker/tk24_navigation_tradition/tk24_navigation_tradition/install/navigation_bringup/share/navigation_bringup/launch/bringup_launch.py
[0.413s] -- Installing: /home/tinker/tk24_navigation_tradition/tk24_navigation_tradition/install/navigation_bringup/share/navigation_bringup/launch/sample_pointcloud_to_laserscan_launch.py
[0.413s] -- Up-to-date: /home/tinker/tk24_navigation_tradition/tk24_navigation_tradition/install/navigation_bringup/share/navigation_bringup/launch/slam_launch.py
[0.413s] -- Up-to-date: /home/tinker/tk24_navigation_tradition/tk24_navigation_tradition/install/navigation_bringup/share/navigation_bringup/launch/navigation_launch.py
[0.413s] -- Up-to-date: /home/tinker/tk24_navigation_tradition/tk24_navigation_tradition/install/navigation_bringup/share/navigation_bringup/launch/localization_launch.py
[0.413s] -- Up-to-date: /home/tinker/tk24_navigation_tradition/tk24_navigation_tradition/install/navigation_bringup/share/navigation_bringup/launch/rviz_launch.py
[0.413s] -- Up-to-date: /home/tinker/tk24_navigation_tradition/tk24_navigation_tradition/install/navigation_bringup/share/navigation_bringup/maps
[0.413s] -- Up-to-date: /home/tinker/tk24_navigation_tradition/tk24_navigation_tradition/install/navigation_bringup/share/navigation_bringup/maps/turtlebot3_world.pgm
[0.413s] -- Up-to-date: /home/tinker/tk24_navigation_tradition/tk24_navigation_tradition/install/navigation_bringup/share/navigation_bringup/maps/turtlebot3_world.yaml
[0.413s] -- Up-to-date: /home/tinker/tk24_navigation_tradition/tk24_navigation_tradition/install/navigation_bringup/share/navigation_bringup/params
[0.413s] -- Installing: /home/tinker/tk24_navigation_tradition/tk24_navigation_tradition/install/navigation_bringup/share/navigation_bringup/params/nav2_params.yaml
[0.413s] -- Up-to-date: /home/tinker/tk24_navigation_tradition/tk24_navigation_tradition/install/navigation_bringup/share/navigation_bringup/rviz
[0.414s] -- Up-to-date: /home/tinker/tk24_navigation_tradition/tk24_navigation_tradition/install/navigation_bringup/share/navigation_bringup/rviz/nav2_namespaced_view.rviz
[0.414s] -- Up-to-date: /home/tinker/tk24_navigation_tradition/tk24_navigation_tradition/install/navigation_bringup/share/navigation_bringup/rviz/nav2_default_view.rviz
[0.414s] -- Up-to-date: /home/tinker/tk24_navigation_tradition/tk24_navigation_tradition/install/navigation_bringup/share/ament_index/resource_index/package_run_dependencies/navigation_bringup
[0.414s] -- Installing: /home/tinker/tk24_navigation_tradition/tk24_navigation_tradition/install/navigation_bringup/share/ament_index/resource_index/parent_prefix_path/navigation_bringup
[0.415s] -- Up-to-date: /home/tinker/tk24_navigation_tradition/tk24_navigation_tradition/install/navigation_bringup/share/navigation_bringup/environment/ament_prefix_path.sh
[0.415s] -- Installing: /home/tinker/tk24_navigation_tradition/tk24_navigation_tradition/install/navigation_bringup/share/navigation_bringup/environment/ament_prefix_path.dsv
[0.415s] -- Up-to-date: /home/tinker/tk24_navigation_tradition/tk24_navigation_tradition/install/navigation_bringup/share/navigation_bringup/environment/path.sh
[0.415s] -- Installing: /home/tinker/tk24_navigation_tradition/tk24_navigation_tradition/install/navigation_bringup/share/navigation_bringup/environment/path.dsv
[0.416s] -- Up-to-date: /home/tinker/tk24_navigation_tradition/tk24_navigation_tradition/install/navigation_bringup/share/navigation_bringup/local_setup.bash
[0.416s] -- Up-to-date: /home/tinker/tk24_navigation_tradition/tk24_navigation_tradition/install/navigation_bringup/share/navigation_bringup/local_setup.sh
[0.416s] -- Up-to-date: /home/tinker/tk24_navigation_tradition/tk24_navigation_tradition/install/navigation_bringup/share/navigation_bringup/local_setup.zsh
[0.416s] -- Installing: /home/tinker/tk24_navigation_tradition/tk24_navigation_tradition/install/navigation_bringup/share/navigation_bringup/local_setup.dsv
[0.416s] -- Installing: /home/tinker/tk24_navigation_tradition/tk24_navigation_tradition/install/navigation_bringup/share/navigation_bringup/package.dsv
[0.416s] -- Up-to-date: /home/tinker/tk24_navigation_tradition/tk24_navigation_tradition/install/navigation_bringup/share/ament_index/resource_index/packages/navigation_bringup
[0.416s] -- Up-to-date: /home/tinker/tk24_navigation_tradition/tk24_navigation_tradition/install/navigation_bringup/share/navigation_bringup/cmake/navigation_bringupConfig.cmake
[0.416s] -- Up-to-date: /home/tinker/tk24_navigation_tradition/tk24_navigation_tradition/install/navigation_bringup/share/navigation_bringup/cmake/navigation_bringupConfig-version.cmake
[0.416s] -- Up-to-date: /home/tinker/tk24_navigation_tradition/tk24_navigation_tradition/install/navigation_bringup/share/navigation_bringup/package.xml
[0.418s] Invoked command in '/home/tinker/tk24_navigation_tradition/tk24_navigation_tradition/build/navigation_bringup' returned '0': CMAKE_PREFIX_PATH=/home/tinker/ws_tk25/install/xarm_planner:/home/tinker/ws_tk25/install/xarm_moveit_servo:/home/tinker/ws_tk25/install/xarm_moveit_config:/home/tinker/ws_tk25/install/xarm_gazebo:/home/tinker/ws_tk25/install/xarm_controller:/home/tinker/ws_tk25/install/xarm_api:/home/tinker/ws_tk25/install/xarm_sdk:/home/tinker/ws_tk25/install/xarm_msgs:/home/tinker/ws_tk25/install/xarm_description:/home/tinker/ws_tk25/install/tracer_base:/home/tinker/ws_tk25/install/uf_ros_lib:/home/tinker/ws_tk25/install/arm_api:/home/tinker/ws_tk25/install/ros2_grasp_position_compute:/home/tinker/ws_tk25/install/nav_api:/home/tinker/ws_tk25/install/contact_graspnet_ros2:/home/tinker/ws_tk25/install/anygrasp_ros2:/opt/ros/humble:/home/tinker/ws_tk25/install/ugv_sdk:/home/tinker/ws_tk25/install/tracer_msgs:/home/tinker/ws_tk25/install/tk_nav_interfaces:/home/tinker/ws_tk25/install/tinker_nav_bringup:/home/tinker/ws_tk25/install/tinker_moveit:/home/tinker/ws_tk25/install/tinker_arm_msgs:/home/tinker/ws_tk25/install/rtab_map:/home/tinker/ws_tk25/install/realsense_gazebo_plugin:/home/tinker/ws_tk25/install/orbbec_description:/home/tinker/ws_tk25/install/orbbec_camera:/home/tinker/ws_tk25/install/orbbec_camera_msgs:/home/tinker/ws_tk25/install/mobile_teleop:/home/tinker/ws_tk25/install/mobile_bringup:/home/tinker/ws_tk25/install/compute_grasp_interface /home/tinker/.local/bin/cmake --install /home/tinker/tk24_navigation_tradition/tk24_navigation_tradition/build/navigation_bringup
