[0.014s] Invoking command in '/home/tinker/tk24_navigation_tradition/tk24_navigation_tradition/build/tracer_msgs': CMAKE_PREFIX_PATH=/home/tinker/ws_tk25/install/xarm_planner:/home/tinker/ws_tk25/install/xarm_moveit_servo:/home/tinker/ws_tk25/install/xarm_moveit_config:/home/tinker/ws_tk25/install/xarm_gazebo:/home/tinker/ws_tk25/install/xarm_controller:/home/tinker/ws_tk25/install/xarm_api:/home/tinker/ws_tk25/install/xarm_sdk:/home/tinker/ws_tk25/install/xarm_msgs:/home/tinker/ws_tk25/install/xarm_description:/home/tinker/ws_tk25/install/tracer_base:/home/tinker/ws_tk25/install/uf_ros_lib:/home/tinker/ws_tk25/install/arm_api:/home/tinker/ws_tk25/install/ros2_grasp_position_compute:/home/tinker/ws_tk25/install/nav_api:/home/tinker/ws_tk25/install/contact_graspnet_ros2:/home/tinker/ws_tk25/install/anygrasp_ros2:/opt/ros/humble:/home/tinker/ws_tk25/install/ugv_sdk:/home/tinker/ws_tk25/install/tracer_msgs:/home/tinker/ws_tk25/install/tk_nav_interfaces:/home/tinker/ws_tk25/install/tinker_nav_bringup:/home/tinker/ws_tk25/install/tinker_moveit:/home/tinker/ws_tk25/install/tinker_arm_msgs:/home/tinker/ws_tk25/install/rtab_map:/home/tinker/ws_tk25/install/realsense_gazebo_plugin:/home/tinker/ws_tk25/install/orbbec_description:/home/tinker/ws_tk25/install/orbbec_camera:/home/tinker/ws_tk25/install/orbbec_camera_msgs:/home/tinker/ws_tk25/install/mobile_teleop:/home/tinker/ws_tk25/install/mobile_bringup:/home/tinker/ws_tk25/install/compute_grasp_interface /home/tinker/.local/bin/cmake --build /home/tinker/tk24_navigation_tradition/tk24_navigation_tradition/build/tracer_msgs -- -j32 -l32
[0.082s] [  1%] Built target tracer_msgs__cpp
[0.084s] [ 12%] Built target tracer_msgs__rosidl_generator_c
[0.086s] [ 12%] Built target ament_cmake_python_copy_tracer_msgs
[0.093s] [ 23%] Built target tracer_msgs__rosidl_typesupport_cpp
[0.094s] [ 34%] Built target tracer_msgs__rosidl_typesupport_c
[0.094s] [ 46%] Built target tracer_msgs__rosidl_typesupport_introspection_cpp
[0.094s] [ 57%] Built target tracer_msgs__rosidl_typesupport_introspection_c
[0.097s] [ 73%] Built target tracer_msgs__rosidl_typesupport_fastrtps_cpp
[0.097s] [ 79%] Built target tracer_msgs__rosidl_typesupport_fastrtps_c
[0.104s] [ 79%] Built target tracer_msgs
[0.113s] [ 80%] Built target tracer_msgs__py
[0.125s] [ 90%] Built target tracer_msgs__rosidl_generator_py
[0.136s] [ 93%] Built target tracer_msgs__rosidl_typesupport_fastrtps_c__pyext
[0.136s] [ 96%] Built target tracer_msgs__rosidl_typesupport_introspection_c__pyext
[0.136s] [100%] Built target tracer_msgs__rosidl_typesupport_c__pyext
[0.235s] running egg_info
[0.236s] writing tracer_msgs.egg-info/PKG-INFO
[0.236s] writing dependency_links to tracer_msgs.egg-info/dependency_links.txt
[0.236s] writing top-level names to tracer_msgs.egg-info/top_level.txt
[0.237s] reading manifest file 'tracer_msgs.egg-info/SOURCES.txt'
[0.238s] writing manifest file 'tracer_msgs.egg-info/SOURCES.txt'
[0.251s] [100%] Built target ament_cmake_python_build_tracer_msgs_egg
[0.256s] Invoked command in '/home/tinker/tk24_navigation_tradition/tk24_navigation_tradition/build/tracer_msgs' returned '0': CMAKE_PREFIX_PATH=/home/tinker/ws_tk25/install/xarm_planner:/home/tinker/ws_tk25/install/xarm_moveit_servo:/home/tinker/ws_tk25/install/xarm_moveit_config:/home/tinker/ws_tk25/install/xarm_gazebo:/home/tinker/ws_tk25/install/xarm_controller:/home/tinker/ws_tk25/install/xarm_api:/home/tinker/ws_tk25/install/xarm_sdk:/home/tinker/ws_tk25/install/xarm_msgs:/home/tinker/ws_tk25/install/xarm_description:/home/tinker/ws_tk25/install/tracer_base:/home/tinker/ws_tk25/install/uf_ros_lib:/home/tinker/ws_tk25/install/arm_api:/home/tinker/ws_tk25/install/ros2_grasp_position_compute:/home/tinker/ws_tk25/install/nav_api:/home/tinker/ws_tk25/install/contact_graspnet_ros2:/home/tinker/ws_tk25/install/anygrasp_ros2:/opt/ros/humble:/home/tinker/ws_tk25/install/ugv_sdk:/home/tinker/ws_tk25/install/tracer_msgs:/home/tinker/ws_tk25/install/tk_nav_interfaces:/home/tinker/ws_tk25/install/tinker_nav_bringup:/home/tinker/ws_tk25/install/tinker_moveit:/home/tinker/ws_tk25/install/tinker_arm_msgs:/home/tinker/ws_tk25/install/rtab_map:/home/tinker/ws_tk25/install/realsense_gazebo_plugin:/home/tinker/ws_tk25/install/orbbec_description:/home/tinker/ws_tk25/install/orbbec_camera:/home/tinker/ws_tk25/install/orbbec_camera_msgs:/home/tinker/ws_tk25/install/mobile_teleop:/home/tinker/ws_tk25/install/mobile_bringup:/home/tinker/ws_tk25/install/compute_grasp_interface /home/tinker/.local/bin/cmake --build /home/tinker/tk24_navigation_tradition/tk24_navigation_tradition/build/tracer_msgs -- -j32 -l32
[0.436s] Invoking command in '/home/tinker/tk24_navigation_tradition/tk24_navigation_tradition/build/tracer_msgs': CMAKE_PREFIX_PATH=/home/tinker/ws_tk25/install/xarm_planner:/home/tinker/ws_tk25/install/xarm_moveit_servo:/home/tinker/ws_tk25/install/xarm_moveit_config:/home/tinker/ws_tk25/install/xarm_gazebo:/home/tinker/ws_tk25/install/xarm_controller:/home/tinker/ws_tk25/install/xarm_api:/home/tinker/ws_tk25/install/xarm_sdk:/home/tinker/ws_tk25/install/xarm_msgs:/home/tinker/ws_tk25/install/xarm_description:/home/tinker/ws_tk25/install/tracer_base:/home/tinker/ws_tk25/install/uf_ros_lib:/home/tinker/ws_tk25/install/arm_api:/home/tinker/ws_tk25/install/ros2_grasp_position_compute:/home/tinker/ws_tk25/install/nav_api:/home/tinker/ws_tk25/install/contact_graspnet_ros2:/home/tinker/ws_tk25/install/anygrasp_ros2:/opt/ros/humble:/home/tinker/ws_tk25/install/ugv_sdk:/home/tinker/ws_tk25/install/tracer_msgs:/home/tinker/ws_tk25/install/tk_nav_interfaces:/home/tinker/ws_tk25/install/tinker_nav_bringup:/home/tinker/ws_tk25/install/tinker_moveit:/home/tinker/ws_tk25/install/tinker_arm_msgs:/home/tinker/ws_tk25/install/rtab_map:/home/tinker/ws_tk25/install/realsense_gazebo_plugin:/home/tinker/ws_tk25/install/orbbec_description:/home/tinker/ws_tk25/install/orbbec_camera:/home/tinker/ws_tk25/install/orbbec_camera_msgs:/home/tinker/ws_tk25/install/mobile_teleop:/home/tinker/ws_tk25/install/mobile_bringup:/home/tinker/ws_tk25/install/compute_grasp_interface /home/tinker/.local/bin/cmake --install /home/tinker/tk24_navigation_tradition/tk24_navigation_tradition/build/tracer_msgs
[0.491s] -- Install configuration: ""
[0.491s] -- Up-to-date: /home/tinker/tk24_navigation_tradition/tk24_navigation_tradition/install/tracer_msgs/share/ament_index/resource_index/rosidl_interfaces/tracer_msgs
[0.491s] -- Up-to-date: /home/tinker/tk24_navigation_tradition/tk24_navigation_tradition/install/tracer_msgs/include/tracer_msgs/tracer_msgs
[0.491s] -- Up-to-date: /home/tinker/tk24_navigation_tradition/tk24_navigation_tradition/install/tracer_msgs/include/tracer_msgs/tracer_msgs/msg
[0.491s] -- Up-to-date: /home/tinker/tk24_navigation_tradition/tk24_navigation_tradition/install/tracer_msgs/include/tracer_msgs/tracer_msgs/msg/tracer_light_cmd.h
[0.491s] -- Up-to-date: /home/tinker/tk24_navigation_tradition/tk24_navigation_tradition/install/tracer_msgs/include/tracer_msgs/tracer_msgs/msg/tracer_light_state.h
[0.491s] -- Up-to-date: /home/tinker/tk24_navigation_tradition/tk24_navigation_tradition/install/tracer_msgs/include/tracer_msgs/tracer_msgs/msg/tracer_actuator_state.h
[0.491s] -- Up-to-date: /home/tinker/tk24_navigation_tradition/tk24_navigation_tradition/install/tracer_msgs/include/tracer_msgs/tracer_msgs/msg/tracer_rc_state.h
[0.491s] -- Up-to-date: /home/tinker/tk24_navigation_tradition/tk24_navigation_tradition/install/tracer_msgs/include/tracer_msgs/tracer_msgs/msg/rosidl_generator_c__visibility_control.h
[0.491s] -- Up-to-date: /home/tinker/tk24_navigation_tradition/tk24_navigation_tradition/install/tracer_msgs/include/tracer_msgs/tracer_msgs/msg/tracer_status.h
[0.491s] -- Up-to-date: /home/tinker/tk24_navigation_tradition/tk24_navigation_tradition/install/tracer_msgs/include/tracer_msgs/tracer_msgs/msg/detail
[0.491s] -- Up-to-date: /home/tinker/tk24_navigation_tradition/tk24_navigation_tradition/install/tracer_msgs/include/tracer_msgs/tracer_msgs/msg/detail/tracer_light_state__struct.h
[0.491s] -- Up-to-date: /home/tinker/tk24_navigation_tradition/tk24_navigation_tradition/install/tracer_msgs/include/tracer_msgs/tracer_msgs/msg/detail/tracer_rc_state__functions.c
[0.491s] -- Up-to-date: /home/tinker/tk24_navigation_tradition/tk24_navigation_tradition/install/tracer_msgs/include/tracer_msgs/tracer_msgs/msg/detail/tracer_light_cmd__struct.h
[0.491s] -- Up-to-date: /home/tinker/tk24_navigation_tradition/tk24_navigation_tradition/install/tracer_msgs/include/tracer_msgs/tracer_msgs/msg/detail/tracer_actuator_state__type_support.h
[0.491s] -- Up-to-date: /home/tinker/tk24_navigation_tradition/tk24_navigation_tradition/install/tracer_msgs/include/tracer_msgs/tracer_msgs/msg/detail/tracer_actuator_state__functions.h
[0.491s] -- Up-to-date: /home/tinker/tk24_navigation_tradition/tk24_navigation_tradition/install/tracer_msgs/include/tracer_msgs/tracer_msgs/msg/detail/tracer_light_state__type_support.h
[0.491s] -- Up-to-date: /home/tinker/tk24_navigation_tradition/tk24_navigation_tradition/install/tracer_msgs/include/tracer_msgs/tracer_msgs/msg/detail/tracer_status__functions.h
[0.491s] -- Up-to-date: /home/tinker/tk24_navigation_tradition/tk24_navigation_tradition/install/tracer_msgs/include/tracer_msgs/tracer_msgs/msg/detail/tracer_rc_state__functions.h
[0.491s] -- Up-to-date: /home/tinker/tk24_navigation_tradition/tk24_navigation_tradition/install/tracer_msgs/include/tracer_msgs/tracer_msgs/msg/detail/tracer_light_cmd__type_support.h
[0.491s] -- Up-to-date: /home/tinker/tk24_navigation_tradition/tk24_navigation_tradition/install/tracer_msgs/include/tracer_msgs/tracer_msgs/msg/detail/tracer_actuator_state__struct.h
[0.491s] -- Up-to-date: /home/tinker/tk24_navigation_tradition/tk24_navigation_tradition/install/tracer_msgs/include/tracer_msgs/tracer_msgs/msg/detail/tracer_status__type_support.h
[0.491s] -- Up-to-date: /home/tinker/tk24_navigation_tradition/tk24_navigation_tradition/install/tracer_msgs/include/tracer_msgs/tracer_msgs/msg/detail/tracer_actuator_state__functions.c
[0.491s] -- Up-to-date: /home/tinker/tk24_navigation_tradition/tk24_navigation_tradition/install/tracer_msgs/include/tracer_msgs/tracer_msgs/msg/detail/tracer_light_state__functions.c
[0.492s] -- Up-to-date: /home/tinker/tk24_navigation_tradition/tk24_navigation_tradition/install/tracer_msgs/include/tracer_msgs/tracer_msgs/msg/detail/tracer_rc_state__struct.h
[0.492s] -- Up-to-date: /home/tinker/tk24_navigation_tradition/tk24_navigation_tradition/install/tracer_msgs/include/tracer_msgs/tracer_msgs/msg/detail/tracer_light_cmd__functions.h
[0.492s] -- Up-to-date: /home/tinker/tk24_navigation_tradition/tk24_navigation_tradition/install/tracer_msgs/include/tracer_msgs/tracer_msgs/msg/detail/tracer_light_state__functions.h
[0.492s] -- Up-to-date: /home/tinker/tk24_navigation_tradition/tk24_navigation_tradition/install/tracer_msgs/include/tracer_msgs/tracer_msgs/msg/detail/tracer_light_cmd__functions.c
[0.492s] -- Up-to-date: /home/tinker/tk24_navigation_tradition/tk24_navigation_tradition/install/tracer_msgs/include/tracer_msgs/tracer_msgs/msg/detail/tracer_rc_state__type_support.h
[0.492s] -- Up-to-date: /home/tinker/tk24_navigation_tradition/tk24_navigation_tradition/install/tracer_msgs/include/tracer_msgs/tracer_msgs/msg/detail/tracer_status__struct.h
[0.492s] -- Up-to-date: /home/tinker/tk24_navigation_tradition/tk24_navigation_tradition/install/tracer_msgs/include/tracer_msgs/tracer_msgs/msg/detail/tracer_status__functions.c
[0.492s] -- Up-to-date: /home/tinker/tk24_navigation_tradition/tk24_navigation_tradition/install/tracer_msgs/share/tracer_msgs/environment/library_path.sh
[0.492s] -- Up-to-date: /home/tinker/tk24_navigation_tradition/tk24_navigation_tradition/install/tracer_msgs/share/tracer_msgs/environment/library_path.dsv
[0.492s] -- Up-to-date: /home/tinker/tk24_navigation_tradition/tk24_navigation_tradition/install/tracer_msgs/lib/libtracer_msgs__rosidl_generator_c.so
[0.492s] -- Up-to-date: /home/tinker/tk24_navigation_tradition/tk24_navigation_tradition/install/tracer_msgs/include/tracer_msgs/tracer_msgs
[0.492s] -- Up-to-date: /home/tinker/tk24_navigation_tradition/tk24_navigation_tradition/install/tracer_msgs/include/tracer_msgs/tracer_msgs/msg
[0.492s] -- Up-to-date: /home/tinker/tk24_navigation_tradition/tk24_navigation_tradition/install/tracer_msgs/include/tracer_msgs/tracer_msgs/msg/rosidl_typesupport_fastrtps_c__visibility_control.h
[0.492s] -- Up-to-date: /home/tinker/tk24_navigation_tradition/tk24_navigation_tradition/install/tracer_msgs/include/tracer_msgs/tracer_msgs/msg/detail
[0.492s] -- Up-to-date: /home/tinker/tk24_navigation_tradition/tk24_navigation_tradition/install/tracer_msgs/include/tracer_msgs/tracer_msgs/msg/detail/tracer_light_state__rosidl_typesupport_fastrtps_c.h
[0.492s] -- Up-to-date: /home/tinker/tk24_navigation_tradition/tk24_navigation_tradition/install/tracer_msgs/include/tracer_msgs/tracer_msgs/msg/detail/tracer_status__rosidl_typesupport_fastrtps_c.h
[0.492s] -- Up-to-date: /home/tinker/tk24_navigation_tradition/tk24_navigation_tradition/install/tracer_msgs/include/tracer_msgs/tracer_msgs/msg/detail/tracer_light_cmd__rosidl_typesupport_fastrtps_c.h
[0.492s] -- Up-to-date: /home/tinker/tk24_navigation_tradition/tk24_navigation_tradition/install/tracer_msgs/include/tracer_msgs/tracer_msgs/msg/detail/tracer_rc_state__rosidl_typesupport_fastrtps_c.h
[0.492s] -- Up-to-date: /home/tinker/tk24_navigation_tradition/tk24_navigation_tradition/install/tracer_msgs/include/tracer_msgs/tracer_msgs/msg/detail/tracer_actuator_state__rosidl_typesupport_fastrtps_c.h
[0.492s] -- Up-to-date: /home/tinker/tk24_navigation_tradition/tk24_navigation_tradition/install/tracer_msgs/lib/libtracer_msgs__rosidl_typesupport_fastrtps_c.so
[0.492s] -- Up-to-date: /home/tinker/tk24_navigation_tradition/tk24_navigation_tradition/install/tracer_msgs/include/tracer_msgs/tracer_msgs
[0.492s] -- Up-to-date: /home/tinker/tk24_navigation_tradition/tk24_navigation_tradition/install/tracer_msgs/include/tracer_msgs/tracer_msgs/msg
[0.492s] -- Up-to-date: /home/tinker/tk24_navigation_tradition/tk24_navigation_tradition/install/tracer_msgs/include/tracer_msgs/tracer_msgs/msg/tracer_light_state.hpp
[0.492s] -- Up-to-date: /home/tinker/tk24_navigation_tradition/tk24_navigation_tradition/install/tracer_msgs/include/tracer_msgs/tracer_msgs/msg/tracer_status.hpp
[0.492s] -- Up-to-date: /home/tinker/tk24_navigation_tradition/tk24_navigation_tradition/install/tracer_msgs/include/tracer_msgs/tracer_msgs/msg/tracer_light_cmd.hpp
[0.492s] -- Up-to-date: /home/tinker/tk24_navigation_tradition/tk24_navigation_tradition/install/tracer_msgs/include/tracer_msgs/tracer_msgs/msg/tracer_rc_state.hpp
[0.492s] -- Up-to-date: /home/tinker/tk24_navigation_tradition/tk24_navigation_tradition/install/tracer_msgs/include/tracer_msgs/tracer_msgs/msg/tracer_actuator_state.hpp
[0.492s] -- Up-to-date: /home/tinker/tk24_navigation_tradition/tk24_navigation_tradition/install/tracer_msgs/include/tracer_msgs/tracer_msgs/msg/detail
[0.492s] -- Up-to-date: /home/tinker/tk24_navigation_tradition/tk24_navigation_tradition/install/tracer_msgs/include/tracer_msgs/tracer_msgs/msg/detail/tracer_light_cmd__builder.hpp
[0.492s] -- Up-to-date: /home/tinker/tk24_navigation_tradition/tk24_navigation_tradition/install/tracer_msgs/include/tracer_msgs/tracer_msgs/msg/detail/tracer_light_state__struct.hpp
[0.493s] -- Up-to-date: /home/tinker/tk24_navigation_tradition/tk24_navigation_tradition/install/tracer_msgs/include/tracer_msgs/tracer_msgs/msg/detail/tracer_rc_state__traits.hpp
[0.493s] -- Up-to-date: /home/tinker/tk24_navigation_tradition/tk24_navigation_tradition/install/tracer_msgs/include/tracer_msgs/tracer_msgs/msg/detail/tracer_actuator_state__traits.hpp
[0.493s] -- Up-to-date: /home/tinker/tk24_navigation_tradition/tk24_navigation_tradition/install/tracer_msgs/include/tracer_msgs/tracer_msgs/msg/detail/tracer_status__builder.hpp
[0.493s] -- Up-to-date: /home/tinker/tk24_navigation_tradition/tk24_navigation_tradition/install/tracer_msgs/include/tracer_msgs/tracer_msgs/msg/detail/tracer_rc_state__struct.hpp
[0.493s] -- Up-to-date: /home/tinker/tk24_navigation_tradition/tk24_navigation_tradition/install/tracer_msgs/include/tracer_msgs/tracer_msgs/msg/detail/tracer_actuator_state__struct.hpp
[0.493s] -- Up-to-date: /home/tinker/tk24_navigation_tradition/tk24_navigation_tradition/install/tracer_msgs/include/tracer_msgs/tracer_msgs/msg/detail/tracer_actuator_state__builder.hpp
[0.493s] -- Up-to-date: /home/tinker/tk24_navigation_tradition/tk24_navigation_tradition/install/tracer_msgs/include/tracer_msgs/tracer_msgs/msg/detail/tracer_status__struct.hpp
[0.493s] -- Up-to-date: /home/tinker/tk24_navigation_tradition/tk24_navigation_tradition/install/tracer_msgs/include/tracer_msgs/tracer_msgs/msg/detail/tracer_light_state__traits.hpp
[0.493s] -- Up-to-date: /home/tinker/tk24_navigation_tradition/tk24_navigation_tradition/install/tracer_msgs/include/tracer_msgs/tracer_msgs/msg/detail/tracer_light_state__builder.hpp
[0.493s] -- Up-to-date: /home/tinker/tk24_navigation_tradition/tk24_navigation_tradition/install/tracer_msgs/include/tracer_msgs/tracer_msgs/msg/detail/tracer_rc_state__builder.hpp
[0.493s] -- Up-to-date: /home/tinker/tk24_navigation_tradition/tk24_navigation_tradition/install/tracer_msgs/include/tracer_msgs/tracer_msgs/msg/detail/tracer_status__traits.hpp
[0.493s] -- Up-to-date: /home/tinker/tk24_navigation_tradition/tk24_navigation_tradition/install/tracer_msgs/include/tracer_msgs/tracer_msgs/msg/detail/tracer_light_cmd__traits.hpp
[0.493s] -- Up-to-date: /home/tinker/tk24_navigation_tradition/tk24_navigation_tradition/install/tracer_msgs/include/tracer_msgs/tracer_msgs/msg/detail/tracer_light_cmd__struct.hpp
[0.493s] -- Up-to-date: /home/tinker/tk24_navigation_tradition/tk24_navigation_tradition/install/tracer_msgs/include/tracer_msgs/tracer_msgs
[0.493s] -- Up-to-date: /home/tinker/tk24_navigation_tradition/tk24_navigation_tradition/install/tracer_msgs/include/tracer_msgs/tracer_msgs/msg
[0.493s] -- Up-to-date: /home/tinker/tk24_navigation_tradition/tk24_navigation_tradition/install/tracer_msgs/include/tracer_msgs/tracer_msgs/msg/rosidl_typesupport_fastrtps_cpp__visibility_control.h
[0.493s] -- Up-to-date: /home/tinker/tk24_navigation_tradition/tk24_navigation_tradition/install/tracer_msgs/include/tracer_msgs/tracer_msgs/msg/detail
[0.493s] -- Up-to-date: /home/tinker/tk24_navigation_tradition/tk24_navigation_tradition/install/tracer_msgs/include/tracer_msgs/tracer_msgs/msg/detail/tracer_light_cmd__rosidl_typesupport_fastrtps_cpp.hpp
[0.493s] -- Up-to-date: /home/tinker/tk24_navigation_tradition/tk24_navigation_tradition/install/tracer_msgs/include/tracer_msgs/tracer_msgs/msg/detail/tracer_rc_state__rosidl_typesupport_fastrtps_cpp.hpp
[0.493s] -- Up-to-date: /home/tinker/tk24_navigation_tradition/tk24_navigation_tradition/install/tracer_msgs/include/tracer_msgs/tracer_msgs/msg/detail/dds_fastrtps
[0.493s] -- Up-to-date: /home/tinker/tk24_navigation_tradition/tk24_navigation_tradition/install/tracer_msgs/include/tracer_msgs/tracer_msgs/msg/detail/tracer_actuator_state__rosidl_typesupport_fastrtps_cpp.hpp
[0.493s] -- Up-to-date: /home/tinker/tk24_navigation_tradition/tk24_navigation_tradition/install/tracer_msgs/include/tracer_msgs/tracer_msgs/msg/detail/tracer_light_state__rosidl_typesupport_fastrtps_cpp.hpp
[0.493s] -- Up-to-date: /home/tinker/tk24_navigation_tradition/tk24_navigation_tradition/install/tracer_msgs/include/tracer_msgs/tracer_msgs/msg/detail/tracer_status__rosidl_typesupport_fastrtps_cpp.hpp
[0.493s] -- Up-to-date: /home/tinker/tk24_navigation_tradition/tk24_navigation_tradition/install/tracer_msgs/lib/libtracer_msgs__rosidl_typesupport_fastrtps_cpp.so
[0.493s] -- Up-to-date: /home/tinker/tk24_navigation_tradition/tk24_navigation_tradition/install/tracer_msgs/include/tracer_msgs/tracer_msgs
[0.493s] -- Up-to-date: /home/tinker/tk24_navigation_tradition/tk24_navigation_tradition/install/tracer_msgs/include/tracer_msgs/tracer_msgs/msg
[0.493s] -- Up-to-date: /home/tinker/tk24_navigation_tradition/tk24_navigation_tradition/install/tracer_msgs/include/tracer_msgs/tracer_msgs/msg/rosidl_typesupport_introspection_c__visibility_control.h
[0.493s] -- Up-to-date: /home/tinker/tk24_navigation_tradition/tk24_navigation_tradition/install/tracer_msgs/include/tracer_msgs/tracer_msgs/msg/detail
[0.493s] -- Up-to-date: /home/tinker/tk24_navigation_tradition/tk24_navigation_tradition/install/tracer_msgs/include/tracer_msgs/tracer_msgs/msg/detail/tracer_actuator_state__rosidl_typesupport_introspection_c.h
[0.493s] -- Up-to-date: /home/tinker/tk24_navigation_tradition/tk24_navigation_tradition/install/tracer_msgs/include/tracer_msgs/tracer_msgs/msg/detail/tracer_light_state__rosidl_typesupport_introspection_c.h
[0.493s] -- Up-to-date: /home/tinker/tk24_navigation_tradition/tk24_navigation_tradition/install/tracer_msgs/include/tracer_msgs/tracer_msgs/msg/detail/tracer_rc_state__type_support.c
[0.493s] -- Up-to-date: /home/tinker/tk24_navigation_tradition/tk24_navigation_tradition/install/tracer_msgs/include/tracer_msgs/tracer_msgs/msg/detail/tracer_rc_state__rosidl_typesupport_introspection_c.h
[0.494s] -- Up-to-date: /home/tinker/tk24_navigation_tradition/tk24_navigation_tradition/install/tracer_msgs/include/tracer_msgs/tracer_msgs/msg/detail/tracer_light_cmd__type_support.c
[0.494s] -- Up-to-date: /home/tinker/tk24_navigation_tradition/tk24_navigation_tradition/install/tracer_msgs/include/tracer_msgs/tracer_msgs/msg/detail/tracer_status__type_support.c
[0.494s] -- Up-to-date: /home/tinker/tk24_navigation_tradition/tk24_navigation_tradition/install/tracer_msgs/include/tracer_msgs/tracer_msgs/msg/detail/tracer_light_state__type_support.c
[0.494s] -- Up-to-date: /home/tinker/tk24_navigation_tradition/tk24_navigation_tradition/install/tracer_msgs/include/tracer_msgs/tracer_msgs/msg/detail/tracer_actuator_state__type_support.c
[0.494s] -- Up-to-date: /home/tinker/tk24_navigation_tradition/tk24_navigation_tradition/install/tracer_msgs/include/tracer_msgs/tracer_msgs/msg/detail/tracer_light_cmd__rosidl_typesupport_introspection_c.h
[0.494s] -- Up-to-date: /home/tinker/tk24_navigation_tradition/tk24_navigation_tradition/install/tracer_msgs/include/tracer_msgs/tracer_msgs/msg/detail/tracer_status__rosidl_typesupport_introspection_c.h
[0.494s] -- Up-to-date: /home/tinker/tk24_navigation_tradition/tk24_navigation_tradition/install/tracer_msgs/lib/libtracer_msgs__rosidl_typesupport_introspection_c.so
[0.494s] -- Up-to-date: /home/tinker/tk24_navigation_tradition/tk24_navigation_tradition/install/tracer_msgs/lib/libtracer_msgs__rosidl_typesupport_c.so
[0.494s] -- Up-to-date: /home/tinker/tk24_navigation_tradition/tk24_navigation_tradition/install/tracer_msgs/include/tracer_msgs/tracer_msgs
[0.494s] -- Up-to-date: /home/tinker/tk24_navigation_tradition/tk24_navigation_tradition/install/tracer_msgs/include/tracer_msgs/tracer_msgs/msg
[0.494s] -- Up-to-date: /home/tinker/tk24_navigation_tradition/tk24_navigation_tradition/install/tracer_msgs/include/tracer_msgs/tracer_msgs/msg/detail
[0.494s] -- Up-to-date: /home/tinker/tk24_navigation_tradition/tk24_navigation_tradition/install/tracer_msgs/include/tracer_msgs/tracer_msgs/msg/detail/tracer_status__type_support.cpp
[0.494s] -- Up-to-date: /home/tinker/tk24_navigation_tradition/tk24_navigation_tradition/install/tracer_msgs/include/tracer_msgs/tracer_msgs/msg/detail/tracer_actuator_state__type_support.cpp
[0.494s] -- Up-to-date: /home/tinker/tk24_navigation_tradition/tk24_navigation_tradition/install/tracer_msgs/include/tracer_msgs/tracer_msgs/msg/detail/tracer_light_cmd__type_support.cpp
[0.494s] -- Up-to-date: /home/tinker/tk24_navigation_tradition/tk24_navigation_tradition/install/tracer_msgs/include/tracer_msgs/tracer_msgs/msg/detail/tracer_light_cmd__rosidl_typesupport_introspection_cpp.hpp
[0.494s] -- Up-to-date: /home/tinker/tk24_navigation_tradition/tk24_navigation_tradition/install/tracer_msgs/include/tracer_msgs/tracer_msgs/msg/detail/tracer_status__rosidl_typesupport_introspection_cpp.hpp
[0.494s] -- Up-to-date: /home/tinker/tk24_navigation_tradition/tk24_navigation_tradition/install/tracer_msgs/include/tracer_msgs/tracer_msgs/msg/detail/tracer_light_state__rosidl_typesupport_introspection_cpp.hpp
[0.494s] -- Up-to-date: /home/tinker/tk24_navigation_tradition/tk24_navigation_tradition/install/tracer_msgs/include/tracer_msgs/tracer_msgs/msg/detail/tracer_light_state__type_support.cpp
[0.494s] -- Up-to-date: /home/tinker/tk24_navigation_tradition/tk24_navigation_tradition/install/tracer_msgs/include/tracer_msgs/tracer_msgs/msg/detail/tracer_actuator_state__rosidl_typesupport_introspection_cpp.hpp
[0.494s] -- Up-to-date: /home/tinker/tk24_navigation_tradition/tk24_navigation_tradition/install/tracer_msgs/include/tracer_msgs/tracer_msgs/msg/detail/tracer_rc_state__rosidl_typesupport_introspection_cpp.hpp
[0.494s] -- Up-to-date: /home/tinker/tk24_navigation_tradition/tk24_navigation_tradition/install/tracer_msgs/include/tracer_msgs/tracer_msgs/msg/detail/tracer_rc_state__type_support.cpp
[0.494s] -- Up-to-date: /home/tinker/tk24_navigation_tradition/tk24_navigation_tradition/install/tracer_msgs/lib/libtracer_msgs__rosidl_typesupport_introspection_cpp.so
[0.494s] -- Up-to-date: /home/tinker/tk24_navigation_tradition/tk24_navigation_tradition/install/tracer_msgs/lib/libtracer_msgs__rosidl_typesupport_cpp.so
[0.494s] -- Up-to-date: /home/tinker/tk24_navigation_tradition/tk24_navigation_tradition/install/tracer_msgs/share/tracer_msgs/environment/pythonpath.sh
[0.494s] -- Up-to-date: /home/tinker/tk24_navigation_tradition/tk24_navigation_tradition/install/tracer_msgs/share/tracer_msgs/environment/pythonpath.dsv
[0.494s] -- Up-to-date: /home/tinker/tk24_navigation_tradition/tk24_navigation_tradition/install/tracer_msgs/local/lib/python3.10/dist-packages/tracer_msgs-0.1.0-py3.10.egg-info
[0.494s] -- Installing: /home/tinker/tk24_navigation_tradition/tk24_navigation_tradition/install/tracer_msgs/local/lib/python3.10/dist-packages/tracer_msgs-0.1.0-py3.10.egg-info/SOURCES.txt
[0.494s] -- Installing: /home/tinker/tk24_navigation_tradition/tk24_navigation_tradition/install/tracer_msgs/local/lib/python3.10/dist-packages/tracer_msgs-0.1.0-py3.10.egg-info/dependency_links.txt
[0.494s] -- Installing: /home/tinker/tk24_navigation_tradition/tk24_navigation_tradition/install/tracer_msgs/local/lib/python3.10/dist-packages/tracer_msgs-0.1.0-py3.10.egg-info/PKG-INFO
[0.495s] -- Installing: /home/tinker/tk24_navigation_tradition/tk24_navigation_tradition/install/tracer_msgs/local/lib/python3.10/dist-packages/tracer_msgs-0.1.0-py3.10.egg-info/top_level.txt
[0.495s] -- Up-to-date: /home/tinker/tk24_navigation_tradition/tk24_navigation_tradition/install/tracer_msgs/local/lib/python3.10/dist-packages/tracer_msgs
[0.495s] -- Up-to-date: /home/tinker/tk24_navigation_tradition/tk24_navigation_tradition/install/tracer_msgs/local/lib/python3.10/dist-packages/tracer_msgs/__init__.py
[0.495s] -- Up-to-date: /home/tinker/tk24_navigation_tradition/tk24_navigation_tradition/install/tracer_msgs/local/lib/python3.10/dist-packages/tracer_msgs/_tracer_msgs_s.ep.rosidl_typesupport_introspection_c.c
[0.495s] -- Up-to-date: /home/tinker/tk24_navigation_tradition/tk24_navigation_tradition/install/tracer_msgs/local/lib/python3.10/dist-packages/tracer_msgs/tracer_msgs_s__rosidl_typesupport_fastrtps_c.cpython-310-x86_64-linux-gnu.so
[0.495s] -- Up-to-date: /home/tinker/tk24_navigation_tradition/tk24_navigation_tradition/install/tracer_msgs/local/lib/python3.10/dist-packages/tracer_msgs/_tracer_msgs_s.ep.rosidl_typesupport_fastrtps_c.c
[0.495s] -- Up-to-date: /home/tinker/tk24_navigation_tradition/tk24_navigation_tradition/install/tracer_msgs/local/lib/python3.10/dist-packages/tracer_msgs/libtracer_msgs__rosidl_generator_py.so
[0.495s] -- Up-to-date: /home/tinker/tk24_navigation_tradition/tk24_navigation_tradition/install/tracer_msgs/local/lib/python3.10/dist-packages/tracer_msgs/_tracer_msgs_s.ep.rosidl_typesupport_c.c
[0.495s] -- Up-to-date: /home/tinker/tk24_navigation_tradition/tk24_navigation_tradition/install/tracer_msgs/local/lib/python3.10/dist-packages/tracer_msgs/tracer_msgs_s__rosidl_typesupport_introspection_c.cpython-310-x86_64-linux-gnu.so
[0.495s] -- Up-to-date: /home/tinker/tk24_navigation_tradition/tk24_navigation_tradition/install/tracer_msgs/local/lib/python3.10/dist-packages/tracer_msgs/msg
[0.495s] -- Up-to-date: /home/tinker/tk24_navigation_tradition/tk24_navigation_tradition/install/tracer_msgs/local/lib/python3.10/dist-packages/tracer_msgs/msg/__init__.py
[0.495s] -- Up-to-date: /home/tinker/tk24_navigation_tradition/tk24_navigation_tradition/install/tracer_msgs/local/lib/python3.10/dist-packages/tracer_msgs/msg/_tracer_status.py
[0.495s] -- Up-to-date: /home/tinker/tk24_navigation_tradition/tk24_navigation_tradition/install/tracer_msgs/local/lib/python3.10/dist-packages/tracer_msgs/msg/_tracer_light_state_s.c
[0.496s] -- Up-to-date: /home/tinker/tk24_navigation_tradition/tk24_navigation_tradition/install/tracer_msgs/local/lib/python3.10/dist-packages/tracer_msgs/msg/_tracer_actuator_state.py
[0.496s] -- Up-to-date: /home/tinker/tk24_navigation_tradition/tk24_navigation_tradition/install/tracer_msgs/local/lib/python3.10/dist-packages/tracer_msgs/msg/_tracer_light_cmd_s.c
[0.496s] -- Up-to-date: /home/tinker/tk24_navigation_tradition/tk24_navigation_tradition/install/tracer_msgs/local/lib/python3.10/dist-packages/tracer_msgs/msg/_tracer_light_state.py
[0.496s] -- Up-to-date: /home/tinker/tk24_navigation_tradition/tk24_navigation_tradition/install/tracer_msgs/local/lib/python3.10/dist-packages/tracer_msgs/msg/_tracer_rc_state.py
[0.496s] -- Up-to-date: /home/tinker/tk24_navigation_tradition/tk24_navigation_tradition/install/tracer_msgs/local/lib/python3.10/dist-packages/tracer_msgs/msg/_tracer_actuator_state_s.c
[0.496s] -- Up-to-date: /home/tinker/tk24_navigation_tradition/tk24_navigation_tradition/install/tracer_msgs/local/lib/python3.10/dist-packages/tracer_msgs/msg/_tracer_light_cmd.py
[0.496s] -- Up-to-date: /home/tinker/tk24_navigation_tradition/tk24_navigation_tradition/install/tracer_msgs/local/lib/python3.10/dist-packages/tracer_msgs/msg/_tracer_rc_state_s.c
[0.496s] -- Up-to-date: /home/tinker/tk24_navigation_tradition/tk24_navigation_tradition/install/tracer_msgs/local/lib/python3.10/dist-packages/tracer_msgs/msg/_tracer_status_s.c
[0.496s] -- Up-to-date: /home/tinker/tk24_navigation_tradition/tk24_navigation_tradition/install/tracer_msgs/local/lib/python3.10/dist-packages/tracer_msgs/tracer_msgs_s__rosidl_typesupport_c.cpython-310-x86_64-linux-gnu.so
[0.525s] Listing '/home/tinker/tk24_navigation_tradition/tk24_navigation_tradition/install/tracer_msgs/local/lib/python3.10/dist-packages/tracer_msgs'...
[0.525s] Listing '/home/tinker/tk24_navigation_tradition/tk24_navigation_tradition/install/tracer_msgs/local/lib/python3.10/dist-packages/tracer_msgs/msg'...
[0.528s] -- Up-to-date: /home/tinker/tk24_navigation_tradition/tk24_navigation_tradition/install/tracer_msgs/local/lib/python3.10/dist-packages/tracer_msgs/tracer_msgs_s__rosidl_typesupport_fastrtps_c.cpython-310-x86_64-linux-gnu.so
[0.528s] -- Up-to-date: /home/tinker/tk24_navigation_tradition/tk24_navigation_tradition/install/tracer_msgs/local/lib/python3.10/dist-packages/tracer_msgs/tracer_msgs_s__rosidl_typesupport_introspection_c.cpython-310-x86_64-linux-gnu.so
[0.529s] -- Up-to-date: /home/tinker/tk24_navigation_tradition/tk24_navigation_tradition/install/tracer_msgs/local/lib/python3.10/dist-packages/tracer_msgs/tracer_msgs_s__rosidl_typesupport_c.cpython-310-x86_64-linux-gnu.so
[0.529s] -- Up-to-date: /home/tinker/tk24_navigation_tradition/tk24_navigation_tradition/install/tracer_msgs/lib/libtracer_msgs__rosidl_generator_py.so
[0.529s] -- Up-to-date: /home/tinker/tk24_navigation_tradition/tk24_navigation_tradition/install/tracer_msgs/share/tracer_msgs/msg/TracerActuatorState.idl
[0.529s] -- Up-to-date: /home/tinker/tk24_navigation_tradition/tk24_navigation_tradition/install/tracer_msgs/share/tracer_msgs/msg/TracerLightCmd.idl
[0.529s] -- Up-to-date: /home/tinker/tk24_navigation_tradition/tk24_navigation_tradition/install/tracer_msgs/share/tracer_msgs/msg/TracerLightState.idl
[0.529s] -- Up-to-date: /home/tinker/tk24_navigation_tradition/tk24_navigation_tradition/install/tracer_msgs/share/tracer_msgs/msg/TracerRCState.idl
[0.529s] -- Up-to-date: /home/tinker/tk24_navigation_tradition/tk24_navigation_tradition/install/tracer_msgs/share/tracer_msgs/msg/TracerStatus.idl
[0.529s] -- Up-to-date: /home/tinker/tk24_navigation_tradition/tk24_navigation_tradition/install/tracer_msgs/share/tracer_msgs/msg/TracerActuatorState.msg
[0.529s] -- Up-to-date: /home/tinker/tk24_navigation_tradition/tk24_navigation_tradition/install/tracer_msgs/share/tracer_msgs/msg/TracerLightCmd.msg
[0.529s] -- Up-to-date: /home/tinker/tk24_navigation_tradition/tk24_navigation_tradition/install/tracer_msgs/share/tracer_msgs/msg/TracerLightState.msg
[0.529s] -- Up-to-date: /home/tinker/tk24_navigation_tradition/tk24_navigation_tradition/install/tracer_msgs/share/tracer_msgs/msg/TracerRCState.msg
[0.529s] -- Up-to-date: /home/tinker/tk24_navigation_tradition/tk24_navigation_tradition/install/tracer_msgs/share/tracer_msgs/msg/TracerStatus.msg
[0.529s] -- Up-to-date: /home/tinker/tk24_navigation_tradition/tk24_navigation_tradition/install/tracer_msgs/share/ament_index/resource_index/package_run_dependencies/tracer_msgs
[0.529s] -- Up-to-date: /home/tinker/tk24_navigation_tradition/tk24_navigation_tradition/install/tracer_msgs/share/ament_index/resource_index/parent_prefix_path/tracer_msgs
[0.529s] -- Up-to-date: /home/tinker/tk24_navigation_tradition/tk24_navigation_tradition/install/tracer_msgs/share/tracer_msgs/environment/ament_prefix_path.sh
[0.529s] -- Up-to-date: /home/tinker/tk24_navigation_tradition/tk24_navigation_tradition/install/tracer_msgs/share/tracer_msgs/environment/ament_prefix_path.dsv
[0.529s] -- Up-to-date: /home/tinker/tk24_navigation_tradition/tk24_navigation_tradition/install/tracer_msgs/share/tracer_msgs/environment/path.sh
[0.530s] -- Up-to-date: /home/tinker/tk24_navigation_tradition/tk24_navigation_tradition/install/tracer_msgs/share/tracer_msgs/environment/path.dsv
[0.530s] -- Up-to-date: /home/tinker/tk24_navigation_tradition/tk24_navigation_tradition/install/tracer_msgs/share/tracer_msgs/local_setup.bash
[0.530s] -- Up-to-date: /home/tinker/tk24_navigation_tradition/tk24_navigation_tradition/install/tracer_msgs/share/tracer_msgs/local_setup.sh
[0.530s] -- Up-to-date: /home/tinker/tk24_navigation_tradition/tk24_navigation_tradition/install/tracer_msgs/share/tracer_msgs/local_setup.zsh
[0.530s] -- Up-to-date: /home/tinker/tk24_navigation_tradition/tk24_navigation_tradition/install/tracer_msgs/share/tracer_msgs/local_setup.dsv
[0.530s] -- Installing: /home/tinker/tk24_navigation_tradition/tk24_navigation_tradition/install/tracer_msgs/share/tracer_msgs/package.dsv
[0.530s] -- Up-to-date: /home/tinker/tk24_navigation_tradition/tk24_navigation_tradition/install/tracer_msgs/share/ament_index/resource_index/packages/tracer_msgs
[0.530s] -- Up-to-date: /home/tinker/tk24_navigation_tradition/tk24_navigation_tradition/install/tracer_msgs/share/tracer_msgs/cmake/export_tracer_msgs__rosidl_generator_cExport.cmake
[0.530s] -- Up-to-date: /home/tinker/tk24_navigation_tradition/tk24_navigation_tradition/install/tracer_msgs/share/tracer_msgs/cmake/export_tracer_msgs__rosidl_generator_cExport-noconfig.cmake
[0.530s] -- Up-to-date: /home/tinker/tk24_navigation_tradition/tk24_navigation_tradition/install/tracer_msgs/share/tracer_msgs/cmake/export_tracer_msgs__rosidl_typesupport_fastrtps_cExport.cmake
[0.530s] -- Up-to-date: /home/tinker/tk24_navigation_tradition/tk24_navigation_tradition/install/tracer_msgs/share/tracer_msgs/cmake/export_tracer_msgs__rosidl_typesupport_fastrtps_cExport-noconfig.cmake
[0.530s] -- Up-to-date: /home/tinker/tk24_navigation_tradition/tk24_navigation_tradition/install/tracer_msgs/share/tracer_msgs/cmake/export_tracer_msgs__rosidl_generator_cppExport.cmake
[0.530s] -- Up-to-date: /home/tinker/tk24_navigation_tradition/tk24_navigation_tradition/install/tracer_msgs/share/tracer_msgs/cmake/export_tracer_msgs__rosidl_typesupport_fastrtps_cppExport.cmake
[0.530s] -- Up-to-date: /home/tinker/tk24_navigation_tradition/tk24_navigation_tradition/install/tracer_msgs/share/tracer_msgs/cmake/export_tracer_msgs__rosidl_typesupport_fastrtps_cppExport-noconfig.cmake
[0.530s] -- Up-to-date: /home/tinker/tk24_navigation_tradition/tk24_navigation_tradition/install/tracer_msgs/share/tracer_msgs/cmake/tracer_msgs__rosidl_typesupport_introspection_cExport.cmake
[0.530s] -- Up-to-date: /home/tinker/tk24_navigation_tradition/tk24_navigation_tradition/install/tracer_msgs/share/tracer_msgs/cmake/tracer_msgs__rosidl_typesupport_introspection_cExport-noconfig.cmake
[0.530s] -- Up-to-date: /home/tinker/tk24_navigation_tradition/tk24_navigation_tradition/install/tracer_msgs/share/tracer_msgs/cmake/tracer_msgs__rosidl_typesupport_cExport.cmake
[0.530s] -- Up-to-date: /home/tinker/tk24_navigation_tradition/tk24_navigation_tradition/install/tracer_msgs/share/tracer_msgs/cmake/tracer_msgs__rosidl_typesupport_cExport-noconfig.cmake
[0.530s] -- Up-to-date: /home/tinker/tk24_navigation_tradition/tk24_navigation_tradition/install/tracer_msgs/share/tracer_msgs/cmake/tracer_msgs__rosidl_typesupport_introspection_cppExport.cmake
[0.530s] -- Up-to-date: /home/tinker/tk24_navigation_tradition/tk24_navigation_tradition/install/tracer_msgs/share/tracer_msgs/cmake/tracer_msgs__rosidl_typesupport_introspection_cppExport-noconfig.cmake
[0.530s] -- Up-to-date: /home/tinker/tk24_navigation_tradition/tk24_navigation_tradition/install/tracer_msgs/share/tracer_msgs/cmake/tracer_msgs__rosidl_typesupport_cppExport.cmake
[0.530s] -- Up-to-date: /home/tinker/tk24_navigation_tradition/tk24_navigation_tradition/install/tracer_msgs/share/tracer_msgs/cmake/tracer_msgs__rosidl_typesupport_cppExport-noconfig.cmake
[0.530s] -- Up-to-date: /home/tinker/tk24_navigation_tradition/tk24_navigation_tradition/install/tracer_msgs/share/tracer_msgs/cmake/export_tracer_msgs__rosidl_generator_pyExport.cmake
[0.530s] -- Up-to-date: /home/tinker/tk24_navigation_tradition/tk24_navigation_tradition/install/tracer_msgs/share/tracer_msgs/cmake/export_tracer_msgs__rosidl_generator_pyExport-noconfig.cmake
[0.531s] -- Up-to-date: /home/tinker/tk24_navigation_tradition/tk24_navigation_tradition/install/tracer_msgs/share/tracer_msgs/cmake/rosidl_cmake-extras.cmake
[0.531s] -- Up-to-date: /home/tinker/tk24_navigation_tradition/tk24_navigation_tradition/install/tracer_msgs/share/tracer_msgs/cmake/ament_cmake_export_dependencies-extras.cmake
[0.531s] -- Up-to-date: /home/tinker/tk24_navigation_tradition/tk24_navigation_tradition/install/tracer_msgs/share/tracer_msgs/cmake/ament_cmake_export_include_directories-extras.cmake
[0.531s] -- Up-to-date: /home/tinker/tk24_navigation_tradition/tk24_navigation_tradition/install/tracer_msgs/share/tracer_msgs/cmake/ament_cmake_export_libraries-extras.cmake
[0.531s] -- Up-to-date: /home/tinker/tk24_navigation_tradition/tk24_navigation_tradition/install/tracer_msgs/share/tracer_msgs/cmake/ament_cmake_export_targets-extras.cmake
[0.531s] -- Up-to-date: /home/tinker/tk24_navigation_tradition/tk24_navigation_tradition/install/tracer_msgs/share/tracer_msgs/cmake/rosidl_cmake_export_typesupport_targets-extras.cmake
[0.531s] -- Up-to-date: /home/tinker/tk24_navigation_tradition/tk24_navigation_tradition/install/tracer_msgs/share/tracer_msgs/cmake/rosidl_cmake_export_typesupport_libraries-extras.cmake
[0.531s] -- Up-to-date: /home/tinker/tk24_navigation_tradition/tk24_navigation_tradition/install/tracer_msgs/share/tracer_msgs/cmake/tracer_msgsConfig.cmake
[0.531s] -- Up-to-date: /home/tinker/tk24_navigation_tradition/tk24_navigation_tradition/install/tracer_msgs/share/tracer_msgs/cmake/tracer_msgsConfig-version.cmake
[0.531s] -- Up-to-date: /home/tinker/tk24_navigation_tradition/tk24_navigation_tradition/install/tracer_msgs/share/tracer_msgs/package.xml
[0.531s] Invoked command in '/home/tinker/tk24_navigation_tradition/tk24_navigation_tradition/build/tracer_msgs' returned '0': CMAKE_PREFIX_PATH=/home/tinker/ws_tk25/install/xarm_planner:/home/tinker/ws_tk25/install/xarm_moveit_servo:/home/tinker/ws_tk25/install/xarm_moveit_config:/home/tinker/ws_tk25/install/xarm_gazebo:/home/tinker/ws_tk25/install/xarm_controller:/home/tinker/ws_tk25/install/xarm_api:/home/tinker/ws_tk25/install/xarm_sdk:/home/tinker/ws_tk25/install/xarm_msgs:/home/tinker/ws_tk25/install/xarm_description:/home/tinker/ws_tk25/install/tracer_base:/home/tinker/ws_tk25/install/uf_ros_lib:/home/tinker/ws_tk25/install/arm_api:/home/tinker/ws_tk25/install/ros2_grasp_position_compute:/home/tinker/ws_tk25/install/nav_api:/home/tinker/ws_tk25/install/contact_graspnet_ros2:/home/tinker/ws_tk25/install/anygrasp_ros2:/opt/ros/humble:/home/tinker/ws_tk25/install/ugv_sdk:/home/tinker/ws_tk25/install/tracer_msgs:/home/tinker/ws_tk25/install/tk_nav_interfaces:/home/tinker/ws_tk25/install/tinker_nav_bringup:/home/tinker/ws_tk25/install/tinker_moveit:/home/tinker/ws_tk25/install/tinker_arm_msgs:/home/tinker/ws_tk25/install/rtab_map:/home/tinker/ws_tk25/install/realsense_gazebo_plugin:/home/tinker/ws_tk25/install/orbbec_description:/home/tinker/ws_tk25/install/orbbec_camera:/home/tinker/ws_tk25/install/orbbec_camera_msgs:/home/tinker/ws_tk25/install/mobile_teleop:/home/tinker/ws_tk25/install/mobile_bringup:/home/tinker/ws_tk25/install/compute_grasp_interface /home/tinker/.local/bin/cmake --install /home/tinker/tk24_navigation_tradition/tk24_navigation_tradition/build/tracer_msgs
