[0.011s] Invoking command in '/home/tinker/tk24_navigation_tradition/tk24_navigation_tradition/build/livox_ros_driver2': CMAKE_PREFIX_PATH=/home/tinker/tk24_navigation_tradition/tk24_navigation_tradition/install/tracer_base:/opt/ros/humble:/home/tinker/tk24_navigation_tradition/tk24_navigation_tradition/install/ugv_sdk:/home/tinker/tk24_navigation_tradition/tk24_navigation_tradition/install/tracer_msgs:/home/tinker/tk24_navigation_tradition/tk24_navigation_tradition/install/navigation_bringup:/home/tinker/tk24_navigation_tradition/tk24_navigation_tradition/install/livox_ros_driver2:/home/tinker/tk24_navigation_tradition/tk24_navigation_tradition/install/kiss_icp /home/tinker/.local/bin/cmake --build /home/tinker/tk24_navigation_tradition/tk24_navigation_tradition/build/livox_ros_driver2 -- -j32 -l32
[0.072s] [  1%] Built target livox_interfaces2__cpp
[0.074s] [  8%] Built target livox_interfaces2__rosidl_generator_c
[0.076s] [ 12%] Built target livox_ros_driver2_node
[0.079s] [ 12%] Built target ament_cmake_python_copy_livox_ros_driver2
[0.085s] [ 19%] Built target livox_interfaces2__rosidl_typesupport_cpp
[0.086s] [ 26%] Built target livox_interfaces2__rosidl_typesupport_introspection_cpp
[0.089s] [ 33%] Built target livox_interfaces2__rosidl_typesupport_fastrtps_cpp
[0.089s] [ 40%] Built target livox_interfaces2__rosidl_typesupport_fastrtps_c
[0.091s] [ 47%] Built target livox_interfaces2__rosidl_typesupport_c
[0.091s] [ 54%] Built target livox_interfaces2__rosidl_typesupport_introspection_c
[0.100s] [ 54%] Built target livox_interfaces2
[0.107s] [ 56%] Built target livox_interfaces2__py
[0.115s] [ 61%] Built target livox_interfaces2__rosidl_generator_py
[0.123s] [ 89%] Built target livox_ros_driver2
[0.125s] [ 92%] Built target livox_ros_driver2__rosidl_typesupport_fastrtps_c__pyext
[0.125s] [ 96%] Built target livox_ros_driver2__rosidl_typesupport_introspection_c__pyext
[0.126s] [100%] Built target livox_ros_driver2__rosidl_typesupport_c__pyext
[0.232s] running egg_info
[0.234s] writing livox_ros_driver2.egg-info/PKG-INFO
[0.234s] writing dependency_links to livox_ros_driver2.egg-info/dependency_links.txt
[0.234s] writing top-level names to livox_ros_driver2.egg-info/top_level.txt
[0.234s] reading manifest file 'livox_ros_driver2.egg-info/SOURCES.txt'
[0.234s] writing manifest file 'livox_ros_driver2.egg-info/SOURCES.txt'
[0.246s] [100%] Built target ament_cmake_python_build_livox_ros_driver2_egg
[0.250s] Invoked command in '/home/tinker/tk24_navigation_tradition/tk24_navigation_tradition/build/livox_ros_driver2' returned '0': CMAKE_PREFIX_PATH=/home/tinker/tk24_navigation_tradition/tk24_navigation_tradition/install/tracer_base:/opt/ros/humble:/home/tinker/tk24_navigation_tradition/tk24_navigation_tradition/install/ugv_sdk:/home/tinker/tk24_navigation_tradition/tk24_navigation_tradition/install/tracer_msgs:/home/tinker/tk24_navigation_tradition/tk24_navigation_tradition/install/navigation_bringup:/home/tinker/tk24_navigation_tradition/tk24_navigation_tradition/install/livox_ros_driver2:/home/tinker/tk24_navigation_tradition/tk24_navigation_tradition/install/kiss_icp /home/tinker/.local/bin/cmake --build /home/tinker/tk24_navigation_tradition/tk24_navigation_tradition/build/livox_ros_driver2 -- -j32 -l32
[0.384s] Invoking command in '/home/tinker/tk24_navigation_tradition/tk24_navigation_tradition/build/livox_ros_driver2': CMAKE_PREFIX_PATH=/home/tinker/tk24_navigation_tradition/tk24_navigation_tradition/install/tracer_base:/opt/ros/humble:/home/tinker/tk24_navigation_tradition/tk24_navigation_tradition/install/ugv_sdk:/home/tinker/tk24_navigation_tradition/tk24_navigation_tradition/install/tracer_msgs:/home/tinker/tk24_navigation_tradition/tk24_navigation_tradition/install/navigation_bringup:/home/tinker/tk24_navigation_tradition/tk24_navigation_tradition/install/livox_ros_driver2:/home/tinker/tk24_navigation_tradition/tk24_navigation_tradition/install/kiss_icp /home/tinker/.local/bin/cmake --install /home/tinker/tk24_navigation_tradition/tk24_navigation_tradition/build/livox_ros_driver2
[0.431s] -- Install configuration: ""
[0.431s] -- Up-to-date: /home/tinker/tk24_navigation_tradition/tk24_navigation_tradition/install/livox_ros_driver2/share/ament_index/resource_index/rosidl_interfaces/livox_ros_driver2
[0.431s] -- Up-to-date: /home/tinker/tk24_navigation_tradition/tk24_navigation_tradition/install/livox_ros_driver2/include/livox_ros_driver2/livox_ros_driver2
[0.431s] -- Up-to-date: /home/tinker/tk24_navigation_tradition/tk24_navigation_tradition/install/livox_ros_driver2/include/livox_ros_driver2/livox_ros_driver2/msg
[0.431s] -- Up-to-date: /home/tinker/tk24_navigation_tradition/tk24_navigation_tradition/install/livox_ros_driver2/include/livox_ros_driver2/livox_ros_driver2/msg/custom_msg.h
[0.432s] -- Up-to-date: /home/tinker/tk24_navigation_tradition/tk24_navigation_tradition/install/livox_ros_driver2/include/livox_ros_driver2/livox_ros_driver2/msg/custom_point.h
[0.432s] -- Up-to-date: /home/tinker/tk24_navigation_tradition/tk24_navigation_tradition/install/livox_ros_driver2/include/livox_ros_driver2/livox_ros_driver2/msg/rosidl_generator_c__visibility_control.h
[0.432s] -- Up-to-date: /home/tinker/tk24_navigation_tradition/tk24_navigation_tradition/install/livox_ros_driver2/include/livox_ros_driver2/livox_ros_driver2/msg/detail
[0.432s] -- Up-to-date: /home/tinker/tk24_navigation_tradition/tk24_navigation_tradition/install/livox_ros_driver2/include/livox_ros_driver2/livox_ros_driver2/msg/detail/custom_msg__struct.h
[0.432s] -- Up-to-date: /home/tinker/tk24_navigation_tradition/tk24_navigation_tradition/install/livox_ros_driver2/include/livox_ros_driver2/livox_ros_driver2/msg/detail/custom_msg__functions.c
[0.432s] -- Up-to-date: /home/tinker/tk24_navigation_tradition/tk24_navigation_tradition/install/livox_ros_driver2/include/livox_ros_driver2/livox_ros_driver2/msg/detail/custom_msg__functions.h
[0.432s] -- Up-to-date: /home/tinker/tk24_navigation_tradition/tk24_navigation_tradition/install/livox_ros_driver2/include/livox_ros_driver2/livox_ros_driver2/msg/detail/custom_msg__type_support.h
[0.432s] -- Up-to-date: /home/tinker/tk24_navigation_tradition/tk24_navigation_tradition/install/livox_ros_driver2/include/livox_ros_driver2/livox_ros_driver2/msg/detail/custom_point__functions.h
[0.432s] -- Up-to-date: /home/tinker/tk24_navigation_tradition/tk24_navigation_tradition/install/livox_ros_driver2/include/livox_ros_driver2/livox_ros_driver2/msg/detail/custom_point__struct.h
[0.432s] -- Up-to-date: /home/tinker/tk24_navigation_tradition/tk24_navigation_tradition/install/livox_ros_driver2/include/livox_ros_driver2/livox_ros_driver2/msg/detail/custom_point__functions.c
[0.432s] -- Up-to-date: /home/tinker/tk24_navigation_tradition/tk24_navigation_tradition/install/livox_ros_driver2/include/livox_ros_driver2/livox_ros_driver2/msg/detail/custom_point__type_support.h
[0.432s] -- Up-to-date: /home/tinker/tk24_navigation_tradition/tk24_navigation_tradition/install/livox_ros_driver2/share/livox_ros_driver2/environment/library_path.sh
[0.432s] -- Up-to-date: /home/tinker/tk24_navigation_tradition/tk24_navigation_tradition/install/livox_ros_driver2/share/livox_ros_driver2/environment/library_path.dsv
[0.432s] -- Up-to-date: /home/tinker/tk24_navigation_tradition/tk24_navigation_tradition/install/livox_ros_driver2/lib/liblivox_ros_driver2__rosidl_generator_c.so
[0.432s] -- Up-to-date: /home/tinker/tk24_navigation_tradition/tk24_navigation_tradition/install/livox_ros_driver2/include/livox_ros_driver2/livox_ros_driver2
[0.432s] -- Up-to-date: /home/tinker/tk24_navigation_tradition/tk24_navigation_tradition/install/livox_ros_driver2/include/livox_ros_driver2/livox_ros_driver2/msg
[0.432s] -- Up-to-date: /home/tinker/tk24_navigation_tradition/tk24_navigation_tradition/install/livox_ros_driver2/include/livox_ros_driver2/livox_ros_driver2/msg/rosidl_typesupport_fastrtps_c__visibility_control.h
[0.432s] -- Up-to-date: /home/tinker/tk24_navigation_tradition/tk24_navigation_tradition/install/livox_ros_driver2/include/livox_ros_driver2/livox_ros_driver2/msg/detail
[0.432s] -- Up-to-date: /home/tinker/tk24_navigation_tradition/tk24_navigation_tradition/install/livox_ros_driver2/include/livox_ros_driver2/livox_ros_driver2/msg/detail/custom_point__rosidl_typesupport_fastrtps_c.h
[0.432s] -- Up-to-date: /home/tinker/tk24_navigation_tradition/tk24_navigation_tradition/install/livox_ros_driver2/include/livox_ros_driver2/livox_ros_driver2/msg/detail/custom_msg__rosidl_typesupport_fastrtps_c.h
[0.432s] -- Up-to-date: /home/tinker/tk24_navigation_tradition/tk24_navigation_tradition/install/livox_ros_driver2/lib/liblivox_ros_driver2__rosidl_typesupport_fastrtps_c.so
[0.432s] -- Up-to-date: /home/tinker/tk24_navigation_tradition/tk24_navigation_tradition/install/livox_ros_driver2/include/livox_ros_driver2/livox_ros_driver2
[0.432s] -- Up-to-date: /home/tinker/tk24_navigation_tradition/tk24_navigation_tradition/install/livox_ros_driver2/include/livox_ros_driver2/livox_ros_driver2/msg
[0.432s] -- Up-to-date: /home/tinker/tk24_navigation_tradition/tk24_navigation_tradition/install/livox_ros_driver2/include/livox_ros_driver2/livox_ros_driver2/msg/rosidl_typesupport_introspection_c__visibility_control.h
[0.432s] -- Up-to-date: /home/tinker/tk24_navigation_tradition/tk24_navigation_tradition/install/livox_ros_driver2/include/livox_ros_driver2/livox_ros_driver2/msg/detail
[0.432s] -- Up-to-date: /home/tinker/tk24_navigation_tradition/tk24_navigation_tradition/install/livox_ros_driver2/include/livox_ros_driver2/livox_ros_driver2/msg/detail/custom_point__type_support.c
[0.432s] -- Up-to-date: /home/tinker/tk24_navigation_tradition/tk24_navigation_tradition/install/livox_ros_driver2/include/livox_ros_driver2/livox_ros_driver2/msg/detail/custom_msg__type_support.c
[0.432s] -- Up-to-date: /home/tinker/tk24_navigation_tradition/tk24_navigation_tradition/install/livox_ros_driver2/include/livox_ros_driver2/livox_ros_driver2/msg/detail/custom_point__rosidl_typesupport_introspection_c.h
[0.432s] -- Up-to-date: /home/tinker/tk24_navigation_tradition/tk24_navigation_tradition/install/livox_ros_driver2/include/livox_ros_driver2/livox_ros_driver2/msg/detail/custom_msg__rosidl_typesupport_introspection_c.h
[0.432s] -- Up-to-date: /home/tinker/tk24_navigation_tradition/tk24_navigation_tradition/install/livox_ros_driver2/lib/liblivox_ros_driver2__rosidl_typesupport_introspection_c.so
[0.432s] -- Up-to-date: /home/tinker/tk24_navigation_tradition/tk24_navigation_tradition/install/livox_ros_driver2/lib/liblivox_ros_driver2__rosidl_typesupport_c.so
[0.433s] -- Up-to-date: /home/tinker/tk24_navigation_tradition/tk24_navigation_tradition/install/livox_ros_driver2/include/livox_ros_driver2/livox_ros_driver2
[0.433s] -- Up-to-date: /home/tinker/tk24_navigation_tradition/tk24_navigation_tradition/install/livox_ros_driver2/include/livox_ros_driver2/livox_ros_driver2/msg
[0.433s] -- Up-to-date: /home/tinker/tk24_navigation_tradition/tk24_navigation_tradition/install/livox_ros_driver2/include/livox_ros_driver2/livox_ros_driver2/msg/custom_msg.hpp
[0.433s] -- Up-to-date: /home/tinker/tk24_navigation_tradition/tk24_navigation_tradition/install/livox_ros_driver2/include/livox_ros_driver2/livox_ros_driver2/msg/custom_point.hpp
[0.433s] -- Up-to-date: /home/tinker/tk24_navigation_tradition/tk24_navigation_tradition/install/livox_ros_driver2/include/livox_ros_driver2/livox_ros_driver2/msg/detail
[0.433s] -- Up-to-date: /home/tinker/tk24_navigation_tradition/tk24_navigation_tradition/install/livox_ros_driver2/include/livox_ros_driver2/livox_ros_driver2/msg/detail/custom_msg__traits.hpp
[0.433s] -- Up-to-date: /home/tinker/tk24_navigation_tradition/tk24_navigation_tradition/install/livox_ros_driver2/include/livox_ros_driver2/livox_ros_driver2/msg/detail/custom_msg__struct.hpp
[0.433s] -- Up-to-date: /home/tinker/tk24_navigation_tradition/tk24_navigation_tradition/install/livox_ros_driver2/include/livox_ros_driver2/livox_ros_driver2/msg/detail/custom_point__builder.hpp
[0.433s] -- Up-to-date: /home/tinker/tk24_navigation_tradition/tk24_navigation_tradition/install/livox_ros_driver2/include/livox_ros_driver2/livox_ros_driver2/msg/detail/custom_msg__builder.hpp
[0.433s] -- Up-to-date: /home/tinker/tk24_navigation_tradition/tk24_navigation_tradition/install/livox_ros_driver2/include/livox_ros_driver2/livox_ros_driver2/msg/detail/custom_point__struct.hpp
[0.433s] -- Up-to-date: /home/tinker/tk24_navigation_tradition/tk24_navigation_tradition/install/livox_ros_driver2/include/livox_ros_driver2/livox_ros_driver2/msg/detail/custom_point__traits.hpp
[0.433s] -- Up-to-date: /home/tinker/tk24_navigation_tradition/tk24_navigation_tradition/install/livox_ros_driver2/include/livox_ros_driver2/livox_ros_driver2
[0.433s] -- Up-to-date: /home/tinker/tk24_navigation_tradition/tk24_navigation_tradition/install/livox_ros_driver2/include/livox_ros_driver2/livox_ros_driver2/msg
[0.433s] -- Up-to-date: /home/tinker/tk24_navigation_tradition/tk24_navigation_tradition/install/livox_ros_driver2/include/livox_ros_driver2/livox_ros_driver2/msg/rosidl_typesupport_fastrtps_cpp__visibility_control.h
[0.433s] -- Up-to-date: /home/tinker/tk24_navigation_tradition/tk24_navigation_tradition/install/livox_ros_driver2/include/livox_ros_driver2/livox_ros_driver2/msg/detail
[0.433s] -- Up-to-date: /home/tinker/tk24_navigation_tradition/tk24_navigation_tradition/install/livox_ros_driver2/include/livox_ros_driver2/livox_ros_driver2/msg/detail/custom_point__rosidl_typesupport_fastrtps_cpp.hpp
[0.433s] -- Up-to-date: /home/tinker/tk24_navigation_tradition/tk24_navigation_tradition/install/livox_ros_driver2/include/livox_ros_driver2/livox_ros_driver2/msg/detail/dds_fastrtps
[0.433s] -- Up-to-date: /home/tinker/tk24_navigation_tradition/tk24_navigation_tradition/install/livox_ros_driver2/include/livox_ros_driver2/livox_ros_driver2/msg/detail/custom_msg__rosidl_typesupport_fastrtps_cpp.hpp
[0.433s] -- Up-to-date: /home/tinker/tk24_navigation_tradition/tk24_navigation_tradition/install/livox_ros_driver2/lib/liblivox_ros_driver2__rosidl_typesupport_fastrtps_cpp.so
[0.433s] -- Up-to-date: /home/tinker/tk24_navigation_tradition/tk24_navigation_tradition/install/livox_ros_driver2/include/livox_ros_driver2/livox_ros_driver2
[0.433s] -- Up-to-date: /home/tinker/tk24_navigation_tradition/tk24_navigation_tradition/install/livox_ros_driver2/include/livox_ros_driver2/livox_ros_driver2/msg
[0.433s] -- Up-to-date: /home/tinker/tk24_navigation_tradition/tk24_navigation_tradition/install/livox_ros_driver2/include/livox_ros_driver2/livox_ros_driver2/msg/detail
[0.433s] -- Up-to-date: /home/tinker/tk24_navigation_tradition/tk24_navigation_tradition/install/livox_ros_driver2/include/livox_ros_driver2/livox_ros_driver2/msg/detail/custom_msg__type_support.cpp
[0.433s] -- Up-to-date: /home/tinker/tk24_navigation_tradition/tk24_navigation_tradition/install/livox_ros_driver2/include/livox_ros_driver2/livox_ros_driver2/msg/detail/custom_point__type_support.cpp
[0.433s] -- Up-to-date: /home/tinker/tk24_navigation_tradition/tk24_navigation_tradition/install/livox_ros_driver2/include/livox_ros_driver2/livox_ros_driver2/msg/detail/custom_point__rosidl_typesupport_introspection_cpp.hpp
[0.433s] -- Up-to-date: /home/tinker/tk24_navigation_tradition/tk24_navigation_tradition/install/livox_ros_driver2/include/livox_ros_driver2/livox_ros_driver2/msg/detail/custom_msg__rosidl_typesupport_introspection_cpp.hpp
[0.433s] -- Up-to-date: /home/tinker/tk24_navigation_tradition/tk24_navigation_tradition/install/livox_ros_driver2/lib/liblivox_ros_driver2__rosidl_typesupport_introspection_cpp.so
[0.433s] -- Up-to-date: /home/tinker/tk24_navigation_tradition/tk24_navigation_tradition/install/livox_ros_driver2/lib/liblivox_ros_driver2__rosidl_typesupport_cpp.so
[0.433s] -- Up-to-date: /home/tinker/tk24_navigation_tradition/tk24_navigation_tradition/install/livox_ros_driver2/share/livox_ros_driver2/environment/pythonpath.sh
[0.433s] -- Up-to-date: /home/tinker/tk24_navigation_tradition/tk24_navigation_tradition/install/livox_ros_driver2/share/livox_ros_driver2/environment/pythonpath.dsv
[0.433s] -- Up-to-date: /home/tinker/tk24_navigation_tradition/tk24_navigation_tradition/install/livox_ros_driver2/local/lib/python3.10/dist-packages/livox_ros_driver2-1.0.0-py3.10.egg-info
[0.433s] -- Installing: /home/tinker/tk24_navigation_tradition/tk24_navigation_tradition/install/livox_ros_driver2/local/lib/python3.10/dist-packages/livox_ros_driver2-1.0.0-py3.10.egg-info/SOURCES.txt
[0.434s] -- Installing: /home/tinker/tk24_navigation_tradition/tk24_navigation_tradition/install/livox_ros_driver2/local/lib/python3.10/dist-packages/livox_ros_driver2-1.0.0-py3.10.egg-info/dependency_links.txt
[0.434s] -- Installing: /home/tinker/tk24_navigation_tradition/tk24_navigation_tradition/install/livox_ros_driver2/local/lib/python3.10/dist-packages/livox_ros_driver2-1.0.0-py3.10.egg-info/PKG-INFO
[0.434s] -- Installing: /home/tinker/tk24_navigation_tradition/tk24_navigation_tradition/install/livox_ros_driver2/local/lib/python3.10/dist-packages/livox_ros_driver2-1.0.0-py3.10.egg-info/top_level.txt
[0.434s] -- Up-to-date: /home/tinker/tk24_navigation_tradition/tk24_navigation_tradition/install/livox_ros_driver2/local/lib/python3.10/dist-packages/livox_ros_driver2
[0.434s] -- Up-to-date: /home/tinker/tk24_navigation_tradition/tk24_navigation_tradition/install/livox_ros_driver2/local/lib/python3.10/dist-packages/livox_ros_driver2/__init__.py
[0.434s] -- Up-to-date: /home/tinker/tk24_navigation_tradition/tk24_navigation_tradition/install/livox_ros_driver2/local/lib/python3.10/dist-packages/livox_ros_driver2/livox_ros_driver2_s__rosidl_typesupport_introspection_c.cpython-310-x86_64-linux-gnu.so
[0.434s] -- Up-to-date: /home/tinker/tk24_navigation_tradition/tk24_navigation_tradition/install/livox_ros_driver2/local/lib/python3.10/dist-packages/livox_ros_driver2/livox_ros_driver2_s__rosidl_typesupport_fastrtps_c.cpython-310-x86_64-linux-gnu.so
[0.434s] -- Up-to-date: /home/tinker/tk24_navigation_tradition/tk24_navigation_tradition/install/livox_ros_driver2/local/lib/python3.10/dist-packages/livox_ros_driver2/liblivox_interfaces2__rosidl_generator_py.so
[0.434s] -- Up-to-date: /home/tinker/tk24_navigation_tradition/tk24_navigation_tradition/install/livox_ros_driver2/local/lib/python3.10/dist-packages/livox_ros_driver2/_livox_ros_driver2_s.ep.rosidl_typesupport_c.c
[0.434s] -- Up-to-date: /home/tinker/tk24_navigation_tradition/tk24_navigation_tradition/install/livox_ros_driver2/local/lib/python3.10/dist-packages/livox_ros_driver2/msg
[0.434s] -- Up-to-date: /home/tinker/tk24_navigation_tradition/tk24_navigation_tradition/install/livox_ros_driver2/local/lib/python3.10/dist-packages/livox_ros_driver2/msg/_custom_msg.py
[0.434s] -- Up-to-date: /home/tinker/tk24_navigation_tradition/tk24_navigation_tradition/install/livox_ros_driver2/local/lib/python3.10/dist-packages/livox_ros_driver2/msg/__init__.py
[0.434s] -- Up-to-date: /home/tinker/tk24_navigation_tradition/tk24_navigation_tradition/install/livox_ros_driver2/local/lib/python3.10/dist-packages/livox_ros_driver2/msg/_custom_point_s.c
[0.434s] -- Up-to-date: /home/tinker/tk24_navigation_tradition/tk24_navigation_tradition/install/livox_ros_driver2/local/lib/python3.10/dist-packages/livox_ros_driver2/msg/_custom_point.py
[0.434s] -- Up-to-date: /home/tinker/tk24_navigation_tradition/tk24_navigation_tradition/install/livox_ros_driver2/local/lib/python3.10/dist-packages/livox_ros_driver2/msg/_custom_msg_s.c
[0.434s] -- Up-to-date: /home/tinker/tk24_navigation_tradition/tk24_navigation_tradition/install/livox_ros_driver2/local/lib/python3.10/dist-packages/livox_ros_driver2/livox_ros_driver2_s__rosidl_typesupport_c.cpython-310-x86_64-linux-gnu.so
[0.434s] -- Up-to-date: /home/tinker/tk24_navigation_tradition/tk24_navigation_tradition/install/livox_ros_driver2/local/lib/python3.10/dist-packages/livox_ros_driver2/_livox_ros_driver2_s.ep.rosidl_typesupport_introspection_c.c
[0.434s] -- Up-to-date: /home/tinker/tk24_navigation_tradition/tk24_navigation_tradition/install/livox_ros_driver2/local/lib/python3.10/dist-packages/livox_ros_driver2/_livox_ros_driver2_s.ep.rosidl_typesupport_fastrtps_c.c
[0.450s] Listing '/home/tinker/tk24_navigation_tradition/tk24_navigation_tradition/install/livox_ros_driver2/local/lib/python3.10/dist-packages/livox_ros_driver2'...
[0.450s] Listing '/home/tinker/tk24_navigation_tradition/tk24_navigation_tradition/install/livox_ros_driver2/local/lib/python3.10/dist-packages/livox_ros_driver2/msg'...
[0.453s] -- Up-to-date: /home/tinker/tk24_navigation_tradition/tk24_navigation_tradition/install/livox_ros_driver2/local/lib/python3.10/dist-packages/livox_ros_driver2/livox_ros_driver2_s__rosidl_typesupport_fastrtps_c.cpython-310-x86_64-linux-gnu.so
[0.453s] -- Up-to-date: /home/tinker/tk24_navigation_tradition/tk24_navigation_tradition/install/livox_ros_driver2/local/lib/python3.10/dist-packages/livox_ros_driver2/livox_ros_driver2_s__rosidl_typesupport_introspection_c.cpython-310-x86_64-linux-gnu.so
[0.453s] -- Up-to-date: /home/tinker/tk24_navigation_tradition/tk24_navigation_tradition/install/livox_ros_driver2/local/lib/python3.10/dist-packages/livox_ros_driver2/livox_ros_driver2_s__rosidl_typesupport_c.cpython-310-x86_64-linux-gnu.so
[0.453s] -- Up-to-date: /home/tinker/tk24_navigation_tradition/tk24_navigation_tradition/install/livox_ros_driver2/lib/liblivox_interfaces2__rosidl_generator_py.so
[0.453s] -- Up-to-date: /home/tinker/tk24_navigation_tradition/tk24_navigation_tradition/install/livox_ros_driver2/share/livox_ros_driver2/msg/CustomPoint.idl
[0.453s] -- Up-to-date: /home/tinker/tk24_navigation_tradition/tk24_navigation_tradition/install/livox_ros_driver2/share/livox_ros_driver2/msg/CustomMsg.idl
[0.453s] -- Up-to-date: /home/tinker/tk24_navigation_tradition/tk24_navigation_tradition/install/livox_ros_driver2/share/livox_ros_driver2/msg/CustomPoint.msg
[0.453s] -- Up-to-date: /home/tinker/tk24_navigation_tradition/tk24_navigation_tradition/install/livox_ros_driver2/share/livox_ros_driver2/msg/CustomMsg.msg
[0.453s] -- Up-to-date: /home/tinker/tk24_navigation_tradition/tk24_navigation_tradition/install/livox_ros_driver2/lib/livox_ros_driver2/livox_ros_driver2_node
[0.453s] -- Up-to-date: /home/tinker/tk24_navigation_tradition/tk24_navigation_tradition/install/livox_ros_driver2/lib/liblivox_ros_driver2.so
[0.453s] -- Up-to-date: /home/tinker/tk24_navigation_tradition/tk24_navigation_tradition/install/livox_ros_driver2/share/livox_ros_driver2/config
[0.453s] -- Up-to-date: /home/tinker/tk24_navigation_tradition/tk24_navigation_tradition/install/livox_ros_driver2/share/livox_ros_driver2/config/MID360_config.json
[0.453s] -- Up-to-date: /home/tinker/tk24_navigation_tradition/tk24_navigation_tradition/install/livox_ros_driver2/share/livox_ros_driver2/config/display_point_cloud_ROS2.rviz
[0.453s] -- Up-to-date: /home/tinker/tk24_navigation_tradition/tk24_navigation_tradition/install/livox_ros_driver2/share/livox_ros_driver2/launch
[0.453s] -- Up-to-date: /home/tinker/tk24_navigation_tradition/tk24_navigation_tradition/install/livox_ros_driver2/share/livox_ros_driver2/launch/msg_MID360_launch.py
[0.453s] -- Up-to-date: /home/tinker/tk24_navigation_tradition/tk24_navigation_tradition/install/livox_ros_driver2/share/livox_ros_driver2/launch/rviz_mixed.py
[0.453s] -- Installing: /home/tinker/tk24_navigation_tradition/tk24_navigation_tradition/install/livox_ros_driver2/share/livox_ros_driver2/launch/laserscan_MID360_launch.py
[0.453s] -- Up-to-date: /home/tinker/tk24_navigation_tradition/tk24_navigation_tradition/install/livox_ros_driver2/share/livox_ros_driver2/launch/rviz_MID360_launch.py
[0.453s] -- Up-to-date: /home/tinker/tk24_navigation_tradition/tk24_navigation_tradition/install/livox_ros_driver2/share/ament_index/resource_index/package_run_dependencies/livox_ros_driver2
[0.453s] -- Up-to-date: /home/tinker/tk24_navigation_tradition/tk24_navigation_tradition/install/livox_ros_driver2/share/ament_index/resource_index/parent_prefix_path/livox_ros_driver2
[0.453s] -- Up-to-date: /home/tinker/tk24_navigation_tradition/tk24_navigation_tradition/install/livox_ros_driver2/share/livox_ros_driver2/environment/ament_prefix_path.sh
[0.454s] -- Up-to-date: /home/tinker/tk24_navigation_tradition/tk24_navigation_tradition/install/livox_ros_driver2/share/livox_ros_driver2/environment/ament_prefix_path.dsv
[0.454s] -- Up-to-date: /home/tinker/tk24_navigation_tradition/tk24_navigation_tradition/install/livox_ros_driver2/share/livox_ros_driver2/environment/path.sh
[0.454s] -- Up-to-date: /home/tinker/tk24_navigation_tradition/tk24_navigation_tradition/install/livox_ros_driver2/share/livox_ros_driver2/environment/path.dsv
[0.454s] -- Up-to-date: /home/tinker/tk24_navigation_tradition/tk24_navigation_tradition/install/livox_ros_driver2/share/livox_ros_driver2/local_setup.bash
[0.454s] -- Up-to-date: /home/tinker/tk24_navigation_tradition/tk24_navigation_tradition/install/livox_ros_driver2/share/livox_ros_driver2/local_setup.sh
[0.454s] -- Up-to-date: /home/tinker/tk24_navigation_tradition/tk24_navigation_tradition/install/livox_ros_driver2/share/livox_ros_driver2/local_setup.zsh
[0.454s] -- Up-to-date: /home/tinker/tk24_navigation_tradition/tk24_navigation_tradition/install/livox_ros_driver2/share/livox_ros_driver2/local_setup.dsv
[0.454s] -- Installing: /home/tinker/tk24_navigation_tradition/tk24_navigation_tradition/install/livox_ros_driver2/share/livox_ros_driver2/package.dsv
[0.454s] -- Up-to-date: /home/tinker/tk24_navigation_tradition/tk24_navigation_tradition/install/livox_ros_driver2/share/ament_index/resource_index/packages/livox_ros_driver2
[0.454s] -- Up-to-date: /home/tinker/tk24_navigation_tradition/tk24_navigation_tradition/install/livox_ros_driver2/share/livox_ros_driver2/cmake/export_livox_interfaces2__rosidl_generator_cExport.cmake
[0.454s] -- Up-to-date: /home/tinker/tk24_navigation_tradition/tk24_navigation_tradition/install/livox_ros_driver2/share/livox_ros_driver2/cmake/export_livox_interfaces2__rosidl_generator_cExport-noconfig.cmake
[0.454s] -- Up-to-date: /home/tinker/tk24_navigation_tradition/tk24_navigation_tradition/install/livox_ros_driver2/share/livox_ros_driver2/cmake/export_livox_interfaces2__rosidl_typesupport_fastrtps_cExport.cmake
[0.454s] -- Up-to-date: /home/tinker/tk24_navigation_tradition/tk24_navigation_tradition/install/livox_ros_driver2/share/livox_ros_driver2/cmake/export_livox_interfaces2__rosidl_typesupport_fastrtps_cExport-noconfig.cmake
[0.454s] -- Up-to-date: /home/tinker/tk24_navigation_tradition/tk24_navigation_tradition/install/livox_ros_driver2/share/livox_ros_driver2/cmake/livox_interfaces2__rosidl_typesupport_introspection_cExport.cmake
[0.454s] -- Up-to-date: /home/tinker/tk24_navigation_tradition/tk24_navigation_tradition/install/livox_ros_driver2/share/livox_ros_driver2/cmake/livox_interfaces2__rosidl_typesupport_introspection_cExport-noconfig.cmake
[0.454s] -- Up-to-date: /home/tinker/tk24_navigation_tradition/tk24_navigation_tradition/install/livox_ros_driver2/share/livox_ros_driver2/cmake/livox_interfaces2__rosidl_typesupport_cExport.cmake
[0.454s] -- Up-to-date: /home/tinker/tk24_navigation_tradition/tk24_navigation_tradition/install/livox_ros_driver2/share/livox_ros_driver2/cmake/livox_interfaces2__rosidl_typesupport_cExport-noconfig.cmake
[0.454s] -- Up-to-date: /home/tinker/tk24_navigation_tradition/tk24_navigation_tradition/install/livox_ros_driver2/share/livox_ros_driver2/cmake/export_livox_interfaces2__rosidl_generator_cppExport.cmake
[0.454s] -- Up-to-date: /home/tinker/tk24_navigation_tradition/tk24_navigation_tradition/install/livox_ros_driver2/share/livox_ros_driver2/cmake/export_livox_interfaces2__rosidl_typesupport_fastrtps_cppExport.cmake
[0.454s] -- Up-to-date: /home/tinker/tk24_navigation_tradition/tk24_navigation_tradition/install/livox_ros_driver2/share/livox_ros_driver2/cmake/export_livox_interfaces2__rosidl_typesupport_fastrtps_cppExport-noconfig.cmake
[0.454s] -- Up-to-date: /home/tinker/tk24_navigation_tradition/tk24_navigation_tradition/install/livox_ros_driver2/share/livox_ros_driver2/cmake/livox_interfaces2__rosidl_typesupport_introspection_cppExport.cmake
[0.454s] -- Up-to-date: /home/tinker/tk24_navigation_tradition/tk24_navigation_tradition/install/livox_ros_driver2/share/livox_ros_driver2/cmake/livox_interfaces2__rosidl_typesupport_introspection_cppExport-noconfig.cmake
[0.454s] -- Up-to-date: /home/tinker/tk24_navigation_tradition/tk24_navigation_tradition/install/livox_ros_driver2/share/livox_ros_driver2/cmake/livox_interfaces2__rosidl_typesupport_cppExport.cmake
[0.454s] -- Up-to-date: /home/tinker/tk24_navigation_tradition/tk24_navigation_tradition/install/livox_ros_driver2/share/livox_ros_driver2/cmake/livox_interfaces2__rosidl_typesupport_cppExport-noconfig.cmake
[0.454s] -- Up-to-date: /home/tinker/tk24_navigation_tradition/tk24_navigation_tradition/install/livox_ros_driver2/share/livox_ros_driver2/cmake/export_livox_interfaces2__rosidl_generator_pyExport.cmake
[0.454s] -- Up-to-date: /home/tinker/tk24_navigation_tradition/tk24_navigation_tradition/install/livox_ros_driver2/share/livox_ros_driver2/cmake/export_livox_interfaces2__rosidl_generator_pyExport-noconfig.cmake
[0.454s] -- Up-to-date: /home/tinker/tk24_navigation_tradition/tk24_navigation_tradition/install/livox_ros_driver2/share/ament_index/resource_index/rclcpp_components/livox_ros_driver2
[0.454s] -- Up-to-date: /home/tinker/tk24_navigation_tradition/tk24_navigation_tradition/install/livox_ros_driver2/share/livox_ros_driver2/cmake/rosidl_cmake-extras.cmake
[0.454s] -- Up-to-date: /home/tinker/tk24_navigation_tradition/tk24_navigation_tradition/install/livox_ros_driver2/share/livox_ros_driver2/cmake/ament_cmake_export_dependencies-extras.cmake
[0.454s] -- Up-to-date: /home/tinker/tk24_navigation_tradition/tk24_navigation_tradition/install/livox_ros_driver2/share/livox_ros_driver2/cmake/ament_cmake_export_include_directories-extras.cmake
[0.454s] -- Up-to-date: /home/tinker/tk24_navigation_tradition/tk24_navigation_tradition/install/livox_ros_driver2/share/livox_ros_driver2/cmake/ament_cmake_export_libraries-extras.cmake
[0.454s] -- Up-to-date: /home/tinker/tk24_navigation_tradition/tk24_navigation_tradition/install/livox_ros_driver2/share/livox_ros_driver2/cmake/ament_cmake_export_targets-extras.cmake
[0.454s] -- Up-to-date: /home/tinker/tk24_navigation_tradition/tk24_navigation_tradition/install/livox_ros_driver2/share/livox_ros_driver2/cmake/rosidl_cmake_export_typesupport_targets-extras.cmake
[0.454s] -- Up-to-date: /home/tinker/tk24_navigation_tradition/tk24_navigation_tradition/install/livox_ros_driver2/share/livox_ros_driver2/cmake/rosidl_cmake_export_typesupport_libraries-extras.cmake
[0.454s] -- Up-to-date: /home/tinker/tk24_navigation_tradition/tk24_navigation_tradition/install/livox_ros_driver2/share/livox_ros_driver2/cmake/livox_ros_driver2Config.cmake
[0.454s] -- Up-to-date: /home/tinker/tk24_navigation_tradition/tk24_navigation_tradition/install/livox_ros_driver2/share/livox_ros_driver2/cmake/livox_ros_driver2Config-version.cmake
[0.454s] -- Up-to-date: /home/tinker/tk24_navigation_tradition/tk24_navigation_tradition/install/livox_ros_driver2/share/livox_ros_driver2/package.xml
[0.456s] Invoked command in '/home/tinker/tk24_navigation_tradition/tk24_navigation_tradition/build/livox_ros_driver2' returned '0': CMAKE_PREFIX_PATH=/home/tinker/tk24_navigation_tradition/tk24_navigation_tradition/install/tracer_base:/opt/ros/humble:/home/tinker/tk24_navigation_tradition/tk24_navigation_tradition/install/ugv_sdk:/home/tinker/tk24_navigation_tradition/tk24_navigation_tradition/install/tracer_msgs:/home/tinker/tk24_navigation_tradition/tk24_navigation_tradition/install/navigation_bringup:/home/tinker/tk24_navigation_tradition/tk24_navigation_tradition/install/livox_ros_driver2:/home/tinker/tk24_navigation_tradition/tk24_navigation_tradition/install/kiss_icp /home/tinker/.local/bin/cmake --install /home/tinker/tk24_navigation_tradition/tk24_navigation_tradition/build/livox_ros_driver2
