[0.011s] Invoking command in '/home/tinker/tk24_navigation_tradition/tk24_navigation_tradition/build/ugv_sdk': /home/tinker/.local/bin/cmake /home/tinker/tk24_navigation_tradition/tk24_navigation_tradition/src/ugv_sdk -DCATKIN_INSTALL_INTO_PREFIX_ROOT=0 -DCMAKE_INSTALL_PREFIX=/home/tinker/tk24_navigation_tradition/tk24_navigation_tradition/install/ugv_sdk
[0.057s] [0mCMake Deprecation Warning at CMakeLists.txt:1 (cmake_minimum_required):
[0.057s]   Compatibility with CMake < 3.10 will be removed from a future version of
[0.057s]   CMake.
[0.057s] 
[0.057s]   Update the VERSION argument <min> value or use a ...<max> suffix to tell
[0.057s]   CMake that the project does not need compatibility with older versions.
[0.057s] 
[0.057s] [0m
[0.089s] -- The C compiler identification is GNU 11.4.0
[0.124s] -- The CXX compiler identification is GNU 11.4.0
[0.130s] -- Detecting C compiler ABI info
[0.173s] -- Detecting C compiler ABI info - done
[0.183s] -- Check for working C compiler: /usr/bin/cc - skipped
[0.183s] -- Detecting C compile features
[0.183s] -- Detecting C compile features - done
[0.191s] -- Detecting CXX compiler ABI info
[0.243s] -- Detecting CXX compiler ABI info - done
[0.253s] -- Check for working CXX compiler: /usr/bin/c++ - skipped
[0.253s] -- Detecting CXX compile features
[0.254s] -- Detecting CXX compile features - done
[0.258s] -- Build package with cmake
[0.258s] -- Setting build type to 'Release' as none was specified.
[0.258s] -- Tests will not be built
[0.260s] -- Performing Test CMAKE_HAVE_LIBC_PTHREAD
[0.306s] -- Performing Test CMAKE_HAVE_LIBC_PTHREAD - Success
[0.307s] -- Found Threads: TRUE
[0.308s] -- Project will be installed to /home/tinker/tk24_navigation_tradition/tk24_navigation_tradition/install/ugv_sdk with 'make install'
[0.308s] --  - To install LIB components to /home/tinker/tk24_navigation_tradition/tk24_navigation_tradition/install/ugv_sdk/lib
[0.308s] --  - To install BIN components to /home/tinker/tk24_navigation_tradition/tk24_navigation_tradition/install/ugv_sdk/bin
[0.309s] --  - To install INCLUDE components to /home/tinker/tk24_navigation_tradition/tk24_navigation_tradition/install/ugv_sdk/include
[0.309s] --  - To install CMAKE components to /home/tinker/tk24_navigation_tradition/tk24_navigation_tradition/install/ugv_sdk/share/cmake/ugv_sdk
[0.314s] -- Configuring done (0.3s)
[0.325s] [33mCMake Warning:
[0.325s]   Manually-specified variables were not used by the project:
[0.325s] 
[0.325s]     CATKIN_INSTALL_INTO_PREFIX_ROOT
[0.325s] 
[0.325s] [0m
[0.325s] -- Generating done (0.0s)
[0.325s] -- Build files have been written to: /home/tinker/tk24_navigation_tradition/tk24_navigation_tradition/build/ugv_sdk
[0.328s] Invoked command in '/home/tinker/tk24_navigation_tradition/tk24_navigation_tradition/build/ugv_sdk' returned '0': /home/tinker/.local/bin/cmake /home/tinker/tk24_navigation_tradition/tk24_navigation_tradition/src/ugv_sdk -DCATKIN_INSTALL_INTO_PREFIX_ROOT=0 -DCMAKE_INSTALL_PREFIX=/home/tinker/tk24_navigation_tradition/tk24_navigation_tradition/install/ugv_sdk
[0.330s] Invoking command in '/home/tinker/tk24_navigation_tradition/tk24_navigation_tradition/build/ugv_sdk': /home/tinker/.local/bin/cmake --build /home/tinker/tk24_navigation_tradition/tk24_navigation_tradition/build/ugv_sdk -- -j32 -l32
[0.401s] [  3%] [32mBuilding CXX object CMakeFiles/ugv_sdk.dir/src/async_port/async_serial.cpp.o[0m
[0.401s] [  7%] [32mBuilding CXX object CMakeFiles/ugv_sdk.dir/src/utilities/protocol_detector.cpp.o[0m
[0.401s] [ 14%] [32mBuilding CXX object CMakeFiles/ugv_sdk.dir/src/mobile_robot/scout_robot.cpp.o[0m
[0.401s] [ 14%] [32mBuilding CXX object CMakeFiles/ugv_sdk.dir/src/async_port/async_can.cpp.o[0m
[0.401s] [ 17%] [32mBuilding CXX object CMakeFiles/ugv_sdk.dir/src/mobile_robot/hunter_robot.cpp.o[0m
[0.401s] [ 21%] [32mBuilding CXX object CMakeFiles/ugv_sdk.dir/src/mobile_robot/bunker_robot.cpp.o[0m
[0.402s] [ 28%] [32mBuilding CXX object CMakeFiles/ugv_sdk.dir/src/mobile_robot/ranger_robot.cpp.o[0m
[0.402s] [ 28%] [32mBuilding CXX object CMakeFiles/ugv_sdk.dir/src/protocol_v2/protocol_v2_parser.cpp.o[0m
[0.402s] [ 32%] [32mBuilding CXX object CMakeFiles/ugv_sdk.dir/src/mobile_robot/titan_robot.cpp.o[0m
[0.402s] [ 35%] [32mBuilding C object CMakeFiles/ugv_sdk.dir/src/protocol_v2/agilex_msg_parser_v2.c.o[0m
[0.403s] [ 39%] [32mBuilding C object CMakeFiles/ugv_sdk.dir/src/protocol_v1/agilex_msg_parser_v1.c.o[0m
[2.674s] [ 42%] [32m[1mLinking CXX static library lib/libugv_sdk.a[0m
[2.700s] [ 42%] Built target ugv_sdk
[2.708s] [ 46%] [32mBuilding CXX object sample/utils_demo/CMakeFiles/demo_protocol_detector.dir/demo_protocol_detector.cpp.o[0m
[2.708s] [ 53%] [32mBuilding CXX object sample/ranger_demo/CMakeFiles/demo_ranger_robot.dir/ranger_robot_demo.cpp.o[0m
[2.708s] [ 53%] [32mBuilding CXX object sample/scout_demo/CMakeFiles/demo_scout_mini_omni_robot.dir/scout_mini_omni_demo.cpp.o[0m
[2.708s] [ 57%] [32mBuilding CXX object sample/scout_demo/CMakeFiles/demo_scout_robot.dir/scout_robot_demo.cpp.o[0m
[2.708s] [ 64%] [32mBuilding CXX object sample/tracer_demo/CMakeFiles/demo_tracer_robot.dir/tracer_robot_demo.cpp.o[0m
[2.709s] [ 64%] [32mBuilding CXX object sample/utils_demo/CMakeFiles/demo_robot_version.dir/demo_robot_version.cpp.o[0m
[2.709s] [ 67%] [32mBuilding CXX object sample/bunker_demo/CMakeFiles/demo_bunker_robot.dir/bunker_robot_demo.cpp.o[0m
[2.709s] [ 71%] [32mBuilding CXX object sample/hunter_demo/CMakeFiles/demo_hunter_robot.dir/hunter_robot_demo.cpp.o[0m
[3.231s] [ 75%] [32m[1mLinking CXX executable ../../bin/demo_bunker_robot[0m
[3.347s] [ 75%] Built target demo_bunker_robot
[3.723s] [ 78%] [32m[1mLinking CXX executable ../../bin/demo_robot_version[0m
[3.780s] [ 82%] [32m[1mLinking CXX executable ../../bin/demo_scout_mini_omni_robot[0m
[3.792s] [ 82%] Built target demo_robot_version
[3.849s] [ 82%] Built target demo_scout_mini_omni_robot
[3.943s] [ 85%] [32m[1mLinking CXX executable ../../bin/demo_ranger_robot[0m
[3.970s] [ 89%] [32m[1mLinking CXX executable ../../bin/demo_tracer_robot[0m
[3.998s] [ 89%] Built target demo_ranger_robot
[4.023s] [ 89%] Built target demo_tracer_robot
[4.120s] [ 92%] [32m[1mLinking CXX executable ../../bin/demo_protocol_detector[0m
[4.183s] [ 92%] Built target demo_protocol_detector
[4.232s] [ 96%] [32m[1mLinking CXX executable ../../bin/demo_hunter_robot[0m
[4.241s] [100%] [32m[1mLinking CXX executable ../../bin/demo_scout_robot[0m
[4.283s] [100%] Built target demo_hunter_robot
[4.289s] [100%] Built target demo_scout_robot
[4.293s] Invoked command in '/home/tinker/tk24_navigation_tradition/tk24_navigation_tradition/build/ugv_sdk' returned '0': /home/tinker/.local/bin/cmake --build /home/tinker/tk24_navigation_tradition/tk24_navigation_tradition/build/ugv_sdk -- -j32 -l32
[4.479s] Invoking command in '/home/tinker/tk24_navigation_tradition/tk24_navigation_tradition/build/ugv_sdk': /home/tinker/.local/bin/cmake --install /home/tinker/tk24_navigation_tradition/tk24_navigation_tradition/build/ugv_sdk
[4.531s] -- Install configuration: "Release"
[4.531s] -- Installing: /home/tinker/tk24_navigation_tradition/tk24_navigation_tradition/install/ugv_sdk/lib/libugv_sdk.a
[4.533s] -- Installing: /home/tinker/tk24_navigation_tradition/tk24_navigation_tradition/install/ugv_sdk/include/ugv_sdk
[4.533s] -- Installing: /home/tinker/tk24_navigation_tradition/tk24_navigation_tradition/install/ugv_sdk/include/ugv_sdk/mobile_robot
[4.533s] -- Installing: /home/tinker/tk24_navigation_tradition/tk24_navigation_tradition/install/ugv_sdk/include/ugv_sdk/mobile_robot/hunter_robot.hpp
[4.533s] -- Installing: /home/tinker/tk24_navigation_tradition/tk24_navigation_tradition/install/ugv_sdk/include/ugv_sdk/mobile_robot/scout_robot.hpp
[4.533s] -- Installing: /home/tinker/tk24_navigation_tradition/tk24_navigation_tradition/install/ugv_sdk/include/ugv_sdk/mobile_robot/tracer_robot.hpp
[4.533s] -- Installing: /home/tinker/tk24_navigation_tradition/tk24_navigation_tradition/install/ugv_sdk/include/ugv_sdk/mobile_robot/ranger_robot.hpp
[4.533s] -- Installing: /home/tinker/tk24_navigation_tradition/tk24_navigation_tradition/install/ugv_sdk/include/ugv_sdk/mobile_robot/titan_robot.hpp
[4.533s] -- Installing: /home/tinker/tk24_navigation_tradition/tk24_navigation_tradition/install/ugv_sdk/include/ugv_sdk/mobile_robot/bunker_robot.hpp
[4.533s] -- Installing: /home/tinker/tk24_navigation_tradition/tk24_navigation_tradition/install/ugv_sdk/include/ugv_sdk/utilities
[4.534s] -- Installing: /home/tinker/tk24_navigation_tradition/tk24_navigation_tradition/install/ugv_sdk/include/ugv_sdk/utilities/protocol_detector.hpp
[4.534s] -- Installing: /home/tinker/tk24_navigation_tradition/tk24_navigation_tradition/install/ugv_sdk/include/ugv_sdk/details
[4.534s] -- Installing: /home/tinker/tk24_navigation_tradition/tk24_navigation_tradition/install/ugv_sdk/include/ugv_sdk/details/robot_base
[4.534s] -- Installing: /home/tinker/tk24_navigation_tradition/tk24_navigation_tradition/install/ugv_sdk/include/ugv_sdk/details/robot_base/hunter_base.hpp
[4.534s] -- Installing: /home/tinker/tk24_navigation_tradition/tk24_navigation_tradition/install/ugv_sdk/include/ugv_sdk/details/robot_base/bunker_base.hpp
[4.534s] -- Installing: /home/tinker/tk24_navigation_tradition/tk24_navigation_tradition/install/ugv_sdk/include/ugv_sdk/details/robot_base/scout_base.hpp
[4.534s] -- Installing: /home/tinker/tk24_navigation_tradition/tk24_navigation_tradition/install/ugv_sdk/include/ugv_sdk/details/robot_base/titan_base.hpp
[4.534s] -- Installing: /home/tinker/tk24_navigation_tradition/tk24_navigation_tradition/install/ugv_sdk/include/ugv_sdk/details/robot_base/agilex_base.hpp
[4.534s] -- Installing: /home/tinker/tk24_navigation_tradition/tk24_navigation_tradition/install/ugv_sdk/include/ugv_sdk/details/robot_base/ranger_base.hpp
[4.535s] -- Installing: /home/tinker/tk24_navigation_tradition/tk24_navigation_tradition/install/ugv_sdk/include/ugv_sdk/details/robot_base/tracer_base.hpp
[4.535s] -- Installing: /home/tinker/tk24_navigation_tradition/tk24_navigation_tradition/install/ugv_sdk/include/ugv_sdk/details/parser_base.hpp
[4.535s] -- Installing: /home/tinker/tk24_navigation_tradition/tk24_navigation_tradition/install/ugv_sdk/include/ugv_sdk/details/interface
[4.535s] -- Installing: /home/tinker/tk24_navigation_tradition/tk24_navigation_tradition/install/ugv_sdk/include/ugv_sdk/details/interface/scout_interface.hpp
[4.535s] -- Installing: /home/tinker/tk24_navigation_tradition/tk24_navigation_tradition/install/ugv_sdk/include/ugv_sdk/details/interface/hunter_interface.hpp
[4.535s] -- Installing: /home/tinker/tk24_navigation_tradition/tk24_navigation_tradition/install/ugv_sdk/include/ugv_sdk/details/interface/agilex_types.h
[4.535s] -- Installing: /home/tinker/tk24_navigation_tradition/tk24_navigation_tradition/install/ugv_sdk/include/ugv_sdk/details/interface/tracer_interface.hpp
[4.535s] -- Installing: /home/tinker/tk24_navigation_tradition/tk24_navigation_tradition/install/ugv_sdk/include/ugv_sdk/details/interface/titan_interface.hpp
[4.535s] -- Installing: /home/tinker/tk24_navigation_tradition/tk24_navigation_tradition/install/ugv_sdk/include/ugv_sdk/details/interface/bunker_interface.hpp
[4.535s] -- Installing: /home/tinker/tk24_navigation_tradition/tk24_navigation_tradition/install/ugv_sdk/include/ugv_sdk/details/interface/robot_common_interface.hpp
[4.535s] -- Installing: /home/tinker/tk24_navigation_tradition/tk24_navigation_tradition/install/ugv_sdk/include/ugv_sdk/details/interface/agilex_message.h
[4.535s] -- Installing: /home/tinker/tk24_navigation_tradition/tk24_navigation_tradition/install/ugv_sdk/include/ugv_sdk/details/interface/ranger_interface.hpp
[4.535s] -- Installing: /home/tinker/tk24_navigation_tradition/tk24_navigation_tradition/install/ugv_sdk/include/ugv_sdk/details/protocol_v2
[4.536s] -- Installing: /home/tinker/tk24_navigation_tradition/tk24_navigation_tradition/install/ugv_sdk/include/ugv_sdk/details/protocol_v2/protocol_v2_parser.hpp
[4.536s] -- Installing: /home/tinker/tk24_navigation_tradition/tk24_navigation_tradition/install/ugv_sdk/include/ugv_sdk/details/async_port
[4.536s] -- Installing: /home/tinker/tk24_navigation_tradition/tk24_navigation_tradition/install/ugv_sdk/include/ugv_sdk/details/async_port/async_serial.hpp
[4.536s] -- Installing: /home/tinker/tk24_navigation_tradition/tk24_navigation_tradition/install/ugv_sdk/include/ugv_sdk/details/async_port/async_can.hpp
[4.536s] -- Installing: /home/tinker/tk24_navigation_tradition/tk24_navigation_tradition/install/ugv_sdk/include/ugv_sdk/details/async_port/ring_buffer.hpp
[4.536s] -- Installing: /home/tinker/tk24_navigation_tradition/tk24_navigation_tradition/install/ugv_sdk/include/ugv_sdk/details/protocol_v1
[4.536s] -- Installing: /home/tinker/tk24_navigation_tradition/tk24_navigation_tradition/install/ugv_sdk/include/ugv_sdk/details/protocol_v1/protocol_v1_parser.hpp
[4.536s] -- Installing: /home/tinker/tk24_navigation_tradition/tk24_navigation_tradition/install/ugv_sdk/include/ugv_sdk/details/protocol_v1/robot_limits.hpp
[4.536s] -- Installing: /home/tinker/tk24_navigation_tradition/tk24_navigation_tradition/install/ugv_sdk/include/ugv_sdk/details/protocol_v1/agilex_msg_parser_v1.h
[4.536s] -- Installing: /home/tinker/tk24_navigation_tradition/tk24_navigation_tradition/install/ugv_sdk/lib/cmake/ugv_sdk/ugv_sdkTargets.cmake
[4.536s] -- Installing: /home/tinker/tk24_navigation_tradition/tk24_navigation_tradition/install/ugv_sdk/lib/cmake/ugv_sdk/ugv_sdkTargets-release.cmake
[4.536s] -- Installing: /home/tinker/tk24_navigation_tradition/tk24_navigation_tradition/install/ugv_sdk/lib/cmake/ugv_sdk/ugv_sdkConfig.cmake
[4.536s] -- Installing: /home/tinker/tk24_navigation_tradition/tk24_navigation_tradition/install/ugv_sdk/lib/cmake/ugv_sdk/ugv_sdkConfigVersion.cmake
[4.538s] Invoked command in '/home/tinker/tk24_navigation_tradition/tk24_navigation_tradition/build/ugv_sdk' returned '0': /home/tinker/.local/bin/cmake --install /home/tinker/tk24_navigation_tradition/tk24_navigation_tradition/build/ugv_sdk
