-- The CXX compiler identification is GNU 11.4.0
-- Detecting CXX compiler ABI info
-- Detecting CXX compiler ABI info - done
-- Check for working CXX compiler: /usr/bin/c++ - skipped
-- Detecting CXX compile features
-- Detecting CXX compile features - done
[0mCMake Deprecation Warning at /home/tinker/tk24_navigation_tradition/tk24_navigation_tradition/build/kiss_icp/_deps/sophus-src/CMakeLists.txt:1 (cmake_minimum_required):
  Compatibility with CMake < 3.10 will be removed from a future version of
  CMake.

  Update the VERSION argument <min> value or use a ...<max> suffix to tell
  CMake that the project does not need compatibility with older versions.

[0m
-- The C compiler identification is GNU 11.4.0
-- Detecting C compiler ABI info
-- Detecting C compiler ABI info - done
-- Check for working C compiler: /usr/bin/cc - skipped
-- Detecting C compile features
-- Detecting C compile features - done
-- Turning basic logging ON
[0mCMake Deprecation Warning at /home/tinker/tk24_navigation_tradition/tk24_navigation_tradition/build/kiss_icp/_deps/tessil-src/CMakeLists.txt:1 (cmake_minimum_required):
  Compatibility with CMake < 3.10 will be removed from a future version of
  CMake.

  Update the VERSION argument <min> value or use a ...<max> suffix to tell
  CMake that the project does not need compatibility with older versions.

[0m
-- Found ament_cmake: 1.3.9 (/opt/ros/humble/share/ament_cmake/cmake)
-- Found Python3: /usr/bin/python3 (found version "3.10.12") found components: Interpreter
-- Found geometry_msgs: 4.2.4 (/opt/ros/humble/share/geometry_msgs/cmake)
-- Found rosidl_generator_c: 3.1.5 (/opt/ros/humble/share/rosidl_generator_c/cmake)
-- Found rosidl_adapter: 3.1.5 (/opt/ros/humble/share/rosidl_adapter/cmake)
-- Found rosidl_generator_cpp: 3.1.5 (/opt/ros/humble/share/rosidl_generator_cpp/cmake)
-- Using all available rosidl_typesupport_c: rosidl_typesupport_fastrtps_c;rosidl_typesupport_introspection_c
-- Using all available rosidl_typesupport_cpp: rosidl_typesupport_fastrtps_cpp;rosidl_typesupport_introspection_cpp
-- Found nav_msgs: 4.2.4 (/opt/ros/humble/share/nav_msgs/cmake)
-- Found rclcpp: 16.0.9 (/opt/ros/humble/share/rclcpp/cmake)
-- Found rmw_implementation_cmake: 6.1.2 (/opt/ros/humble/share/rmw_implementation_cmake/cmake)
-- Found rmw_fastrtps_cpp: 6.2.6 (/opt/ros/humble/share/rmw_fastrtps_cpp/cmake)
-- Found OpenSSL: /usr/lib/x86_64-linux-gnu/libcrypto.so (found version "3.0.2")
-- Found FastRTPS: /opt/ros/humble/include
-- Using RMW implementation 'rmw_fastrtps_cpp' as default
-- Performing Test CMAKE_HAVE_LIBC_PTHREAD
-- Performing Test CMAKE_HAVE_LIBC_PTHREAD - Success
-- Found Threads: TRUE
-- Found rclcpp_components: 16.0.9 (/opt/ros/humble/share/rclcpp_components/cmake)
-- Found sensor_msgs: 4.2.4 (/opt/ros/humble/share/sensor_msgs/cmake)
-- Found tf2_ros: 0.25.7 (/opt/ros/humble/share/tf2_ros/cmake)
-- Configuring done (4.4s)
-- Generating done (0.0s)
-- Build files have been written to: /home/tinker/tk24_navigation_tradition/tk24_navigation_tradition/build/kiss_icp
[  6%] [32mBuilding CXX object kiss_icp/core/CMakeFiles/kiss_icp_core.dir/Registration.cpp.o[0m
[ 20%] [32mBuilding CXX object CMakeFiles/kiss_icp_node.dir/rclcpp_components/node_main_kiss_icp_node.cpp.o[0m
[ 20%] [32mBuilding CXX object kiss_icp/metrics/CMakeFiles/kiss_icp_metrics.dir/Metrics.cpp.o[0m
[ 26%] [32mBuilding CXX object kiss_icp/core/CMakeFiles/kiss_icp_core.dir/Deskew.cpp.o[0m
[ 33%] [32mBuilding CXX object kiss_icp/core/CMakeFiles/kiss_icp_core.dir/VoxelHashMap.cpp.o[0m
[ 40%] [32mBuilding CXX object kiss_icp/core/CMakeFiles/kiss_icp_core.dir/VoxelUtils.cpp.o[0m
[ 46%] [32mBuilding CXX object kiss_icp/core/CMakeFiles/kiss_icp_core.dir/Threshold.cpp.o[0m
[ 53%] [32mBuilding CXX object kiss_icp/core/CMakeFiles/kiss_icp_core.dir/Preprocessing.cpp.o[0m
[ 60%] [32m[1mLinking CXX executable kiss_icp_node[0m
[ 60%] Built target kiss_icp_node
[ 66%] [32m[1mLinking CXX static library libkiss_icp_core.a[0m
[ 66%] Built target kiss_icp_core
[ 73%] [32mBuilding CXX object kiss_icp/pipeline/CMakeFiles/kiss_icp_pipeline.dir/KissICP.cpp.o[0m
[ 80%] [32m[1mLinking CXX static library libkiss_icp_pipeline.a[0m
[ 80%] Built target kiss_icp_pipeline
[ 86%] [32mBuilding CXX object CMakeFiles/odometry_component.dir/src/OdometryServer.cpp.o[0m
[ 93%] [32m[1mLinking CXX static library libkiss_icp_metrics.a[0m
[ 93%] Built target kiss_icp_metrics
[100%] [32m[1mLinking CXX shared library libodometry_component.so[0m
[100%] Built target odometry_component
-- Install configuration: "Release"
-- Installing: /home/tinker/tk24_navigation_tradition/tk24_navigation_tradition/install/kiss_icp/lib/kiss_icp/kiss_icp_node
-- Set non-toolchain portion of runtime path of "/home/tinker/tk24_navigation_tradition/tk24_navigation_tradition/install/kiss_icp/lib/kiss_icp/kiss_icp_node" to ""
-- Installing: /home/tinker/tk24_navigation_tradition/tk24_navigation_tradition/install/kiss_icp/lib/libodometry_component.so
-- Set non-toolchain portion of runtime path of "/home/tinker/tk24_navigation_tradition/tk24_navigation_tradition/install/kiss_icp/lib/libodometry_component.so" to ""
-- Installing: /home/tinker/tk24_navigation_tradition/tk24_navigation_tradition/install/kiss_icp/share/kiss_icp//launch
-- Installing: /home/tinker/tk24_navigation_tradition/tk24_navigation_tradition/install/kiss_icp/share/kiss_icp//launch/odometry.launch.py
-- Installing: /home/tinker/tk24_navigation_tradition/tk24_navigation_tradition/install/kiss_icp/share/kiss_icp//rviz
-- Installing: /home/tinker/tk24_navigation_tradition/tk24_navigation_tradition/install/kiss_icp/share/kiss_icp//rviz/kiss_icp.rviz
-- Installing: /home/tinker/tk24_navigation_tradition/tk24_navigation_tradition/install/kiss_icp/share/ament_index/resource_index/package_run_dependencies/kiss_icp
-- Installing: /home/tinker/tk24_navigation_tradition/tk24_navigation_tradition/install/kiss_icp/share/ament_index/resource_index/parent_prefix_path/kiss_icp
-- Installing: /home/tinker/tk24_navigation_tradition/tk24_navigation_tradition/install/kiss_icp/share/kiss_icp/environment/ament_prefix_path.sh
-- Installing: /home/tinker/tk24_navigation_tradition/tk24_navigation_tradition/install/kiss_icp/share/kiss_icp/environment/ament_prefix_path.dsv
-- Installing: /home/tinker/tk24_navigation_tradition/tk24_navigation_tradition/install/kiss_icp/share/kiss_icp/environment/path.sh
-- Installing: /home/tinker/tk24_navigation_tradition/tk24_navigation_tradition/install/kiss_icp/share/kiss_icp/environment/path.dsv
-- Installing: /home/tinker/tk24_navigation_tradition/tk24_navigation_tradition/install/kiss_icp/share/kiss_icp/local_setup.bash
-- Installing: /home/tinker/tk24_navigation_tradition/tk24_navigation_tradition/install/kiss_icp/share/kiss_icp/local_setup.sh
-- Installing: /home/tinker/tk24_navigation_tradition/tk24_navigation_tradition/install/kiss_icp/share/kiss_icp/local_setup.zsh
-- Installing: /home/tinker/tk24_navigation_tradition/tk24_navigation_tradition/install/kiss_icp/share/kiss_icp/local_setup.dsv
-- Installing: /home/tinker/tk24_navigation_tradition/tk24_navigation_tradition/install/kiss_icp/share/kiss_icp/package.dsv
-- Installing: /home/tinker/tk24_navigation_tradition/tk24_navigation_tradition/install/kiss_icp/share/ament_index/resource_index/packages/kiss_icp
-- Installing: /home/tinker/tk24_navigation_tradition/tk24_navigation_tradition/install/kiss_icp/share/ament_index/resource_index/rclcpp_components/kiss_icp
-- Installing: /home/tinker/tk24_navigation_tradition/tk24_navigation_tradition/install/kiss_icp/share/kiss_icp/cmake/kiss_icpConfig.cmake
-- Installing: /home/tinker/tk24_navigation_tradition/tk24_navigation_tradition/install/kiss_icp/share/kiss_icp/cmake/kiss_icpConfig-version.cmake
-- Installing: /home/tinker/tk24_navigation_tradition/tk24_navigation_tradition/install/kiss_icp/share/kiss_icp/package.xml
