[0.011s] Invoking command in '/home/tinker/tk24_navigation_tradition/tk24_navigation_tradition/build/kiss_icp': CMAKE_PREFIX_PATH=/opt/ros/humble /home/tinker/.local/bin/cmake /home/tinker/tk24_navigation_tradition/tk24_navigation_tradition/src/kiss-icp/ros -DCMAKE_INSTALL_PREFIX=/home/tinker/tk24_navigation_tradition/tk24_navigation_tradition/install/kiss_icp
[0.113s] -- The CXX compiler identification is GNU 11.4.0
[0.124s] -- Detecting CXX compiler ABI info
[0.177s] -- Detecting CXX compiler ABI info - done
[0.188s] -- Check for working CXX compiler: /usr/bin/c++ - skipped
[0.188s] -- Detecting CXX compile features
[0.189s] -- Detecting CXX compile features - done
[1.635s] [0mCMake Deprecation Warning at /home/tinker/tk24_navigation_tradition/tk24_navigation_tradition/build/kiss_icp/_deps/sophus-src/CMakeLists.txt:1 (cmake_minimum_required):
[1.635s]   Compatibility with CMake < 3.10 will be removed from a future version of
[1.635s]   CMake.
[1.635s] 
[1.635s]   Update the VERSION argument <min> value or use a ...<max> suffix to tell
[1.635s]   CMake that the project does not need compatibility with older versions.
[1.635s] 
[1.635s] [0m
[1.662s] -- The C compiler identification is GNU 11.4.0
[1.667s] -- Detecting C compiler ABI info
[1.706s] -- Detecting C compiler ABI info - done
[1.715s] -- Check for working C compiler: /usr/bin/cc - skipped
[1.715s] -- Detecting C compile features
[1.715s] -- Detecting C compile features - done
[1.720s] -- Turning basic logging ON
[3.496s] [0mCMake Deprecation Warning at /home/tinker/tk24_navigation_tradition/tk24_navigation_tradition/build/kiss_icp/_deps/tessil-src/CMakeLists.txt:1 (cmake_minimum_required):
[3.496s]   Compatibility with CMake < 3.10 will be removed from a future version of
[3.496s]   CMake.
[3.496s] 
[3.496s]   Update the VERSION argument <min> value or use a ...<max> suffix to tell
[3.496s]   CMake that the project does not need compatibility with older versions.
[3.496s] 
[3.496s] [0m
[3.503s] -- Found ament_cmake: 1.3.9 (/opt/ros/humble/share/ament_cmake/cmake)
[3.590s] -- Found Python3: /usr/bin/python3 (found version "3.10.12") found components: Interpreter
[3.654s] -- Found geometry_msgs: 4.2.4 (/opt/ros/humble/share/geometry_msgs/cmake)
[3.687s] -- Found rosidl_generator_c: 3.1.5 (/opt/ros/humble/share/rosidl_generator_c/cmake)
[3.692s] -- Found rosidl_adapter: 3.1.5 (/opt/ros/humble/share/rosidl_adapter/cmake)
[3.699s] -- Found rosidl_generator_cpp: 3.1.5 (/opt/ros/humble/share/rosidl_generator_cpp/cmake)
[3.712s] -- Using all available rosidl_typesupport_c: rosidl_typesupport_fastrtps_c;rosidl_typesupport_introspection_c
[3.728s] -- Using all available rosidl_typesupport_cpp: rosidl_typesupport_fastrtps_cpp;rosidl_typesupport_introspection_cpp
[3.811s] -- Found nav_msgs: 4.2.4 (/opt/ros/humble/share/nav_msgs/cmake)
[3.866s] -- Found rclcpp: 16.0.9 (/opt/ros/humble/share/rclcpp/cmake)
[3.913s] -- Found rmw_implementation_cmake: 6.1.2 (/opt/ros/humble/share/rmw_implementation_cmake/cmake)
[3.915s] -- Found rmw_fastrtps_cpp: 6.2.6 (/opt/ros/humble/share/rmw_fastrtps_cpp/cmake)
[3.984s] -- Found OpenSSL: /usr/lib/x86_64-linux-gnu/libcrypto.so (found version "3.0.2")
[4.002s] -- Found FastRTPS: /opt/ros/humble/include
[4.031s] -- Using RMW implementation 'rmw_fastrtps_cpp' as default
[4.039s] -- Performing Test CMAKE_HAVE_LIBC_PTHREAD
[4.090s] -- Performing Test CMAKE_HAVE_LIBC_PTHREAD - Success
[4.091s] -- Found Threads: TRUE
[4.181s] -- Found rclcpp_components: 16.0.9 (/opt/ros/humble/share/rclcpp_components/cmake)
[4.228s] -- Found sensor_msgs: 4.2.4 (/opt/ros/humble/share/sensor_msgs/cmake)
[4.284s] -- Found tf2_ros: 0.25.7 (/opt/ros/humble/share/tf2_ros/cmake)
[4.510s] -- Configuring done (4.4s)
[4.527s] -- Generating done (0.0s)
[4.527s] -- Build files have been written to: /home/tinker/tk24_navigation_tradition/tk24_navigation_tradition/build/kiss_icp
[4.535s] Invoked command in '/home/tinker/tk24_navigation_tradition/tk24_navigation_tradition/build/kiss_icp' returned '0': CMAKE_PREFIX_PATH=/opt/ros/humble /home/tinker/.local/bin/cmake /home/tinker/tk24_navigation_tradition/tk24_navigation_tradition/src/kiss-icp/ros -DCMAKE_INSTALL_PREFIX=/home/tinker/tk24_navigation_tradition/tk24_navigation_tradition/install/kiss_icp
[4.536s] Invoking command in '/home/tinker/tk24_navigation_tradition/tk24_navigation_tradition/build/kiss_icp': CMAKE_PREFIX_PATH=/opt/ros/humble /home/tinker/.local/bin/cmake --build /home/tinker/tk24_navigation_tradition/tk24_navigation_tradition/build/kiss_icp -- -j32 -l32
[4.595s] [  6%] [32mBuilding CXX object kiss_icp/core/CMakeFiles/kiss_icp_core.dir/Registration.cpp.o[0m
[4.595s] [ 20%] [32mBuilding CXX object CMakeFiles/kiss_icp_node.dir/rclcpp_components/node_main_kiss_icp_node.cpp.o[0m
[4.595s] [ 20%] [32mBuilding CXX object kiss_icp/metrics/CMakeFiles/kiss_icp_metrics.dir/Metrics.cpp.o[0m
[4.595s] [ 26%] [32mBuilding CXX object kiss_icp/core/CMakeFiles/kiss_icp_core.dir/Deskew.cpp.o[0m
[4.595s] [ 33%] [32mBuilding CXX object kiss_icp/core/CMakeFiles/kiss_icp_core.dir/VoxelHashMap.cpp.o[0m
[4.595s] [ 40%] [32mBuilding CXX object kiss_icp/core/CMakeFiles/kiss_icp_core.dir/VoxelUtils.cpp.o[0m
[4.596s] [ 46%] [32mBuilding CXX object kiss_icp/core/CMakeFiles/kiss_icp_core.dir/Threshold.cpp.o[0m
[4.596s] [ 53%] [32mBuilding CXX object kiss_icp/core/CMakeFiles/kiss_icp_core.dir/Preprocessing.cpp.o[0m
[7.043s] [ 60%] [32m[1mLinking CXX executable kiss_icp_node[0m
[7.117s] [ 60%] Built target kiss_icp_node
[8.177s] [ 66%] [32m[1mLinking CXX static library libkiss_icp_core.a[0m
[8.191s] [ 66%] Built target kiss_icp_core
[8.198s] [ 73%] [32mBuilding CXX object kiss_icp/pipeline/CMakeFiles/kiss_icp_pipeline.dir/KissICP.cpp.o[0m
[8.979s] [ 80%] [32m[1mLinking CXX static library libkiss_icp_pipeline.a[0m
[8.998s] [ 80%] Built target kiss_icp_pipeline
[9.006s] [ 86%] [32mBuilding CXX object CMakeFiles/odometry_component.dir/src/OdometryServer.cpp.o[0m
[11.680s] [ 93%] [32m[1mLinking CXX static library libkiss_icp_metrics.a[0m
[11.694s] [ 93%] Built target kiss_icp_metrics
[18.377s] [100%] [32m[1mLinking CXX shared library libodometry_component.so[0m
[18.497s] [100%] Built target odometry_component
[18.502s] Invoked command in '/home/tinker/tk24_navigation_tradition/tk24_navigation_tradition/build/kiss_icp' returned '0': CMAKE_PREFIX_PATH=/opt/ros/humble /home/tinker/.local/bin/cmake --build /home/tinker/tk24_navigation_tradition/tk24_navigation_tradition/build/kiss_icp -- -j32 -l32
[18.564s] Invoking command in '/home/tinker/tk24_navigation_tradition/tk24_navigation_tradition/build/kiss_icp': CMAKE_PREFIX_PATH=/opt/ros/humble /home/tinker/.local/bin/cmake --install /home/tinker/tk24_navigation_tradition/tk24_navigation_tradition/build/kiss_icp
[18.610s] -- Install configuration: "Release"
[18.610s] -- Installing: /home/tinker/tk24_navigation_tradition/tk24_navigation_tradition/install/kiss_icp/lib/kiss_icp/kiss_icp_node
[18.611s] -- Set non-toolchain portion of runtime path of "/home/tinker/tk24_navigation_tradition/tk24_navigation_tradition/install/kiss_icp/lib/kiss_icp/kiss_icp_node" to ""
[18.611s] -- Installing: /home/tinker/tk24_navigation_tradition/tk24_navigation_tradition/install/kiss_icp/lib/libodometry_component.so
[18.612s] -- Set non-toolchain portion of runtime path of "/home/tinker/tk24_navigation_tradition/tk24_navigation_tradition/install/kiss_icp/lib/libodometry_component.so" to ""
[18.612s] -- Installing: /home/tinker/tk24_navigation_tradition/tk24_navigation_tradition/install/kiss_icp/share/kiss_icp//launch
[18.612s] -- Installing: /home/tinker/tk24_navigation_tradition/tk24_navigation_tradition/install/kiss_icp/share/kiss_icp//launch/odometry.launch.py
[18.612s] -- Installing: /home/tinker/tk24_navigation_tradition/tk24_navigation_tradition/install/kiss_icp/share/kiss_icp//rviz
[18.612s] -- Installing: /home/tinker/tk24_navigation_tradition/tk24_navigation_tradition/install/kiss_icp/share/kiss_icp//rviz/kiss_icp.rviz
[18.612s] -- Installing: /home/tinker/tk24_navigation_tradition/tk24_navigation_tradition/install/kiss_icp/share/ament_index/resource_index/package_run_dependencies/kiss_icp
[18.612s] -- Installing: /home/tinker/tk24_navigation_tradition/tk24_navigation_tradition/install/kiss_icp/share/ament_index/resource_index/parent_prefix_path/kiss_icp
[18.612s] -- Installing: /home/tinker/tk24_navigation_tradition/tk24_navigation_tradition/install/kiss_icp/share/kiss_icp/environment/ament_prefix_path.sh
[18.612s] -- Installing: /home/tinker/tk24_navigation_tradition/tk24_navigation_tradition/install/kiss_icp/share/kiss_icp/environment/ament_prefix_path.dsv
[18.612s] -- Installing: /home/tinker/tk24_navigation_tradition/tk24_navigation_tradition/install/kiss_icp/share/kiss_icp/environment/path.sh
[18.612s] -- Installing: /home/tinker/tk24_navigation_tradition/tk24_navigation_tradition/install/kiss_icp/share/kiss_icp/environment/path.dsv
[18.612s] -- Installing: /home/tinker/tk24_navigation_tradition/tk24_navigation_tradition/install/kiss_icp/share/kiss_icp/local_setup.bash
[18.612s] -- Installing: /home/tinker/tk24_navigation_tradition/tk24_navigation_tradition/install/kiss_icp/share/kiss_icp/local_setup.sh
[18.612s] -- Installing: /home/tinker/tk24_navigation_tradition/tk24_navigation_tradition/install/kiss_icp/share/kiss_icp/local_setup.zsh
[18.612s] -- Installing: /home/tinker/tk24_navigation_tradition/tk24_navigation_tradition/install/kiss_icp/share/kiss_icp/local_setup.dsv
[18.612s] -- Installing: /home/tinker/tk24_navigation_tradition/tk24_navigation_tradition/install/kiss_icp/share/kiss_icp/package.dsv
[18.612s] -- Installing: /home/tinker/tk24_navigation_tradition/tk24_navigation_tradition/install/kiss_icp/share/ament_index/resource_index/packages/kiss_icp
[18.612s] -- Installing: /home/tinker/tk24_navigation_tradition/tk24_navigation_tradition/install/kiss_icp/share/ament_index/resource_index/rclcpp_components/kiss_icp
[18.612s] -- Installing: /home/tinker/tk24_navigation_tradition/tk24_navigation_tradition/install/kiss_icp/share/kiss_icp/cmake/kiss_icpConfig.cmake
[18.612s] -- Installing: /home/tinker/tk24_navigation_tradition/tk24_navigation_tradition/install/kiss_icp/share/kiss_icp/cmake/kiss_icpConfig-version.cmake
[18.612s] -- Installing: /home/tinker/tk24_navigation_tradition/tk24_navigation_tradition/install/kiss_icp/share/kiss_icp/package.xml
[18.613s] Invoked command in '/home/tinker/tk24_navigation_tradition/tk24_navigation_tradition/build/kiss_icp' returned '0': CMAKE_PREFIX_PATH=/opt/ros/humble /home/tinker/.local/bin/cmake --install /home/tinker/tk24_navigation_tradition/tk24_navigation_tradition/build/kiss_icp
