[0.061s] DEBUG:colcon:Command line arguments: ['/usr/bin/colcon', 'build']
[0.061s] DEBUG:colcon:Parsed command line arguments: Namespace(log_base=None, log_level=None, verb_name='build', build_base='build', install_base='install', merge_install=False, symlink_install=False, test_result_base=None, continue_on_error=False, executor='parallel', parallel_workers=32, event_handlers=None, ignore_user_meta=False, metas=['./colcon.meta'], base_paths=['.'], packages_ignore=None, packages_ignore_regex=None, paths=None, packages_up_to=None, packages_up_to_regex=None, packages_above=None, packages_above_and_dependencies=None, packages_above_depth=None, packages_select_by_dep=None, packages_skip_by_dep=None, packages_skip_up_to=None, packages_select_build_failed=False, packages_skip_build_finished=False, packages_select_test_failures=False, packages_skip_test_passed=False, packages_select=None, packages_skip=None, packages_select_regex=None, packages_skip_regex=None, packages_start=None, packages_end=None, allow_overriding=[], cmake_args=None, cmake_target=None, cmake_target_skip_unavailable=False, cmake_clean_cache=False, cmake_clean_first=False, cmake_force_configure=False, ament_cmake_args=None, catkin_cmake_args=None, catkin_skip_building_tests=False, mixin_files=None, mixin=None, verb_parser=<colcon_mixin.mixin.mixin_argument.MixinArgumentDecorator object at 0x7ef378394730>, verb_extension=<colcon_core.verb.build.BuildVerb object at 0x7ef3783941f0>, main=<bound method BuildVerb.main of <colcon_core.verb.build.BuildVerb object at 0x7ef3783941f0>>, mixin_verb=('build',))
[0.159s] Level 1:colcon.colcon_core.package_discovery:discover_packages(colcon_meta) check parameters
[0.159s] Level 1:colcon.colcon_core.package_discovery:discover_packages(recursive) check parameters
[0.159s] Level 1:colcon.colcon_core.package_discovery:discover_packages(ignore) check parameters
[0.159s] Level 1:colcon.colcon_core.package_discovery:discover_packages(path) check parameters
[0.159s] Level 1:colcon.colcon_core.package_discovery:discover_packages(colcon_meta) discover
[0.159s] Level 1:colcon.colcon_core.package_discovery:discover_packages(recursive) discover
[0.159s] INFO:colcon.colcon_core.package_discovery:Crawling recursively for packages in '/home/tinker/tk24_navigation_tradition/tk24_navigation_tradition'
[0.159s] Level 1:colcon.colcon_core.package_identification:_identify(.) by extensions ['ignore', 'ignore_ament_install']
[0.159s] Level 1:colcon.colcon_core.package_identification:_identify(.) by extension 'ignore'
[0.159s] Level 1:colcon.colcon_core.package_identification:_identify(.) by extension 'ignore_ament_install'
[0.159s] Level 1:colcon.colcon_core.package_identification:_identify(.) by extensions ['colcon_pkg']
[0.159s] Level 1:colcon.colcon_core.package_identification:_identify(.) by extension 'colcon_pkg'
[0.159s] Level 1:colcon.colcon_core.package_identification:_identify(.) by extensions ['colcon_meta']
[0.159s] Level 1:colcon.colcon_core.package_identification:_identify(.) by extension 'colcon_meta'
[0.159s] Level 1:colcon.colcon_core.package_identification:_identify(.) by extensions ['ros']
[0.159s] Level 1:colcon.colcon_core.package_identification:_identify(.) by extension 'ros'
[0.166s] Level 1:colcon.colcon_core.package_identification:_identify(.) by extensions ['cmake', 'python']
[0.167s] Level 1:colcon.colcon_core.package_identification:_identify(.) by extension 'cmake'
[0.167s] Level 1:colcon.colcon_core.package_identification:_identify(.) by extension 'python'
[0.167s] Level 1:colcon.colcon_core.package_identification:_identify(.) by extensions ['python_setup_py']
[0.167s] Level 1:colcon.colcon_core.package_identification:_identify(.) by extension 'python_setup_py'
[0.167s] Level 1:colcon.colcon_core.package_identification:_identify(build) by extensions ['ignore', 'ignore_ament_install']
[0.167s] Level 1:colcon.colcon_core.package_identification:_identify(build) by extension 'ignore'
[0.167s] Level 1:colcon.colcon_core.package_identification:_identify(build) ignored
[0.167s] Level 1:colcon.colcon_core.package_identification:_identify(install) by extensions ['ignore', 'ignore_ament_install']
[0.167s] Level 1:colcon.colcon_core.package_identification:_identify(install) by extension 'ignore'
[0.167s] Level 1:colcon.colcon_core.package_identification:_identify(install) ignored
[0.167s] Level 1:colcon.colcon_core.package_identification:_identify(log) by extensions ['ignore', 'ignore_ament_install']
[0.167s] Level 1:colcon.colcon_core.package_identification:_identify(log) by extension 'ignore'
[0.167s] Level 1:colcon.colcon_core.package_identification:_identify(log) ignored
[0.167s] Level 1:colcon.colcon_core.package_identification:_identify(src) by extensions ['ignore', 'ignore_ament_install']
[0.167s] Level 1:colcon.colcon_core.package_identification:_identify(src) by extension 'ignore'
[0.167s] Level 1:colcon.colcon_core.package_identification:_identify(src) by extension 'ignore_ament_install'
[0.167s] Level 1:colcon.colcon_core.package_identification:_identify(src) by extensions ['colcon_pkg']
[0.167s] Level 1:colcon.colcon_core.package_identification:_identify(src) by extension 'colcon_pkg'
[0.167s] Level 1:colcon.colcon_core.package_identification:_identify(src) by extensions ['colcon_meta']
[0.167s] Level 1:colcon.colcon_core.package_identification:_identify(src) by extension 'colcon_meta'
[0.167s] Level 1:colcon.colcon_core.package_identification:_identify(src) by extensions ['ros']
[0.167s] Level 1:colcon.colcon_core.package_identification:_identify(src) by extension 'ros'
[0.167s] Level 1:colcon.colcon_core.package_identification:_identify(src) by extensions ['cmake', 'python']
[0.167s] Level 1:colcon.colcon_core.package_identification:_identify(src) by extension 'cmake'
[0.167s] Level 1:colcon.colcon_core.package_identification:_identify(src) by extension 'python'
[0.167s] Level 1:colcon.colcon_core.package_identification:_identify(src) by extensions ['python_setup_py']
[0.167s] Level 1:colcon.colcon_core.package_identification:_identify(src) by extension 'python_setup_py'
[0.167s] Level 1:colcon.colcon_core.package_identification:_identify(src/kiss-icp) by extensions ['ignore', 'ignore_ament_install']
[0.167s] Level 1:colcon.colcon_core.package_identification:_identify(src/kiss-icp) by extension 'ignore'
[0.167s] Level 1:colcon.colcon_core.package_identification:_identify(src/kiss-icp) by extension 'ignore_ament_install'
[0.167s] Level 1:colcon.colcon_core.package_identification:_identify(src/kiss-icp) by extensions ['colcon_pkg']
[0.167s] Level 1:colcon.colcon_core.package_identification:_identify(src/kiss-icp) by extension 'colcon_pkg'
[0.167s] Level 1:colcon.colcon_core.package_identification:_identify(src/kiss-icp) by extensions ['colcon_meta']
[0.167s] Level 1:colcon.colcon_core.package_identification:_identify(src/kiss-icp) by extension 'colcon_meta'
[0.167s] Level 1:colcon.colcon_core.package_identification:_identify(src/kiss-icp) by extensions ['ros']
[0.167s] Level 1:colcon.colcon_core.package_identification:_identify(src/kiss-icp) by extension 'ros'
[0.168s] Level 1:colcon.colcon_core.package_identification:_identify(src/kiss-icp) by extensions ['cmake', 'python']
[0.168s] Level 1:colcon.colcon_core.package_identification:_identify(src/kiss-icp) by extension 'cmake'
[0.168s] Level 1:colcon.colcon_core.package_identification:_identify(src/kiss-icp) by extension 'python'
[0.168s] Level 1:colcon.colcon_core.package_identification:_identify(src/kiss-icp) by extensions ['python_setup_py']
[0.168s] Level 1:colcon.colcon_core.package_identification:_identify(src/kiss-icp) by extension 'python_setup_py'
[0.168s] Level 1:colcon.colcon_core.package_identification:_identify(src/kiss-icp/config) by extensions ['ignore', 'ignore_ament_install']
[0.168s] Level 1:colcon.colcon_core.package_identification:_identify(src/kiss-icp/config) by extension 'ignore'
[0.168s] Level 1:colcon.colcon_core.package_identification:_identify(src/kiss-icp/config) by extension 'ignore_ament_install'
[0.168s] Level 1:colcon.colcon_core.package_identification:_identify(src/kiss-icp/config) by extensions ['colcon_pkg']
[0.168s] Level 1:colcon.colcon_core.package_identification:_identify(src/kiss-icp/config) by extension 'colcon_pkg'
[0.168s] Level 1:colcon.colcon_core.package_identification:_identify(src/kiss-icp/config) by extensions ['colcon_meta']
[0.168s] Level 1:colcon.colcon_core.package_identification:_identify(src/kiss-icp/config) by extension 'colcon_meta'
[0.168s] Level 1:colcon.colcon_core.package_identification:_identify(src/kiss-icp/config) by extensions ['ros']
[0.168s] Level 1:colcon.colcon_core.package_identification:_identify(src/kiss-icp/config) by extension 'ros'
[0.168s] Level 1:colcon.colcon_core.package_identification:_identify(src/kiss-icp/config) by extensions ['cmake', 'python']
[0.168s] Level 1:colcon.colcon_core.package_identification:_identify(src/kiss-icp/config) by extension 'cmake'
[0.168s] Level 1:colcon.colcon_core.package_identification:_identify(src/kiss-icp/config) by extension 'python'
[0.168s] Level 1:colcon.colcon_core.package_identification:_identify(src/kiss-icp/config) by extensions ['python_setup_py']
[0.168s] Level 1:colcon.colcon_core.package_identification:_identify(src/kiss-icp/config) by extension 'python_setup_py'
[0.168s] Level 1:colcon.colcon_core.package_identification:_identify(src/kiss-icp/cpp) by extensions ['ignore', 'ignore_ament_install']
[0.168s] Level 1:colcon.colcon_core.package_identification:_identify(src/kiss-icp/cpp) by extension 'ignore'
[0.168s] Level 1:colcon.colcon_core.package_identification:_identify(src/kiss-icp/cpp) ignored
[0.168s] Level 1:colcon.colcon_core.package_identification:_identify(src/kiss-icp/eval) by extensions ['ignore', 'ignore_ament_install']
[0.168s] Level 1:colcon.colcon_core.package_identification:_identify(src/kiss-icp/eval) by extension 'ignore'
[0.168s] Level 1:colcon.colcon_core.package_identification:_identify(src/kiss-icp/eval) by extension 'ignore_ament_install'
[0.168s] Level 1:colcon.colcon_core.package_identification:_identify(src/kiss-icp/eval) by extensions ['colcon_pkg']
[0.168s] Level 1:colcon.colcon_core.package_identification:_identify(src/kiss-icp/eval) by extension 'colcon_pkg'
[0.168s] Level 1:colcon.colcon_core.package_identification:_identify(src/kiss-icp/eval) by extensions ['colcon_meta']
[0.168s] Level 1:colcon.colcon_core.package_identification:_identify(src/kiss-icp/eval) by extension 'colcon_meta'
[0.168s] Level 1:colcon.colcon_core.package_identification:_identify(src/kiss-icp/eval) by extensions ['ros']
[0.168s] Level 1:colcon.colcon_core.package_identification:_identify(src/kiss-icp/eval) by extension 'ros'
[0.168s] Level 1:colcon.colcon_core.package_identification:_identify(src/kiss-icp/eval) by extensions ['cmake', 'python']
[0.168s] Level 1:colcon.colcon_core.package_identification:_identify(src/kiss-icp/eval) by extension 'cmake'
[0.168s] Level 1:colcon.colcon_core.package_identification:_identify(src/kiss-icp/eval) by extension 'python'
[0.168s] Level 1:colcon.colcon_core.package_identification:_identify(src/kiss-icp/eval) by extensions ['python_setup_py']
[0.168s] Level 1:colcon.colcon_core.package_identification:_identify(src/kiss-icp/eval) by extension 'python_setup_py'
[0.168s] Level 1:colcon.colcon_core.package_identification:_identify(src/kiss-icp/python) by extensions ['ignore', 'ignore_ament_install']
[0.168s] Level 1:colcon.colcon_core.package_identification:_identify(src/kiss-icp/python) by extension 'ignore'
[0.168s] Level 1:colcon.colcon_core.package_identification:_identify(src/kiss-icp/python) ignored
[0.168s] Level 1:colcon.colcon_core.package_identification:_identify(src/kiss-icp/ros) by extensions ['ignore', 'ignore_ament_install']
[0.168s] Level 1:colcon.colcon_core.package_identification:_identify(src/kiss-icp/ros) by extension 'ignore'
[0.168s] Level 1:colcon.colcon_core.package_identification:_identify(src/kiss-icp/ros) by extension 'ignore_ament_install'
[0.168s] Level 1:colcon.colcon_core.package_identification:_identify(src/kiss-icp/ros) by extensions ['colcon_pkg']
[0.168s] Level 1:colcon.colcon_core.package_identification:_identify(src/kiss-icp/ros) by extension 'colcon_pkg'
[0.168s] Level 1:colcon.colcon_core.package_identification:_identify(src/kiss-icp/ros) by extensions ['colcon_meta']
[0.168s] Level 1:colcon.colcon_core.package_identification:_identify(src/kiss-icp/ros) by extension 'colcon_meta'
[0.168s] Level 1:colcon.colcon_core.package_identification:_identify(src/kiss-icp/ros) by extensions ['ros']
[0.168s] Level 1:colcon.colcon_core.package_identification:_identify(src/kiss-icp/ros) by extension 'ros'
[0.176s] DEBUG:colcon.colcon_core.package_identification:Package 'src/kiss-icp/ros' with type 'ros.ament_cmake' and name 'kiss_icp'
[0.176s] Level 1:colcon.colcon_core.package_identification:_identify(src/livox_ros_driver2) by extensions ['ignore', 'ignore_ament_install']
[0.176s] Level 1:colcon.colcon_core.package_identification:_identify(src/livox_ros_driver2) by extension 'ignore'
[0.176s] Level 1:colcon.colcon_core.package_identification:_identify(src/livox_ros_driver2) by extension 'ignore_ament_install'
[0.176s] Level 1:colcon.colcon_core.package_identification:_identify(src/livox_ros_driver2) by extensions ['colcon_pkg']
[0.176s] Level 1:colcon.colcon_core.package_identification:_identify(src/livox_ros_driver2) by extension 'colcon_pkg'
[0.176s] Level 1:colcon.colcon_core.package_identification:_identify(src/livox_ros_driver2) by extensions ['colcon_meta']
[0.176s] Level 1:colcon.colcon_core.package_identification:_identify(src/livox_ros_driver2) by extension 'colcon_meta'
[0.176s] Level 1:colcon.colcon_core.package_identification:_identify(src/livox_ros_driver2) by extensions ['ros']
[0.176s] Level 1:colcon.colcon_core.package_identification:_identify(src/livox_ros_driver2) by extension 'ros'
[0.177s] DEBUG:colcon.colcon_core.package_identification:Package 'src/livox_ros_driver2' with type 'ros.ament_cmake' and name 'livox_ros_driver2'
[0.177s] Level 1:colcon.colcon_core.package_identification:_identify(src/navigation_bringup) by extensions ['ignore', 'ignore_ament_install']
[0.177s] Level 1:colcon.colcon_core.package_identification:_identify(src/navigation_bringup) by extension 'ignore'
[0.177s] Level 1:colcon.colcon_core.package_identification:_identify(src/navigation_bringup) by extension 'ignore_ament_install'
[0.177s] Level 1:colcon.colcon_core.package_identification:_identify(src/navigation_bringup) by extensions ['colcon_pkg']
[0.177s] Level 1:colcon.colcon_core.package_identification:_identify(src/navigation_bringup) by extension 'colcon_pkg'
[0.177s] Level 1:colcon.colcon_core.package_identification:_identify(src/navigation_bringup) by extensions ['colcon_meta']
[0.177s] Level 1:colcon.colcon_core.package_identification:_identify(src/navigation_bringup) by extension 'colcon_meta'
[0.177s] Level 1:colcon.colcon_core.package_identification:_identify(src/navigation_bringup) by extensions ['ros']
[0.177s] Level 1:colcon.colcon_core.package_identification:_identify(src/navigation_bringup) by extension 'ros'
[0.177s] DEBUG:colcon.colcon_core.package_identification:Package 'src/navigation_bringup' with type 'ros.ament_cmake' and name 'navigation_bringup'
[0.177s] Level 1:colcon.colcon_core.package_identification:_identify(src/tracer_ros2) by extensions ['ignore', 'ignore_ament_install']
[0.178s] Level 1:colcon.colcon_core.package_identification:_identify(src/tracer_ros2) by extension 'ignore'
[0.178s] Level 1:colcon.colcon_core.package_identification:_identify(src/tracer_ros2) by extension 'ignore_ament_install'
[0.178s] Level 1:colcon.colcon_core.package_identification:_identify(src/tracer_ros2) by extensions ['colcon_pkg']
[0.178s] Level 1:colcon.colcon_core.package_identification:_identify(src/tracer_ros2) by extension 'colcon_pkg'
[0.178s] Level 1:colcon.colcon_core.package_identification:_identify(src/tracer_ros2) by extensions ['colcon_meta']
[0.178s] Level 1:colcon.colcon_core.package_identification:_identify(src/tracer_ros2) by extension 'colcon_meta'
[0.178s] Level 1:colcon.colcon_core.package_identification:_identify(src/tracer_ros2) by extensions ['ros']
[0.178s] Level 1:colcon.colcon_core.package_identification:_identify(src/tracer_ros2) by extension 'ros'
[0.178s] Level 1:colcon.colcon_core.package_identification:_identify(src/tracer_ros2) by extensions ['cmake', 'python']
[0.178s] Level 1:colcon.colcon_core.package_identification:_identify(src/tracer_ros2) by extension 'cmake'
[0.178s] Level 1:colcon.colcon_core.package_identification:_identify(src/tracer_ros2) by extension 'python'
[0.178s] Level 1:colcon.colcon_core.package_identification:_identify(src/tracer_ros2) by extensions ['python_setup_py']
[0.178s] Level 1:colcon.colcon_core.package_identification:_identify(src/tracer_ros2) by extension 'python_setup_py'
[0.178s] Level 1:colcon.colcon_core.package_identification:_identify(src/tracer_ros2/tracer_base) by extensions ['ignore', 'ignore_ament_install']
[0.178s] Level 1:colcon.colcon_core.package_identification:_identify(src/tracer_ros2/tracer_base) by extension 'ignore'
[0.178s] Level 1:colcon.colcon_core.package_identification:_identify(src/tracer_ros2/tracer_base) by extension 'ignore_ament_install'
[0.178s] Level 1:colcon.colcon_core.package_identification:_identify(src/tracer_ros2/tracer_base) by extensions ['colcon_pkg']
[0.178s] Level 1:colcon.colcon_core.package_identification:_identify(src/tracer_ros2/tracer_base) by extension 'colcon_pkg'
[0.178s] Level 1:colcon.colcon_core.package_identification:_identify(src/tracer_ros2/tracer_base) by extensions ['colcon_meta']
[0.178s] Level 1:colcon.colcon_core.package_identification:_identify(src/tracer_ros2/tracer_base) by extension 'colcon_meta'
[0.178s] Level 1:colcon.colcon_core.package_identification:_identify(src/tracer_ros2/tracer_base) by extensions ['ros']
[0.178s] Level 1:colcon.colcon_core.package_identification:_identify(src/tracer_ros2/tracer_base) by extension 'ros'
[0.178s] DEBUG:colcon.colcon_core.package_identification:Package 'src/tracer_ros2/tracer_base' with type 'ros.ament_cmake' and name 'tracer_base'
[0.179s] Level 1:colcon.colcon_core.package_identification:_identify(src/tracer_ros2/tracer_msgs) by extensions ['ignore', 'ignore_ament_install']
[0.179s] Level 1:colcon.colcon_core.package_identification:_identify(src/tracer_ros2/tracer_msgs) by extension 'ignore'
[0.179s] Level 1:colcon.colcon_core.package_identification:_identify(src/tracer_ros2/tracer_msgs) by extension 'ignore_ament_install'
[0.179s] Level 1:colcon.colcon_core.package_identification:_identify(src/tracer_ros2/tracer_msgs) by extensions ['colcon_pkg']
[0.179s] Level 1:colcon.colcon_core.package_identification:_identify(src/tracer_ros2/tracer_msgs) by extension 'colcon_pkg'
[0.179s] Level 1:colcon.colcon_core.package_identification:_identify(src/tracer_ros2/tracer_msgs) by extensions ['colcon_meta']
[0.179s] Level 1:colcon.colcon_core.package_identification:_identify(src/tracer_ros2/tracer_msgs) by extension 'colcon_meta'
[0.179s] Level 1:colcon.colcon_core.package_identification:_identify(src/tracer_ros2/tracer_msgs) by extensions ['ros']
[0.179s] Level 1:colcon.colcon_core.package_identification:_identify(src/tracer_ros2/tracer_msgs) by extension 'ros'
[0.179s] DEBUG:colcon.colcon_core.package_identification:Package 'src/tracer_ros2/tracer_msgs' with type 'ros.ament_cmake' and name 'tracer_msgs'
[0.179s] Level 1:colcon.colcon_core.package_identification:_identify(src/ugv_sdk) by extensions ['ignore', 'ignore_ament_install']
[0.179s] Level 1:colcon.colcon_core.package_identification:_identify(src/ugv_sdk) by extension 'ignore'
[0.179s] Level 1:colcon.colcon_core.package_identification:_identify(src/ugv_sdk) by extension 'ignore_ament_install'
[0.179s] Level 1:colcon.colcon_core.package_identification:_identify(src/ugv_sdk) by extensions ['colcon_pkg']
[0.179s] Level 1:colcon.colcon_core.package_identification:_identify(src/ugv_sdk) by extension 'colcon_pkg'
[0.179s] Level 1:colcon.colcon_core.package_identification:_identify(src/ugv_sdk) by extensions ['colcon_meta']
[0.179s] Level 1:colcon.colcon_core.package_identification:_identify(src/ugv_sdk) by extension 'colcon_meta'
[0.179s] Level 1:colcon.colcon_core.package_identification:_identify(src/ugv_sdk) by extensions ['ros']
[0.179s] Level 1:colcon.colcon_core.package_identification:_identify(src/ugv_sdk) by extension 'ros'
[0.180s] DEBUG:colcon.colcon_core.package_identification:Package 'src/ugv_sdk' with type 'ros.catkin' and name 'ugv_sdk'
[0.180s] Level 1:colcon.colcon_core.package_discovery:discover_packages(recursive) using defaults
[0.180s] Level 1:colcon.colcon_core.package_discovery:discover_packages(ignore) discover
[0.180s] Level 1:colcon.colcon_core.package_discovery:discover_packages(ignore) using defaults
[0.180s] Level 1:colcon.colcon_core.package_discovery:discover_packages(path) discover
[0.180s] Level 1:colcon.colcon_core.package_discovery:discover_packages(path) using defaults
[0.193s] Level 1:colcon.colcon_core.package_discovery:discover_packages(prefix_path) check parameters
[0.193s] Level 1:colcon.colcon_core.package_discovery:discover_packages(prefix_path) discover
[0.194s] DEBUG:colcon.colcon_installed_package_information.package_discovery:Found 6 installed packages in /home/tinker/tk24_navigation_tradition/tk24_navigation_tradition/install
[0.194s] DEBUG:colcon.colcon_installed_package_information.package_discovery:Found 470 installed packages in /opt/ros/humble
[0.196s] Level 1:colcon.colcon_core.package_discovery:discover_packages(prefix_path) using defaults
[0.225s] Level 5:colcon.colcon_core.verb:set package 'kiss_icp' build argument 'cmake_args' from command line to 'None'
[0.225s] Level 5:colcon.colcon_core.verb:set package 'kiss_icp' build argument 'cmake_target' from command line to 'None'
[0.225s] Level 5:colcon.colcon_core.verb:set package 'kiss_icp' build argument 'cmake_target_skip_unavailable' from command line to 'False'
[0.225s] Level 5:colcon.colcon_core.verb:set package 'kiss_icp' build argument 'cmake_clean_cache' from command line to 'False'
[0.225s] Level 5:colcon.colcon_core.verb:set package 'kiss_icp' build argument 'cmake_clean_first' from command line to 'False'
[0.225s] Level 5:colcon.colcon_core.verb:set package 'kiss_icp' build argument 'cmake_force_configure' from command line to 'False'
[0.225s] Level 5:colcon.colcon_core.verb:set package 'kiss_icp' build argument 'ament_cmake_args' from command line to 'None'
[0.225s] Level 5:colcon.colcon_core.verb:set package 'kiss_icp' build argument 'catkin_cmake_args' from command line to 'None'
[0.225s] Level 5:colcon.colcon_core.verb:set package 'kiss_icp' build argument 'catkin_skip_building_tests' from command line to 'False'
[0.225s] DEBUG:colcon.colcon_core.verb:Building package 'kiss_icp' with the following arguments: {'ament_cmake_args': None, 'build_base': '/home/tinker/tk24_navigation_tradition/tk24_navigation_tradition/build/kiss_icp', 'catkin_cmake_args': None, 'catkin_skip_building_tests': False, 'cmake_args': None, 'cmake_clean_cache': False, 'cmake_clean_first': False, 'cmake_force_configure': False, 'cmake_target': None, 'cmake_target_skip_unavailable': False, 'install_base': '/home/tinker/tk24_navigation_tradition/tk24_navigation_tradition/install/kiss_icp', 'merge_install': False, 'path': '/home/tinker/tk24_navigation_tradition/tk24_navigation_tradition/src/kiss-icp/ros', 'symlink_install': False, 'test_result_base': None}
[0.225s] Level 5:colcon.colcon_core.verb:set package 'livox_ros_driver2' build argument 'cmake_args' from command line to 'None'
[0.225s] Level 5:colcon.colcon_core.verb:set package 'livox_ros_driver2' build argument 'cmake_target' from command line to 'None'
[0.225s] Level 5:colcon.colcon_core.verb:set package 'livox_ros_driver2' build argument 'cmake_target_skip_unavailable' from command line to 'False'
[0.225s] Level 5:colcon.colcon_core.verb:set package 'livox_ros_driver2' build argument 'cmake_clean_cache' from command line to 'False'
[0.225s] Level 5:colcon.colcon_core.verb:set package 'livox_ros_driver2' build argument 'cmake_clean_first' from command line to 'False'
[0.225s] Level 5:colcon.colcon_core.verb:set package 'livox_ros_driver2' build argument 'cmake_force_configure' from command line to 'False'
[0.225s] Level 5:colcon.colcon_core.verb:set package 'livox_ros_driver2' build argument 'ament_cmake_args' from command line to 'None'
[0.225s] Level 5:colcon.colcon_core.verb:set package 'livox_ros_driver2' build argument 'catkin_cmake_args' from command line to 'None'
[0.225s] Level 5:colcon.colcon_core.verb:set package 'livox_ros_driver2' build argument 'catkin_skip_building_tests' from command line to 'False'
[0.225s] DEBUG:colcon.colcon_core.verb:Building package 'livox_ros_driver2' with the following arguments: {'ament_cmake_args': None, 'build_base': '/home/tinker/tk24_navigation_tradition/tk24_navigation_tradition/build/livox_ros_driver2', 'catkin_cmake_args': None, 'catkin_skip_building_tests': False, 'cmake_args': None, 'cmake_clean_cache': False, 'cmake_clean_first': False, 'cmake_force_configure': False, 'cmake_target': None, 'cmake_target_skip_unavailable': False, 'install_base': '/home/tinker/tk24_navigation_tradition/tk24_navigation_tradition/install/livox_ros_driver2', 'merge_install': False, 'path': '/home/tinker/tk24_navigation_tradition/tk24_navigation_tradition/src/livox_ros_driver2', 'symlink_install': False, 'test_result_base': None}
[0.226s] Level 5:colcon.colcon_core.verb:set package 'navigation_bringup' build argument 'cmake_args' from command line to 'None'
[0.226s] Level 5:colcon.colcon_core.verb:set package 'navigation_bringup' build argument 'cmake_target' from command line to 'None'
[0.226s] Level 5:colcon.colcon_core.verb:set package 'navigation_bringup' build argument 'cmake_target_skip_unavailable' from command line to 'False'
[0.226s] Level 5:colcon.colcon_core.verb:set package 'navigation_bringup' build argument 'cmake_clean_cache' from command line to 'False'
[0.226s] Level 5:colcon.colcon_core.verb:set package 'navigation_bringup' build argument 'cmake_clean_first' from command line to 'False'
[0.226s] Level 5:colcon.colcon_core.verb:set package 'navigation_bringup' build argument 'cmake_force_configure' from command line to 'False'
[0.226s] Level 5:colcon.colcon_core.verb:set package 'navigation_bringup' build argument 'ament_cmake_args' from command line to 'None'
[0.226s] Level 5:colcon.colcon_core.verb:set package 'navigation_bringup' build argument 'catkin_cmake_args' from command line to 'None'
[0.226s] Level 5:colcon.colcon_core.verb:set package 'navigation_bringup' build argument 'catkin_skip_building_tests' from command line to 'False'
[0.226s] DEBUG:colcon.colcon_core.verb:Building package 'navigation_bringup' with the following arguments: {'ament_cmake_args': None, 'build_base': '/home/tinker/tk24_navigation_tradition/tk24_navigation_tradition/build/navigation_bringup', 'catkin_cmake_args': None, 'catkin_skip_building_tests': False, 'cmake_args': None, 'cmake_clean_cache': False, 'cmake_clean_first': False, 'cmake_force_configure': False, 'cmake_target': None, 'cmake_target_skip_unavailable': False, 'install_base': '/home/tinker/tk24_navigation_tradition/tk24_navigation_tradition/install/navigation_bringup', 'merge_install': False, 'path': '/home/tinker/tk24_navigation_tradition/tk24_navigation_tradition/src/navigation_bringup', 'symlink_install': False, 'test_result_base': None}
[0.226s] Level 5:colcon.colcon_core.verb:set package 'tracer_msgs' build argument 'cmake_args' from command line to 'None'
[0.226s] Level 5:colcon.colcon_core.verb:set package 'tracer_msgs' build argument 'cmake_target' from command line to 'None'
[0.226s] Level 5:colcon.colcon_core.verb:set package 'tracer_msgs' build argument 'cmake_target_skip_unavailable' from command line to 'False'
[0.226s] Level 5:colcon.colcon_core.verb:set package 'tracer_msgs' build argument 'cmake_clean_cache' from command line to 'False'
[0.226s] Level 5:colcon.colcon_core.verb:set package 'tracer_msgs' build argument 'cmake_clean_first' from command line to 'False'
[0.226s] Level 5:colcon.colcon_core.verb:set package 'tracer_msgs' build argument 'cmake_force_configure' from command line to 'False'
[0.226s] Level 5:colcon.colcon_core.verb:set package 'tracer_msgs' build argument 'ament_cmake_args' from command line to 'None'
[0.226s] Level 5:colcon.colcon_core.verb:set package 'tracer_msgs' build argument 'catkin_cmake_args' from command line to 'None'
[0.226s] Level 5:colcon.colcon_core.verb:set package 'tracer_msgs' build argument 'catkin_skip_building_tests' from command line to 'False'
[0.226s] DEBUG:colcon.colcon_core.verb:Building package 'tracer_msgs' with the following arguments: {'ament_cmake_args': None, 'build_base': '/home/tinker/tk24_navigation_tradition/tk24_navigation_tradition/build/tracer_msgs', 'catkin_cmake_args': None, 'catkin_skip_building_tests': False, 'cmake_args': None, 'cmake_clean_cache': False, 'cmake_clean_first': False, 'cmake_force_configure': False, 'cmake_target': None, 'cmake_target_skip_unavailable': False, 'install_base': '/home/tinker/tk24_navigation_tradition/tk24_navigation_tradition/install/tracer_msgs', 'merge_install': False, 'path': '/home/tinker/tk24_navigation_tradition/tk24_navigation_tradition/src/tracer_ros2/tracer_msgs', 'symlink_install': False, 'test_result_base': None}
[0.226s] Level 5:colcon.colcon_core.verb:set package 'ugv_sdk' build argument 'cmake_args' from command line to 'None'
[0.226s] Level 5:colcon.colcon_core.verb:set package 'ugv_sdk' build argument 'cmake_target' from command line to 'None'
[0.226s] Level 5:colcon.colcon_core.verb:set package 'ugv_sdk' build argument 'cmake_target_skip_unavailable' from command line to 'False'
[0.226s] Level 5:colcon.colcon_core.verb:set package 'ugv_sdk' build argument 'cmake_clean_cache' from command line to 'False'
[0.226s] Level 5:colcon.colcon_core.verb:set package 'ugv_sdk' build argument 'cmake_clean_first' from command line to 'False'
[0.226s] Level 5:colcon.colcon_core.verb:set package 'ugv_sdk' build argument 'cmake_force_configure' from command line to 'False'
[0.226s] Level 5:colcon.colcon_core.verb:set package 'ugv_sdk' build argument 'ament_cmake_args' from command line to 'None'
[0.226s] Level 5:colcon.colcon_core.verb:set package 'ugv_sdk' build argument 'catkin_cmake_args' from command line to 'None'
[0.226s] Level 5:colcon.colcon_core.verb:set package 'ugv_sdk' build argument 'catkin_skip_building_tests' from command line to 'False'
[0.226s] DEBUG:colcon.colcon_core.verb:Building package 'ugv_sdk' with the following arguments: {'ament_cmake_args': None, 'build_base': '/home/tinker/tk24_navigation_tradition/tk24_navigation_tradition/build/ugv_sdk', 'catkin_cmake_args': None, 'catkin_skip_building_tests': False, 'cmake_args': None, 'cmake_clean_cache': False, 'cmake_clean_first': False, 'cmake_force_configure': False, 'cmake_target': None, 'cmake_target_skip_unavailable': False, 'install_base': '/home/tinker/tk24_navigation_tradition/tk24_navigation_tradition/install/ugv_sdk', 'merge_install': False, 'path': '/home/tinker/tk24_navigation_tradition/tk24_navigation_tradition/src/ugv_sdk', 'symlink_install': False, 'test_result_base': None}
[0.226s] Level 5:colcon.colcon_core.verb:set package 'tracer_base' build argument 'cmake_args' from command line to 'None'
[0.226s] Level 5:colcon.colcon_core.verb:set package 'tracer_base' build argument 'cmake_target' from command line to 'None'
[0.226s] Level 5:colcon.colcon_core.verb:set package 'tracer_base' build argument 'cmake_target_skip_unavailable' from command line to 'False'
[0.226s] Level 5:colcon.colcon_core.verb:set package 'tracer_base' build argument 'cmake_clean_cache' from command line to 'False'
[0.226s] Level 5:colcon.colcon_core.verb:set package 'tracer_base' build argument 'cmake_clean_first' from command line to 'False'
[0.227s] Level 5:colcon.colcon_core.verb:set package 'tracer_base' build argument 'cmake_force_configure' from command line to 'False'
[0.227s] Level 5:colcon.colcon_core.verb:set package 'tracer_base' build argument 'ament_cmake_args' from command line to 'None'
[0.227s] Level 5:colcon.colcon_core.verb:set package 'tracer_base' build argument 'catkin_cmake_args' from command line to 'None'
[0.227s] Level 5:colcon.colcon_core.verb:set package 'tracer_base' build argument 'catkin_skip_building_tests' from command line to 'False'
[0.227s] DEBUG:colcon.colcon_core.verb:Building package 'tracer_base' with the following arguments: {'ament_cmake_args': None, 'build_base': '/home/tinker/tk24_navigation_tradition/tk24_navigation_tradition/build/tracer_base', 'catkin_cmake_args': None, 'catkin_skip_building_tests': False, 'cmake_args': None, 'cmake_clean_cache': False, 'cmake_clean_first': False, 'cmake_force_configure': False, 'cmake_target': None, 'cmake_target_skip_unavailable': False, 'install_base': '/home/tinker/tk24_navigation_tradition/tk24_navigation_tradition/install/tracer_base', 'merge_install': False, 'path': '/home/tinker/tk24_navigation_tradition/tk24_navigation_tradition/src/tracer_ros2/tracer_base', 'symlink_install': False, 'test_result_base': None}
[0.227s] INFO:colcon.colcon_core.executor:Executing jobs using 'parallel' executor
[0.227s] DEBUG:colcon.colcon_parallel_executor.executor.parallel:run_until_complete
[0.228s] INFO:colcon.colcon_ros.task.ament_cmake.build:Building ROS package in '/home/tinker/tk24_navigation_tradition/tk24_navigation_tradition/src/tracer_ros2/tracer_msgs' with build type 'ament_cmake'
[0.228s] INFO:colcon.colcon_cmake.task.cmake.build:Building CMake package in '/home/tinker/tk24_navigation_tradition/tk24_navigation_tradition/src/tracer_ros2/tracer_msgs'
[0.229s] INFO:colcon.colcon_core.plugin_system:Skipping extension 'colcon_core.shell.bat': Not used on non-Windows systems
[0.229s] INFO:colcon.colcon_core.shell:Skip shell extension 'powershell' for command environment: Not usable outside of PowerShell
[0.229s] DEBUG:colcon.colcon_core.shell:Skip shell extension 'dsv' for command environment
[0.232s] INFO:colcon.colcon_ros.task.catkin.build:Building ROS package in '/home/tinker/tk24_navigation_tradition/tk24_navigation_tradition/src/ugv_sdk' with build type 'catkin'
[0.232s] INFO:colcon.colcon_cmake.task.cmake.build:Building CMake package in '/home/tinker/tk24_navigation_tradition/tk24_navigation_tradition/src/ugv_sdk'
[0.233s] INFO:colcon.colcon_core.shell:Skip shell extension 'powershell' for command environment: Not usable outside of PowerShell
[0.233s] DEBUG:colcon.colcon_core.shell:Skip shell extension 'dsv' for command environment
[0.235s] INFO:colcon.colcon_ros.task.ament_cmake.build:Building ROS package in '/home/tinker/tk24_navigation_tradition/tk24_navigation_tradition/src/kiss-icp/ros' with build type 'ament_cmake'
[0.235s] INFO:colcon.colcon_cmake.task.cmake.build:Building CMake package in '/home/tinker/tk24_navigation_tradition/tk24_navigation_tradition/src/kiss-icp/ros'
[0.235s] INFO:colcon.colcon_core.shell:Skip shell extension 'powershell' for command environment: Not usable outside of PowerShell
[0.235s] DEBUG:colcon.colcon_core.shell:Skip shell extension 'dsv' for command environment
[0.237s] INFO:colcon.colcon_ros.task.ament_cmake.build:Building ROS package in '/home/tinker/tk24_navigation_tradition/tk24_navigation_tradition/src/livox_ros_driver2' with build type 'ament_cmake'
[0.237s] INFO:colcon.colcon_cmake.task.cmake.build:Building CMake package in '/home/tinker/tk24_navigation_tradition/tk24_navigation_tradition/src/livox_ros_driver2'
[0.237s] INFO:colcon.colcon_core.shell:Skip shell extension 'powershell' for command environment: Not usable outside of PowerShell
[0.237s] DEBUG:colcon.colcon_core.shell:Skip shell extension 'dsv' for command environment
[0.239s] INFO:colcon.colcon_ros.task.ament_cmake.build:Building ROS package in '/home/tinker/tk24_navigation_tradition/tk24_navigation_tradition/src/navigation_bringup' with build type 'ament_cmake'
[0.239s] INFO:colcon.colcon_cmake.task.cmake.build:Building CMake package in '/home/tinker/tk24_navigation_tradition/tk24_navigation_tradition/src/navigation_bringup'
[0.239s] INFO:colcon.colcon_core.shell:Skip shell extension 'powershell' for command environment: Not usable outside of PowerShell
[0.239s] DEBUG:colcon.colcon_core.shell:Skip shell extension 'dsv' for command environment
[0.244s] DEBUG:colcon.colcon_core.event_handler.log_command:Invoking command in '/home/tinker/tk24_navigation_tradition/tk24_navigation_tradition/build/tracer_msgs': CMAKE_PREFIX_PATH=/home/tinker/tk24_navigation_tradition/tk24_navigation_tradition/install/tracer_base:/opt/ros/humble:/home/tinker/tk24_navigation_tradition/tk24_navigation_tradition/install/ugv_sdk:/home/tinker/tk24_navigation_tradition/tk24_navigation_tradition/install/tracer_msgs:/home/tinker/tk24_navigation_tradition/tk24_navigation_tradition/install/navigation_bringup:/home/tinker/tk24_navigation_tradition/tk24_navigation_tradition/install/livox_ros_driver2:/home/tinker/tk24_navigation_tradition/tk24_navigation_tradition/install/kiss_icp /home/tinker/.local/bin/cmake --build /home/tinker/tk24_navigation_tradition/tk24_navigation_tradition/build/tracer_msgs -- -j32 -l32
[0.246s] DEBUG:colcon.colcon_core.event_handler.log_command:Invoking command in '/home/tinker/tk24_navigation_tradition/tk24_navigation_tradition/build/ugv_sdk': /home/tinker/.local/bin/cmake --build /home/tinker/tk24_navigation_tradition/tk24_navigation_tradition/build/ugv_sdk -- -j32 -l32
[0.248s] DEBUG:colcon.colcon_core.event_handler.log_command:Invoking command in '/home/tinker/tk24_navigation_tradition/tk24_navigation_tradition/build/kiss_icp': CMAKE_PREFIX_PATH=/home/tinker/tk24_navigation_tradition/tk24_navigation_tradition/install/tracer_base:/opt/ros/humble:/home/tinker/tk24_navigation_tradition/tk24_navigation_tradition/install/ugv_sdk:/home/tinker/tk24_navigation_tradition/tk24_navigation_tradition/install/tracer_msgs:/home/tinker/tk24_navigation_tradition/tk24_navigation_tradition/install/navigation_bringup:/home/tinker/tk24_navigation_tradition/tk24_navigation_tradition/install/livox_ros_driver2:/home/tinker/tk24_navigation_tradition/tk24_navigation_tradition/install/kiss_icp /home/tinker/.local/bin/cmake --build /home/tinker/tk24_navigation_tradition/tk24_navigation_tradition/build/kiss_icp -- -j32 -l32
[0.249s] DEBUG:colcon.colcon_core.event_handler.log_command:Invoking command in '/home/tinker/tk24_navigation_tradition/tk24_navigation_tradition/build/livox_ros_driver2': CMAKE_PREFIX_PATH=/home/tinker/tk24_navigation_tradition/tk24_navigation_tradition/install/tracer_base:/opt/ros/humble:/home/tinker/tk24_navigation_tradition/tk24_navigation_tradition/install/ugv_sdk:/home/tinker/tk24_navigation_tradition/tk24_navigation_tradition/install/tracer_msgs:/home/tinker/tk24_navigation_tradition/tk24_navigation_tradition/install/navigation_bringup:/home/tinker/tk24_navigation_tradition/tk24_navigation_tradition/install/livox_ros_driver2:/home/tinker/tk24_navigation_tradition/tk24_navigation_tradition/install/kiss_icp /home/tinker/.local/bin/cmake --build /home/tinker/tk24_navigation_tradition/tk24_navigation_tradition/build/livox_ros_driver2 -- -j32 -l32
[0.253s] DEBUG:colcon.colcon_core.event_handler.log_command:Invoking command in '/home/tinker/tk24_navigation_tradition/tk24_navigation_tradition/build/navigation_bringup': CMAKE_PREFIX_PATH=/home/tinker/tk24_navigation_tradition/tk24_navigation_tradition/install/tracer_base:/opt/ros/humble:/home/tinker/tk24_navigation_tradition/tk24_navigation_tradition/install/ugv_sdk:/home/tinker/tk24_navigation_tradition/tk24_navigation_tradition/install/tracer_msgs:/home/tinker/tk24_navigation_tradition/tk24_navigation_tradition/install/navigation_bringup:/home/tinker/tk24_navigation_tradition/tk24_navigation_tradition/install/livox_ros_driver2:/home/tinker/tk24_navigation_tradition/tk24_navigation_tradition/install/kiss_icp /home/tinker/.local/bin/cmake --build /home/tinker/tk24_navigation_tradition/tk24_navigation_tradition/build/navigation_bringup -- -j32 -l32
[0.319s] DEBUG:colcon.colcon_core.event_handler.log_command:Invoked command in '/home/tinker/tk24_navigation_tradition/tk24_navigation_tradition/build/navigation_bringup' returned '0': CMAKE_PREFIX_PATH=/home/tinker/tk24_navigation_tradition/tk24_navigation_tradition/install/tracer_base:/opt/ros/humble:/home/tinker/tk24_navigation_tradition/tk24_navigation_tradition/install/ugv_sdk:/home/tinker/tk24_navigation_tradition/tk24_navigation_tradition/install/tracer_msgs:/home/tinker/tk24_navigation_tradition/tk24_navigation_tradition/install/navigation_bringup:/home/tinker/tk24_navigation_tradition/tk24_navigation_tradition/install/livox_ros_driver2:/home/tinker/tk24_navigation_tradition/tk24_navigation_tradition/install/kiss_icp /home/tinker/.local/bin/cmake --build /home/tinker/tk24_navigation_tradition/tk24_navigation_tradition/build/navigation_bringup -- -j32 -l32
[0.353s] DEBUG:colcon.colcon_core.event_handler.log_command:Invoked command in '/home/tinker/tk24_navigation_tradition/tk24_navigation_tradition/build/ugv_sdk' returned '0': /home/tinker/.local/bin/cmake --build /home/tinker/tk24_navigation_tradition/tk24_navigation_tradition/build/ugv_sdk -- -j32 -l32
[0.364s] DEBUG:colcon.colcon_core.event_handler.log_command:Invoked command in '/home/tinker/tk24_navigation_tradition/tk24_navigation_tradition/build/kiss_icp' returned '0': CMAKE_PREFIX_PATH=/home/tinker/tk24_navigation_tradition/tk24_navigation_tradition/install/tracer_base:/opt/ros/humble:/home/tinker/tk24_navigation_tradition/tk24_navigation_tradition/install/ugv_sdk:/home/tinker/tk24_navigation_tradition/tk24_navigation_tradition/install/tracer_msgs:/home/tinker/tk24_navigation_tradition/tk24_navigation_tradition/install/navigation_bringup:/home/tinker/tk24_navigation_tradition/tk24_navigation_tradition/install/livox_ros_driver2:/home/tinker/tk24_navigation_tradition/tk24_navigation_tradition/install/kiss_icp /home/tinker/.local/bin/cmake --build /home/tinker/tk24_navigation_tradition/tk24_navigation_tradition/build/kiss_icp -- -j32 -l32
[0.483s] DEBUG:colcon.colcon_core.event_handler.log_command:Invoking command in '/home/tinker/tk24_navigation_tradition/tk24_navigation_tradition/build/navigation_bringup': CMAKE_PREFIX_PATH=/home/tinker/tk24_navigation_tradition/tk24_navigation_tradition/install/tracer_base:/opt/ros/humble:/home/tinker/tk24_navigation_tradition/tk24_navigation_tradition/install/ugv_sdk:/home/tinker/tk24_navigation_tradition/tk24_navigation_tradition/install/tracer_msgs:/home/tinker/tk24_navigation_tradition/tk24_navigation_tradition/install/navigation_bringup:/home/tinker/tk24_navigation_tradition/tk24_navigation_tradition/install/livox_ros_driver2:/home/tinker/tk24_navigation_tradition/tk24_navigation_tradition/install/kiss_icp /home/tinker/.local/bin/cmake --install /home/tinker/tk24_navigation_tradition/tk24_navigation_tradition/build/navigation_bringup
[0.486s] DEBUG:colcon.colcon_core.event_handler.log_command:Invoking command in '/home/tinker/tk24_navigation_tradition/tk24_navigation_tradition/build/kiss_icp': CMAKE_PREFIX_PATH=/home/tinker/tk24_navigation_tradition/tk24_navigation_tradition/install/tracer_base:/opt/ros/humble:/home/tinker/tk24_navigation_tradition/tk24_navigation_tradition/install/ugv_sdk:/home/tinker/tk24_navigation_tradition/tk24_navigation_tradition/install/tracer_msgs:/home/tinker/tk24_navigation_tradition/tk24_navigation_tradition/install/navigation_bringup:/home/tinker/tk24_navigation_tradition/tk24_navigation_tradition/install/livox_ros_driver2:/home/tinker/tk24_navigation_tradition/tk24_navigation_tradition/install/kiss_icp /home/tinker/.local/bin/cmake --install /home/tinker/tk24_navigation_tradition/tk24_navigation_tradition/build/kiss_icp
[0.538s] DEBUG:colcon.colcon_core.event_handler.log_command:Invoked command in '/home/tinker/tk24_navigation_tradition/tk24_navigation_tradition/build/tracer_msgs' returned '0': CMAKE_PREFIX_PATH=/home/tinker/tk24_navigation_tradition/tk24_navigation_tradition/install/tracer_base:/opt/ros/humble:/home/tinker/tk24_navigation_tradition/tk24_navigation_tradition/install/ugv_sdk:/home/tinker/tk24_navigation_tradition/tk24_navigation_tradition/install/tracer_msgs:/home/tinker/tk24_navigation_tradition/tk24_navigation_tradition/install/navigation_bringup:/home/tinker/tk24_navigation_tradition/tk24_navigation_tradition/install/livox_ros_driver2:/home/tinker/tk24_navigation_tradition/tk24_navigation_tradition/install/kiss_icp /home/tinker/.local/bin/cmake --build /home/tinker/tk24_navigation_tradition/tk24_navigation_tradition/build/tracer_msgs -- -j32 -l32
[0.544s] Level 1:colcon.colcon_core.environment:create_environment_scripts_only(navigation_bringup)
[0.546s] DEBUG:colcon.colcon_core.event_handler.log_command:Invoked command in '/home/tinker/tk24_navigation_tradition/tk24_navigation_tradition/build/navigation_bringup' returned '0': CMAKE_PREFIX_PATH=/home/tinker/tk24_navigation_tradition/tk24_navigation_tradition/install/tracer_base:/opt/ros/humble:/home/tinker/tk24_navigation_tradition/tk24_navigation_tradition/install/ugv_sdk:/home/tinker/tk24_navigation_tradition/tk24_navigation_tradition/install/tracer_msgs:/home/tinker/tk24_navigation_tradition/tk24_navigation_tradition/install/navigation_bringup:/home/tinker/tk24_navigation_tradition/tk24_navigation_tradition/install/livox_ros_driver2:/home/tinker/tk24_navigation_tradition/tk24_navigation_tradition/install/kiss_icp /home/tinker/.local/bin/cmake --install /home/tinker/tk24_navigation_tradition/tk24_navigation_tradition/build/navigation_bringup
[0.552s] Level 1:colcon.colcon_core.environment:checking '/home/tinker/tk24_navigation_tradition/tk24_navigation_tradition/install/navigation_bringup' for CMake module files
[0.552s] Level 1:colcon.colcon_core.environment:checking '/home/tinker/tk24_navigation_tradition/tk24_navigation_tradition/install/navigation_bringup' for CMake config files
[0.552s] Level 1:colcon.colcon_core.shell:create_environment_hook('navigation_bringup', 'cmake_prefix_path')
[0.553s] INFO:colcon.colcon_core.shell:Creating environment hook '/home/tinker/tk24_navigation_tradition/tk24_navigation_tradition/install/navigation_bringup/share/navigation_bringup/hook/cmake_prefix_path.ps1'
[0.553s] INFO:colcon.colcon_core.shell:Creating environment descriptor '/home/tinker/tk24_navigation_tradition/tk24_navigation_tradition/install/navigation_bringup/share/navigation_bringup/hook/cmake_prefix_path.dsv'
[0.553s] INFO:colcon.colcon_core.shell:Creating environment hook '/home/tinker/tk24_navigation_tradition/tk24_navigation_tradition/install/navigation_bringup/share/navigation_bringup/hook/cmake_prefix_path.sh'
[0.554s] Level 1:colcon.colcon_core.environment:checking '/home/tinker/tk24_navigation_tradition/tk24_navigation_tradition/install/navigation_bringup/bin'
[0.554s] Level 1:colcon.colcon_core.environment:checking '/home/tinker/tk24_navigation_tradition/tk24_navigation_tradition/install/navigation_bringup/lib/pkgconfig/navigation_bringup.pc'
[0.554s] Level 1:colcon.colcon_core.environment:checking '/home/tinker/tk24_navigation_tradition/tk24_navigation_tradition/install/navigation_bringup/lib/python3.10/site-packages'
[0.555s] Level 1:colcon.colcon_core.environment:checking '/home/tinker/tk24_navigation_tradition/tk24_navigation_tradition/install/navigation_bringup/bin'
[0.555s] INFO:colcon.colcon_core.shell:Creating package script '/home/tinker/tk24_navigation_tradition/tk24_navigation_tradition/install/navigation_bringup/share/navigation_bringup/package.ps1'
[0.555s] INFO:colcon.colcon_core.shell:Creating package descriptor '/home/tinker/tk24_navigation_tradition/tk24_navigation_tradition/install/navigation_bringup/share/navigation_bringup/package.dsv'
[0.555s] INFO:colcon.colcon_core.shell:Creating package script '/home/tinker/tk24_navigation_tradition/tk24_navigation_tradition/install/navigation_bringup/share/navigation_bringup/package.sh'
[0.556s] INFO:colcon.colcon_core.shell:Creating package script '/home/tinker/tk24_navigation_tradition/tk24_navigation_tradition/install/navigation_bringup/share/navigation_bringup/package.bash'
[0.556s] INFO:colcon.colcon_core.shell:Creating package script '/home/tinker/tk24_navigation_tradition/tk24_navigation_tradition/install/navigation_bringup/share/navigation_bringup/package.zsh'
[0.556s] Level 1:colcon.colcon_core.environment:create_file_with_runtime_dependencies(/home/tinker/tk24_navigation_tradition/tk24_navigation_tradition/install/navigation_bringup/share/colcon-core/packages/navigation_bringup)
[0.558s] DEBUG:colcon.colcon_core.event_handler.log_command:Invoked command in '/home/tinker/tk24_navigation_tradition/tk24_navigation_tradition/build/livox_ros_driver2' returned '0': CMAKE_PREFIX_PATH=/home/tinker/tk24_navigation_tradition/tk24_navigation_tradition/install/tracer_base:/opt/ros/humble:/home/tinker/tk24_navigation_tradition/tk24_navigation_tradition/install/ugv_sdk:/home/tinker/tk24_navigation_tradition/tk24_navigation_tradition/install/tracer_msgs:/home/tinker/tk24_navigation_tradition/tk24_navigation_tradition/install/navigation_bringup:/home/tinker/tk24_navigation_tradition/tk24_navigation_tradition/install/livox_ros_driver2:/home/tinker/tk24_navigation_tradition/tk24_navigation_tradition/install/kiss_icp /home/tinker/.local/bin/cmake --build /home/tinker/tk24_navigation_tradition/tk24_navigation_tradition/build/livox_ros_driver2 -- -j32 -l32
[0.560s] Level 1:colcon.colcon_core.environment:create_environment_scripts_only(kiss_icp)
[0.560s] Level 1:colcon.colcon_core.environment:checking '/home/tinker/tk24_navigation_tradition/tk24_navigation_tradition/install/kiss_icp' for CMake module files
[0.561s] DEBUG:colcon.colcon_core.event_handler.log_command:Invoked command in '/home/tinker/tk24_navigation_tradition/tk24_navigation_tradition/build/kiss_icp' returned '0': CMAKE_PREFIX_PATH=/home/tinker/tk24_navigation_tradition/tk24_navigation_tradition/install/tracer_base:/opt/ros/humble:/home/tinker/tk24_navigation_tradition/tk24_navigation_tradition/install/ugv_sdk:/home/tinker/tk24_navigation_tradition/tk24_navigation_tradition/install/tracer_msgs:/home/tinker/tk24_navigation_tradition/tk24_navigation_tradition/install/navigation_bringup:/home/tinker/tk24_navigation_tradition/tk24_navigation_tradition/install/livox_ros_driver2:/home/tinker/tk24_navigation_tradition/tk24_navigation_tradition/install/kiss_icp /home/tinker/.local/bin/cmake --install /home/tinker/tk24_navigation_tradition/tk24_navigation_tradition/build/kiss_icp
[0.561s] Level 1:colcon.colcon_core.environment:checking '/home/tinker/tk24_navigation_tradition/tk24_navigation_tradition/install/kiss_icp' for CMake config files
[0.562s] Level 1:colcon.colcon_core.shell:create_environment_hook('kiss_icp', 'cmake_prefix_path')
[0.562s] INFO:colcon.colcon_core.shell:Creating environment hook '/home/tinker/tk24_navigation_tradition/tk24_navigation_tradition/install/kiss_icp/share/kiss_icp/hook/cmake_prefix_path.ps1'
[0.562s] INFO:colcon.colcon_core.shell:Creating environment descriptor '/home/tinker/tk24_navigation_tradition/tk24_navigation_tradition/install/kiss_icp/share/kiss_icp/hook/cmake_prefix_path.dsv'
[0.563s] INFO:colcon.colcon_core.shell:Creating environment hook '/home/tinker/tk24_navigation_tradition/tk24_navigation_tradition/install/kiss_icp/share/kiss_icp/hook/cmake_prefix_path.sh'
[0.563s] Level 1:colcon.colcon_core.environment:checking '/home/tinker/tk24_navigation_tradition/tk24_navigation_tradition/install/kiss_icp/lib'
[0.564s] Level 1:colcon.colcon_core.shell:create_environment_hook('kiss_icp', 'ld_library_path_lib')
[0.564s] INFO:colcon.colcon_core.shell:Creating environment hook '/home/tinker/tk24_navigation_tradition/tk24_navigation_tradition/install/kiss_icp/share/kiss_icp/hook/ld_library_path_lib.ps1'
[0.564s] INFO:colcon.colcon_core.shell:Creating environment descriptor '/home/tinker/tk24_navigation_tradition/tk24_navigation_tradition/install/kiss_icp/share/kiss_icp/hook/ld_library_path_lib.dsv'
[0.564s] INFO:colcon.colcon_core.shell:Creating environment hook '/home/tinker/tk24_navigation_tradition/tk24_navigation_tradition/install/kiss_icp/share/kiss_icp/hook/ld_library_path_lib.sh'
[0.565s] Level 1:colcon.colcon_core.environment:checking '/home/tinker/tk24_navigation_tradition/tk24_navigation_tradition/install/kiss_icp/bin'
[0.565s] Level 1:colcon.colcon_core.environment:checking '/home/tinker/tk24_navigation_tradition/tk24_navigation_tradition/install/kiss_icp/lib/pkgconfig/kiss_icp.pc'
[0.565s] Level 1:colcon.colcon_core.environment:checking '/home/tinker/tk24_navigation_tradition/tk24_navigation_tradition/install/kiss_icp/lib/python3.10/site-packages'
[0.565s] Level 1:colcon.colcon_core.environment:checking '/home/tinker/tk24_navigation_tradition/tk24_navigation_tradition/install/kiss_icp/bin'
[0.566s] INFO:colcon.colcon_core.shell:Creating package script '/home/tinker/tk24_navigation_tradition/tk24_navigation_tradition/install/kiss_icp/share/kiss_icp/package.ps1'
[0.566s] INFO:colcon.colcon_core.shell:Creating package descriptor '/home/tinker/tk24_navigation_tradition/tk24_navigation_tradition/install/kiss_icp/share/kiss_icp/package.dsv'
[0.567s] INFO:colcon.colcon_core.shell:Creating package script '/home/tinker/tk24_navigation_tradition/tk24_navigation_tradition/install/kiss_icp/share/kiss_icp/package.sh'
[0.567s] INFO:colcon.colcon_core.shell:Creating package script '/home/tinker/tk24_navigation_tradition/tk24_navigation_tradition/install/kiss_icp/share/kiss_icp/package.bash'
[0.567s] INFO:colcon.colcon_core.shell:Creating package script '/home/tinker/tk24_navigation_tradition/tk24_navigation_tradition/install/kiss_icp/share/kiss_icp/package.zsh'
[0.567s] Level 1:colcon.colcon_core.environment:create_file_with_runtime_dependencies(/home/tinker/tk24_navigation_tradition/tk24_navigation_tradition/install/kiss_icp/share/colcon-core/packages/kiss_icp)
[0.591s] DEBUG:colcon.colcon_core.event_handler.log_command:Invoking command in '/home/tinker/tk24_navigation_tradition/tk24_navigation_tradition/build/ugv_sdk': /home/tinker/.local/bin/cmake --install /home/tinker/tk24_navigation_tradition/tk24_navigation_tradition/build/ugv_sdk
[0.633s] Level 1:colcon.colcon_core.environment:create_environment_scripts_only(navigation_bringup)
[0.633s] Level 1:colcon.colcon_core.environment:checking '/home/tinker/tk24_navigation_tradition/tk24_navigation_tradition/install/navigation_bringup' for CMake module files
[0.634s] Level 1:colcon.colcon_core.environment:checking '/home/tinker/tk24_navigation_tradition/tk24_navigation_tradition/install/navigation_bringup' for CMake config files
[0.634s] Level 1:colcon.colcon_core.shell:create_environment_hook('navigation_bringup', 'cmake_prefix_path')
[0.634s] INFO:colcon.colcon_core.shell:Creating environment hook '/home/tinker/tk24_navigation_tradition/tk24_navigation_tradition/install/navigation_bringup/share/navigation_bringup/hook/cmake_prefix_path.ps1'
[0.635s] INFO:colcon.colcon_core.shell:Creating environment descriptor '/home/tinker/tk24_navigation_tradition/tk24_navigation_tradition/install/navigation_bringup/share/navigation_bringup/hook/cmake_prefix_path.dsv'
[0.635s] INFO:colcon.colcon_core.shell:Creating environment hook '/home/tinker/tk24_navigation_tradition/tk24_navigation_tradition/install/navigation_bringup/share/navigation_bringup/hook/cmake_prefix_path.sh'
[0.636s] Level 1:colcon.colcon_core.environment:checking '/home/tinker/tk24_navigation_tradition/tk24_navigation_tradition/install/navigation_bringup/bin'
[0.636s] Level 1:colcon.colcon_core.environment:checking '/home/tinker/tk24_navigation_tradition/tk24_navigation_tradition/install/navigation_bringup/lib/pkgconfig/navigation_bringup.pc'
[0.636s] Level 1:colcon.colcon_core.environment:checking '/home/tinker/tk24_navigation_tradition/tk24_navigation_tradition/install/navigation_bringup/lib/python3.10/site-packages'
[0.636s] Level 1:colcon.colcon_core.environment:checking '/home/tinker/tk24_navigation_tradition/tk24_navigation_tradition/install/navigation_bringup/bin'
[0.636s] INFO:colcon.colcon_core.shell:Creating package script '/home/tinker/tk24_navigation_tradition/tk24_navigation_tradition/install/navigation_bringup/share/navigation_bringup/package.ps1'
[0.638s] INFO:colcon.colcon_core.shell:Creating package descriptor '/home/tinker/tk24_navigation_tradition/tk24_navigation_tradition/install/navigation_bringup/share/navigation_bringup/package.dsv'
[0.638s] INFO:colcon.colcon_core.shell:Creating package script '/home/tinker/tk24_navigation_tradition/tk24_navigation_tradition/install/navigation_bringup/share/navigation_bringup/package.sh'
[0.638s] INFO:colcon.colcon_core.shell:Creating package script '/home/tinker/tk24_navigation_tradition/tk24_navigation_tradition/install/navigation_bringup/share/navigation_bringup/package.bash'
[0.639s] INFO:colcon.colcon_core.shell:Creating package script '/home/tinker/tk24_navigation_tradition/tk24_navigation_tradition/install/navigation_bringup/share/navigation_bringup/package.zsh'
[0.639s] Level 1:colcon.colcon_core.environment:create_file_with_runtime_dependencies(/home/tinker/tk24_navigation_tradition/tk24_navigation_tradition/install/navigation_bringup/share/colcon-core/packages/navigation_bringup)
[0.660s] Level 1:colcon.colcon_core.environment:create_environment_scripts_only(kiss_icp)
[0.660s] Level 1:colcon.colcon_core.environment:checking '/home/tinker/tk24_navigation_tradition/tk24_navigation_tradition/install/kiss_icp' for CMake module files
[0.661s] Level 1:colcon.colcon_core.environment:checking '/home/tinker/tk24_navigation_tradition/tk24_navigation_tradition/install/kiss_icp' for CMake config files
[0.661s] Level 1:colcon.colcon_core.shell:create_environment_hook('kiss_icp', 'cmake_prefix_path')
[0.661s] INFO:colcon.colcon_core.shell:Creating environment hook '/home/tinker/tk24_navigation_tradition/tk24_navigation_tradition/install/kiss_icp/share/kiss_icp/hook/cmake_prefix_path.ps1'
[0.662s] INFO:colcon.colcon_core.shell:Creating environment descriptor '/home/tinker/tk24_navigation_tradition/tk24_navigation_tradition/install/kiss_icp/share/kiss_icp/hook/cmake_prefix_path.dsv'
[0.662s] INFO:colcon.colcon_core.shell:Creating environment hook '/home/tinker/tk24_navigation_tradition/tk24_navigation_tradition/install/kiss_icp/share/kiss_icp/hook/cmake_prefix_path.sh'
[0.663s] Level 1:colcon.colcon_core.environment:checking '/home/tinker/tk24_navigation_tradition/tk24_navigation_tradition/install/kiss_icp/lib'
[0.663s] Level 1:colcon.colcon_core.shell:create_environment_hook('kiss_icp', 'ld_library_path_lib')
[0.663s] INFO:colcon.colcon_core.shell:Creating environment hook '/home/tinker/tk24_navigation_tradition/tk24_navigation_tradition/install/kiss_icp/share/kiss_icp/hook/ld_library_path_lib.ps1'
[0.664s] INFO:colcon.colcon_core.shell:Creating environment descriptor '/home/tinker/tk24_navigation_tradition/tk24_navigation_tradition/install/kiss_icp/share/kiss_icp/hook/ld_library_path_lib.dsv'
[0.664s] INFO:colcon.colcon_core.shell:Creating environment hook '/home/tinker/tk24_navigation_tradition/tk24_navigation_tradition/install/kiss_icp/share/kiss_icp/hook/ld_library_path_lib.sh'
[0.665s] Level 1:colcon.colcon_core.environment:checking '/home/tinker/tk24_navigation_tradition/tk24_navigation_tradition/install/kiss_icp/bin'
[0.665s] Level 1:colcon.colcon_core.environment:checking '/home/tinker/tk24_navigation_tradition/tk24_navigation_tradition/install/kiss_icp/lib/pkgconfig/kiss_icp.pc'
[0.665s] Level 1:colcon.colcon_core.environment:checking '/home/tinker/tk24_navigation_tradition/tk24_navigation_tradition/install/kiss_icp/lib/python3.10/site-packages'
[0.665s] Level 1:colcon.colcon_core.environment:checking '/home/tinker/tk24_navigation_tradition/tk24_navigation_tradition/install/kiss_icp/bin'
[0.666s] INFO:colcon.colcon_core.shell:Creating package script '/home/tinker/tk24_navigation_tradition/tk24_navigation_tradition/install/kiss_icp/share/kiss_icp/package.ps1'
[0.666s] INFO:colcon.colcon_core.shell:Creating package descriptor '/home/tinker/tk24_navigation_tradition/tk24_navigation_tradition/install/kiss_icp/share/kiss_icp/package.dsv'
[0.667s] INFO:colcon.colcon_core.shell:Creating package script '/home/tinker/tk24_navigation_tradition/tk24_navigation_tradition/install/kiss_icp/share/kiss_icp/package.sh'
[0.667s] INFO:colcon.colcon_core.shell:Creating package script '/home/tinker/tk24_navigation_tradition/tk24_navigation_tradition/install/kiss_icp/share/kiss_icp/package.bash'
[0.667s] INFO:colcon.colcon_core.shell:Creating package script '/home/tinker/tk24_navigation_tradition/tk24_navigation_tradition/install/kiss_icp/share/kiss_icp/package.zsh'
[0.667s] Level 1:colcon.colcon_core.environment:create_file_with_runtime_dependencies(/home/tinker/tk24_navigation_tradition/tk24_navigation_tradition/install/kiss_icp/share/colcon-core/packages/kiss_icp)
[0.670s] DEBUG:colcon.colcon_core.event_handler.log_command:Invoked command in '/home/tinker/tk24_navigation_tradition/tk24_navigation_tradition/build/ugv_sdk' returned '0': /home/tinker/.local/bin/cmake --install /home/tinker/tk24_navigation_tradition/tk24_navigation_tradition/build/ugv_sdk
[0.718s] DEBUG:colcon.colcon_core.event_handler.log_command:Invoking command in '/home/tinker/tk24_navigation_tradition/tk24_navigation_tradition/build/tracer_msgs': CMAKE_PREFIX_PATH=/home/tinker/tk24_navigation_tradition/tk24_navigation_tradition/install/tracer_base:/opt/ros/humble:/home/tinker/tk24_navigation_tradition/tk24_navigation_tradition/install/ugv_sdk:/home/tinker/tk24_navigation_tradition/tk24_navigation_tradition/install/tracer_msgs:/home/tinker/tk24_navigation_tradition/tk24_navigation_tradition/install/navigation_bringup:/home/tinker/tk24_navigation_tradition/tk24_navigation_tradition/install/livox_ros_driver2:/home/tinker/tk24_navigation_tradition/tk24_navigation_tradition/install/kiss_icp /home/tinker/.local/bin/cmake --install /home/tinker/tk24_navigation_tradition/tk24_navigation_tradition/build/tracer_msgs
[0.721s] DEBUG:colcon.colcon_core.event_handler.log_command:Invoking command in '/home/tinker/tk24_navigation_tradition/tk24_navigation_tradition/build/livox_ros_driver2': CMAKE_PREFIX_PATH=/home/tinker/tk24_navigation_tradition/tk24_navigation_tradition/install/tracer_base:/opt/ros/humble:/home/tinker/tk24_navigation_tradition/tk24_navigation_tradition/install/ugv_sdk:/home/tinker/tk24_navigation_tradition/tk24_navigation_tradition/install/tracer_msgs:/home/tinker/tk24_navigation_tradition/tk24_navigation_tradition/install/navigation_bringup:/home/tinker/tk24_navigation_tradition/tk24_navigation_tradition/install/livox_ros_driver2:/home/tinker/tk24_navigation_tradition/tk24_navigation_tradition/install/kiss_icp /home/tinker/.local/bin/cmake --install /home/tinker/tk24_navigation_tradition/tk24_navigation_tradition/build/livox_ros_driver2
[0.771s] Level 1:colcon.colcon_core.shell:create_environment_hook('ugv_sdk', 'ros_package_path')
[0.771s] INFO:colcon.colcon_core.shell:Creating environment hook '/home/tinker/tk24_navigation_tradition/tk24_navigation_tradition/install/ugv_sdk/share/ugv_sdk/hook/ros_package_path.ps1'
[0.772s] INFO:colcon.colcon_core.shell:Creating environment descriptor '/home/tinker/tk24_navigation_tradition/tk24_navigation_tradition/install/ugv_sdk/share/ugv_sdk/hook/ros_package_path.dsv'
[0.772s] INFO:colcon.colcon_core.shell:Creating environment hook '/home/tinker/tk24_navigation_tradition/tk24_navigation_tradition/install/ugv_sdk/share/ugv_sdk/hook/ros_package_path.sh'
[0.772s] Level 1:colcon.colcon_core.shell:create_environment_hook('ugv_sdk', 'pkg_config_path')
[0.772s] INFO:colcon.colcon_core.shell:Creating environment hook '/home/tinker/tk24_navigation_tradition/tk24_navigation_tradition/install/ugv_sdk/share/ugv_sdk/hook/pkg_config_path.ps1'
[0.773s] INFO:colcon.colcon_core.shell:Creating environment descriptor '/home/tinker/tk24_navigation_tradition/tk24_navigation_tradition/install/ugv_sdk/share/ugv_sdk/hook/pkg_config_path.dsv'
[0.773s] INFO:colcon.colcon_core.shell:Creating environment hook '/home/tinker/tk24_navigation_tradition/tk24_navigation_tradition/install/ugv_sdk/share/ugv_sdk/hook/pkg_config_path.sh'
[0.775s] Level 1:colcon.colcon_core.shell:create_environment_hook('ugv_sdk', 'pkg_config_path_multiarch')
[0.775s] INFO:colcon.colcon_core.shell:Creating environment hook '/home/tinker/tk24_navigation_tradition/tk24_navigation_tradition/install/ugv_sdk/share/ugv_sdk/hook/pkg_config_path_multiarch.ps1'
[0.776s] INFO:colcon.colcon_core.shell:Creating environment descriptor '/home/tinker/tk24_navigation_tradition/tk24_navigation_tradition/install/ugv_sdk/share/ugv_sdk/hook/pkg_config_path_multiarch.dsv'
[0.776s] INFO:colcon.colcon_core.shell:Creating environment hook '/home/tinker/tk24_navigation_tradition/tk24_navigation_tradition/install/ugv_sdk/share/ugv_sdk/hook/pkg_config_path_multiarch.sh'
[0.778s] Level 1:colcon.colcon_core.environment:create_environment_scripts_only(ugv_sdk)
[0.778s] Level 1:colcon.colcon_core.environment:checking '/home/tinker/tk24_navigation_tradition/tk24_navigation_tradition/install/ugv_sdk' for CMake module files
[0.778s] Level 1:colcon.colcon_core.environment:checking '/home/tinker/tk24_navigation_tradition/tk24_navigation_tradition/install/ugv_sdk' for CMake config files
[0.779s] Level 1:colcon.colcon_core.shell:create_environment_hook('ugv_sdk', 'cmake_prefix_path')
[0.779s] INFO:colcon.colcon_core.shell:Creating environment hook '/home/tinker/tk24_navigation_tradition/tk24_navigation_tradition/install/ugv_sdk/share/ugv_sdk/hook/cmake_prefix_path.ps1'
[0.779s] INFO:colcon.colcon_core.shell:Creating environment descriptor '/home/tinker/tk24_navigation_tradition/tk24_navigation_tradition/install/ugv_sdk/share/ugv_sdk/hook/cmake_prefix_path.dsv'
[0.780s] INFO:colcon.colcon_core.shell:Creating environment hook '/home/tinker/tk24_navigation_tradition/tk24_navigation_tradition/install/ugv_sdk/share/ugv_sdk/hook/cmake_prefix_path.sh'
[0.781s] Level 1:colcon.colcon_core.environment:checking '/home/tinker/tk24_navigation_tradition/tk24_navigation_tradition/install/ugv_sdk/lib'
[0.781s] Level 1:colcon.colcon_core.environment:checking '/home/tinker/tk24_navigation_tradition/tk24_navigation_tradition/install/ugv_sdk/bin'
[0.782s] Level 1:colcon.colcon_core.environment:checking '/home/tinker/tk24_navigation_tradition/tk24_navigation_tradition/install/ugv_sdk/lib/pkgconfig/ugv_sdk.pc'
[0.782s] Level 1:colcon.colcon_core.environment:checking '/home/tinker/tk24_navigation_tradition/tk24_navigation_tradition/install/ugv_sdk/lib/python3.10/site-packages'
[0.782s] Level 1:colcon.colcon_core.environment:checking '/home/tinker/tk24_navigation_tradition/tk24_navigation_tradition/install/ugv_sdk/bin'
[0.782s] INFO:colcon.colcon_core.shell:Creating package script '/home/tinker/tk24_navigation_tradition/tk24_navigation_tradition/install/ugv_sdk/share/ugv_sdk/package.ps1'
[0.784s] INFO:colcon.colcon_core.shell:Creating package descriptor '/home/tinker/tk24_navigation_tradition/tk24_navigation_tradition/install/ugv_sdk/share/ugv_sdk/package.dsv'
[0.786s] INFO:colcon.colcon_core.shell:Creating package script '/home/tinker/tk24_navigation_tradition/tk24_navigation_tradition/install/ugv_sdk/share/ugv_sdk/package.sh'
[0.788s] INFO:colcon.colcon_core.shell:Creating package script '/home/tinker/tk24_navigation_tradition/tk24_navigation_tradition/install/ugv_sdk/share/ugv_sdk/package.bash'
[0.790s] INFO:colcon.colcon_core.shell:Creating package script '/home/tinker/tk24_navigation_tradition/tk24_navigation_tradition/install/ugv_sdk/share/ugv_sdk/package.zsh'
[0.792s] Level 1:colcon.colcon_core.environment:create_file_with_runtime_dependencies(/home/tinker/tk24_navigation_tradition/tk24_navigation_tradition/install/ugv_sdk/share/colcon-core/packages/ugv_sdk)
[0.826s] Level 1:colcon.colcon_core.environment:create_environment_scripts_only(tracer_msgs)
[0.826s] Level 1:colcon.colcon_core.environment:checking '/home/tinker/tk24_navigation_tradition/tk24_navigation_tradition/install/tracer_msgs' for CMake module files
[0.828s] Level 1:colcon.colcon_core.environment:checking '/home/tinker/tk24_navigation_tradition/tk24_navigation_tradition/install/tracer_msgs' for CMake config files
[0.832s] Level 1:colcon.colcon_core.shell:create_environment_hook('tracer_msgs', 'cmake_prefix_path')
[0.833s] INFO:colcon.colcon_core.shell:Creating environment hook '/home/tinker/tk24_navigation_tradition/tk24_navigation_tradition/install/tracer_msgs/share/tracer_msgs/hook/cmake_prefix_path.ps1'
[0.833s] DEBUG:colcon.colcon_core.event_handler.log_command:Invoked command in '/home/tinker/tk24_navigation_tradition/tk24_navigation_tradition/build/tracer_msgs' returned '0': CMAKE_PREFIX_PATH=/home/tinker/tk24_navigation_tradition/tk24_navigation_tradition/install/tracer_base:/opt/ros/humble:/home/tinker/tk24_navigation_tradition/tk24_navigation_tradition/install/ugv_sdk:/home/tinker/tk24_navigation_tradition/tk24_navigation_tradition/install/tracer_msgs:/home/tinker/tk24_navigation_tradition/tk24_navigation_tradition/install/navigation_bringup:/home/tinker/tk24_navigation_tradition/tk24_navigation_tradition/install/livox_ros_driver2:/home/tinker/tk24_navigation_tradition/tk24_navigation_tradition/install/kiss_icp /home/tinker/.local/bin/cmake --install /home/tinker/tk24_navigation_tradition/tk24_navigation_tradition/build/tracer_msgs
[0.834s] INFO:colcon.colcon_core.shell:Creating environment descriptor '/home/tinker/tk24_navigation_tradition/tk24_navigation_tradition/install/tracer_msgs/share/tracer_msgs/hook/cmake_prefix_path.dsv'
[0.834s] INFO:colcon.colcon_core.shell:Creating environment hook '/home/tinker/tk24_navigation_tradition/tk24_navigation_tradition/install/tracer_msgs/share/tracer_msgs/hook/cmake_prefix_path.sh'
[0.835s] Level 1:colcon.colcon_core.environment:checking '/home/tinker/tk24_navigation_tradition/tk24_navigation_tradition/install/tracer_msgs/lib'
[0.835s] Level 1:colcon.colcon_core.shell:create_environment_hook('tracer_msgs', 'ld_library_path_lib')
[0.836s] INFO:colcon.colcon_core.shell:Creating environment hook '/home/tinker/tk24_navigation_tradition/tk24_navigation_tradition/install/tracer_msgs/share/tracer_msgs/hook/ld_library_path_lib.ps1'
[0.836s] INFO:colcon.colcon_core.shell:Creating environment descriptor '/home/tinker/tk24_navigation_tradition/tk24_navigation_tradition/install/tracer_msgs/share/tracer_msgs/hook/ld_library_path_lib.dsv'
[0.837s] INFO:colcon.colcon_core.shell:Creating environment hook '/home/tinker/tk24_navigation_tradition/tk24_navigation_tradition/install/tracer_msgs/share/tracer_msgs/hook/ld_library_path_lib.sh'
[0.837s] Level 1:colcon.colcon_core.environment:checking '/home/tinker/tk24_navigation_tradition/tk24_navigation_tradition/install/tracer_msgs/bin'
[0.837s] Level 1:colcon.colcon_core.environment:checking '/home/tinker/tk24_navigation_tradition/tk24_navigation_tradition/install/tracer_msgs/lib/pkgconfig/tracer_msgs.pc'
[0.837s] Level 1:colcon.colcon_core.environment:checking '/home/tinker/tk24_navigation_tradition/tk24_navigation_tradition/install/tracer_msgs/lib/python3.10/site-packages'
[0.838s] Level 1:colcon.colcon_core.environment:checking '/home/tinker/tk24_navigation_tradition/tk24_navigation_tradition/install/tracer_msgs/bin'
[0.838s] INFO:colcon.colcon_core.shell:Creating package script '/home/tinker/tk24_navigation_tradition/tk24_navigation_tradition/install/tracer_msgs/share/tracer_msgs/package.ps1'
[0.839s] INFO:colcon.colcon_core.shell:Creating package descriptor '/home/tinker/tk24_navigation_tradition/tk24_navigation_tradition/install/tracer_msgs/share/tracer_msgs/package.dsv'
[0.839s] INFO:colcon.colcon_core.shell:Creating package script '/home/tinker/tk24_navigation_tradition/tk24_navigation_tradition/install/tracer_msgs/share/tracer_msgs/package.sh'
[0.840s] INFO:colcon.colcon_core.shell:Creating package script '/home/tinker/tk24_navigation_tradition/tk24_navigation_tradition/install/tracer_msgs/share/tracer_msgs/package.bash'
[0.840s] INFO:colcon.colcon_core.shell:Creating package script '/home/tinker/tk24_navigation_tradition/tk24_navigation_tradition/install/tracer_msgs/share/tracer_msgs/package.zsh'
[0.840s] Level 1:colcon.colcon_core.environment:create_file_with_runtime_dependencies(/home/tinker/tk24_navigation_tradition/tk24_navigation_tradition/install/tracer_msgs/share/colcon-core/packages/tracer_msgs)
[0.842s] Level 1:colcon.colcon_core.environment:create_environment_scripts_only(livox_ros_driver2)
[0.842s] Level 1:colcon.colcon_core.environment:checking '/home/tinker/tk24_navigation_tradition/tk24_navigation_tradition/install/livox_ros_driver2' for CMake module files
[0.842s] DEBUG:colcon.colcon_core.event_handler.log_command:Invoked command in '/home/tinker/tk24_navigation_tradition/tk24_navigation_tradition/build/livox_ros_driver2' returned '0': CMAKE_PREFIX_PATH=/home/tinker/tk24_navigation_tradition/tk24_navigation_tradition/install/tracer_base:/opt/ros/humble:/home/tinker/tk24_navigation_tradition/tk24_navigation_tradition/install/ugv_sdk:/home/tinker/tk24_navigation_tradition/tk24_navigation_tradition/install/tracer_msgs:/home/tinker/tk24_navigation_tradition/tk24_navigation_tradition/install/navigation_bringup:/home/tinker/tk24_navigation_tradition/tk24_navigation_tradition/install/livox_ros_driver2:/home/tinker/tk24_navigation_tradition/tk24_navigation_tradition/install/kiss_icp /home/tinker/.local/bin/cmake --install /home/tinker/tk24_navigation_tradition/tk24_navigation_tradition/build/livox_ros_driver2
[0.843s] Level 1:colcon.colcon_core.environment:checking '/home/tinker/tk24_navigation_tradition/tk24_navigation_tradition/install/livox_ros_driver2' for CMake config files
[0.843s] Level 1:colcon.colcon_core.shell:create_environment_hook('livox_ros_driver2', 'cmake_prefix_path')
[0.843s] INFO:colcon.colcon_core.shell:Creating environment hook '/home/tinker/tk24_navigation_tradition/tk24_navigation_tradition/install/livox_ros_driver2/share/livox_ros_driver2/hook/cmake_prefix_path.ps1'
[0.844s] INFO:colcon.colcon_core.shell:Creating environment descriptor '/home/tinker/tk24_navigation_tradition/tk24_navigation_tradition/install/livox_ros_driver2/share/livox_ros_driver2/hook/cmake_prefix_path.dsv'
[0.844s] INFO:colcon.colcon_core.shell:Creating environment hook '/home/tinker/tk24_navigation_tradition/tk24_navigation_tradition/install/livox_ros_driver2/share/livox_ros_driver2/hook/cmake_prefix_path.sh'
[0.844s] Level 1:colcon.colcon_core.environment:checking '/home/tinker/tk24_navigation_tradition/tk24_navigation_tradition/install/livox_ros_driver2/lib'
[0.844s] Level 1:colcon.colcon_core.shell:create_environment_hook('livox_ros_driver2', 'ld_library_path_lib')
[0.844s] INFO:colcon.colcon_core.shell:Creating environment hook '/home/tinker/tk24_navigation_tradition/tk24_navigation_tradition/install/livox_ros_driver2/share/livox_ros_driver2/hook/ld_library_path_lib.ps1'
[0.845s] INFO:colcon.colcon_core.shell:Creating environment descriptor '/home/tinker/tk24_navigation_tradition/tk24_navigation_tradition/install/livox_ros_driver2/share/livox_ros_driver2/hook/ld_library_path_lib.dsv'
[0.845s] INFO:colcon.colcon_core.shell:Creating environment hook '/home/tinker/tk24_navigation_tradition/tk24_navigation_tradition/install/livox_ros_driver2/share/livox_ros_driver2/hook/ld_library_path_lib.sh'
[0.845s] Level 1:colcon.colcon_core.environment:checking '/home/tinker/tk24_navigation_tradition/tk24_navigation_tradition/install/livox_ros_driver2/bin'
[0.845s] Level 1:colcon.colcon_core.environment:checking '/home/tinker/tk24_navigation_tradition/tk24_navigation_tradition/install/livox_ros_driver2/lib/pkgconfig/livox_ros_driver2.pc'
[0.845s] Level 1:colcon.colcon_core.environment:checking '/home/tinker/tk24_navigation_tradition/tk24_navigation_tradition/install/livox_ros_driver2/lib/python3.10/site-packages'
[0.845s] Level 1:colcon.colcon_core.environment:checking '/home/tinker/tk24_navigation_tradition/tk24_navigation_tradition/install/livox_ros_driver2/bin'
[0.846s] INFO:colcon.colcon_core.shell:Creating package script '/home/tinker/tk24_navigation_tradition/tk24_navigation_tradition/install/livox_ros_driver2/share/livox_ros_driver2/package.ps1'
[0.846s] INFO:colcon.colcon_core.shell:Creating package descriptor '/home/tinker/tk24_navigation_tradition/tk24_navigation_tradition/install/livox_ros_driver2/share/livox_ros_driver2/package.dsv'
[0.847s] INFO:colcon.colcon_core.shell:Creating package script '/home/tinker/tk24_navigation_tradition/tk24_navigation_tradition/install/livox_ros_driver2/share/livox_ros_driver2/package.sh'
[0.847s] INFO:colcon.colcon_core.shell:Creating package script '/home/tinker/tk24_navigation_tradition/tk24_navigation_tradition/install/livox_ros_driver2/share/livox_ros_driver2/package.bash'
[0.847s] INFO:colcon.colcon_core.shell:Creating package script '/home/tinker/tk24_navigation_tradition/tk24_navigation_tradition/install/livox_ros_driver2/share/livox_ros_driver2/package.zsh'
[0.847s] Level 1:colcon.colcon_core.environment:create_file_with_runtime_dependencies(/home/tinker/tk24_navigation_tradition/tk24_navigation_tradition/install/livox_ros_driver2/share/colcon-core/packages/livox_ros_driver2)
[1.004s] Level 1:colcon.colcon_core.environment:create_environment_scripts_only(livox_ros_driver2)
[1.004s] Level 1:colcon.colcon_core.environment:checking '/home/tinker/tk24_navigation_tradition/tk24_navigation_tradition/install/livox_ros_driver2' for CMake module files
[1.005s] Level 1:colcon.colcon_core.environment:checking '/home/tinker/tk24_navigation_tradition/tk24_navigation_tradition/install/livox_ros_driver2' for CMake config files
[1.005s] Level 1:colcon.colcon_core.shell:create_environment_hook('livox_ros_driver2', 'cmake_prefix_path')
[1.005s] INFO:colcon.colcon_core.shell:Creating environment hook '/home/tinker/tk24_navigation_tradition/tk24_navigation_tradition/install/livox_ros_driver2/share/livox_ros_driver2/hook/cmake_prefix_path.ps1'
[1.005s] INFO:colcon.colcon_core.shell:Creating environment descriptor '/home/tinker/tk24_navigation_tradition/tk24_navigation_tradition/install/livox_ros_driver2/share/livox_ros_driver2/hook/cmake_prefix_path.dsv'
[1.005s] INFO:colcon.colcon_core.shell:Creating environment hook '/home/tinker/tk24_navigation_tradition/tk24_navigation_tradition/install/livox_ros_driver2/share/livox_ros_driver2/hook/cmake_prefix_path.sh'
[1.006s] Level 1:colcon.colcon_core.environment:checking '/home/tinker/tk24_navigation_tradition/tk24_navigation_tradition/install/livox_ros_driver2/lib'
[1.006s] Level 1:colcon.colcon_core.shell:create_environment_hook('livox_ros_driver2', 'ld_library_path_lib')
[1.006s] INFO:colcon.colcon_core.shell:Creating environment hook '/home/tinker/tk24_navigation_tradition/tk24_navigation_tradition/install/livox_ros_driver2/share/livox_ros_driver2/hook/ld_library_path_lib.ps1'
[1.006s] INFO:colcon.colcon_core.shell:Creating environment descriptor '/home/tinker/tk24_navigation_tradition/tk24_navigation_tradition/install/livox_ros_driver2/share/livox_ros_driver2/hook/ld_library_path_lib.dsv'
[1.006s] INFO:colcon.colcon_core.shell:Creating environment hook '/home/tinker/tk24_navigation_tradition/tk24_navigation_tradition/install/livox_ros_driver2/share/livox_ros_driver2/hook/ld_library_path_lib.sh'
[1.006s] Level 1:colcon.colcon_core.environment:checking '/home/tinker/tk24_navigation_tradition/tk24_navigation_tradition/install/livox_ros_driver2/bin'
[1.006s] Level 1:colcon.colcon_core.environment:checking '/home/tinker/tk24_navigation_tradition/tk24_navigation_tradition/install/livox_ros_driver2/lib/pkgconfig/livox_ros_driver2.pc'
[1.006s] Level 1:colcon.colcon_core.environment:checking '/home/tinker/tk24_navigation_tradition/tk24_navigation_tradition/install/livox_ros_driver2/lib/python3.10/site-packages'
[1.006s] Level 1:colcon.colcon_core.environment:checking '/home/tinker/tk24_navigation_tradition/tk24_navigation_tradition/install/livox_ros_driver2/bin'
[1.007s] INFO:colcon.colcon_core.shell:Creating package script '/home/tinker/tk24_navigation_tradition/tk24_navigation_tradition/install/livox_ros_driver2/share/livox_ros_driver2/package.ps1'
[1.007s] INFO:colcon.colcon_core.shell:Creating package descriptor '/home/tinker/tk24_navigation_tradition/tk24_navigation_tradition/install/livox_ros_driver2/share/livox_ros_driver2/package.dsv'
[1.007s] INFO:colcon.colcon_core.shell:Creating package script '/home/tinker/tk24_navigation_tradition/tk24_navigation_tradition/install/livox_ros_driver2/share/livox_ros_driver2/package.sh'
[1.007s] INFO:colcon.colcon_core.shell:Creating package script '/home/tinker/tk24_navigation_tradition/tk24_navigation_tradition/install/livox_ros_driver2/share/livox_ros_driver2/package.bash'
[1.007s] INFO:colcon.colcon_core.shell:Creating package script '/home/tinker/tk24_navigation_tradition/tk24_navigation_tradition/install/livox_ros_driver2/share/livox_ros_driver2/package.zsh'
[1.008s] Level 1:colcon.colcon_core.environment:create_file_with_runtime_dependencies(/home/tinker/tk24_navigation_tradition/tk24_navigation_tradition/install/livox_ros_driver2/share/colcon-core/packages/livox_ros_driver2)
[1.013s] Level 1:colcon.colcon_core.environment:create_environment_scripts_only(tracer_msgs)
[1.013s] Level 1:colcon.colcon_core.environment:checking '/home/tinker/tk24_navigation_tradition/tk24_navigation_tradition/install/tracer_msgs' for CMake module files
[1.014s] Level 1:colcon.colcon_core.environment:checking '/home/tinker/tk24_navigation_tradition/tk24_navigation_tradition/install/tracer_msgs' for CMake config files
[1.014s] Level 1:colcon.colcon_core.shell:create_environment_hook('tracer_msgs', 'cmake_prefix_path')
[1.014s] INFO:colcon.colcon_core.shell:Creating environment hook '/home/tinker/tk24_navigation_tradition/tk24_navigation_tradition/install/tracer_msgs/share/tracer_msgs/hook/cmake_prefix_path.ps1'
[1.015s] INFO:colcon.colcon_core.shell:Creating environment descriptor '/home/tinker/tk24_navigation_tradition/tk24_navigation_tradition/install/tracer_msgs/share/tracer_msgs/hook/cmake_prefix_path.dsv'
[1.015s] INFO:colcon.colcon_core.shell:Creating environment hook '/home/tinker/tk24_navigation_tradition/tk24_navigation_tradition/install/tracer_msgs/share/tracer_msgs/hook/cmake_prefix_path.sh'
[1.015s] Level 1:colcon.colcon_core.environment:checking '/home/tinker/tk24_navigation_tradition/tk24_navigation_tradition/install/tracer_msgs/lib'
[1.016s] Level 1:colcon.colcon_core.shell:create_environment_hook('tracer_msgs', 'ld_library_path_lib')
[1.016s] INFO:colcon.colcon_core.shell:Creating environment hook '/home/tinker/tk24_navigation_tradition/tk24_navigation_tradition/install/tracer_msgs/share/tracer_msgs/hook/ld_library_path_lib.ps1'
[1.016s] INFO:colcon.colcon_core.shell:Creating environment descriptor '/home/tinker/tk24_navigation_tradition/tk24_navigation_tradition/install/tracer_msgs/share/tracer_msgs/hook/ld_library_path_lib.dsv'
[1.016s] INFO:colcon.colcon_core.shell:Creating environment hook '/home/tinker/tk24_navigation_tradition/tk24_navigation_tradition/install/tracer_msgs/share/tracer_msgs/hook/ld_library_path_lib.sh'
[1.017s] Level 1:colcon.colcon_core.environment:checking '/home/tinker/tk24_navigation_tradition/tk24_navigation_tradition/install/tracer_msgs/bin'
[1.017s] Level 1:colcon.colcon_core.environment:checking '/home/tinker/tk24_navigation_tradition/tk24_navigation_tradition/install/tracer_msgs/lib/pkgconfig/tracer_msgs.pc'
[1.017s] Level 1:colcon.colcon_core.environment:checking '/home/tinker/tk24_navigation_tradition/tk24_navigation_tradition/install/tracer_msgs/lib/python3.10/site-packages'
[1.017s] Level 1:colcon.colcon_core.environment:checking '/home/tinker/tk24_navigation_tradition/tk24_navigation_tradition/install/tracer_msgs/bin'
[1.017s] INFO:colcon.colcon_core.shell:Creating package script '/home/tinker/tk24_navigation_tradition/tk24_navigation_tradition/install/tracer_msgs/share/tracer_msgs/package.ps1'
[1.018s] INFO:colcon.colcon_core.shell:Creating package descriptor '/home/tinker/tk24_navigation_tradition/tk24_navigation_tradition/install/tracer_msgs/share/tracer_msgs/package.dsv'
[1.018s] INFO:colcon.colcon_core.shell:Creating package script '/home/tinker/tk24_navigation_tradition/tk24_navigation_tradition/install/tracer_msgs/share/tracer_msgs/package.sh'
[1.018s] INFO:colcon.colcon_core.shell:Creating package script '/home/tinker/tk24_navigation_tradition/tk24_navigation_tradition/install/tracer_msgs/share/tracer_msgs/package.bash'
[1.019s] INFO:colcon.colcon_core.shell:Creating package script '/home/tinker/tk24_navigation_tradition/tk24_navigation_tradition/install/tracer_msgs/share/tracer_msgs/package.zsh'
[1.019s] Level 1:colcon.colcon_core.environment:create_file_with_runtime_dependencies(/home/tinker/tk24_navigation_tradition/tk24_navigation_tradition/install/tracer_msgs/share/colcon-core/packages/tracer_msgs)
[1.019s] INFO:colcon.colcon_ros.task.ament_cmake.build:Building ROS package in '/home/tinker/tk24_navigation_tradition/tk24_navigation_tradition/src/tracer_ros2/tracer_base' with build type 'ament_cmake'
[1.020s] INFO:colcon.colcon_cmake.task.cmake.build:Building CMake package in '/home/tinker/tk24_navigation_tradition/tk24_navigation_tradition/src/tracer_ros2/tracer_base'
[1.020s] INFO:colcon.colcon_core.shell:Skip shell extension 'powershell' for command environment: Not usable outside of PowerShell
[1.020s] DEBUG:colcon.colcon_core.shell:Skip shell extension 'dsv' for command environment
[1.030s] DEBUG:colcon.colcon_core.event_handler.log_command:Invoking command in '/home/tinker/tk24_navigation_tradition/tk24_navigation_tradition/build/tracer_base': CMAKE_PREFIX_PATH=/opt/ros/humble:/home/tinker/tk24_navigation_tradition/tk24_navigation_tradition/install/ugv_sdk:/home/tinker/tk24_navigation_tradition/tk24_navigation_tradition/install/tracer_msgs:/home/tinker/tk24_navigation_tradition/tk24_navigation_tradition/install/tracer_base:/home/tinker/tk24_navigation_tradition/tk24_navigation_tradition/install/navigation_bringup:/home/tinker/tk24_navigation_tradition/tk24_navigation_tradition/install/livox_ros_driver2:/home/tinker/tk24_navigation_tradition/tk24_navigation_tradition/install/kiss_icp /home/tinker/.local/bin/cmake --build /home/tinker/tk24_navigation_tradition/tk24_navigation_tradition/build/tracer_base -- -j32 -l32
[1.116s] DEBUG:colcon.colcon_core.event_handler.log_command:Invoked command in '/home/tinker/tk24_navigation_tradition/tk24_navigation_tradition/build/tracer_base' returned '0': CMAKE_PREFIX_PATH=/opt/ros/humble:/home/tinker/tk24_navigation_tradition/tk24_navigation_tradition/install/ugv_sdk:/home/tinker/tk24_navigation_tradition/tk24_navigation_tradition/install/tracer_msgs:/home/tinker/tk24_navigation_tradition/tk24_navigation_tradition/install/tracer_base:/home/tinker/tk24_navigation_tradition/tk24_navigation_tradition/install/navigation_bringup:/home/tinker/tk24_navigation_tradition/tk24_navigation_tradition/install/livox_ros_driver2:/home/tinker/tk24_navigation_tradition/tk24_navigation_tradition/install/kiss_icp /home/tinker/.local/bin/cmake --build /home/tinker/tk24_navigation_tradition/tk24_navigation_tradition/build/tracer_base -- -j32 -l32
[1.185s] DEBUG:colcon.colcon_core.event_handler.log_command:Invoking command in '/home/tinker/tk24_navigation_tradition/tk24_navigation_tradition/build/tracer_base': CMAKE_PREFIX_PATH=/opt/ros/humble:/home/tinker/tk24_navigation_tradition/tk24_navigation_tradition/install/ugv_sdk:/home/tinker/tk24_navigation_tradition/tk24_navigation_tradition/install/tracer_msgs:/home/tinker/tk24_navigation_tradition/tk24_navigation_tradition/install/tracer_base:/home/tinker/tk24_navigation_tradition/tk24_navigation_tradition/install/navigation_bringup:/home/tinker/tk24_navigation_tradition/tk24_navigation_tradition/install/livox_ros_driver2:/home/tinker/tk24_navigation_tradition/tk24_navigation_tradition/install/kiss_icp /home/tinker/.local/bin/cmake --install /home/tinker/tk24_navigation_tradition/tk24_navigation_tradition/build/tracer_base
[1.239s] Level 1:colcon.colcon_core.environment:create_environment_scripts_only(tracer_base)
[1.239s] Level 1:colcon.colcon_core.environment:checking '/home/tinker/tk24_navigation_tradition/tk24_navigation_tradition/install/tracer_base' for CMake module files
[1.240s] DEBUG:colcon.colcon_core.event_handler.log_command:Invoked command in '/home/tinker/tk24_navigation_tradition/tk24_navigation_tradition/build/tracer_base' returned '0': CMAKE_PREFIX_PATH=/opt/ros/humble:/home/tinker/tk24_navigation_tradition/tk24_navigation_tradition/install/ugv_sdk:/home/tinker/tk24_navigation_tradition/tk24_navigation_tradition/install/tracer_msgs:/home/tinker/tk24_navigation_tradition/tk24_navigation_tradition/install/tracer_base:/home/tinker/tk24_navigation_tradition/tk24_navigation_tradition/install/navigation_bringup:/home/tinker/tk24_navigation_tradition/tk24_navigation_tradition/install/livox_ros_driver2:/home/tinker/tk24_navigation_tradition/tk24_navigation_tradition/install/kiss_icp /home/tinker/.local/bin/cmake --install /home/tinker/tk24_navigation_tradition/tk24_navigation_tradition/build/tracer_base
[1.240s] Level 1:colcon.colcon_core.environment:checking '/home/tinker/tk24_navigation_tradition/tk24_navigation_tradition/install/tracer_base' for CMake config files
[1.240s] Level 1:colcon.colcon_core.shell:create_environment_hook('tracer_base', 'cmake_prefix_path')
[1.240s] INFO:colcon.colcon_core.shell:Creating environment hook '/home/tinker/tk24_navigation_tradition/tk24_navigation_tradition/install/tracer_base/share/tracer_base/hook/cmake_prefix_path.ps1'
[1.240s] INFO:colcon.colcon_core.shell:Creating environment descriptor '/home/tinker/tk24_navigation_tradition/tk24_navigation_tradition/install/tracer_base/share/tracer_base/hook/cmake_prefix_path.dsv'
[1.240s] INFO:colcon.colcon_core.shell:Creating environment hook '/home/tinker/tk24_navigation_tradition/tk24_navigation_tradition/install/tracer_base/share/tracer_base/hook/cmake_prefix_path.sh'
[1.241s] Level 1:colcon.colcon_core.environment:checking '/home/tinker/tk24_navigation_tradition/tk24_navigation_tradition/install/tracer_base/lib'
[1.241s] Level 1:colcon.colcon_core.environment:checking '/home/tinker/tk24_navigation_tradition/tk24_navigation_tradition/install/tracer_base/bin'
[1.241s] Level 1:colcon.colcon_core.environment:checking '/home/tinker/tk24_navigation_tradition/tk24_navigation_tradition/install/tracer_base/lib/pkgconfig/tracer_base.pc'
[1.241s] Level 1:colcon.colcon_core.environment:checking '/home/tinker/tk24_navigation_tradition/tk24_navigation_tradition/install/tracer_base/lib/python3.10/site-packages'
[1.241s] Level 1:colcon.colcon_core.environment:checking '/home/tinker/tk24_navigation_tradition/tk24_navigation_tradition/install/tracer_base/bin'
[1.241s] INFO:colcon.colcon_core.shell:Creating package script '/home/tinker/tk24_navigation_tradition/tk24_navigation_tradition/install/tracer_base/share/tracer_base/package.ps1'
[1.241s] INFO:colcon.colcon_core.shell:Creating package descriptor '/home/tinker/tk24_navigation_tradition/tk24_navigation_tradition/install/tracer_base/share/tracer_base/package.dsv'
[1.241s] INFO:colcon.colcon_core.shell:Creating package script '/home/tinker/tk24_navigation_tradition/tk24_navigation_tradition/install/tracer_base/share/tracer_base/package.sh'
[1.242s] INFO:colcon.colcon_core.shell:Creating package script '/home/tinker/tk24_navigation_tradition/tk24_navigation_tradition/install/tracer_base/share/tracer_base/package.bash'
[1.242s] INFO:colcon.colcon_core.shell:Creating package script '/home/tinker/tk24_navigation_tradition/tk24_navigation_tradition/install/tracer_base/share/tracer_base/package.zsh'
[1.242s] Level 1:colcon.colcon_core.environment:create_file_with_runtime_dependencies(/home/tinker/tk24_navigation_tradition/tk24_navigation_tradition/install/tracer_base/share/colcon-core/packages/tracer_base)
[1.306s] Level 1:colcon.colcon_core.environment:create_environment_scripts_only(tracer_base)
[1.306s] Level 1:colcon.colcon_core.environment:checking '/home/tinker/tk24_navigation_tradition/tk24_navigation_tradition/install/tracer_base' for CMake module files
[1.306s] Level 1:colcon.colcon_core.environment:checking '/home/tinker/tk24_navigation_tradition/tk24_navigation_tradition/install/tracer_base' for CMake config files
[1.307s] Level 1:colcon.colcon_core.shell:create_environment_hook('tracer_base', 'cmake_prefix_path')
[1.307s] INFO:colcon.colcon_core.shell:Creating environment hook '/home/tinker/tk24_navigation_tradition/tk24_navigation_tradition/install/tracer_base/share/tracer_base/hook/cmake_prefix_path.ps1'
[1.307s] INFO:colcon.colcon_core.shell:Creating environment descriptor '/home/tinker/tk24_navigation_tradition/tk24_navigation_tradition/install/tracer_base/share/tracer_base/hook/cmake_prefix_path.dsv'
[1.307s] INFO:colcon.colcon_core.shell:Creating environment hook '/home/tinker/tk24_navigation_tradition/tk24_navigation_tradition/install/tracer_base/share/tracer_base/hook/cmake_prefix_path.sh'
[1.307s] Level 1:colcon.colcon_core.environment:checking '/home/tinker/tk24_navigation_tradition/tk24_navigation_tradition/install/tracer_base/lib'
[1.307s] Level 1:colcon.colcon_core.environment:checking '/home/tinker/tk24_navigation_tradition/tk24_navigation_tradition/install/tracer_base/bin'
[1.307s] Level 1:colcon.colcon_core.environment:checking '/home/tinker/tk24_navigation_tradition/tk24_navigation_tradition/install/tracer_base/lib/pkgconfig/tracer_base.pc'
[1.307s] Level 1:colcon.colcon_core.environment:checking '/home/tinker/tk24_navigation_tradition/tk24_navigation_tradition/install/tracer_base/lib/python3.10/site-packages'
[1.307s] Level 1:colcon.colcon_core.environment:checking '/home/tinker/tk24_navigation_tradition/tk24_navigation_tradition/install/tracer_base/bin'
[1.308s] INFO:colcon.colcon_core.shell:Creating package script '/home/tinker/tk24_navigation_tradition/tk24_navigation_tradition/install/tracer_base/share/tracer_base/package.ps1'
[1.308s] INFO:colcon.colcon_core.shell:Creating package descriptor '/home/tinker/tk24_navigation_tradition/tk24_navigation_tradition/install/tracer_base/share/tracer_base/package.dsv'
[1.308s] INFO:colcon.colcon_core.shell:Creating package script '/home/tinker/tk24_navigation_tradition/tk24_navigation_tradition/install/tracer_base/share/tracer_base/package.sh'
[1.308s] INFO:colcon.colcon_core.shell:Creating package script '/home/tinker/tk24_navigation_tradition/tk24_navigation_tradition/install/tracer_base/share/tracer_base/package.bash'
[1.308s] INFO:colcon.colcon_core.shell:Creating package script '/home/tinker/tk24_navigation_tradition/tk24_navigation_tradition/install/tracer_base/share/tracer_base/package.zsh'
[1.308s] Level 1:colcon.colcon_core.environment:create_file_with_runtime_dependencies(/home/tinker/tk24_navigation_tradition/tk24_navigation_tradition/install/tracer_base/share/colcon-core/packages/tracer_base)
[1.309s] DEBUG:colcon.colcon_parallel_executor.executor.parallel:closing loop
[1.309s] DEBUG:colcon.colcon_parallel_executor.executor.parallel:loop closed
[1.309s] DEBUG:colcon.colcon_parallel_executor.executor.parallel:run_until_complete finished with '0'
[1.309s] DEBUG:colcon.colcon_core.event_reactor:joining thread
[1.312s] INFO:colcon.colcon_core.plugin_system:Skipping extension 'colcon_notification.desktop_notification.terminal_notifier': Not used on non-Darwin systems
[1.312s] INFO:colcon.colcon_core.plugin_system:Skipping extension 'colcon_notification.desktop_notification.win32': Not used on non-Windows systems
[1.312s] INFO:colcon.colcon_notification.desktop_notification:Sending desktop notification using 'notify2'
[1.321s] DEBUG:colcon.colcon_core.event_reactor:joined thread
[1.321s] INFO:colcon.colcon_core.shell:Creating prefix script '/home/tinker/tk24_navigation_tradition/tk24_navigation_tradition/install/local_setup.ps1'
[1.322s] INFO:colcon.colcon_core.shell:Creating prefix util module '/home/tinker/tk24_navigation_tradition/tk24_navigation_tradition/install/_local_setup_util_ps1.py'
[1.322s] INFO:colcon.colcon_core.shell:Creating prefix chain script '/home/tinker/tk24_navigation_tradition/tk24_navigation_tradition/install/setup.ps1'
[1.323s] INFO:colcon.colcon_core.shell:Creating prefix script '/home/tinker/tk24_navigation_tradition/tk24_navigation_tradition/install/local_setup.sh'
[1.323s] INFO:colcon.colcon_core.shell:Creating prefix util module '/home/tinker/tk24_navigation_tradition/tk24_navigation_tradition/install/_local_setup_util_sh.py'
[1.323s] INFO:colcon.colcon_core.shell:Creating prefix chain script '/home/tinker/tk24_navigation_tradition/tk24_navigation_tradition/install/setup.sh'
[1.324s] INFO:colcon.colcon_core.shell:Creating prefix script '/home/tinker/tk24_navigation_tradition/tk24_navigation_tradition/install/local_setup.bash'
[1.324s] INFO:colcon.colcon_core.shell:Creating prefix chain script '/home/tinker/tk24_navigation_tradition/tk24_navigation_tradition/install/setup.bash'
[1.324s] INFO:colcon.colcon_core.shell:Creating prefix script '/home/tinker/tk24_navigation_tradition/tk24_navigation_tradition/install/local_setup.zsh'
[1.325s] INFO:colcon.colcon_core.shell:Creating prefix chain script '/home/tinker/tk24_navigation_tradition/tk24_navigation_tradition/install/setup.zsh'
