[0.012s] Invoking command in '/home/tinker/tk24_navigation_tradition/tk24_navigation_tradition/build/tracer_msgs': CMAKE_PREFIX_PATH=/home/tinker/Tinker_HOME/tk24_navigation/install/tracer_base:/home/tinker/Tinker_HOME/tk24_navigation/install/ros2_grasp_position_compute:/home/tinker/Tinker_HOME/tk24_navigation/install/nav_api:/opt/ros/humble:/home/tinker/Tinker_HOME/tk24_navigation/install/ugv_sdk:/home/tinker/Tinker_HOME/tk24_navigation/install/tracer_msgs:/home/tinker/Tinker_HOME/tk24_navigation/install/tk_nav_interfaces:/home/tinker/Tinker_HOME/tk24_navigation/install/tinker_nav_bringup:/home/tinker/Tinker_HOME/tk24_navigation/install/rtab_map:/home/tinker/Tinker_HOME/tk24_navigation/install/orbbec_description:/home/tinker/Tinker_HOME/tk24_navigation/install/orbbec_camera_msgs:/home/tinker/Tinker_HOME/tk24_navigation/install/compute_grasp_interface /home/tinker/.local/bin/cmake --build /home/tinker/tk24_navigation_tradition/tk24_navigation_tradition/build/tracer_msgs -- -j32 -l32
[0.077s] [  1%] Built target tracer_msgs__cpp
[0.079s] [  1%] Built target ament_cmake_python_copy_tracer_msgs
[0.080s] [ 12%] Built target tracer_msgs__rosidl_generator_c
[0.088s] [ 30%] Built target tracer_msgs__rosidl_typesupport_introspection_cpp
[0.088s] [ 34%] Built target tracer_msgs__rosidl_typesupport_cpp
[0.089s] [ 46%] Built target tracer_msgs__rosidl_typesupport_fastrtps_cpp
[0.090s] [ 57%] Built target tracer_msgs__rosidl_typesupport_c
[0.091s] [ 68%] Built target tracer_msgs__rosidl_typesupport_introspection_c
[0.095s] [ 79%] Built target tracer_msgs__rosidl_typesupport_fastrtps_c
[0.103s] [ 79%] Built target tracer_msgs
[0.112s] [ 80%] Built target tracer_msgs__py
[0.127s] [ 90%] Built target tracer_msgs__rosidl_generator_py
[0.137s] [ 98%] Built target tracer_msgs__rosidl_typesupport_introspection_c__pyext
[0.138s] [100%] Built target tracer_msgs__rosidl_typesupport_fastrtps_c__pyext
[0.138s] [100%] Built target tracer_msgs__rosidl_typesupport_c__pyext
[0.260s] running egg_info
[0.261s] writing tracer_msgs.egg-info/PKG-INFO
[0.261s] writing dependency_links to tracer_msgs.egg-info/dependency_links.txt
[0.261s] writing top-level names to tracer_msgs.egg-info/top_level.txt
[0.262s] reading manifest file 'tracer_msgs.egg-info/SOURCES.txt'
[0.263s] writing manifest file 'tracer_msgs.egg-info/SOURCES.txt'
[0.278s] [100%] Built target ament_cmake_python_build_tracer_msgs_egg
[0.282s] Invoked command in '/home/tinker/tk24_navigation_tradition/tk24_navigation_tradition/build/tracer_msgs' returned '0': CMAKE_PREFIX_PATH=/home/tinker/Tinker_HOME/tk24_navigation/install/tracer_base:/home/tinker/Tinker_HOME/tk24_navigation/install/ros2_grasp_position_compute:/home/tinker/Tinker_HOME/tk24_navigation/install/nav_api:/opt/ros/humble:/home/tinker/Tinker_HOME/tk24_navigation/install/ugv_sdk:/home/tinker/Tinker_HOME/tk24_navigation/install/tracer_msgs:/home/tinker/Tinker_HOME/tk24_navigation/install/tk_nav_interfaces:/home/tinker/Tinker_HOME/tk24_navigation/install/tinker_nav_bringup:/home/tinker/Tinker_HOME/tk24_navigation/install/rtab_map:/home/tinker/Tinker_HOME/tk24_navigation/install/orbbec_description:/home/tinker/Tinker_HOME/tk24_navigation/install/orbbec_camera_msgs:/home/tinker/Tinker_HOME/tk24_navigation/install/compute_grasp_interface /home/tinker/.local/bin/cmake --build /home/tinker/tk24_navigation_tradition/tk24_navigation_tradition/build/tracer_msgs -- -j32 -l32
[0.469s] Invoking command in '/home/tinker/tk24_navigation_tradition/tk24_navigation_tradition/build/tracer_msgs': CMAKE_PREFIX_PATH=/home/tinker/Tinker_HOME/tk24_navigation/install/tracer_base:/home/tinker/Tinker_HOME/tk24_navigation/install/ros2_grasp_position_compute:/home/tinker/Tinker_HOME/tk24_navigation/install/nav_api:/opt/ros/humble:/home/tinker/Tinker_HOME/tk24_navigation/install/ugv_sdk:/home/tinker/Tinker_HOME/tk24_navigation/install/tracer_msgs:/home/tinker/Tinker_HOME/tk24_navigation/install/tk_nav_interfaces:/home/tinker/Tinker_HOME/tk24_navigation/install/tinker_nav_bringup:/home/tinker/Tinker_HOME/tk24_navigation/install/rtab_map:/home/tinker/Tinker_HOME/tk24_navigation/install/orbbec_description:/home/tinker/Tinker_HOME/tk24_navigation/install/orbbec_camera_msgs:/home/tinker/Tinker_HOME/tk24_navigation/install/compute_grasp_interface /home/tinker/.local/bin/cmake --install /home/tinker/tk24_navigation_tradition/tk24_navigation_tradition/build/tracer_msgs
[0.520s] -- Install configuration: ""
[0.521s] -- Up-to-date: /home/tinker/tk24_navigation_tradition/tk24_navigation_tradition/install/tracer_msgs/share/ament_index/resource_index/rosidl_interfaces/tracer_msgs
[0.521s] -- Up-to-date: /home/tinker/tk24_navigation_tradition/tk24_navigation_tradition/install/tracer_msgs/include/tracer_msgs/tracer_msgs
[0.521s] -- Up-to-date: /home/tinker/tk24_navigation_tradition/tk24_navigation_tradition/install/tracer_msgs/include/tracer_msgs/tracer_msgs/msg
[0.521s] -- Up-to-date: /home/tinker/tk24_navigation_tradition/tk24_navigation_tradition/install/tracer_msgs/include/tracer_msgs/tracer_msgs/msg/tracer_light_cmd.h
[0.521s] -- Up-to-date: /home/tinker/tk24_navigation_tradition/tk24_navigation_tradition/install/tracer_msgs/include/tracer_msgs/tracer_msgs/msg/tracer_light_state.h
[0.521s] -- Up-to-date: /home/tinker/tk24_navigation_tradition/tk24_navigation_tradition/install/tracer_msgs/include/tracer_msgs/tracer_msgs/msg/tracer_actuator_state.h
[0.522s] -- Up-to-date: /home/tinker/tk24_navigation_tradition/tk24_navigation_tradition/install/tracer_msgs/include/tracer_msgs/tracer_msgs/msg/tracer_rc_state.h
[0.522s] -- Up-to-date: /home/tinker/tk24_navigation_tradition/tk24_navigation_tradition/install/tracer_msgs/include/tracer_msgs/tracer_msgs/msg/rosidl_generator_c__visibility_control.h
[0.522s] -- Up-to-date: /home/tinker/tk24_navigation_tradition/tk24_navigation_tradition/install/tracer_msgs/include/tracer_msgs/tracer_msgs/msg/tracer_status.h
[0.522s] -- Up-to-date: /home/tinker/tk24_navigation_tradition/tk24_navigation_tradition/install/tracer_msgs/include/tracer_msgs/tracer_msgs/msg/detail
[0.522s] -- Up-to-date: /home/tinker/tk24_navigation_tradition/tk24_navigation_tradition/install/tracer_msgs/include/tracer_msgs/tracer_msgs/msg/detail/tracer_light_state__struct.h
[0.522s] -- Up-to-date: /home/tinker/tk24_navigation_tradition/tk24_navigation_tradition/install/tracer_msgs/include/tracer_msgs/tracer_msgs/msg/detail/tracer_rc_state__functions.c
[0.522s] -- Up-to-date: /home/tinker/tk24_navigation_tradition/tk24_navigation_tradition/install/tracer_msgs/include/tracer_msgs/tracer_msgs/msg/detail/tracer_light_cmd__struct.h
[0.522s] -- Up-to-date: /home/tinker/tk24_navigation_tradition/tk24_navigation_tradition/install/tracer_msgs/include/tracer_msgs/tracer_msgs/msg/detail/tracer_actuator_state__type_support.h
[0.522s] -- Up-to-date: /home/tinker/tk24_navigation_tradition/tk24_navigation_tradition/install/tracer_msgs/include/tracer_msgs/tracer_msgs/msg/detail/tracer_actuator_state__functions.h
[0.522s] -- Up-to-date: /home/tinker/tk24_navigation_tradition/tk24_navigation_tradition/install/tracer_msgs/include/tracer_msgs/tracer_msgs/msg/detail/tracer_light_state__type_support.h
[0.522s] -- Up-to-date: /home/tinker/tk24_navigation_tradition/tk24_navigation_tradition/install/tracer_msgs/include/tracer_msgs/tracer_msgs/msg/detail/tracer_status__functions.h
[0.522s] -- Up-to-date: /home/tinker/tk24_navigation_tradition/tk24_navigation_tradition/install/tracer_msgs/include/tracer_msgs/tracer_msgs/msg/detail/tracer_rc_state__functions.h
[0.522s] -- Up-to-date: /home/tinker/tk24_navigation_tradition/tk24_navigation_tradition/install/tracer_msgs/include/tracer_msgs/tracer_msgs/msg/detail/tracer_light_cmd__type_support.h
[0.523s] -- Up-to-date: /home/tinker/tk24_navigation_tradition/tk24_navigation_tradition/install/tracer_msgs/include/tracer_msgs/tracer_msgs/msg/detail/tracer_actuator_state__struct.h
[0.523s] -- Up-to-date: /home/tinker/tk24_navigation_tradition/tk24_navigation_tradition/install/tracer_msgs/include/tracer_msgs/tracer_msgs/msg/detail/tracer_status__type_support.h
[0.523s] -- Up-to-date: /home/tinker/tk24_navigation_tradition/tk24_navigation_tradition/install/tracer_msgs/include/tracer_msgs/tracer_msgs/msg/detail/tracer_actuator_state__functions.c
[0.523s] -- Up-to-date: /home/tinker/tk24_navigation_tradition/tk24_navigation_tradition/install/tracer_msgs/include/tracer_msgs/tracer_msgs/msg/detail/tracer_light_state__functions.c
[0.523s] -- Up-to-date: /home/tinker/tk24_navigation_tradition/tk24_navigation_tradition/install/tracer_msgs/include/tracer_msgs/tracer_msgs/msg/detail/tracer_rc_state__struct.h
[0.523s] -- Up-to-date: /home/tinker/tk24_navigation_tradition/tk24_navigation_tradition/install/tracer_msgs/include/tracer_msgs/tracer_msgs/msg/detail/tracer_light_cmd__functions.h
[0.523s] -- Up-to-date: /home/tinker/tk24_navigation_tradition/tk24_navigation_tradition/install/tracer_msgs/include/tracer_msgs/tracer_msgs/msg/detail/tracer_light_state__functions.h
[0.523s] -- Up-to-date: /home/tinker/tk24_navigation_tradition/tk24_navigation_tradition/install/tracer_msgs/include/tracer_msgs/tracer_msgs/msg/detail/tracer_light_cmd__functions.c
[0.523s] -- Up-to-date: /home/tinker/tk24_navigation_tradition/tk24_navigation_tradition/install/tracer_msgs/include/tracer_msgs/tracer_msgs/msg/detail/tracer_rc_state__type_support.h
[0.523s] -- Up-to-date: /home/tinker/tk24_navigation_tradition/tk24_navigation_tradition/install/tracer_msgs/include/tracer_msgs/tracer_msgs/msg/detail/tracer_status__struct.h
[0.524s] -- Up-to-date: /home/tinker/tk24_navigation_tradition/tk24_navigation_tradition/install/tracer_msgs/include/tracer_msgs/tracer_msgs/msg/detail/tracer_status__functions.c
[0.524s] -- Up-to-date: /home/tinker/tk24_navigation_tradition/tk24_navigation_tradition/install/tracer_msgs/share/tracer_msgs/environment/library_path.sh
[0.524s] -- Up-to-date: /home/tinker/tk24_navigation_tradition/tk24_navigation_tradition/install/tracer_msgs/share/tracer_msgs/environment/library_path.dsv
[0.524s] -- Up-to-date: /home/tinker/tk24_navigation_tradition/tk24_navigation_tradition/install/tracer_msgs/lib/libtracer_msgs__rosidl_generator_c.so
[0.524s] -- Up-to-date: /home/tinker/tk24_navigation_tradition/tk24_navigation_tradition/install/tracer_msgs/include/tracer_msgs/tracer_msgs
[0.524s] -- Up-to-date: /home/tinker/tk24_navigation_tradition/tk24_navigation_tradition/install/tracer_msgs/include/tracer_msgs/tracer_msgs/msg
[0.524s] -- Up-to-date: /home/tinker/tk24_navigation_tradition/tk24_navigation_tradition/install/tracer_msgs/include/tracer_msgs/tracer_msgs/msg/rosidl_typesupport_fastrtps_c__visibility_control.h
[0.524s] -- Up-to-date: /home/tinker/tk24_navigation_tradition/tk24_navigation_tradition/install/tracer_msgs/include/tracer_msgs/tracer_msgs/msg/detail
[0.524s] -- Up-to-date: /home/tinker/tk24_navigation_tradition/tk24_navigation_tradition/install/tracer_msgs/include/tracer_msgs/tracer_msgs/msg/detail/tracer_light_state__rosidl_typesupport_fastrtps_c.h
[0.524s] -- Up-to-date: /home/tinker/tk24_navigation_tradition/tk24_navigation_tradition/install/tracer_msgs/include/tracer_msgs/tracer_msgs/msg/detail/tracer_status__rosidl_typesupport_fastrtps_c.h
[0.524s] -- Up-to-date: /home/tinker/tk24_navigation_tradition/tk24_navigation_tradition/install/tracer_msgs/include/tracer_msgs/tracer_msgs/msg/detail/tracer_light_cmd__rosidl_typesupport_fastrtps_c.h
[0.524s] -- Up-to-date: /home/tinker/tk24_navigation_tradition/tk24_navigation_tradition/install/tracer_msgs/include/tracer_msgs/tracer_msgs/msg/detail/tracer_rc_state__rosidl_typesupport_fastrtps_c.h
[0.524s] -- Up-to-date: /home/tinker/tk24_navigation_tradition/tk24_navigation_tradition/install/tracer_msgs/include/tracer_msgs/tracer_msgs/msg/detail/tracer_actuator_state__rosidl_typesupport_fastrtps_c.h
[0.524s] -- Up-to-date: /home/tinker/tk24_navigation_tradition/tk24_navigation_tradition/install/tracer_msgs/lib/libtracer_msgs__rosidl_typesupport_fastrtps_c.so
[0.524s] -- Up-to-date: /home/tinker/tk24_navigation_tradition/tk24_navigation_tradition/install/tracer_msgs/include/tracer_msgs/tracer_msgs
[0.524s] -- Up-to-date: /home/tinker/tk24_navigation_tradition/tk24_navigation_tradition/install/tracer_msgs/include/tracer_msgs/tracer_msgs/msg
[0.524s] -- Up-to-date: /home/tinker/tk24_navigation_tradition/tk24_navigation_tradition/install/tracer_msgs/include/tracer_msgs/tracer_msgs/msg/tracer_light_state.hpp
[0.524s] -- Up-to-date: /home/tinker/tk24_navigation_tradition/tk24_navigation_tradition/install/tracer_msgs/include/tracer_msgs/tracer_msgs/msg/tracer_status.hpp
[0.525s] -- Up-to-date: /home/tinker/tk24_navigation_tradition/tk24_navigation_tradition/install/tracer_msgs/include/tracer_msgs/tracer_msgs/msg/tracer_light_cmd.hpp
[0.525s] -- Up-to-date: /home/tinker/tk24_navigation_tradition/tk24_navigation_tradition/install/tracer_msgs/include/tracer_msgs/tracer_msgs/msg/tracer_rc_state.hpp
[0.525s] -- Up-to-date: /home/tinker/tk24_navigation_tradition/tk24_navigation_tradition/install/tracer_msgs/include/tracer_msgs/tracer_msgs/msg/tracer_actuator_state.hpp
[0.525s] -- Up-to-date: /home/tinker/tk24_navigation_tradition/tk24_navigation_tradition/install/tracer_msgs/include/tracer_msgs/tracer_msgs/msg/detail
[0.525s] -- Up-to-date: /home/tinker/tk24_navigation_tradition/tk24_navigation_tradition/install/tracer_msgs/include/tracer_msgs/tracer_msgs/msg/detail/tracer_light_cmd__builder.hpp
[0.525s] -- Up-to-date: /home/tinker/tk24_navigation_tradition/tk24_navigation_tradition/install/tracer_msgs/include/tracer_msgs/tracer_msgs/msg/detail/tracer_light_state__struct.hpp
[0.525s] -- Up-to-date: /home/tinker/tk24_navigation_tradition/tk24_navigation_tradition/install/tracer_msgs/include/tracer_msgs/tracer_msgs/msg/detail/tracer_rc_state__traits.hpp
[0.525s] -- Up-to-date: /home/tinker/tk24_navigation_tradition/tk24_navigation_tradition/install/tracer_msgs/include/tracer_msgs/tracer_msgs/msg/detail/tracer_actuator_state__traits.hpp
[0.525s] -- Up-to-date: /home/tinker/tk24_navigation_tradition/tk24_navigation_tradition/install/tracer_msgs/include/tracer_msgs/tracer_msgs/msg/detail/tracer_status__builder.hpp
[0.525s] -- Up-to-date: /home/tinker/tk24_navigation_tradition/tk24_navigation_tradition/install/tracer_msgs/include/tracer_msgs/tracer_msgs/msg/detail/tracer_rc_state__struct.hpp
[0.525s] -- Up-to-date: /home/tinker/tk24_navigation_tradition/tk24_navigation_tradition/install/tracer_msgs/include/tracer_msgs/tracer_msgs/msg/detail/tracer_actuator_state__struct.hpp
[0.525s] -- Up-to-date: /home/tinker/tk24_navigation_tradition/tk24_navigation_tradition/install/tracer_msgs/include/tracer_msgs/tracer_msgs/msg/detail/tracer_actuator_state__builder.hpp
[0.525s] -- Up-to-date: /home/tinker/tk24_navigation_tradition/tk24_navigation_tradition/install/tracer_msgs/include/tracer_msgs/tracer_msgs/msg/detail/tracer_status__struct.hpp
[0.525s] -- Up-to-date: /home/tinker/tk24_navigation_tradition/tk24_navigation_tradition/install/tracer_msgs/include/tracer_msgs/tracer_msgs/msg/detail/tracer_light_state__traits.hpp
[0.525s] -- Up-to-date: /home/tinker/tk24_navigation_tradition/tk24_navigation_tradition/install/tracer_msgs/include/tracer_msgs/tracer_msgs/msg/detail/tracer_light_state__builder.hpp
[0.525s] -- Up-to-date: /home/tinker/tk24_navigation_tradition/tk24_navigation_tradition/install/tracer_msgs/include/tracer_msgs/tracer_msgs/msg/detail/tracer_rc_state__builder.hpp
[0.525s] -- Up-to-date: /home/tinker/tk24_navigation_tradition/tk24_navigation_tradition/install/tracer_msgs/include/tracer_msgs/tracer_msgs/msg/detail/tracer_status__traits.hpp
[0.525s] -- Up-to-date: /home/tinker/tk24_navigation_tradition/tk24_navigation_tradition/install/tracer_msgs/include/tracer_msgs/tracer_msgs/msg/detail/tracer_light_cmd__traits.hpp
[0.525s] -- Up-to-date: /home/tinker/tk24_navigation_tradition/tk24_navigation_tradition/install/tracer_msgs/include/tracer_msgs/tracer_msgs/msg/detail/tracer_light_cmd__struct.hpp
[0.526s] -- Up-to-date: /home/tinker/tk24_navigation_tradition/tk24_navigation_tradition/install/tracer_msgs/include/tracer_msgs/tracer_msgs
[0.526s] -- Up-to-date: /home/tinker/tk24_navigation_tradition/tk24_navigation_tradition/install/tracer_msgs/include/tracer_msgs/tracer_msgs/msg
[0.526s] -- Up-to-date: /home/tinker/tk24_navigation_tradition/tk24_navigation_tradition/install/tracer_msgs/include/tracer_msgs/tracer_msgs/msg/rosidl_typesupport_fastrtps_cpp__visibility_control.h
[0.526s] -- Up-to-date: /home/tinker/tk24_navigation_tradition/tk24_navigation_tradition/install/tracer_msgs/include/tracer_msgs/tracer_msgs/msg/detail
[0.526s] -- Up-to-date: /home/tinker/tk24_navigation_tradition/tk24_navigation_tradition/install/tracer_msgs/include/tracer_msgs/tracer_msgs/msg/detail/tracer_light_cmd__rosidl_typesupport_fastrtps_cpp.hpp
[0.526s] -- Up-to-date: /home/tinker/tk24_navigation_tradition/tk24_navigation_tradition/install/tracer_msgs/include/tracer_msgs/tracer_msgs/msg/detail/tracer_rc_state__rosidl_typesupport_fastrtps_cpp.hpp
[0.526s] -- Up-to-date: /home/tinker/tk24_navigation_tradition/tk24_navigation_tradition/install/tracer_msgs/include/tracer_msgs/tracer_msgs/msg/detail/dds_fastrtps
[0.526s] -- Up-to-date: /home/tinker/tk24_navigation_tradition/tk24_navigation_tradition/install/tracer_msgs/include/tracer_msgs/tracer_msgs/msg/detail/tracer_actuator_state__rosidl_typesupport_fastrtps_cpp.hpp
[0.526s] -- Up-to-date: /home/tinker/tk24_navigation_tradition/tk24_navigation_tradition/install/tracer_msgs/include/tracer_msgs/tracer_msgs/msg/detail/tracer_light_state__rosidl_typesupport_fastrtps_cpp.hpp
[0.526s] -- Up-to-date: /home/tinker/tk24_navigation_tradition/tk24_navigation_tradition/install/tracer_msgs/include/tracer_msgs/tracer_msgs/msg/detail/tracer_status__rosidl_typesupport_fastrtps_cpp.hpp
[0.526s] -- Up-to-date: /home/tinker/tk24_navigation_tradition/tk24_navigation_tradition/install/tracer_msgs/lib/libtracer_msgs__rosidl_typesupport_fastrtps_cpp.so
[0.526s] -- Up-to-date: /home/tinker/tk24_navigation_tradition/tk24_navigation_tradition/install/tracer_msgs/include/tracer_msgs/tracer_msgs
[0.526s] -- Up-to-date: /home/tinker/tk24_navigation_tradition/tk24_navigation_tradition/install/tracer_msgs/include/tracer_msgs/tracer_msgs/msg
[0.526s] -- Up-to-date: /home/tinker/tk24_navigation_tradition/tk24_navigation_tradition/install/tracer_msgs/include/tracer_msgs/tracer_msgs/msg/rosidl_typesupport_introspection_c__visibility_control.h
[0.526s] -- Up-to-date: /home/tinker/tk24_navigation_tradition/tk24_navigation_tradition/install/tracer_msgs/include/tracer_msgs/tracer_msgs/msg/detail
[0.526s] -- Up-to-date: /home/tinker/tk24_navigation_tradition/tk24_navigation_tradition/install/tracer_msgs/include/tracer_msgs/tracer_msgs/msg/detail/tracer_actuator_state__rosidl_typesupport_introspection_c.h
[0.526s] -- Up-to-date: /home/tinker/tk24_navigation_tradition/tk24_navigation_tradition/install/tracer_msgs/include/tracer_msgs/tracer_msgs/msg/detail/tracer_light_state__rosidl_typesupport_introspection_c.h
[0.526s] -- Up-to-date: /home/tinker/tk24_navigation_tradition/tk24_navigation_tradition/install/tracer_msgs/include/tracer_msgs/tracer_msgs/msg/detail/tracer_rc_state__type_support.c
[0.526s] -- Up-to-date: /home/tinker/tk24_navigation_tradition/tk24_navigation_tradition/install/tracer_msgs/include/tracer_msgs/tracer_msgs/msg/detail/tracer_rc_state__rosidl_typesupport_introspection_c.h
[0.527s] -- Up-to-date: /home/tinker/tk24_navigation_tradition/tk24_navigation_tradition/install/tracer_msgs/include/tracer_msgs/tracer_msgs/msg/detail/tracer_light_cmd__type_support.c
[0.527s] -- Up-to-date: /home/tinker/tk24_navigation_tradition/tk24_navigation_tradition/install/tracer_msgs/include/tracer_msgs/tracer_msgs/msg/detail/tracer_status__type_support.c
[0.527s] -- Up-to-date: /home/tinker/tk24_navigation_tradition/tk24_navigation_tradition/install/tracer_msgs/include/tracer_msgs/tracer_msgs/msg/detail/tracer_light_state__type_support.c
[0.527s] -- Up-to-date: /home/tinker/tk24_navigation_tradition/tk24_navigation_tradition/install/tracer_msgs/include/tracer_msgs/tracer_msgs/msg/detail/tracer_actuator_state__type_support.c
[0.527s] -- Up-to-date: /home/tinker/tk24_navigation_tradition/tk24_navigation_tradition/install/tracer_msgs/include/tracer_msgs/tracer_msgs/msg/detail/tracer_light_cmd__rosidl_typesupport_introspection_c.h
[0.527s] -- Up-to-date: /home/tinker/tk24_navigation_tradition/tk24_navigation_tradition/install/tracer_msgs/include/tracer_msgs/tracer_msgs/msg/detail/tracer_status__rosidl_typesupport_introspection_c.h
[0.527s] -- Up-to-date: /home/tinker/tk24_navigation_tradition/tk24_navigation_tradition/install/tracer_msgs/lib/libtracer_msgs__rosidl_typesupport_introspection_c.so
[0.527s] -- Up-to-date: /home/tinker/tk24_navigation_tradition/tk24_navigation_tradition/install/tracer_msgs/lib/libtracer_msgs__rosidl_typesupport_c.so
[0.527s] -- Up-to-date: /home/tinker/tk24_navigation_tradition/tk24_navigation_tradition/install/tracer_msgs/include/tracer_msgs/tracer_msgs
[0.527s] -- Up-to-date: /home/tinker/tk24_navigation_tradition/tk24_navigation_tradition/install/tracer_msgs/include/tracer_msgs/tracer_msgs/msg
[0.527s] -- Up-to-date: /home/tinker/tk24_navigation_tradition/tk24_navigation_tradition/install/tracer_msgs/include/tracer_msgs/tracer_msgs/msg/detail
[0.527s] -- Up-to-date: /home/tinker/tk24_navigation_tradition/tk24_navigation_tradition/install/tracer_msgs/include/tracer_msgs/tracer_msgs/msg/detail/tracer_status__type_support.cpp
[0.527s] -- Up-to-date: /home/tinker/tk24_navigation_tradition/tk24_navigation_tradition/install/tracer_msgs/include/tracer_msgs/tracer_msgs/msg/detail/tracer_actuator_state__type_support.cpp
[0.527s] -- Up-to-date: /home/tinker/tk24_navigation_tradition/tk24_navigation_tradition/install/tracer_msgs/include/tracer_msgs/tracer_msgs/msg/detail/tracer_light_cmd__type_support.cpp
[0.527s] -- Up-to-date: /home/tinker/tk24_navigation_tradition/tk24_navigation_tradition/install/tracer_msgs/include/tracer_msgs/tracer_msgs/msg/detail/tracer_light_cmd__rosidl_typesupport_introspection_cpp.hpp
[0.527s] -- Up-to-date: /home/tinker/tk24_navigation_tradition/tk24_navigation_tradition/install/tracer_msgs/include/tracer_msgs/tracer_msgs/msg/detail/tracer_status__rosidl_typesupport_introspection_cpp.hpp
[0.527s] -- Up-to-date: /home/tinker/tk24_navigation_tradition/tk24_navigation_tradition/install/tracer_msgs/include/tracer_msgs/tracer_msgs/msg/detail/tracer_light_state__rosidl_typesupport_introspection_cpp.hpp
[0.527s] -- Up-to-date: /home/tinker/tk24_navigation_tradition/tk24_navigation_tradition/install/tracer_msgs/include/tracer_msgs/tracer_msgs/msg/detail/tracer_light_state__type_support.cpp
[0.527s] -- Up-to-date: /home/tinker/tk24_navigation_tradition/tk24_navigation_tradition/install/tracer_msgs/include/tracer_msgs/tracer_msgs/msg/detail/tracer_actuator_state__rosidl_typesupport_introspection_cpp.hpp
[0.528s] -- Up-to-date: /home/tinker/tk24_navigation_tradition/tk24_navigation_tradition/install/tracer_msgs/include/tracer_msgs/tracer_msgs/msg/detail/tracer_rc_state__rosidl_typesupport_introspection_cpp.hpp
[0.528s] -- Up-to-date: /home/tinker/tk24_navigation_tradition/tk24_navigation_tradition/install/tracer_msgs/include/tracer_msgs/tracer_msgs/msg/detail/tracer_rc_state__type_support.cpp
[0.528s] -- Up-to-date: /home/tinker/tk24_navigation_tradition/tk24_navigation_tradition/install/tracer_msgs/lib/libtracer_msgs__rosidl_typesupport_introspection_cpp.so
[0.528s] -- Up-to-date: /home/tinker/tk24_navigation_tradition/tk24_navigation_tradition/install/tracer_msgs/lib/libtracer_msgs__rosidl_typesupport_cpp.so
[0.528s] -- Up-to-date: /home/tinker/tk24_navigation_tradition/tk24_navigation_tradition/install/tracer_msgs/share/tracer_msgs/environment/pythonpath.sh
[0.528s] -- Up-to-date: /home/tinker/tk24_navigation_tradition/tk24_navigation_tradition/install/tracer_msgs/share/tracer_msgs/environment/pythonpath.dsv
[0.528s] -- Up-to-date: /home/tinker/tk24_navigation_tradition/tk24_navigation_tradition/install/tracer_msgs/local/lib/python3.10/dist-packages/tracer_msgs-0.1.0-py3.10.egg-info
[0.528s] -- Installing: /home/tinker/tk24_navigation_tradition/tk24_navigation_tradition/install/tracer_msgs/local/lib/python3.10/dist-packages/tracer_msgs-0.1.0-py3.10.egg-info/SOURCES.txt
[0.528s] -- Installing: /home/tinker/tk24_navigation_tradition/tk24_navigation_tradition/install/tracer_msgs/local/lib/python3.10/dist-packages/tracer_msgs-0.1.0-py3.10.egg-info/dependency_links.txt
[0.528s] -- Installing: /home/tinker/tk24_navigation_tradition/tk24_navigation_tradition/install/tracer_msgs/local/lib/python3.10/dist-packages/tracer_msgs-0.1.0-py3.10.egg-info/PKG-INFO
[0.528s] -- Installing: /home/tinker/tk24_navigation_tradition/tk24_navigation_tradition/install/tracer_msgs/local/lib/python3.10/dist-packages/tracer_msgs-0.1.0-py3.10.egg-info/top_level.txt
[0.528s] -- Up-to-date: /home/tinker/tk24_navigation_tradition/tk24_navigation_tradition/install/tracer_msgs/local/lib/python3.10/dist-packages/tracer_msgs
[0.528s] -- Up-to-date: /home/tinker/tk24_navigation_tradition/tk24_navigation_tradition/install/tracer_msgs/local/lib/python3.10/dist-packages/tracer_msgs/__init__.py
[0.528s] -- Up-to-date: /home/tinker/tk24_navigation_tradition/tk24_navigation_tradition/install/tracer_msgs/local/lib/python3.10/dist-packages/tracer_msgs/_tracer_msgs_s.ep.rosidl_typesupport_introspection_c.c
[0.528s] -- Up-to-date: /home/tinker/tk24_navigation_tradition/tk24_navigation_tradition/install/tracer_msgs/local/lib/python3.10/dist-packages/tracer_msgs/tracer_msgs_s__rosidl_typesupport_fastrtps_c.cpython-310-x86_64-linux-gnu.so
[0.528s] -- Up-to-date: /home/tinker/tk24_navigation_tradition/tk24_navigation_tradition/install/tracer_msgs/local/lib/python3.10/dist-packages/tracer_msgs/_tracer_msgs_s.ep.rosidl_typesupport_fastrtps_c.c
[0.528s] -- Up-to-date: /home/tinker/tk24_navigation_tradition/tk24_navigation_tradition/install/tracer_msgs/local/lib/python3.10/dist-packages/tracer_msgs/libtracer_msgs__rosidl_generator_py.so
[0.528s] -- Up-to-date: /home/tinker/tk24_navigation_tradition/tk24_navigation_tradition/install/tracer_msgs/local/lib/python3.10/dist-packages/tracer_msgs/_tracer_msgs_s.ep.rosidl_typesupport_c.c
[0.528s] -- Up-to-date: /home/tinker/tk24_navigation_tradition/tk24_navigation_tradition/install/tracer_msgs/local/lib/python3.10/dist-packages/tracer_msgs/tracer_msgs_s__rosidl_typesupport_introspection_c.cpython-310-x86_64-linux-gnu.so
[0.529s] -- Up-to-date: /home/tinker/tk24_navigation_tradition/tk24_navigation_tradition/install/tracer_msgs/local/lib/python3.10/dist-packages/tracer_msgs/msg
[0.529s] -- Up-to-date: /home/tinker/tk24_navigation_tradition/tk24_navigation_tradition/install/tracer_msgs/local/lib/python3.10/dist-packages/tracer_msgs/msg/__init__.py
[0.529s] -- Up-to-date: /home/tinker/tk24_navigation_tradition/tk24_navigation_tradition/install/tracer_msgs/local/lib/python3.10/dist-packages/tracer_msgs/msg/_tracer_status.py
[0.529s] -- Up-to-date: /home/tinker/tk24_navigation_tradition/tk24_navigation_tradition/install/tracer_msgs/local/lib/python3.10/dist-packages/tracer_msgs/msg/_tracer_light_state_s.c
[0.529s] -- Up-to-date: /home/tinker/tk24_navigation_tradition/tk24_navigation_tradition/install/tracer_msgs/local/lib/python3.10/dist-packages/tracer_msgs/msg/_tracer_actuator_state.py
[0.529s] -- Up-to-date: /home/tinker/tk24_navigation_tradition/tk24_navigation_tradition/install/tracer_msgs/local/lib/python3.10/dist-packages/tracer_msgs/msg/_tracer_light_cmd_s.c
[0.529s] -- Up-to-date: /home/tinker/tk24_navigation_tradition/tk24_navigation_tradition/install/tracer_msgs/local/lib/python3.10/dist-packages/tracer_msgs/msg/_tracer_light_state.py
[0.529s] -- Up-to-date: /home/tinker/tk24_navigation_tradition/tk24_navigation_tradition/install/tracer_msgs/local/lib/python3.10/dist-packages/tracer_msgs/msg/_tracer_rc_state.py
[0.529s] -- Up-to-date: /home/tinker/tk24_navigation_tradition/tk24_navigation_tradition/install/tracer_msgs/local/lib/python3.10/dist-packages/tracer_msgs/msg/_tracer_actuator_state_s.c
[0.529s] -- Up-to-date: /home/tinker/tk24_navigation_tradition/tk24_navigation_tradition/install/tracer_msgs/local/lib/python3.10/dist-packages/tracer_msgs/msg/_tracer_light_cmd.py
[0.529s] -- Up-to-date: /home/tinker/tk24_navigation_tradition/tk24_navigation_tradition/install/tracer_msgs/local/lib/python3.10/dist-packages/tracer_msgs/msg/_tracer_rc_state_s.c
[0.529s] -- Up-to-date: /home/tinker/tk24_navigation_tradition/tk24_navigation_tradition/install/tracer_msgs/local/lib/python3.10/dist-packages/tracer_msgs/msg/_tracer_status_s.c
[0.529s] -- Up-to-date: /home/tinker/tk24_navigation_tradition/tk24_navigation_tradition/install/tracer_msgs/local/lib/python3.10/dist-packages/tracer_msgs/tracer_msgs_s__rosidl_typesupport_c.cpython-310-x86_64-linux-gnu.so
[0.542s] Listing '/home/tinker/tk24_navigation_tradition/tk24_navigation_tradition/install/tracer_msgs/local/lib/python3.10/dist-packages/tracer_msgs'...
[0.542s] Listing '/home/tinker/tk24_navigation_tradition/tk24_navigation_tradition/install/tracer_msgs/local/lib/python3.10/dist-packages/tracer_msgs/msg'...
[0.545s] -- Up-to-date: /home/tinker/tk24_navigation_tradition/tk24_navigation_tradition/install/tracer_msgs/local/lib/python3.10/dist-packages/tracer_msgs/tracer_msgs_s__rosidl_typesupport_fastrtps_c.cpython-310-x86_64-linux-gnu.so
[0.545s] -- Up-to-date: /home/tinker/tk24_navigation_tradition/tk24_navigation_tradition/install/tracer_msgs/local/lib/python3.10/dist-packages/tracer_msgs/tracer_msgs_s__rosidl_typesupport_introspection_c.cpython-310-x86_64-linux-gnu.so
[0.545s] -- Up-to-date: /home/tinker/tk24_navigation_tradition/tk24_navigation_tradition/install/tracer_msgs/local/lib/python3.10/dist-packages/tracer_msgs/tracer_msgs_s__rosidl_typesupport_c.cpython-310-x86_64-linux-gnu.so
[0.545s] -- Up-to-date: /home/tinker/tk24_navigation_tradition/tk24_navigation_tradition/install/tracer_msgs/lib/libtracer_msgs__rosidl_generator_py.so
[0.545s] -- Up-to-date: /home/tinker/tk24_navigation_tradition/tk24_navigation_tradition/install/tracer_msgs/share/tracer_msgs/msg/TracerActuatorState.idl
[0.545s] -- Up-to-date: /home/tinker/tk24_navigation_tradition/tk24_navigation_tradition/install/tracer_msgs/share/tracer_msgs/msg/TracerLightCmd.idl
[0.545s] -- Up-to-date: /home/tinker/tk24_navigation_tradition/tk24_navigation_tradition/install/tracer_msgs/share/tracer_msgs/msg/TracerLightState.idl
[0.545s] -- Up-to-date: /home/tinker/tk24_navigation_tradition/tk24_navigation_tradition/install/tracer_msgs/share/tracer_msgs/msg/TracerRCState.idl
[0.545s] -- Up-to-date: /home/tinker/tk24_navigation_tradition/tk24_navigation_tradition/install/tracer_msgs/share/tracer_msgs/msg/TracerStatus.idl
[0.545s] -- Up-to-date: /home/tinker/tk24_navigation_tradition/tk24_navigation_tradition/install/tracer_msgs/share/tracer_msgs/msg/TracerActuatorState.msg
[0.546s] -- Up-to-date: /home/tinker/tk24_navigation_tradition/tk24_navigation_tradition/install/tracer_msgs/share/tracer_msgs/msg/TracerLightCmd.msg
[0.546s] -- Up-to-date: /home/tinker/tk24_navigation_tradition/tk24_navigation_tradition/install/tracer_msgs/share/tracer_msgs/msg/TracerLightState.msg
[0.546s] -- Up-to-date: /home/tinker/tk24_navigation_tradition/tk24_navigation_tradition/install/tracer_msgs/share/tracer_msgs/msg/TracerRCState.msg
[0.546s] -- Up-to-date: /home/tinker/tk24_navigation_tradition/tk24_navigation_tradition/install/tracer_msgs/share/tracer_msgs/msg/TracerStatus.msg
[0.546s] -- Up-to-date: /home/tinker/tk24_navigation_tradition/tk24_navigation_tradition/install/tracer_msgs/share/ament_index/resource_index/package_run_dependencies/tracer_msgs
[0.546s] -- Up-to-date: /home/tinker/tk24_navigation_tradition/tk24_navigation_tradition/install/tracer_msgs/share/ament_index/resource_index/parent_prefix_path/tracer_msgs
[0.546s] -- Up-to-date: /home/tinker/tk24_navigation_tradition/tk24_navigation_tradition/install/tracer_msgs/share/tracer_msgs/environment/ament_prefix_path.sh
[0.546s] -- Up-to-date: /home/tinker/tk24_navigation_tradition/tk24_navigation_tradition/install/tracer_msgs/share/tracer_msgs/environment/ament_prefix_path.dsv
[0.546s] -- Up-to-date: /home/tinker/tk24_navigation_tradition/tk24_navigation_tradition/install/tracer_msgs/share/tracer_msgs/environment/path.sh
[0.546s] -- Up-to-date: /home/tinker/tk24_navigation_tradition/tk24_navigation_tradition/install/tracer_msgs/share/tracer_msgs/environment/path.dsv
[0.546s] -- Up-to-date: /home/tinker/tk24_navigation_tradition/tk24_navigation_tradition/install/tracer_msgs/share/tracer_msgs/local_setup.bash
[0.546s] -- Up-to-date: /home/tinker/tk24_navigation_tradition/tk24_navigation_tradition/install/tracer_msgs/share/tracer_msgs/local_setup.sh
[0.546s] -- Up-to-date: /home/tinker/tk24_navigation_tradition/tk24_navigation_tradition/install/tracer_msgs/share/tracer_msgs/local_setup.zsh
[0.546s] -- Up-to-date: /home/tinker/tk24_navigation_tradition/tk24_navigation_tradition/install/tracer_msgs/share/tracer_msgs/local_setup.dsv
[0.546s] -- Installing: /home/tinker/tk24_navigation_tradition/tk24_navigation_tradition/install/tracer_msgs/share/tracer_msgs/package.dsv
[0.546s] -- Up-to-date: /home/tinker/tk24_navigation_tradition/tk24_navigation_tradition/install/tracer_msgs/share/ament_index/resource_index/packages/tracer_msgs
[0.546s] -- Up-to-date: /home/tinker/tk24_navigation_tradition/tk24_navigation_tradition/install/tracer_msgs/share/tracer_msgs/cmake/export_tracer_msgs__rosidl_generator_cExport.cmake
[0.547s] -- Up-to-date: /home/tinker/tk24_navigation_tradition/tk24_navigation_tradition/install/tracer_msgs/share/tracer_msgs/cmake/export_tracer_msgs__rosidl_generator_cExport-noconfig.cmake
[0.547s] -- Up-to-date: /home/tinker/tk24_navigation_tradition/tk24_navigation_tradition/install/tracer_msgs/share/tracer_msgs/cmake/export_tracer_msgs__rosidl_typesupport_fastrtps_cExport.cmake
[0.547s] -- Up-to-date: /home/tinker/tk24_navigation_tradition/tk24_navigation_tradition/install/tracer_msgs/share/tracer_msgs/cmake/export_tracer_msgs__rosidl_typesupport_fastrtps_cExport-noconfig.cmake
[0.547s] -- Up-to-date: /home/tinker/tk24_navigation_tradition/tk24_navigation_tradition/install/tracer_msgs/share/tracer_msgs/cmake/export_tracer_msgs__rosidl_generator_cppExport.cmake
[0.547s] -- Up-to-date: /home/tinker/tk24_navigation_tradition/tk24_navigation_tradition/install/tracer_msgs/share/tracer_msgs/cmake/export_tracer_msgs__rosidl_typesupport_fastrtps_cppExport.cmake
[0.547s] -- Up-to-date: /home/tinker/tk24_navigation_tradition/tk24_navigation_tradition/install/tracer_msgs/share/tracer_msgs/cmake/export_tracer_msgs__rosidl_typesupport_fastrtps_cppExport-noconfig.cmake
[0.547s] -- Up-to-date: /home/tinker/tk24_navigation_tradition/tk24_navigation_tradition/install/tracer_msgs/share/tracer_msgs/cmake/tracer_msgs__rosidl_typesupport_introspection_cExport.cmake
[0.547s] -- Up-to-date: /home/tinker/tk24_navigation_tradition/tk24_navigation_tradition/install/tracer_msgs/share/tracer_msgs/cmake/tracer_msgs__rosidl_typesupport_introspection_cExport-noconfig.cmake
[0.547s] -- Up-to-date: /home/tinker/tk24_navigation_tradition/tk24_navigation_tradition/install/tracer_msgs/share/tracer_msgs/cmake/tracer_msgs__rosidl_typesupport_cExport.cmake
[0.547s] -- Up-to-date: /home/tinker/tk24_navigation_tradition/tk24_navigation_tradition/install/tracer_msgs/share/tracer_msgs/cmake/tracer_msgs__rosidl_typesupport_cExport-noconfig.cmake
[0.547s] -- Up-to-date: /home/tinker/tk24_navigation_tradition/tk24_navigation_tradition/install/tracer_msgs/share/tracer_msgs/cmake/tracer_msgs__rosidl_typesupport_introspection_cppExport.cmake
[0.547s] -- Up-to-date: /home/tinker/tk24_navigation_tradition/tk24_navigation_tradition/install/tracer_msgs/share/tracer_msgs/cmake/tracer_msgs__rosidl_typesupport_introspection_cppExport-noconfig.cmake
[0.548s] -- Up-to-date: /home/tinker/tk24_navigation_tradition/tk24_navigation_tradition/install/tracer_msgs/share/tracer_msgs/cmake/tracer_msgs__rosidl_typesupport_cppExport.cmake
[0.548s] -- Up-to-date: /home/tinker/tk24_navigation_tradition/tk24_navigation_tradition/install/tracer_msgs/share/tracer_msgs/cmake/tracer_msgs__rosidl_typesupport_cppExport-noconfig.cmake
[0.548s] -- Up-to-date: /home/tinker/tk24_navigation_tradition/tk24_navigation_tradition/install/tracer_msgs/share/tracer_msgs/cmake/export_tracer_msgs__rosidl_generator_pyExport.cmake
[0.548s] -- Up-to-date: /home/tinker/tk24_navigation_tradition/tk24_navigation_tradition/install/tracer_msgs/share/tracer_msgs/cmake/export_tracer_msgs__rosidl_generator_pyExport-noconfig.cmake
[0.548s] -- Up-to-date: /home/tinker/tk24_navigation_tradition/tk24_navigation_tradition/install/tracer_msgs/share/tracer_msgs/cmake/rosidl_cmake-extras.cmake
[0.548s] -- Up-to-date: /home/tinker/tk24_navigation_tradition/tk24_navigation_tradition/install/tracer_msgs/share/tracer_msgs/cmake/ament_cmake_export_dependencies-extras.cmake
[0.548s] -- Up-to-date: /home/tinker/tk24_navigation_tradition/tk24_navigation_tradition/install/tracer_msgs/share/tracer_msgs/cmake/ament_cmake_export_include_directories-extras.cmake
[0.548s] -- Up-to-date: /home/tinker/tk24_navigation_tradition/tk24_navigation_tradition/install/tracer_msgs/share/tracer_msgs/cmake/ament_cmake_export_libraries-extras.cmake
[0.548s] -- Up-to-date: /home/tinker/tk24_navigation_tradition/tk24_navigation_tradition/install/tracer_msgs/share/tracer_msgs/cmake/ament_cmake_export_targets-extras.cmake
[0.548s] -- Up-to-date: /home/tinker/tk24_navigation_tradition/tk24_navigation_tradition/install/tracer_msgs/share/tracer_msgs/cmake/rosidl_cmake_export_typesupport_targets-extras.cmake
[0.548s] -- Up-to-date: /home/tinker/tk24_navigation_tradition/tk24_navigation_tradition/install/tracer_msgs/share/tracer_msgs/cmake/rosidl_cmake_export_typesupport_libraries-extras.cmake
[0.548s] -- Up-to-date: /home/tinker/tk24_navigation_tradition/tk24_navigation_tradition/install/tracer_msgs/share/tracer_msgs/cmake/tracer_msgsConfig.cmake
[0.548s] -- Up-to-date: /home/tinker/tk24_navigation_tradition/tk24_navigation_tradition/install/tracer_msgs/share/tracer_msgs/cmake/tracer_msgsConfig-version.cmake
[0.549s] -- Up-to-date: /home/tinker/tk24_navigation_tradition/tk24_navigation_tradition/install/tracer_msgs/share/tracer_msgs/package.xml
[0.549s] Invoked command in '/home/tinker/tk24_navigation_tradition/tk24_navigation_tradition/build/tracer_msgs' returned '0': CMAKE_PREFIX_PATH=/home/tinker/Tinker_HOME/tk24_navigation/install/tracer_base:/home/tinker/Tinker_HOME/tk24_navigation/install/ros2_grasp_position_compute:/home/tinker/Tinker_HOME/tk24_navigation/install/nav_api:/opt/ros/humble:/home/tinker/Tinker_HOME/tk24_navigation/install/ugv_sdk:/home/tinker/Tinker_HOME/tk24_navigation/install/tracer_msgs:/home/tinker/Tinker_HOME/tk24_navigation/install/tk_nav_interfaces:/home/tinker/Tinker_HOME/tk24_navigation/install/tinker_nav_bringup:/home/tinker/Tinker_HOME/tk24_navigation/install/rtab_map:/home/tinker/Tinker_HOME/tk24_navigation/install/orbbec_description:/home/tinker/Tinker_HOME/tk24_navigation/install/orbbec_camera_msgs:/home/tinker/Tinker_HOME/tk24_navigation/install/compute_grasp_interface /home/tinker/.local/bin/cmake --install /home/tinker/tk24_navigation_tradition/tk24_navigation_tradition/build/tracer_msgs
