[0.009s] Invoking command in '/home/tinker/tk24_navigation_tradition/tk24_navigation_tradition/build/navigation_bringup': CMAKE_PREFIX_PATH=/home/tinker/Tinker_HOME/tk24_navigation/install/tracer_base:/home/tinker/Tinker_HOME/tk24_navigation/install/ros2_grasp_position_compute:/home/tinker/Tinker_HOME/tk24_navigation/install/nav_api:/opt/ros/humble:/home/tinker/Tinker_HOME/tk24_navigation/install/ugv_sdk:/home/tinker/Tinker_HOME/tk24_navigation/install/tracer_msgs:/home/tinker/Tinker_HOME/tk24_navigation/install/tk_nav_interfaces:/home/tinker/Tinker_HOME/tk24_navigation/install/tinker_nav_bringup:/home/tinker/Tinker_HOME/tk24_navigation/install/rtab_map:/home/tinker/Tinker_HOME/tk24_navigation/install/orbbec_description:/home/tinker/Tinker_HOME/tk24_navigation/install/orbbec_camera_msgs:/home/tinker/Tinker_HOME/tk24_navigation/install/compute_grasp_interface /home/tinker/.local/bin/cmake /home/tinker/tk24_navigation_tradition/tk24_navigation_tradition/src/navigation_bringup -DCMAKE_INSTALL_PREFIX=/home/tinker/tk24_navigation_tradition/tk24_navigation_tradition/install/navigation_bringup
[0.064s] [0mCMake Deprecation Warning at CMakeLists.txt:1 (cmake_minimum_required):
[0.064s]   Compatibility with CMake < 3.10 will be removed from a future version of
[0.064s]   CMake.
[0.064s] 
[0.064s]   Update the VERSION argument <min> value or use a ...<max> suffix to tell
[0.064s]   CMake that the project does not need compatibility with older versions.
[0.064s] 
[0.064s] [0m
[0.101s] -- The C compiler identification is GNU 11.4.0
[0.135s] -- The CXX compiler identification is GNU 11.4.0
[0.141s] -- Detecting C compiler ABI info
[0.183s] -- Detecting C compiler ABI info - done
[0.198s] -- Check for working C compiler: /usr/bin/cc - skipped
[0.198s] -- Detecting C compile features
[0.198s] -- Detecting C compile features - done
[0.206s] -- Detecting CXX compiler ABI info
[0.254s] -- Detecting CXX compiler ABI info - done
[0.264s] -- Check for working CXX compiler: /usr/bin/c++ - skipped
[0.264s] -- Detecting CXX compile features
[0.265s] -- Detecting CXX compile features - done
[0.270s] -- Found ament_cmake: 1.3.9 (/opt/ros/humble/share/ament_cmake/cmake)
[0.361s] -- Found Python3: /usr/bin/python3 (found version "3.10.12") found components: Interpreter
[0.434s] -- Found ament_lint_auto: 0.12.11 (/opt/ros/humble/share/ament_lint_auto/cmake)
[0.537s] -- Added test 'flake8' to check Python code syntax and style conventions
[0.538s] -- Added test 'lint_cmake' to check CMake code style
[0.539s] -- Added test 'pep257' to check Python code against some of the docstring style conventions in PEP 257
[0.541s] -- Added test 'xmllint' to check XML markup files
[0.543s] -- Configuring done (0.5s)
[0.548s] -- Generating done (0.0s)
[0.548s] -- Build files have been written to: /home/tinker/tk24_navigation_tradition/tk24_navigation_tradition/build/navigation_bringup
[0.553s] Invoked command in '/home/tinker/tk24_navigation_tradition/tk24_navigation_tradition/build/navigation_bringup' returned '0': CMAKE_PREFIX_PATH=/home/tinker/Tinker_HOME/tk24_navigation/install/tracer_base:/home/tinker/Tinker_HOME/tk24_navigation/install/ros2_grasp_position_compute:/home/tinker/Tinker_HOME/tk24_navigation/install/nav_api:/opt/ros/humble:/home/tinker/Tinker_HOME/tk24_navigation/install/ugv_sdk:/home/tinker/Tinker_HOME/tk24_navigation/install/tracer_msgs:/home/tinker/Tinker_HOME/tk24_navigation/install/tk_nav_interfaces:/home/tinker/Tinker_HOME/tk24_navigation/install/tinker_nav_bringup:/home/tinker/Tinker_HOME/tk24_navigation/install/rtab_map:/home/tinker/Tinker_HOME/tk24_navigation/install/orbbec_description:/home/tinker/Tinker_HOME/tk24_navigation/install/orbbec_camera_msgs:/home/tinker/Tinker_HOME/tk24_navigation/install/compute_grasp_interface /home/tinker/.local/bin/cmake /home/tinker/tk24_navigation_tradition/tk24_navigation_tradition/src/navigation_bringup -DCMAKE_INSTALL_PREFIX=/home/tinker/tk24_navigation_tradition/tk24_navigation_tradition/install/navigation_bringup
[0.556s] Invoking command in '/home/tinker/tk24_navigation_tradition/tk24_navigation_tradition/build/navigation_bringup': CMAKE_PREFIX_PATH=/home/tinker/Tinker_HOME/tk24_navigation/install/tracer_base:/home/tinker/Tinker_HOME/tk24_navigation/install/ros2_grasp_position_compute:/home/tinker/Tinker_HOME/tk24_navigation/install/nav_api:/opt/ros/humble:/home/tinker/Tinker_HOME/tk24_navigation/install/ugv_sdk:/home/tinker/Tinker_HOME/tk24_navigation/install/tracer_msgs:/home/tinker/Tinker_HOME/tk24_navigation/install/tk_nav_interfaces:/home/tinker/Tinker_HOME/tk24_navigation/install/tinker_nav_bringup:/home/tinker/Tinker_HOME/tk24_navigation/install/rtab_map:/home/tinker/Tinker_HOME/tk24_navigation/install/orbbec_description:/home/tinker/Tinker_HOME/tk24_navigation/install/orbbec_camera_msgs:/home/tinker/Tinker_HOME/tk24_navigation/install/compute_grasp_interface /home/tinker/.local/bin/cmake --build /home/tinker/tk24_navigation_tradition/tk24_navigation_tradition/build/navigation_bringup -- -j32 -l32
[0.638s] Invoked command in '/home/tinker/tk24_navigation_tradition/tk24_navigation_tradition/build/navigation_bringup' returned '0': CMAKE_PREFIX_PATH=/home/tinker/Tinker_HOME/tk24_navigation/install/tracer_base:/home/tinker/Tinker_HOME/tk24_navigation/install/ros2_grasp_position_compute:/home/tinker/Tinker_HOME/tk24_navigation/install/nav_api:/opt/ros/humble:/home/tinker/Tinker_HOME/tk24_navigation/install/ugv_sdk:/home/tinker/Tinker_HOME/tk24_navigation/install/tracer_msgs:/home/tinker/Tinker_HOME/tk24_navigation/install/tk_nav_interfaces:/home/tinker/Tinker_HOME/tk24_navigation/install/tinker_nav_bringup:/home/tinker/Tinker_HOME/tk24_navigation/install/rtab_map:/home/tinker/Tinker_HOME/tk24_navigation/install/orbbec_description:/home/tinker/Tinker_HOME/tk24_navigation/install/orbbec_camera_msgs:/home/tinker/Tinker_HOME/tk24_navigation/install/compute_grasp_interface /home/tinker/.local/bin/cmake --build /home/tinker/tk24_navigation_tradition/tk24_navigation_tradition/build/navigation_bringup -- -j32 -l32
[0.802s] Invoking command in '/home/tinker/tk24_navigation_tradition/tk24_navigation_tradition/build/navigation_bringup': CMAKE_PREFIX_PATH=/home/tinker/Tinker_HOME/tk24_navigation/install/tracer_base:/home/tinker/Tinker_HOME/tk24_navigation/install/ros2_grasp_position_compute:/home/tinker/Tinker_HOME/tk24_navigation/install/nav_api:/opt/ros/humble:/home/tinker/Tinker_HOME/tk24_navigation/install/ugv_sdk:/home/tinker/Tinker_HOME/tk24_navigation/install/tracer_msgs:/home/tinker/Tinker_HOME/tk24_navigation/install/tk_nav_interfaces:/home/tinker/Tinker_HOME/tk24_navigation/install/tinker_nav_bringup:/home/tinker/Tinker_HOME/tk24_navigation/install/rtab_map:/home/tinker/Tinker_HOME/tk24_navigation/install/orbbec_description:/home/tinker/Tinker_HOME/tk24_navigation/install/orbbec_camera_msgs:/home/tinker/Tinker_HOME/tk24_navigation/install/compute_grasp_interface /home/tinker/.local/bin/cmake --install /home/tinker/tk24_navigation_tradition/tk24_navigation_tradition/build/navigation_bringup
[0.878s] -- Install configuration: ""
[0.878s] -- Installing: /home/tinker/tk24_navigation_tradition/tk24_navigation_tradition/install/navigation_bringup/share/navigation_bringup/launch
[0.878s] -- Installing: /home/tinker/tk24_navigation_tradition/tk24_navigation_tradition/install/navigation_bringup/share/navigation_bringup/launch/bringup_launch.py
[0.878s] -- Installing: /home/tinker/tk24_navigation_tradition/tk24_navigation_tradition/install/navigation_bringup/share/navigation_bringup/launch/slam_launch.py
[0.879s] -- Installing: /home/tinker/tk24_navigation_tradition/tk24_navigation_tradition/install/navigation_bringup/share/navigation_bringup/launch/navigation_launch.py
[0.879s] -- Installing: /home/tinker/tk24_navigation_tradition/tk24_navigation_tradition/install/navigation_bringup/share/navigation_bringup/launch/localization_launch.py
[0.879s] -- Installing: /home/tinker/tk24_navigation_tradition/tk24_navigation_tradition/install/navigation_bringup/share/navigation_bringup/launch/rviz_launch.py
[0.879s] -- Installing: /home/tinker/tk24_navigation_tradition/tk24_navigation_tradition/install/navigation_bringup/share/navigation_bringup/maps
[0.879s] -- Installing: /home/tinker/tk24_navigation_tradition/tk24_navigation_tradition/install/navigation_bringup/share/navigation_bringup/maps/turtlebot3_world.pgm
[0.879s] -- Installing: /home/tinker/tk24_navigation_tradition/tk24_navigation_tradition/install/navigation_bringup/share/navigation_bringup/maps/turtlebot3_world.yaml
[0.879s] -- Installing: /home/tinker/tk24_navigation_tradition/tk24_navigation_tradition/install/navigation_bringup/share/navigation_bringup/params
[0.879s] -- Installing: /home/tinker/tk24_navigation_tradition/tk24_navigation_tradition/install/navigation_bringup/share/navigation_bringup/params/nav2_params.yaml
[0.880s] -- Installing: /home/tinker/tk24_navigation_tradition/tk24_navigation_tradition/install/navigation_bringup/share/navigation_bringup/params/nav2_multirobot_params_1.yaml
[0.880s] -- Installing: /home/tinker/tk24_navigation_tradition/tk24_navigation_tradition/install/navigation_bringup/share/navigation_bringup/params/nav2_multirobot_params_all.yaml
[0.880s] -- Installing: /home/tinker/tk24_navigation_tradition/tk24_navigation_tradition/install/navigation_bringup/share/navigation_bringup/params/nav2_multirobot_params_2.yaml
[0.880s] -- Installing: /home/tinker/tk24_navigation_tradition/tk24_navigation_tradition/install/navigation_bringup/share/navigation_bringup/rviz
[0.880s] -- Installing: /home/tinker/tk24_navigation_tradition/tk24_navigation_tradition/install/navigation_bringup/share/navigation_bringup/rviz/nav2_namespaced_view.rviz
[0.880s] -- Installing: /home/tinker/tk24_navigation_tradition/tk24_navigation_tradition/install/navigation_bringup/share/navigation_bringup/rviz/nav2_default_view.rviz
[0.880s] -- Installing: /home/tinker/tk24_navigation_tradition/tk24_navigation_tradition/install/navigation_bringup/share/ament_index/resource_index/package_run_dependencies/navigation_bringup
[0.880s] -- Installing: /home/tinker/tk24_navigation_tradition/tk24_navigation_tradition/install/navigation_bringup/share/ament_index/resource_index/parent_prefix_path/navigation_bringup
[0.880s] -- Installing: /home/tinker/tk24_navigation_tradition/tk24_navigation_tradition/install/navigation_bringup/share/navigation_bringup/environment/ament_prefix_path.sh
[0.880s] -- Installing: /home/tinker/tk24_navigation_tradition/tk24_navigation_tradition/install/navigation_bringup/share/navigation_bringup/environment/ament_prefix_path.dsv
[0.880s] -- Installing: /home/tinker/tk24_navigation_tradition/tk24_navigation_tradition/install/navigation_bringup/share/navigation_bringup/environment/path.sh
[0.880s] -- Installing: /home/tinker/tk24_navigation_tradition/tk24_navigation_tradition/install/navigation_bringup/share/navigation_bringup/environment/path.dsv
[0.881s] -- Installing: /home/tinker/tk24_navigation_tradition/tk24_navigation_tradition/install/navigation_bringup/share/navigation_bringup/local_setup.bash
[0.881s] -- Installing: /home/tinker/tk24_navigation_tradition/tk24_navigation_tradition/install/navigation_bringup/share/navigation_bringup/local_setup.sh
[0.881s] -- Installing: /home/tinker/tk24_navigation_tradition/tk24_navigation_tradition/install/navigation_bringup/share/navigation_bringup/local_setup.zsh
[0.881s] -- Installing: /home/tinker/tk24_navigation_tradition/tk24_navigation_tradition/install/navigation_bringup/share/navigation_bringup/local_setup.dsv
[0.881s] -- Installing: /home/tinker/tk24_navigation_tradition/tk24_navigation_tradition/install/navigation_bringup/share/navigation_bringup/package.dsv
[0.881s] -- Installing: /home/tinker/tk24_navigation_tradition/tk24_navigation_tradition/install/navigation_bringup/share/ament_index/resource_index/packages/navigation_bringup
[0.881s] -- Installing: /home/tinker/tk24_navigation_tradition/tk24_navigation_tradition/install/navigation_bringup/share/navigation_bringup/cmake/navigation_bringupConfig.cmake
[0.881s] -- Installing: /home/tinker/tk24_navigation_tradition/tk24_navigation_tradition/install/navigation_bringup/share/navigation_bringup/cmake/navigation_bringupConfig-version.cmake
[0.882s] -- Installing: /home/tinker/tk24_navigation_tradition/tk24_navigation_tradition/install/navigation_bringup/share/navigation_bringup/package.xml
[0.882s] Invoked command in '/home/tinker/tk24_navigation_tradition/tk24_navigation_tradition/build/navigation_bringup' returned '0': CMAKE_PREFIX_PATH=/home/tinker/Tinker_HOME/tk24_navigation/install/tracer_base:/home/tinker/Tinker_HOME/tk24_navigation/install/ros2_grasp_position_compute:/home/tinker/Tinker_HOME/tk24_navigation/install/nav_api:/opt/ros/humble:/home/tinker/Tinker_HOME/tk24_navigation/install/ugv_sdk:/home/tinker/Tinker_HOME/tk24_navigation/install/tracer_msgs:/home/tinker/Tinker_HOME/tk24_navigation/install/tk_nav_interfaces:/home/tinker/Tinker_HOME/tk24_navigation/install/tinker_nav_bringup:/home/tinker/Tinker_HOME/tk24_navigation/install/rtab_map:/home/tinker/Tinker_HOME/tk24_navigation/install/orbbec_description:/home/tinker/Tinker_HOME/tk24_navigation/install/orbbec_camera_msgs:/home/tinker/Tinker_HOME/tk24_navigation/install/compute_grasp_interface /home/tinker/.local/bin/cmake --install /home/tinker/tk24_navigation_tradition/tk24_navigation_tradition/build/navigation_bringup
