[0mCMake Deprecation Warning at CMakeLists.txt:1 (cmake_minimum_required):
  Compatibility with CMake < 3.10 will be removed from a future version of
  CMake.

  Update the VERSION argument <min> value or use a ...<max> suffix to tell
  CMake that the project does not need compatibility with older versions.

[0m
-- The C compiler identification is GNU 11.4.0
-- The CXX compiler identification is GNU 11.4.0
-- Detecting C compiler ABI info
-- Detecting C compiler ABI info - done
-- Check for working C compiler: /usr/bin/cc - skipped
-- Detecting C compile features
-- Detecting C compile features - done
-- Detecting CXX compiler ABI info
-- Detecting CXX compiler ABI info - done
-- Check for working CXX compiler: /usr/bin/c++ - skipped
-- Detecting CXX compile features
-- Detecting CXX compile features - done
-- Found ament_cmake: 1.3.9 (/opt/ros/humble/share/ament_cmake/cmake)
-- Found Python3: /usr/bin/python3 (found version "3.10.12") found components: Interpreter
-- Found builtin_interfaces: 1.2.1 (/opt/ros/humble/share/builtin_interfaces/cmake)
-- Found rosidl_generator_c: 3.1.5 (/opt/ros/humble/share/rosidl_generator_c/cmake)
-- Found rosidl_adapter: 3.1.5 (/opt/ros/humble/share/rosidl_adapter/cmake)
-- Found rosidl_generator_cpp: 3.1.5 (/opt/ros/humble/share/rosidl_generator_cpp/cmake)
-- Using all available rosidl_typesupport_c: rosidl_typesupport_fastrtps_c;rosidl_typesupport_introspection_c
-- Using all available rosidl_typesupport_cpp: rosidl_typesupport_fastrtps_cpp;rosidl_typesupport_introspection_cpp
-- Found rosidl_default_generators: 1.2.0 (/opt/ros/humble/share/rosidl_default_generators/cmake)
-- Found std_msgs: 4.2.4 (/opt/ros/humble/share/std_msgs/cmake)
-- Found ament_cmake_ros: 0.10.0 (/opt/ros/humble/share/ament_cmake_ros/cmake)
-- Using all available rosidl_typesupport_c: rosidl_typesupport_fastrtps_c;rosidl_typesupport_introspection_c
-- Using all available rosidl_typesupport_cpp: rosidl_typesupport_fastrtps_cpp;rosidl_typesupport_introspection_cpp
[33mCMake Warning (dev) at /opt/ros/humble/share/rosidl_generator_py/cmake/rosidl_generator_py_generate_interfaces.cmake:20 (find_package):
  Policy CMP0148 is not set: The FindPythonInterp and FindPythonLibs modules
  are removed.  Run "cmake --help-policy CMP0148" for policy details.  Use
  the cmake_policy command to set the policy and suppress this warning.

Call Stack (most recent call first):
  /opt/ros/humble/share/ament_cmake_core/cmake/core/ament_execute_extensions.cmake:48 (include)
  /opt/ros/humble/share/rosidl_cmake/cmake/rosidl_generate_interfaces.cmake:286 (ament_execute_extensions)
  CMakeLists.txt:34 (rosidl_generate_interfaces)
This warning is for project developers.  Use -Wno-dev to suppress it.
[0m
-- Found PythonInterp: /usr/bin/python3 (found suitable version "3.10.12", minimum required is "3.6")
-- Found python_cmake_module: 0.10.0 (/opt/ros/humble/share/python_cmake_module/cmake)
[33mCMake Warning (dev) at /opt/ros/humble/share/python_cmake_module/cmake/Modules/FindPythonExtra.cmake:52 (find_package):
  Policy CMP0148 is not set: The FindPythonInterp and FindPythonLibs modules
  are removed.  Run "cmake --help-policy CMP0148" for policy details.  Use
  the cmake_policy command to set the policy and suppress this warning.

Call Stack (most recent call first):
  /opt/ros/humble/share/rosidl_generator_py/cmake/rosidl_generator_py_generate_interfaces.cmake:23 (find_package)
  /opt/ros/humble/share/ament_cmake_core/cmake/core/ament_execute_extensions.cmake:48 (include)
  /opt/ros/humble/share/rosidl_cmake/cmake/rosidl_generate_interfaces.cmake:286 (ament_execute_extensions)
  CMakeLists.txt:34 (rosidl_generate_interfaces)
This warning is for project developers.  Use -Wno-dev to suppress it.
[0m
[33mCMake Warning (dev) at /opt/ros/humble/share/python_cmake_module/cmake/Modules/FindPythonExtra.cmake:140 (find_package):
  Policy CMP0148 is not set: The FindPythonInterp and FindPythonLibs modules
  are removed.  Run "cmake --help-policy CMP0148" for policy details.  Use
  the cmake_policy command to set the policy and suppress this warning.

Call Stack (most recent call first):
  /opt/ros/humble/share/rosidl_generator_py/cmake/rosidl_generator_py_generate_interfaces.cmake:23 (find_package)
  /opt/ros/humble/share/ament_cmake_core/cmake/core/ament_execute_extensions.cmake:48 (include)
  /opt/ros/humble/share/rosidl_cmake/cmake/rosidl_generate_interfaces.cmake:286 (ament_execute_extensions)
  CMakeLists.txt:34 (rosidl_generate_interfaces)
This warning is for project developers.  Use -Wno-dev to suppress it.
[0m
-- Found PythonLibs: /usr/lib/x86_64-linux-gnu/libpython3.10.so (found suitable version "3.10.12", minimum required is "3.5")
-- Using PYTHON_EXECUTABLE: /usr/bin/python3
-- Using PYTHON_INCLUDE_DIRS: /usr/include/python3.10
-- Using PYTHON_LIBRARIES: /usr/lib/x86_64-linux-gnu/libpython3.10.so
-- Found PythonExtra: .so
-- Found ament_lint_auto: 0.12.11 (/opt/ros/humble/share/ament_lint_auto/cmake)
-- Added test 'copyright' to check source files copyright and LICENSE
-- Added test 'lint_cmake' to check CMake code style
-- Added test 'xmllint' to check XML markup files
-- Configuring done (2.3s)
-- Generating done (0.0s)
-- Build files have been written to: /home/tinker/tk24_navigation_tradition/tk24_navigation_tradition/build/tracer_msgs
[  1%] [34m[1mGenerating C code for ROS interfaces[0m
[  3%] [34m[1mGenerating C++ code for ROS interfaces[0m
[  3%] Built target ament_cmake_python_copy_tracer_msgs
running egg_info
creating tracer_msgs.egg-info
writing tracer_msgs.egg-info/PKG-INFO
writing dependency_links to tracer_msgs.egg-info/dependency_links.txt
writing top-level names to tracer_msgs.egg-info/top_level.txt
writing manifest file 'tracer_msgs.egg-info/SOURCES.txt'
reading manifest file 'tracer_msgs.egg-info/SOURCES.txt'
writing manifest file 'tracer_msgs.egg-info/SOURCES.txt'
[  3%] Built target ament_cmake_python_build_tracer_msgs_egg
[  3%] Built target tracer_msgs__cpp
[  4%] [34m[1mGenerating C++ type support dispatch for ROS interfaces[0m
[  6%] [34m[1mGenerating C++ introspection for ROS interfaces[0m
[  7%] [34m[1mGenerating C++ type support for eProsima Fast-RTPS[0m
[  9%] [32mBuilding C object CMakeFiles/tracer_msgs__rosidl_generator_c.dir/rosidl_generator_c/tracer_msgs/msg/detail/tracer_actuator_state__functions.c.o[0m
[ 12%] [32mBuilding C object CMakeFiles/tracer_msgs__rosidl_generator_c.dir/rosidl_generator_c/tracer_msgs/msg/detail/tracer_light_cmd__functions.c.o[0m
[ 12%] [32mBuilding C object CMakeFiles/tracer_msgs__rosidl_generator_c.dir/rosidl_generator_c/tracer_msgs/msg/detail/tracer_light_state__functions.c.o[0m
[ 14%] [32mBuilding C object CMakeFiles/tracer_msgs__rosidl_generator_c.dir/rosidl_generator_c/tracer_msgs/msg/detail/tracer_rc_state__functions.c.o[0m
[ 15%] [32mBuilding C object CMakeFiles/tracer_msgs__rosidl_generator_c.dir/rosidl_generator_c/tracer_msgs/msg/detail/tracer_status__functions.c.o[0m
[ 17%] [32m[1mLinking C shared library libtracer_msgs__rosidl_generator_c.so[0m
[ 17%] Built target tracer_msgs__rosidl_generator_c
[ 19%] [34m[1mGenerating C type support for eProsima Fast-RTPS[0m
[ 20%] [34m[1mGenerating C introspection for ROS interfaces[0m
[ 22%] [34m[1mGenerating C type support dispatch for ROS interfaces[0m
[ 23%] [32mBuilding CXX object CMakeFiles/tracer_msgs__rosidl_typesupport_cpp.dir/rosidl_typesupport_cpp/tracer_msgs/msg/tracer_actuator_state__type_support.cpp.o[0m
[ 25%] [32mBuilding CXX object CMakeFiles/tracer_msgs__rosidl_typesupport_cpp.dir/rosidl_typesupport_cpp/tracer_msgs/msg/tracer_light_cmd__type_support.cpp.o[0m
[ 26%] [32mBuilding CXX object CMakeFiles/tracer_msgs__rosidl_typesupport_cpp.dir/rosidl_typesupport_cpp/tracer_msgs/msg/tracer_status__type_support.cpp.o[0m
[ 28%] [32mBuilding CXX object CMakeFiles/tracer_msgs__rosidl_typesupport_cpp.dir/rosidl_typesupport_cpp/tracer_msgs/msg/tracer_light_state__type_support.cpp.o[0m
[ 30%] [32mBuilding CXX object CMakeFiles/tracer_msgs__rosidl_typesupport_cpp.dir/rosidl_typesupport_cpp/tracer_msgs/msg/tracer_rc_state__type_support.cpp.o[0m
[ 31%] [32mBuilding CXX object CMakeFiles/tracer_msgs__rosidl_typesupport_introspection_cpp.dir/rosidl_typesupport_introspection_cpp/tracer_msgs/msg/detail/tracer_light_state__type_support.cpp.o[0m
[ 34%] [32mBuilding CXX object CMakeFiles/tracer_msgs__rosidl_typesupport_introspection_cpp.dir/rosidl_typesupport_introspection_cpp/tracer_msgs/msg/detail/tracer_light_cmd__type_support.cpp.o[0m
[ 34%] [32mBuilding CXX object CMakeFiles/tracer_msgs__rosidl_typesupport_introspection_cpp.dir/rosidl_typesupport_introspection_cpp/tracer_msgs/msg/detail/tracer_rc_state__type_support.cpp.o[0m
[ 36%] [32mBuilding CXX object CMakeFiles/tracer_msgs__rosidl_typesupport_introspection_cpp.dir/rosidl_typesupport_introspection_cpp/tracer_msgs/msg/detail/tracer_status__type_support.cpp.o[0m
[ 38%] [32mBuilding CXX object CMakeFiles/tracer_msgs__rosidl_typesupport_introspection_cpp.dir/rosidl_typesupport_introspection_cpp/tracer_msgs/msg/detail/tracer_actuator_state__type_support.cpp.o[0m
[ 39%] [32mBuilding CXX object CMakeFiles/tracer_msgs__rosidl_typesupport_c.dir/rosidl_typesupport_c/tracer_msgs/msg/tracer_actuator_state__type_support.cpp.o[0m
[ 41%] [32mBuilding CXX object CMakeFiles/tracer_msgs__rosidl_typesupport_c.dir/rosidl_typesupport_c/tracer_msgs/msg/tracer_light_cmd__type_support.cpp.o[0m
[ 44%] [32mBuilding CXX object CMakeFiles/tracer_msgs__rosidl_typesupport_c.dir/rosidl_typesupport_c/tracer_msgs/msg/tracer_light_state__type_support.cpp.o[0m
[ 44%] [32mBuilding CXX object CMakeFiles/tracer_msgs__rosidl_typesupport_c.dir/rosidl_typesupport_c/tracer_msgs/msg/tracer_status__type_support.cpp.o[0m
[ 46%] [32mBuilding CXX object CMakeFiles/tracer_msgs__rosidl_typesupport_c.dir/rosidl_typesupport_c/tracer_msgs/msg/tracer_rc_state__type_support.cpp.o[0m
[ 47%] [32m[1mLinking CXX shared library libtracer_msgs__rosidl_typesupport_c.so[0m
[ 47%] Built target tracer_msgs__rosidl_typesupport_c
[ 49%] [32mBuilding CXX object CMakeFiles/tracer_msgs__rosidl_typesupport_fastrtps_cpp.dir/rosidl_typesupport_fastrtps_cpp/tracer_msgs/msg/detail/dds_fastrtps/tracer_light_state__type_support.cpp.o[0m
[ 50%] [32mBuilding CXX object CMakeFiles/tracer_msgs__rosidl_typesupport_fastrtps_cpp.dir/rosidl_typesupport_fastrtps_cpp/tracer_msgs/msg/detail/dds_fastrtps/tracer_actuator_state__type_support.cpp.o[0m
[ 52%] [32mBuilding CXX object CMakeFiles/tracer_msgs__rosidl_typesupport_fastrtps_cpp.dir/rosidl_typesupport_fastrtps_cpp/tracer_msgs/msg/detail/dds_fastrtps/tracer_light_cmd__type_support.cpp.o[0m
[ 53%] [32mBuilding CXX object CMakeFiles/tracer_msgs__rosidl_typesupport_fastrtps_cpp.dir/rosidl_typesupport_fastrtps_cpp/tracer_msgs/msg/detail/dds_fastrtps/tracer_rc_state__type_support.cpp.o[0m
[ 55%] [32mBuilding CXX object CMakeFiles/tracer_msgs__rosidl_typesupport_fastrtps_cpp.dir/rosidl_typesupport_fastrtps_cpp/tracer_msgs/msg/detail/dds_fastrtps/tracer_status__type_support.cpp.o[0m
[ 57%] [32m[1mLinking CXX shared library libtracer_msgs__rosidl_typesupport_cpp.so[0m
[ 58%] [32mBuilding C object CMakeFiles/tracer_msgs__rosidl_typesupport_introspection_c.dir/rosidl_typesupport_introspection_c/tracer_msgs/msg/detail/tracer_actuator_state__type_support.c.o[0m
[ 60%] [32mBuilding C object CMakeFiles/tracer_msgs__rosidl_typesupport_introspection_c.dir/rosidl_typesupport_introspection_c/tracer_msgs/msg/detail/tracer_light_cmd__type_support.c.o[0m
[ 61%] [32mBuilding C object CMakeFiles/tracer_msgs__rosidl_typesupport_introspection_c.dir/rosidl_typesupport_introspection_c/tracer_msgs/msg/detail/tracer_light_state__type_support.c.o[0m
[ 63%] [32mBuilding C object CMakeFiles/tracer_msgs__rosidl_typesupport_introspection_c.dir/rosidl_typesupport_introspection_c/tracer_msgs/msg/detail/tracer_rc_state__type_support.c.o[0m
[ 65%] [32mBuilding C object CMakeFiles/tracer_msgs__rosidl_typesupport_introspection_c.dir/rosidl_typesupport_introspection_c/tracer_msgs/msg/detail/tracer_status__type_support.c.o[0m
[ 65%] Built target tracer_msgs__rosidl_typesupport_cpp
[ 66%] [32m[1mLinking C shared library libtracer_msgs__rosidl_typesupport_introspection_c.so[0m
[ 68%] [32mBuilding CXX object CMakeFiles/tracer_msgs__rosidl_typesupport_fastrtps_c.dir/rosidl_typesupport_fastrtps_c/tracer_msgs/msg/detail/tracer_light_state__type_support_c.cpp.o[0m
[ 69%] [32mBuilding CXX object CMakeFiles/tracer_msgs__rosidl_typesupport_fastrtps_c.dir/rosidl_typesupport_fastrtps_c/tracer_msgs/msg/detail/tracer_actuator_state__type_support_c.cpp.o[0m
[ 71%] [32mBuilding CXX object CMakeFiles/tracer_msgs__rosidl_typesupport_fastrtps_c.dir/rosidl_typesupport_fastrtps_c/tracer_msgs/msg/detail/tracer_light_cmd__type_support_c.cpp.o[0m
[ 74%] [32mBuilding CXX object CMakeFiles/tracer_msgs__rosidl_typesupport_fastrtps_c.dir/rosidl_typesupport_fastrtps_c/tracer_msgs/msg/detail/tracer_status__type_support_c.cpp.o[0m
[ 74%] [32mBuilding CXX object CMakeFiles/tracer_msgs__rosidl_typesupport_fastrtps_c.dir/rosidl_typesupport_fastrtps_c/tracer_msgs/msg/detail/tracer_rc_state__type_support_c.cpp.o[0m
[ 74%] Built target tracer_msgs__rosidl_typesupport_introspection_c
[ 76%] [32m[1mLinking CXX shared library libtracer_msgs__rosidl_typesupport_introspection_cpp.so[0m
[ 76%] Built target tracer_msgs__rosidl_typesupport_introspection_cpp
[ 77%] [32m[1mLinking CXX shared library libtracer_msgs__rosidl_typesupport_fastrtps_c.so[0m
[ 79%] [32m[1mLinking CXX shared library libtracer_msgs__rosidl_typesupport_fastrtps_cpp.so[0m
[ 79%] Built target tracer_msgs__rosidl_typesupport_fastrtps_c
[ 79%] Built target tracer_msgs__rosidl_typesupport_fastrtps_cpp
[ 79%] Built target tracer_msgs
[ 80%] [34m[1mGenerating Python code for ROS interfaces[0m
[ 80%] Built target tracer_msgs__py
[ 82%] [32mBuilding C object CMakeFiles/tracer_msgs__rosidl_generator_py.dir/rosidl_generator_py/tracer_msgs/msg/_tracer_actuator_state_s.c.o[0m
[ 84%] [32mBuilding C object CMakeFiles/tracer_msgs__rosidl_generator_py.dir/rosidl_generator_py/tracer_msgs/msg/_tracer_light_cmd_s.c.o[0m
[ 85%] [32mBuilding C object CMakeFiles/tracer_msgs__rosidl_generator_py.dir/rosidl_generator_py/tracer_msgs/msg/_tracer_light_state_s.c.o[0m
[ 87%] [32mBuilding C object CMakeFiles/tracer_msgs__rosidl_generator_py.dir/rosidl_generator_py/tracer_msgs/msg/_tracer_rc_state_s.c.o[0m
[ 88%] [32mBuilding C object CMakeFiles/tracer_msgs__rosidl_generator_py.dir/rosidl_generator_py/tracer_msgs/msg/_tracer_status_s.c.o[0m
[ 90%] [32m[1mLinking C shared library rosidl_generator_py/tracer_msgs/libtracer_msgs__rosidl_generator_py.so[0m
[ 90%] Built target tracer_msgs__rosidl_generator_py
[ 92%] [32mBuilding C object CMakeFiles/tracer_msgs__rosidl_typesupport_fastrtps_c__pyext.dir/rosidl_generator_py/tracer_msgs/_tracer_msgs_s.ep.rosidl_typesupport_fastrtps_c.c.o[0m
[ 93%] [32mBuilding C object CMakeFiles/tracer_msgs__rosidl_typesupport_introspection_c__pyext.dir/rosidl_generator_py/tracer_msgs/_tracer_msgs_s.ep.rosidl_typesupport_introspection_c.c.o[0m
[ 95%] [32mBuilding C object CMakeFiles/tracer_msgs__rosidl_typesupport_c__pyext.dir/rosidl_generator_py/tracer_msgs/_tracer_msgs_s.ep.rosidl_typesupport_c.c.o[0m
[ 96%] [32m[1mLinking C shared library rosidl_generator_py/tracer_msgs/tracer_msgs_s__rosidl_typesupport_introspection_c.cpython-310-x86_64-linux-gnu.so[0m
[ 98%] [32m[1mLinking C shared library rosidl_generator_py/tracer_msgs/tracer_msgs_s__rosidl_typesupport_c.cpython-310-x86_64-linux-gnu.so[0m
[100%] [32m[1mLinking C shared library rosidl_generator_py/tracer_msgs/tracer_msgs_s__rosidl_typesupport_fastrtps_c.cpython-310-x86_64-linux-gnu.so[0m
[100%] Built target tracer_msgs__rosidl_typesupport_introspection_c__pyext
[100%] Built target tracer_msgs__rosidl_typesupport_c__pyext
[100%] Built target tracer_msgs__rosidl_typesupport_fastrtps_c__pyext
-- Install configuration: ""
-- Installing: /home/tinker/tk24_navigation_tradition/tk24_navigation_tradition/install/tracer_msgs/share/ament_index/resource_index/rosidl_interfaces/tracer_msgs
-- Installing: /home/tinker/tk24_navigation_tradition/tk24_navigation_tradition/install/tracer_msgs/include/tracer_msgs/tracer_msgs
-- Installing: /home/tinker/tk24_navigation_tradition/tk24_navigation_tradition/install/tracer_msgs/include/tracer_msgs/tracer_msgs/msg
-- Installing: /home/tinker/tk24_navigation_tradition/tk24_navigation_tradition/install/tracer_msgs/include/tracer_msgs/tracer_msgs/msg/tracer_light_cmd.h
-- Installing: /home/tinker/tk24_navigation_tradition/tk24_navigation_tradition/install/tracer_msgs/include/tracer_msgs/tracer_msgs/msg/tracer_light_state.h
-- Installing: /home/tinker/tk24_navigation_tradition/tk24_navigation_tradition/install/tracer_msgs/include/tracer_msgs/tracer_msgs/msg/tracer_actuator_state.h
-- Installing: /home/tinker/tk24_navigation_tradition/tk24_navigation_tradition/install/tracer_msgs/include/tracer_msgs/tracer_msgs/msg/tracer_rc_state.h
-- Installing: /home/tinker/tk24_navigation_tradition/tk24_navigation_tradition/install/tracer_msgs/include/tracer_msgs/tracer_msgs/msg/rosidl_generator_c__visibility_control.h
-- Installing: /home/tinker/tk24_navigation_tradition/tk24_navigation_tradition/install/tracer_msgs/include/tracer_msgs/tracer_msgs/msg/tracer_status.h
-- Installing: /home/tinker/tk24_navigation_tradition/tk24_navigation_tradition/install/tracer_msgs/include/tracer_msgs/tracer_msgs/msg/detail
-- Installing: /home/tinker/tk24_navigation_tradition/tk24_navigation_tradition/install/tracer_msgs/include/tracer_msgs/tracer_msgs/msg/detail/tracer_light_state__struct.h
-- Installing: /home/tinker/tk24_navigation_tradition/tk24_navigation_tradition/install/tracer_msgs/include/tracer_msgs/tracer_msgs/msg/detail/tracer_rc_state__functions.c
-- Installing: /home/tinker/tk24_navigation_tradition/tk24_navigation_tradition/install/tracer_msgs/include/tracer_msgs/tracer_msgs/msg/detail/tracer_light_cmd__struct.h
-- Installing: /home/tinker/tk24_navigation_tradition/tk24_navigation_tradition/install/tracer_msgs/include/tracer_msgs/tracer_msgs/msg/detail/tracer_actuator_state__type_support.h
-- Installing: /home/tinker/tk24_navigation_tradition/tk24_navigation_tradition/install/tracer_msgs/include/tracer_msgs/tracer_msgs/msg/detail/tracer_actuator_state__functions.h
-- Installing: /home/tinker/tk24_navigation_tradition/tk24_navigation_tradition/install/tracer_msgs/include/tracer_msgs/tracer_msgs/msg/detail/tracer_light_state__type_support.h
-- Installing: /home/tinker/tk24_navigation_tradition/tk24_navigation_tradition/install/tracer_msgs/include/tracer_msgs/tracer_msgs/msg/detail/tracer_status__functions.h
-- Installing: /home/tinker/tk24_navigation_tradition/tk24_navigation_tradition/install/tracer_msgs/include/tracer_msgs/tracer_msgs/msg/detail/tracer_rc_state__functions.h
-- Installing: /home/tinker/tk24_navigation_tradition/tk24_navigation_tradition/install/tracer_msgs/include/tracer_msgs/tracer_msgs/msg/detail/tracer_light_cmd__type_support.h
-- Installing: /home/tinker/tk24_navigation_tradition/tk24_navigation_tradition/install/tracer_msgs/include/tracer_msgs/tracer_msgs/msg/detail/tracer_actuator_state__struct.h
-- Installing: /home/tinker/tk24_navigation_tradition/tk24_navigation_tradition/install/tracer_msgs/include/tracer_msgs/tracer_msgs/msg/detail/tracer_status__type_support.h
-- Installing: /home/tinker/tk24_navigation_tradition/tk24_navigation_tradition/install/tracer_msgs/include/tracer_msgs/tracer_msgs/msg/detail/tracer_actuator_state__functions.c
-- Installing: /home/tinker/tk24_navigation_tradition/tk24_navigation_tradition/install/tracer_msgs/include/tracer_msgs/tracer_msgs/msg/detail/tracer_light_state__functions.c
-- Installing: /home/tinker/tk24_navigation_tradition/tk24_navigation_tradition/install/tracer_msgs/include/tracer_msgs/tracer_msgs/msg/detail/tracer_rc_state__struct.h
-- Installing: /home/tinker/tk24_navigation_tradition/tk24_navigation_tradition/install/tracer_msgs/include/tracer_msgs/tracer_msgs/msg/detail/tracer_light_cmd__functions.h
-- Installing: /home/tinker/tk24_navigation_tradition/tk24_navigation_tradition/install/tracer_msgs/include/tracer_msgs/tracer_msgs/msg/detail/tracer_light_state__functions.h
-- Installing: /home/tinker/tk24_navigation_tradition/tk24_navigation_tradition/install/tracer_msgs/include/tracer_msgs/tracer_msgs/msg/detail/tracer_light_cmd__functions.c
-- Installing: /home/tinker/tk24_navigation_tradition/tk24_navigation_tradition/install/tracer_msgs/include/tracer_msgs/tracer_msgs/msg/detail/tracer_rc_state__type_support.h
-- Installing: /home/tinker/tk24_navigation_tradition/tk24_navigation_tradition/install/tracer_msgs/include/tracer_msgs/tracer_msgs/msg/detail/tracer_status__struct.h
-- Installing: /home/tinker/tk24_navigation_tradition/tk24_navigation_tradition/install/tracer_msgs/include/tracer_msgs/tracer_msgs/msg/detail/tracer_status__functions.c
-- Installing: /home/tinker/tk24_navigation_tradition/tk24_navigation_tradition/install/tracer_msgs/share/tracer_msgs/environment/library_path.sh
-- Installing: /home/tinker/tk24_navigation_tradition/tk24_navigation_tradition/install/tracer_msgs/share/tracer_msgs/environment/library_path.dsv
-- Installing: /home/tinker/tk24_navigation_tradition/tk24_navigation_tradition/install/tracer_msgs/lib/libtracer_msgs__rosidl_generator_c.so
-- Set non-toolchain portion of runtime path of "/home/tinker/tk24_navigation_tradition/tk24_navigation_tradition/install/tracer_msgs/lib/libtracer_msgs__rosidl_generator_c.so" to ""
-- Up-to-date: /home/tinker/tk24_navigation_tradition/tk24_navigation_tradition/install/tracer_msgs/include/tracer_msgs/tracer_msgs
-- Up-to-date: /home/tinker/tk24_navigation_tradition/tk24_navigation_tradition/install/tracer_msgs/include/tracer_msgs/tracer_msgs/msg
-- Installing: /home/tinker/tk24_navigation_tradition/tk24_navigation_tradition/install/tracer_msgs/include/tracer_msgs/tracer_msgs/msg/rosidl_typesupport_fastrtps_c__visibility_control.h
-- Up-to-date: /home/tinker/tk24_navigation_tradition/tk24_navigation_tradition/install/tracer_msgs/include/tracer_msgs/tracer_msgs/msg/detail
-- Installing: /home/tinker/tk24_navigation_tradition/tk24_navigation_tradition/install/tracer_msgs/include/tracer_msgs/tracer_msgs/msg/detail/tracer_light_state__rosidl_typesupport_fastrtps_c.h
-- Installing: /home/tinker/tk24_navigation_tradition/tk24_navigation_tradition/install/tracer_msgs/include/tracer_msgs/tracer_msgs/msg/detail/tracer_status__rosidl_typesupport_fastrtps_c.h
-- Installing: /home/tinker/tk24_navigation_tradition/tk24_navigation_tradition/install/tracer_msgs/include/tracer_msgs/tracer_msgs/msg/detail/tracer_light_cmd__rosidl_typesupport_fastrtps_c.h
-- Installing: /home/tinker/tk24_navigation_tradition/tk24_navigation_tradition/install/tracer_msgs/include/tracer_msgs/tracer_msgs/msg/detail/tracer_rc_state__rosidl_typesupport_fastrtps_c.h
-- Installing: /home/tinker/tk24_navigation_tradition/tk24_navigation_tradition/install/tracer_msgs/include/tracer_msgs/tracer_msgs/msg/detail/tracer_actuator_state__rosidl_typesupport_fastrtps_c.h
-- Installing: /home/tinker/tk24_navigation_tradition/tk24_navigation_tradition/install/tracer_msgs/lib/libtracer_msgs__rosidl_typesupport_fastrtps_c.so
-- Set non-toolchain portion of runtime path of "/home/tinker/tk24_navigation_tradition/tk24_navigation_tradition/install/tracer_msgs/lib/libtracer_msgs__rosidl_typesupport_fastrtps_c.so" to ""
-- Up-to-date: /home/tinker/tk24_navigation_tradition/tk24_navigation_tradition/install/tracer_msgs/include/tracer_msgs/tracer_msgs
-- Up-to-date: /home/tinker/tk24_navigation_tradition/tk24_navigation_tradition/install/tracer_msgs/include/tracer_msgs/tracer_msgs/msg
-- Installing: /home/tinker/tk24_navigation_tradition/tk24_navigation_tradition/install/tracer_msgs/include/tracer_msgs/tracer_msgs/msg/tracer_light_state.hpp
-- Installing: /home/tinker/tk24_navigation_tradition/tk24_navigation_tradition/install/tracer_msgs/include/tracer_msgs/tracer_msgs/msg/tracer_status.hpp
-- Installing: /home/tinker/tk24_navigation_tradition/tk24_navigation_tradition/install/tracer_msgs/include/tracer_msgs/tracer_msgs/msg/tracer_light_cmd.hpp
-- Installing: /home/tinker/tk24_navigation_tradition/tk24_navigation_tradition/install/tracer_msgs/include/tracer_msgs/tracer_msgs/msg/tracer_rc_state.hpp
-- Installing: /home/tinker/tk24_navigation_tradition/tk24_navigation_tradition/install/tracer_msgs/include/tracer_msgs/tracer_msgs/msg/tracer_actuator_state.hpp
-- Up-to-date: /home/tinker/tk24_navigation_tradition/tk24_navigation_tradition/install/tracer_msgs/include/tracer_msgs/tracer_msgs/msg/detail
-- Installing: /home/tinker/tk24_navigation_tradition/tk24_navigation_tradition/install/tracer_msgs/include/tracer_msgs/tracer_msgs/msg/detail/tracer_light_cmd__builder.hpp
-- Installing: /home/tinker/tk24_navigation_tradition/tk24_navigation_tradition/install/tracer_msgs/include/tracer_msgs/tracer_msgs/msg/detail/tracer_light_state__struct.hpp
-- Installing: /home/tinker/tk24_navigation_tradition/tk24_navigation_tradition/install/tracer_msgs/include/tracer_msgs/tracer_msgs/msg/detail/tracer_rc_state__traits.hpp
-- Installing: /home/tinker/tk24_navigation_tradition/tk24_navigation_tradition/install/tracer_msgs/include/tracer_msgs/tracer_msgs/msg/detail/tracer_actuator_state__traits.hpp
-- Installing: /home/tinker/tk24_navigation_tradition/tk24_navigation_tradition/install/tracer_msgs/include/tracer_msgs/tracer_msgs/msg/detail/tracer_status__builder.hpp
-- Installing: /home/tinker/tk24_navigation_tradition/tk24_navigation_tradition/install/tracer_msgs/include/tracer_msgs/tracer_msgs/msg/detail/tracer_rc_state__struct.hpp
-- Installing: /home/tinker/tk24_navigation_tradition/tk24_navigation_tradition/install/tracer_msgs/include/tracer_msgs/tracer_msgs/msg/detail/tracer_actuator_state__struct.hpp
-- Installing: /home/tinker/tk24_navigation_tradition/tk24_navigation_tradition/install/tracer_msgs/include/tracer_msgs/tracer_msgs/msg/detail/tracer_actuator_state__builder.hpp
-- Installing: /home/tinker/tk24_navigation_tradition/tk24_navigation_tradition/install/tracer_msgs/include/tracer_msgs/tracer_msgs/msg/detail/tracer_status__struct.hpp
-- Installing: /home/tinker/tk24_navigation_tradition/tk24_navigation_tradition/install/tracer_msgs/include/tracer_msgs/tracer_msgs/msg/detail/tracer_light_state__traits.hpp
-- Installing: /home/tinker/tk24_navigation_tradition/tk24_navigation_tradition/install/tracer_msgs/include/tracer_msgs/tracer_msgs/msg/detail/tracer_light_state__builder.hpp
-- Installing: /home/tinker/tk24_navigation_tradition/tk24_navigation_tradition/install/tracer_msgs/include/tracer_msgs/tracer_msgs/msg/detail/tracer_rc_state__builder.hpp
-- Installing: /home/tinker/tk24_navigation_tradition/tk24_navigation_tradition/install/tracer_msgs/include/tracer_msgs/tracer_msgs/msg/detail/tracer_status__traits.hpp
-- Installing: /home/tinker/tk24_navigation_tradition/tk24_navigation_tradition/install/tracer_msgs/include/tracer_msgs/tracer_msgs/msg/detail/tracer_light_cmd__traits.hpp
-- Installing: /home/tinker/tk24_navigation_tradition/tk24_navigation_tradition/install/tracer_msgs/include/tracer_msgs/tracer_msgs/msg/detail/tracer_light_cmd__struct.hpp
-- Up-to-date: /home/tinker/tk24_navigation_tradition/tk24_navigation_tradition/install/tracer_msgs/include/tracer_msgs/tracer_msgs
-- Up-to-date: /home/tinker/tk24_navigation_tradition/tk24_navigation_tradition/install/tracer_msgs/include/tracer_msgs/tracer_msgs/msg
-- Installing: /home/tinker/tk24_navigation_tradition/tk24_navigation_tradition/install/tracer_msgs/include/tracer_msgs/tracer_msgs/msg/rosidl_typesupport_fastrtps_cpp__visibility_control.h
-- Up-to-date: /home/tinker/tk24_navigation_tradition/tk24_navigation_tradition/install/tracer_msgs/include/tracer_msgs/tracer_msgs/msg/detail
-- Installing: /home/tinker/tk24_navigation_tradition/tk24_navigation_tradition/install/tracer_msgs/include/tracer_msgs/tracer_msgs/msg/detail/tracer_light_cmd__rosidl_typesupport_fastrtps_cpp.hpp
-- Installing: /home/tinker/tk24_navigation_tradition/tk24_navigation_tradition/install/tracer_msgs/include/tracer_msgs/tracer_msgs/msg/detail/tracer_rc_state__rosidl_typesupport_fastrtps_cpp.hpp
-- Installing: /home/tinker/tk24_navigation_tradition/tk24_navigation_tradition/install/tracer_msgs/include/tracer_msgs/tracer_msgs/msg/detail/dds_fastrtps
-- Installing: /home/tinker/tk24_navigation_tradition/tk24_navigation_tradition/install/tracer_msgs/include/tracer_msgs/tracer_msgs/msg/detail/tracer_actuator_state__rosidl_typesupport_fastrtps_cpp.hpp
-- Installing: /home/tinker/tk24_navigation_tradition/tk24_navigation_tradition/install/tracer_msgs/include/tracer_msgs/tracer_msgs/msg/detail/tracer_light_state__rosidl_typesupport_fastrtps_cpp.hpp
-- Installing: /home/tinker/tk24_navigation_tradition/tk24_navigation_tradition/install/tracer_msgs/include/tracer_msgs/tracer_msgs/msg/detail/tracer_status__rosidl_typesupport_fastrtps_cpp.hpp
-- Installing: /home/tinker/tk24_navigation_tradition/tk24_navigation_tradition/install/tracer_msgs/lib/libtracer_msgs__rosidl_typesupport_fastrtps_cpp.so
-- Set non-toolchain portion of runtime path of "/home/tinker/tk24_navigation_tradition/tk24_navigation_tradition/install/tracer_msgs/lib/libtracer_msgs__rosidl_typesupport_fastrtps_cpp.so" to ""
-- Up-to-date: /home/tinker/tk24_navigation_tradition/tk24_navigation_tradition/install/tracer_msgs/include/tracer_msgs/tracer_msgs
-- Up-to-date: /home/tinker/tk24_navigation_tradition/tk24_navigation_tradition/install/tracer_msgs/include/tracer_msgs/tracer_msgs/msg
-- Installing: /home/tinker/tk24_navigation_tradition/tk24_navigation_tradition/install/tracer_msgs/include/tracer_msgs/tracer_msgs/msg/rosidl_typesupport_introspection_c__visibility_control.h
-- Up-to-date: /home/tinker/tk24_navigation_tradition/tk24_navigation_tradition/install/tracer_msgs/include/tracer_msgs/tracer_msgs/msg/detail
-- Installing: /home/tinker/tk24_navigation_tradition/tk24_navigation_tradition/install/tracer_msgs/include/tracer_msgs/tracer_msgs/msg/detail/tracer_actuator_state__rosidl_typesupport_introspection_c.h
-- Installing: /home/tinker/tk24_navigation_tradition/tk24_navigation_tradition/install/tracer_msgs/include/tracer_msgs/tracer_msgs/msg/detail/tracer_light_state__rosidl_typesupport_introspection_c.h
-- Installing: /home/tinker/tk24_navigation_tradition/tk24_navigation_tradition/install/tracer_msgs/include/tracer_msgs/tracer_msgs/msg/detail/tracer_rc_state__type_support.c
-- Installing: /home/tinker/tk24_navigation_tradition/tk24_navigation_tradition/install/tracer_msgs/include/tracer_msgs/tracer_msgs/msg/detail/tracer_rc_state__rosidl_typesupport_introspection_c.h
-- Installing: /home/tinker/tk24_navigation_tradition/tk24_navigation_tradition/install/tracer_msgs/include/tracer_msgs/tracer_msgs/msg/detail/tracer_light_cmd__type_support.c
-- Installing: /home/tinker/tk24_navigation_tradition/tk24_navigation_tradition/install/tracer_msgs/include/tracer_msgs/tracer_msgs/msg/detail/tracer_status__type_support.c
-- Installing: /home/tinker/tk24_navigation_tradition/tk24_navigation_tradition/install/tracer_msgs/include/tracer_msgs/tracer_msgs/msg/detail/tracer_light_state__type_support.c
-- Installing: /home/tinker/tk24_navigation_tradition/tk24_navigation_tradition/install/tracer_msgs/include/tracer_msgs/tracer_msgs/msg/detail/tracer_actuator_state__type_support.c
-- Installing: /home/tinker/tk24_navigation_tradition/tk24_navigation_tradition/install/tracer_msgs/include/tracer_msgs/tracer_msgs/msg/detail/tracer_light_cmd__rosidl_typesupport_introspection_c.h
-- Installing: /home/tinker/tk24_navigation_tradition/tk24_navigation_tradition/install/tracer_msgs/include/tracer_msgs/tracer_msgs/msg/detail/tracer_status__rosidl_typesupport_introspection_c.h
-- Installing: /home/tinker/tk24_navigation_tradition/tk24_navigation_tradition/install/tracer_msgs/lib/libtracer_msgs__rosidl_typesupport_introspection_c.so
-- Set non-toolchain portion of runtime path of "/home/tinker/tk24_navigation_tradition/tk24_navigation_tradition/install/tracer_msgs/lib/libtracer_msgs__rosidl_typesupport_introspection_c.so" to ""
-- Installing: /home/tinker/tk24_navigation_tradition/tk24_navigation_tradition/install/tracer_msgs/lib/libtracer_msgs__rosidl_typesupport_c.so
-- Set non-toolchain portion of runtime path of "/home/tinker/tk24_navigation_tradition/tk24_navigation_tradition/install/tracer_msgs/lib/libtracer_msgs__rosidl_typesupport_c.so" to ""
-- Up-to-date: /home/tinker/tk24_navigation_tradition/tk24_navigation_tradition/install/tracer_msgs/include/tracer_msgs/tracer_msgs
-- Up-to-date: /home/tinker/tk24_navigation_tradition/tk24_navigation_tradition/install/tracer_msgs/include/tracer_msgs/tracer_msgs/msg
-- Up-to-date: /home/tinker/tk24_navigation_tradition/tk24_navigation_tradition/install/tracer_msgs/include/tracer_msgs/tracer_msgs/msg/detail
-- Installing: /home/tinker/tk24_navigation_tradition/tk24_navigation_tradition/install/tracer_msgs/include/tracer_msgs/tracer_msgs/msg/detail/tracer_status__type_support.cpp
-- Installing: /home/tinker/tk24_navigation_tradition/tk24_navigation_tradition/install/tracer_msgs/include/tracer_msgs/tracer_msgs/msg/detail/tracer_actuator_state__type_support.cpp
-- Installing: /home/tinker/tk24_navigation_tradition/tk24_navigation_tradition/install/tracer_msgs/include/tracer_msgs/tracer_msgs/msg/detail/tracer_light_cmd__type_support.cpp
-- Installing: /home/tinker/tk24_navigation_tradition/tk24_navigation_tradition/install/tracer_msgs/include/tracer_msgs/tracer_msgs/msg/detail/tracer_light_cmd__rosidl_typesupport_introspection_cpp.hpp
-- Installing: /home/tinker/tk24_navigation_tradition/tk24_navigation_tradition/install/tracer_msgs/include/tracer_msgs/tracer_msgs/msg/detail/tracer_status__rosidl_typesupport_introspection_cpp.hpp
-- Installing: /home/tinker/tk24_navigation_tradition/tk24_navigation_tradition/install/tracer_msgs/include/tracer_msgs/tracer_msgs/msg/detail/tracer_light_state__rosidl_typesupport_introspection_cpp.hpp
-- Installing: /home/tinker/tk24_navigation_tradition/tk24_navigation_tradition/install/tracer_msgs/include/tracer_msgs/tracer_msgs/msg/detail/tracer_light_state__type_support.cpp
-- Installing: /home/tinker/tk24_navigation_tradition/tk24_navigation_tradition/install/tracer_msgs/include/tracer_msgs/tracer_msgs/msg/detail/tracer_actuator_state__rosidl_typesupport_introspection_cpp.hpp
-- Installing: /home/tinker/tk24_navigation_tradition/tk24_navigation_tradition/install/tracer_msgs/include/tracer_msgs/tracer_msgs/msg/detail/tracer_rc_state__rosidl_typesupport_introspection_cpp.hpp
-- Installing: /home/tinker/tk24_navigation_tradition/tk24_navigation_tradition/install/tracer_msgs/include/tracer_msgs/tracer_msgs/msg/detail/tracer_rc_state__type_support.cpp
-- Installing: /home/tinker/tk24_navigation_tradition/tk24_navigation_tradition/install/tracer_msgs/lib/libtracer_msgs__rosidl_typesupport_introspection_cpp.so
-- Set non-toolchain portion of runtime path of "/home/tinker/tk24_navigation_tradition/tk24_navigation_tradition/install/tracer_msgs/lib/libtracer_msgs__rosidl_typesupport_introspection_cpp.so" to ""
-- Installing: /home/tinker/tk24_navigation_tradition/tk24_navigation_tradition/install/tracer_msgs/lib/libtracer_msgs__rosidl_typesupport_cpp.so
-- Set non-toolchain portion of runtime path of "/home/tinker/tk24_navigation_tradition/tk24_navigation_tradition/install/tracer_msgs/lib/libtracer_msgs__rosidl_typesupport_cpp.so" to ""
-- Installing: /home/tinker/tk24_navigation_tradition/tk24_navigation_tradition/install/tracer_msgs/share/tracer_msgs/environment/pythonpath.sh
-- Installing: /home/tinker/tk24_navigation_tradition/tk24_navigation_tradition/install/tracer_msgs/share/tracer_msgs/environment/pythonpath.dsv
-- Installing: /home/tinker/tk24_navigation_tradition/tk24_navigation_tradition/install/tracer_msgs/local/lib/python3.10/dist-packages/tracer_msgs-0.1.0-py3.10.egg-info
-- Installing: /home/tinker/tk24_navigation_tradition/tk24_navigation_tradition/install/tracer_msgs/local/lib/python3.10/dist-packages/tracer_msgs-0.1.0-py3.10.egg-info/SOURCES.txt
-- Installing: /home/tinker/tk24_navigation_tradition/tk24_navigation_tradition/install/tracer_msgs/local/lib/python3.10/dist-packages/tracer_msgs-0.1.0-py3.10.egg-info/dependency_links.txt
-- Installing: /home/tinker/tk24_navigation_tradition/tk24_navigation_tradition/install/tracer_msgs/local/lib/python3.10/dist-packages/tracer_msgs-0.1.0-py3.10.egg-info/PKG-INFO
-- Installing: /home/tinker/tk24_navigation_tradition/tk24_navigation_tradition/install/tracer_msgs/local/lib/python3.10/dist-packages/tracer_msgs-0.1.0-py3.10.egg-info/top_level.txt
-- Installing: /home/tinker/tk24_navigation_tradition/tk24_navigation_tradition/install/tracer_msgs/local/lib/python3.10/dist-packages/tracer_msgs
-- Installing: /home/tinker/tk24_navigation_tradition/tk24_navigation_tradition/install/tracer_msgs/local/lib/python3.10/dist-packages/tracer_msgs/__init__.py
-- Installing: /home/tinker/tk24_navigation_tradition/tk24_navigation_tradition/install/tracer_msgs/local/lib/python3.10/dist-packages/tracer_msgs/_tracer_msgs_s.ep.rosidl_typesupport_introspection_c.c
-- Installing: /home/tinker/tk24_navigation_tradition/tk24_navigation_tradition/install/tracer_msgs/local/lib/python3.10/dist-packages/tracer_msgs/tracer_msgs_s__rosidl_typesupport_fastrtps_c.cpython-310-x86_64-linux-gnu.so
-- Installing: /home/tinker/tk24_navigation_tradition/tk24_navigation_tradition/install/tracer_msgs/local/lib/python3.10/dist-packages/tracer_msgs/_tracer_msgs_s.ep.rosidl_typesupport_fastrtps_c.c
-- Installing: /home/tinker/tk24_navigation_tradition/tk24_navigation_tradition/install/tracer_msgs/local/lib/python3.10/dist-packages/tracer_msgs/libtracer_msgs__rosidl_generator_py.so
-- Installing: /home/tinker/tk24_navigation_tradition/tk24_navigation_tradition/install/tracer_msgs/local/lib/python3.10/dist-packages/tracer_msgs/_tracer_msgs_s.ep.rosidl_typesupport_c.c
-- Installing: /home/tinker/tk24_navigation_tradition/tk24_navigation_tradition/install/tracer_msgs/local/lib/python3.10/dist-packages/tracer_msgs/tracer_msgs_s__rosidl_typesupport_introspection_c.cpython-310-x86_64-linux-gnu.so
-- Installing: /home/tinker/tk24_navigation_tradition/tk24_navigation_tradition/install/tracer_msgs/local/lib/python3.10/dist-packages/tracer_msgs/msg
-- Installing: /home/tinker/tk24_navigation_tradition/tk24_navigation_tradition/install/tracer_msgs/local/lib/python3.10/dist-packages/tracer_msgs/msg/__init__.py
-- Installing: /home/tinker/tk24_navigation_tradition/tk24_navigation_tradition/install/tracer_msgs/local/lib/python3.10/dist-packages/tracer_msgs/msg/_tracer_status.py
-- Installing: /home/tinker/tk24_navigation_tradition/tk24_navigation_tradition/install/tracer_msgs/local/lib/python3.10/dist-packages/tracer_msgs/msg/_tracer_light_state_s.c
-- Installing: /home/tinker/tk24_navigation_tradition/tk24_navigation_tradition/install/tracer_msgs/local/lib/python3.10/dist-packages/tracer_msgs/msg/_tracer_actuator_state.py
-- Installing: /home/tinker/tk24_navigation_tradition/tk24_navigation_tradition/install/tracer_msgs/local/lib/python3.10/dist-packages/tracer_msgs/msg/_tracer_light_cmd_s.c
-- Installing: /home/tinker/tk24_navigation_tradition/tk24_navigation_tradition/install/tracer_msgs/local/lib/python3.10/dist-packages/tracer_msgs/msg/_tracer_light_state.py
-- Installing: /home/tinker/tk24_navigation_tradition/tk24_navigation_tradition/install/tracer_msgs/local/lib/python3.10/dist-packages/tracer_msgs/msg/_tracer_rc_state.py
-- Installing: /home/tinker/tk24_navigation_tradition/tk24_navigation_tradition/install/tracer_msgs/local/lib/python3.10/dist-packages/tracer_msgs/msg/_tracer_actuator_state_s.c
-- Installing: /home/tinker/tk24_navigation_tradition/tk24_navigation_tradition/install/tracer_msgs/local/lib/python3.10/dist-packages/tracer_msgs/msg/_tracer_light_cmd.py
-- Installing: /home/tinker/tk24_navigation_tradition/tk24_navigation_tradition/install/tracer_msgs/local/lib/python3.10/dist-packages/tracer_msgs/msg/_tracer_rc_state_s.c
-- Installing: /home/tinker/tk24_navigation_tradition/tk24_navigation_tradition/install/tracer_msgs/local/lib/python3.10/dist-packages/tracer_msgs/msg/_tracer_status_s.c
-- Installing: /home/tinker/tk24_navigation_tradition/tk24_navigation_tradition/install/tracer_msgs/local/lib/python3.10/dist-packages/tracer_msgs/tracer_msgs_s__rosidl_typesupport_c.cpython-310-x86_64-linux-gnu.so
Listing '/home/tinker/tk24_navigation_tradition/tk24_navigation_tradition/install/tracer_msgs/local/lib/python3.10/dist-packages/tracer_msgs'...
Compiling '/home/tinker/tk24_navigation_tradition/tk24_navigation_tradition/install/tracer_msgs/local/lib/python3.10/dist-packages/tracer_msgs/__init__.py'...
Listing '/home/tinker/tk24_navigation_tradition/tk24_navigation_tradition/install/tracer_msgs/local/lib/python3.10/dist-packages/tracer_msgs/msg'...
Compiling '/home/tinker/tk24_navigation_tradition/tk24_navigation_tradition/install/tracer_msgs/local/lib/python3.10/dist-packages/tracer_msgs/msg/__init__.py'...
Compiling '/home/tinker/tk24_navigation_tradition/tk24_navigation_tradition/install/tracer_msgs/local/lib/python3.10/dist-packages/tracer_msgs/msg/_tracer_actuator_state.py'...
Compiling '/home/tinker/tk24_navigation_tradition/tk24_navigation_tradition/install/tracer_msgs/local/lib/python3.10/dist-packages/tracer_msgs/msg/_tracer_light_cmd.py'...
Compiling '/home/tinker/tk24_navigation_tradition/tk24_navigation_tradition/install/tracer_msgs/local/lib/python3.10/dist-packages/tracer_msgs/msg/_tracer_light_state.py'...
Compiling '/home/tinker/tk24_navigation_tradition/tk24_navigation_tradition/install/tracer_msgs/local/lib/python3.10/dist-packages/tracer_msgs/msg/_tracer_rc_state.py'...
Compiling '/home/tinker/tk24_navigation_tradition/tk24_navigation_tradition/install/tracer_msgs/local/lib/python3.10/dist-packages/tracer_msgs/msg/_tracer_status.py'...
-- Installing: /home/tinker/tk24_navigation_tradition/tk24_navigation_tradition/install/tracer_msgs/local/lib/python3.10/dist-packages/tracer_msgs/tracer_msgs_s__rosidl_typesupport_fastrtps_c.cpython-310-x86_64-linux-gnu.so
-- Set non-toolchain portion of runtime path of "/home/tinker/tk24_navigation_tradition/tk24_navigation_tradition/install/tracer_msgs/local/lib/python3.10/dist-packages/tracer_msgs/tracer_msgs_s__rosidl_typesupport_fastrtps_c.cpython-310-x86_64-linux-gnu.so" to ""
-- Installing: /home/tinker/tk24_navigation_tradition/tk24_navigation_tradition/install/tracer_msgs/local/lib/python3.10/dist-packages/tracer_msgs/tracer_msgs_s__rosidl_typesupport_introspection_c.cpython-310-x86_64-linux-gnu.so
-- Set non-toolchain portion of runtime path of "/home/tinker/tk24_navigation_tradition/tk24_navigation_tradition/install/tracer_msgs/local/lib/python3.10/dist-packages/tracer_msgs/tracer_msgs_s__rosidl_typesupport_introspection_c.cpython-310-x86_64-linux-gnu.so" to ""
-- Installing: /home/tinker/tk24_navigation_tradition/tk24_navigation_tradition/install/tracer_msgs/local/lib/python3.10/dist-packages/tracer_msgs/tracer_msgs_s__rosidl_typesupport_c.cpython-310-x86_64-linux-gnu.so
-- Set non-toolchain portion of runtime path of "/home/tinker/tk24_navigation_tradition/tk24_navigation_tradition/install/tracer_msgs/local/lib/python3.10/dist-packages/tracer_msgs/tracer_msgs_s__rosidl_typesupport_c.cpython-310-x86_64-linux-gnu.so" to ""
-- Installing: /home/tinker/tk24_navigation_tradition/tk24_navigation_tradition/install/tracer_msgs/lib/libtracer_msgs__rosidl_generator_py.so
-- Set non-toolchain portion of runtime path of "/home/tinker/tk24_navigation_tradition/tk24_navigation_tradition/install/tracer_msgs/lib/libtracer_msgs__rosidl_generator_py.so" to ""
-- Installing: /home/tinker/tk24_navigation_tradition/tk24_navigation_tradition/install/tracer_msgs/share/tracer_msgs/msg/TracerActuatorState.idl
-- Installing: /home/tinker/tk24_navigation_tradition/tk24_navigation_tradition/install/tracer_msgs/share/tracer_msgs/msg/TracerLightCmd.idl
-- Installing: /home/tinker/tk24_navigation_tradition/tk24_navigation_tradition/install/tracer_msgs/share/tracer_msgs/msg/TracerLightState.idl
-- Installing: /home/tinker/tk24_navigation_tradition/tk24_navigation_tradition/install/tracer_msgs/share/tracer_msgs/msg/TracerRCState.idl
-- Installing: /home/tinker/tk24_navigation_tradition/tk24_navigation_tradition/install/tracer_msgs/share/tracer_msgs/msg/TracerStatus.idl
-- Installing: /home/tinker/tk24_navigation_tradition/tk24_navigation_tradition/install/tracer_msgs/share/tracer_msgs/msg/TracerActuatorState.msg
-- Installing: /home/tinker/tk24_navigation_tradition/tk24_navigation_tradition/install/tracer_msgs/share/tracer_msgs/msg/TracerLightCmd.msg
-- Installing: /home/tinker/tk24_navigation_tradition/tk24_navigation_tradition/install/tracer_msgs/share/tracer_msgs/msg/TracerLightState.msg
-- Installing: /home/tinker/tk24_navigation_tradition/tk24_navigation_tradition/install/tracer_msgs/share/tracer_msgs/msg/TracerRCState.msg
-- Installing: /home/tinker/tk24_navigation_tradition/tk24_navigation_tradition/install/tracer_msgs/share/tracer_msgs/msg/TracerStatus.msg
-- Installing: /home/tinker/tk24_navigation_tradition/tk24_navigation_tradition/install/tracer_msgs/share/ament_index/resource_index/package_run_dependencies/tracer_msgs
-- Installing: /home/tinker/tk24_navigation_tradition/tk24_navigation_tradition/install/tracer_msgs/share/ament_index/resource_index/parent_prefix_path/tracer_msgs
-- Installing: /home/tinker/tk24_navigation_tradition/tk24_navigation_tradition/install/tracer_msgs/share/tracer_msgs/environment/ament_prefix_path.sh
-- Installing: /home/tinker/tk24_navigation_tradition/tk24_navigation_tradition/install/tracer_msgs/share/tracer_msgs/environment/ament_prefix_path.dsv
-- Installing: /home/tinker/tk24_navigation_tradition/tk24_navigation_tradition/install/tracer_msgs/share/tracer_msgs/environment/path.sh
-- Installing: /home/tinker/tk24_navigation_tradition/tk24_navigation_tradition/install/tracer_msgs/share/tracer_msgs/environment/path.dsv
-- Installing: /home/tinker/tk24_navigation_tradition/tk24_navigation_tradition/install/tracer_msgs/share/tracer_msgs/local_setup.bash
-- Installing: /home/tinker/tk24_navigation_tradition/tk24_navigation_tradition/install/tracer_msgs/share/tracer_msgs/local_setup.sh
-- Installing: /home/tinker/tk24_navigation_tradition/tk24_navigation_tradition/install/tracer_msgs/share/tracer_msgs/local_setup.zsh
-- Installing: /home/tinker/tk24_navigation_tradition/tk24_navigation_tradition/install/tracer_msgs/share/tracer_msgs/local_setup.dsv
-- Installing: /home/tinker/tk24_navigation_tradition/tk24_navigation_tradition/install/tracer_msgs/share/tracer_msgs/package.dsv
-- Installing: /home/tinker/tk24_navigation_tradition/tk24_navigation_tradition/install/tracer_msgs/share/ament_index/resource_index/packages/tracer_msgs
-- Installing: /home/tinker/tk24_navigation_tradition/tk24_navigation_tradition/install/tracer_msgs/share/tracer_msgs/cmake/export_tracer_msgs__rosidl_generator_cExport.cmake
-- Installing: /home/tinker/tk24_navigation_tradition/tk24_navigation_tradition/install/tracer_msgs/share/tracer_msgs/cmake/export_tracer_msgs__rosidl_generator_cExport-noconfig.cmake
-- Installing: /home/tinker/tk24_navigation_tradition/tk24_navigation_tradition/install/tracer_msgs/share/tracer_msgs/cmake/export_tracer_msgs__rosidl_typesupport_fastrtps_cExport.cmake
-- Installing: /home/tinker/tk24_navigation_tradition/tk24_navigation_tradition/install/tracer_msgs/share/tracer_msgs/cmake/export_tracer_msgs__rosidl_typesupport_fastrtps_cExport-noconfig.cmake
-- Installing: /home/tinker/tk24_navigation_tradition/tk24_navigation_tradition/install/tracer_msgs/share/tracer_msgs/cmake/export_tracer_msgs__rosidl_generator_cppExport.cmake
-- Installing: /home/tinker/tk24_navigation_tradition/tk24_navigation_tradition/install/tracer_msgs/share/tracer_msgs/cmake/export_tracer_msgs__rosidl_typesupport_fastrtps_cppExport.cmake
-- Installing: /home/tinker/tk24_navigation_tradition/tk24_navigation_tradition/install/tracer_msgs/share/tracer_msgs/cmake/export_tracer_msgs__rosidl_typesupport_fastrtps_cppExport-noconfig.cmake
-- Installing: /home/tinker/tk24_navigation_tradition/tk24_navigation_tradition/install/tracer_msgs/share/tracer_msgs/cmake/tracer_msgs__rosidl_typesupport_introspection_cExport.cmake
-- Installing: /home/tinker/tk24_navigation_tradition/tk24_navigation_tradition/install/tracer_msgs/share/tracer_msgs/cmake/tracer_msgs__rosidl_typesupport_introspection_cExport-noconfig.cmake
-- Installing: /home/tinker/tk24_navigation_tradition/tk24_navigation_tradition/install/tracer_msgs/share/tracer_msgs/cmake/tracer_msgs__rosidl_typesupport_cExport.cmake
-- Installing: /home/tinker/tk24_navigation_tradition/tk24_navigation_tradition/install/tracer_msgs/share/tracer_msgs/cmake/tracer_msgs__rosidl_typesupport_cExport-noconfig.cmake
-- Installing: /home/tinker/tk24_navigation_tradition/tk24_navigation_tradition/install/tracer_msgs/share/tracer_msgs/cmake/tracer_msgs__rosidl_typesupport_introspection_cppExport.cmake
-- Installing: /home/tinker/tk24_navigation_tradition/tk24_navigation_tradition/install/tracer_msgs/share/tracer_msgs/cmake/tracer_msgs__rosidl_typesupport_introspection_cppExport-noconfig.cmake
-- Installing: /home/tinker/tk24_navigation_tradition/tk24_navigation_tradition/install/tracer_msgs/share/tracer_msgs/cmake/tracer_msgs__rosidl_typesupport_cppExport.cmake
-- Installing: /home/tinker/tk24_navigation_tradition/tk24_navigation_tradition/install/tracer_msgs/share/tracer_msgs/cmake/tracer_msgs__rosidl_typesupport_cppExport-noconfig.cmake
-- Installing: /home/tinker/tk24_navigation_tradition/tk24_navigation_tradition/install/tracer_msgs/share/tracer_msgs/cmake/export_tracer_msgs__rosidl_generator_pyExport.cmake
-- Installing: /home/tinker/tk24_navigation_tradition/tk24_navigation_tradition/install/tracer_msgs/share/tracer_msgs/cmake/export_tracer_msgs__rosidl_generator_pyExport-noconfig.cmake
-- Installing: /home/tinker/tk24_navigation_tradition/tk24_navigation_tradition/install/tracer_msgs/share/tracer_msgs/cmake/rosidl_cmake-extras.cmake
-- Installing: /home/tinker/tk24_navigation_tradition/tk24_navigation_tradition/install/tracer_msgs/share/tracer_msgs/cmake/ament_cmake_export_dependencies-extras.cmake
-- Installing: /home/tinker/tk24_navigation_tradition/tk24_navigation_tradition/install/tracer_msgs/share/tracer_msgs/cmake/ament_cmake_export_include_directories-extras.cmake
-- Installing: /home/tinker/tk24_navigation_tradition/tk24_navigation_tradition/install/tracer_msgs/share/tracer_msgs/cmake/ament_cmake_export_libraries-extras.cmake
-- Installing: /home/tinker/tk24_navigation_tradition/tk24_navigation_tradition/install/tracer_msgs/share/tracer_msgs/cmake/ament_cmake_export_targets-extras.cmake
-- Installing: /home/tinker/tk24_navigation_tradition/tk24_navigation_tradition/install/tracer_msgs/share/tracer_msgs/cmake/rosidl_cmake_export_typesupport_targets-extras.cmake
-- Installing: /home/tinker/tk24_navigation_tradition/tk24_navigation_tradition/install/tracer_msgs/share/tracer_msgs/cmake/rosidl_cmake_export_typesupport_libraries-extras.cmake
-- Installing: /home/tinker/tk24_navigation_tradition/tk24_navigation_tradition/install/tracer_msgs/share/tracer_msgs/cmake/tracer_msgsConfig.cmake
-- Installing: /home/tinker/tk24_navigation_tradition/tk24_navigation_tradition/install/tracer_msgs/share/tracer_msgs/cmake/tracer_msgsConfig-version.cmake
-- Installing: /home/tinker/tk24_navigation_tradition/tk24_navigation_tradition/install/tracer_msgs/share/tracer_msgs/package.xml
