[0.013s] Invoking command in '/home/tinker/tk24_navigation_tradition/tk24_navigation_tradition/build/tracer_msgs': CMAKE_PREFIX_PATH=/home/tinker/Tinker_HOME/tk24_navigation/install/tracer_base:/home/tinker/Tinker_HOME/tk24_navigation/install/ros2_grasp_position_compute:/home/tinker/Tinker_HOME/tk24_navigation/install/nav_api:/opt/ros/humble:/home/tinker/Tinker_HOME/tk24_navigation/install/ugv_sdk:/home/tinker/Tinker_HOME/tk24_navigation/install/tracer_msgs:/home/tinker/Tinker_HOME/tk24_navigation/install/tk_nav_interfaces:/home/tinker/Tinker_HOME/tk24_navigation/install/tinker_nav_bringup:/home/tinker/Tinker_HOME/tk24_navigation/install/rtab_map:/home/tinker/Tinker_HOME/tk24_navigation/install/orbbec_description:/home/tinker/Tinker_HOME/tk24_navigation/install/orbbec_camera_msgs:/home/tinker/Tinker_HOME/tk24_navigation/install/compute_grasp_interface /home/tinker/.local/bin/cmake /home/tinker/tk24_navigation_tradition/tk24_navigation_tradition/src/tracer_ros2/tracer_msgs -DCMAKE_INSTALL_PREFIX=/home/tinker/tk24_navigation_tradition/tk24_navigation_tradition/install/tracer_msgs
[0.058s] [0mCMake Deprecation Warning at CMakeLists.txt:1 (cmake_minimum_required):
[0.058s]   Compatibility with CMake < 3.10 will be removed from a future version of
[0.058s]   CMake.
[0.058s] 
[0.058s]   Update the VERSION argument <min> value or use a ...<max> suffix to tell
[0.058s]   CMake that the project does not need compatibility with older versions.
[0.058s] 
[0.058s] [0m
[0.094s] -- The C compiler identification is GNU 11.4.0
[0.132s] -- The CXX compiler identification is GNU 11.4.0
[0.137s] -- Detecting C compiler ABI info
[0.176s] -- Detecting C compiler ABI info - done
[0.185s] -- Check for working C compiler: /usr/bin/cc - skipped
[0.186s] -- Detecting C compile features
[0.186s] -- Detecting C compile features - done
[0.194s] -- Detecting CXX compiler ABI info
[0.242s] -- Detecting CXX compiler ABI info - done
[0.252s] -- Check for working CXX compiler: /usr/bin/c++ - skipped
[0.252s] -- Detecting CXX compile features
[0.253s] -- Detecting CXX compile features - done
[0.258s] -- Found ament_cmake: 1.3.9 (/opt/ros/humble/share/ament_cmake/cmake)
[0.357s] -- Found Python3: /usr/bin/python3 (found version "3.10.12") found components: Interpreter
[0.418s] -- Found builtin_interfaces: 1.2.1 (/opt/ros/humble/share/builtin_interfaces/cmake)
[0.456s] -- Found rosidl_generator_c: 3.1.5 (/opt/ros/humble/share/rosidl_generator_c/cmake)
[0.462s] -- Found rosidl_adapter: 3.1.5 (/opt/ros/humble/share/rosidl_adapter/cmake)
[0.472s] -- Found rosidl_generator_cpp: 3.1.5 (/opt/ros/humble/share/rosidl_generator_cpp/cmake)
[0.489s] -- Using all available rosidl_typesupport_c: rosidl_typesupport_fastrtps_c;rosidl_typesupport_introspection_c
[0.512s] -- Using all available rosidl_typesupport_cpp: rosidl_typesupport_fastrtps_cpp;rosidl_typesupport_introspection_cpp
[0.533s] -- Found rosidl_default_generators: 1.2.0 (/opt/ros/humble/share/rosidl_default_generators/cmake)
[0.544s] -- Found std_msgs: 4.2.4 (/opt/ros/humble/share/std_msgs/cmake)
[1.137s] -- Found ament_cmake_ros: 0.10.0 (/opt/ros/humble/share/ament_cmake_ros/cmake)
[1.951s] -- Using all available rosidl_typesupport_c: rosidl_typesupport_fastrtps_c;rosidl_typesupport_introspection_c
[2.218s] -- Using all available rosidl_typesupport_cpp: rosidl_typesupport_fastrtps_cpp;rosidl_typesupport_introspection_cpp
[2.219s] [33mCMake Warning (dev) at /opt/ros/humble/share/rosidl_generator_py/cmake/rosidl_generator_py_generate_interfaces.cmake:20 (find_package):
[2.219s]   Policy CMP0148 is not set: The FindPythonInterp and FindPythonLibs modules
[2.219s]   are removed.  Run "cmake --help-policy CMP0148" for policy details.  Use
[2.219s]   the cmake_policy command to set the policy and suppress this warning.
[2.219s] 
[2.220s] Call Stack (most recent call first):
[2.220s]   /opt/ros/humble/share/ament_cmake_core/cmake/core/ament_execute_extensions.cmake:48 (include)
[2.220s]   /opt/ros/humble/share/rosidl_cmake/cmake/rosidl_generate_interfaces.cmake:286 (ament_execute_extensions)
[2.220s]   CMakeLists.txt:34 (rosidl_generate_interfaces)
[2.220s] This warning is for project developers.  Use -Wno-dev to suppress it.
[2.220s] [0m
[2.241s] -- Found PythonInterp: /usr/bin/python3 (found suitable version "3.10.12", minimum required is "3.6")
[2.242s] -- Found python_cmake_module: 0.10.0 (/opt/ros/humble/share/python_cmake_module/cmake)
[2.243s] [33mCMake Warning (dev) at /opt/ros/humble/share/python_cmake_module/cmake/Modules/FindPythonExtra.cmake:52 (find_package):
[2.243s]   Policy CMP0148 is not set: The FindPythonInterp and FindPythonLibs modules
[2.243s]   are removed.  Run "cmake --help-policy CMP0148" for policy details.  Use
[2.243s]   the cmake_policy command to set the policy and suppress this warning.
[2.243s] 
[2.243s] Call Stack (most recent call first):
[2.243s]   /opt/ros/humble/share/rosidl_generator_py/cmake/rosidl_generator_py_generate_interfaces.cmake:23 (find_package)
[2.243s]   /opt/ros/humble/share/ament_cmake_core/cmake/core/ament_execute_extensions.cmake:48 (include)
[2.243s]   /opt/ros/humble/share/rosidl_cmake/cmake/rosidl_generate_interfaces.cmake:286 (ament_execute_extensions)
[2.243s]   CMakeLists.txt:34 (rosidl_generate_interfaces)
[2.243s] This warning is for project developers.  Use -Wno-dev to suppress it.
[2.243s] [0m
[2.256s] [33mCMake Warning (dev) at /opt/ros/humble/share/python_cmake_module/cmake/Modules/FindPythonExtra.cmake:140 (find_package):
[2.256s]   Policy CMP0148 is not set: The FindPythonInterp and FindPythonLibs modules
[2.256s]   are removed.  Run "cmake --help-policy CMP0148" for policy details.  Use
[2.256s]   the cmake_policy command to set the policy and suppress this warning.
[2.256s] 
[2.257s] Call Stack (most recent call first):
[2.257s]   /opt/ros/humble/share/rosidl_generator_py/cmake/rosidl_generator_py_generate_interfaces.cmake:23 (find_package)
[2.257s]   /opt/ros/humble/share/ament_cmake_core/cmake/core/ament_execute_extensions.cmake:48 (include)
[2.257s]   /opt/ros/humble/share/rosidl_cmake/cmake/rosidl_generate_interfaces.cmake:286 (ament_execute_extensions)
[2.257s]   CMakeLists.txt:34 (rosidl_generate_interfaces)
[2.257s] This warning is for project developers.  Use -Wno-dev to suppress it.
[2.257s] [0m
[2.260s] -- Found PythonLibs: /usr/lib/x86_64-linux-gnu/libpython3.10.so (found suitable version "3.10.12", minimum required is "3.5")
[2.260s] -- Using PYTHON_EXECUTABLE: /usr/bin/python3
[2.260s] -- Using PYTHON_INCLUDE_DIRS: /usr/include/python3.10
[2.260s] -- Using PYTHON_LIBRARIES: /usr/lib/x86_64-linux-gnu/libpython3.10.so
[2.274s] -- Found PythonExtra: .so
[2.312s] -- Found ament_lint_auto: 0.12.11 (/opt/ros/humble/share/ament_lint_auto/cmake)
[2.326s] -- Added test 'copyright' to check source files copyright and LICENSE
[2.327s] -- Added test 'lint_cmake' to check CMake code style
[2.327s] -- Added test 'xmllint' to check XML markup files
[2.329s] -- Configuring done (2.3s)
[2.353s] -- Generating done (0.0s)
[2.354s] -- Build files have been written to: /home/tinker/tk24_navigation_tradition/tk24_navigation_tradition/build/tracer_msgs
[2.358s] Invoked command in '/home/tinker/tk24_navigation_tradition/tk24_navigation_tradition/build/tracer_msgs' returned '0': CMAKE_PREFIX_PATH=/home/tinker/Tinker_HOME/tk24_navigation/install/tracer_base:/home/tinker/Tinker_HOME/tk24_navigation/install/ros2_grasp_position_compute:/home/tinker/Tinker_HOME/tk24_navigation/install/nav_api:/opt/ros/humble:/home/tinker/Tinker_HOME/tk24_navigation/install/ugv_sdk:/home/tinker/Tinker_HOME/tk24_navigation/install/tracer_msgs:/home/tinker/Tinker_HOME/tk24_navigation/install/tk_nav_interfaces:/home/tinker/Tinker_HOME/tk24_navigation/install/tinker_nav_bringup:/home/tinker/Tinker_HOME/tk24_navigation/install/rtab_map:/home/tinker/Tinker_HOME/tk24_navigation/install/orbbec_description:/home/tinker/Tinker_HOME/tk24_navigation/install/orbbec_camera_msgs:/home/tinker/Tinker_HOME/tk24_navigation/install/compute_grasp_interface /home/tinker/.local/bin/cmake /home/tinker/tk24_navigation_tradition/tk24_navigation_tradition/src/tracer_ros2/tracer_msgs -DCMAKE_INSTALL_PREFIX=/home/tinker/tk24_navigation_tradition/tk24_navigation_tradition/install/tracer_msgs
[2.360s] Invoking command in '/home/tinker/tk24_navigation_tradition/tk24_navigation_tradition/build/tracer_msgs': CMAKE_PREFIX_PATH=/home/tinker/Tinker_HOME/tk24_navigation/install/tracer_base:/home/tinker/Tinker_HOME/tk24_navigation/install/ros2_grasp_position_compute:/home/tinker/Tinker_HOME/tk24_navigation/install/nav_api:/opt/ros/humble:/home/tinker/Tinker_HOME/tk24_navigation/install/ugv_sdk:/home/tinker/Tinker_HOME/tk24_navigation/install/tracer_msgs:/home/tinker/Tinker_HOME/tk24_navigation/install/tk_nav_interfaces:/home/tinker/Tinker_HOME/tk24_navigation/install/tinker_nav_bringup:/home/tinker/Tinker_HOME/tk24_navigation/install/rtab_map:/home/tinker/Tinker_HOME/tk24_navigation/install/orbbec_description:/home/tinker/Tinker_HOME/tk24_navigation/install/orbbec_camera_msgs:/home/tinker/Tinker_HOME/tk24_navigation/install/compute_grasp_interface /home/tinker/.local/bin/cmake --build /home/tinker/tk24_navigation_tradition/tk24_navigation_tradition/build/tracer_msgs -- -j32 -l32
[2.425s] [  1%] [34m[1mGenerating C code for ROS interfaces[0m
[2.429s] [  3%] [34m[1mGenerating C++ code for ROS interfaces[0m
[2.431s] [  3%] Built target ament_cmake_python_copy_tracer_msgs
[2.591s] running egg_info
[2.591s] creating tracer_msgs.egg-info
[2.592s] writing tracer_msgs.egg-info/PKG-INFO
[2.592s] writing dependency_links to tracer_msgs.egg-info/dependency_links.txt
[2.592s] writing top-level names to tracer_msgs.egg-info/top_level.txt
[2.592s] writing manifest file 'tracer_msgs.egg-info/SOURCES.txt'
[2.593s] reading manifest file 'tracer_msgs.egg-info/SOURCES.txt'
[2.593s] writing manifest file 'tracer_msgs.egg-info/SOURCES.txt'
[2.609s] [  3%] Built target ament_cmake_python_build_tracer_msgs_egg
[2.753s] [  3%] Built target tracer_msgs__cpp
[2.756s] [  4%] [34m[1mGenerating C++ type support dispatch for ROS interfaces[0m
[2.757s] [  6%] [34m[1mGenerating C++ introspection for ROS interfaces[0m
[2.757s] [  7%] [34m[1mGenerating C++ type support for eProsima Fast-RTPS[0m
[2.783s] [  9%] [32mBuilding C object CMakeFiles/tracer_msgs__rosidl_generator_c.dir/rosidl_generator_c/tracer_msgs/msg/detail/tracer_actuator_state__functions.c.o[0m
[2.784s] [ 12%] [32mBuilding C object CMakeFiles/tracer_msgs__rosidl_generator_c.dir/rosidl_generator_c/tracer_msgs/msg/detail/tracer_light_cmd__functions.c.o[0m
[2.784s] [ 12%] [32mBuilding C object CMakeFiles/tracer_msgs__rosidl_generator_c.dir/rosidl_generator_c/tracer_msgs/msg/detail/tracer_light_state__functions.c.o[0m
[2.784s] [ 14%] [32mBuilding C object CMakeFiles/tracer_msgs__rosidl_generator_c.dir/rosidl_generator_c/tracer_msgs/msg/detail/tracer_rc_state__functions.c.o[0m
[2.785s] [ 15%] [32mBuilding C object CMakeFiles/tracer_msgs__rosidl_generator_c.dir/rosidl_generator_c/tracer_msgs/msg/detail/tracer_status__functions.c.o[0m
[2.834s] [ 17%] [32m[1mLinking C shared library libtracer_msgs__rosidl_generator_c.so[0m
[2.861s] [ 17%] Built target tracer_msgs__rosidl_generator_c
[2.867s] [ 19%] [34m[1mGenerating C type support for eProsima Fast-RTPS[0m
[2.868s] [ 20%] [34m[1mGenerating C introspection for ROS interfaces[0m
[2.868s] [ 22%] [34m[1mGenerating C type support dispatch for ROS interfaces[0m
[3.103s] [ 23%] [32mBuilding CXX object CMakeFiles/tracer_msgs__rosidl_typesupport_cpp.dir/rosidl_typesupport_cpp/tracer_msgs/msg/tracer_actuator_state__type_support.cpp.o[0m
[3.103s] [ 25%] [32mBuilding CXX object CMakeFiles/tracer_msgs__rosidl_typesupport_cpp.dir/rosidl_typesupport_cpp/tracer_msgs/msg/tracer_light_cmd__type_support.cpp.o[0m
[3.103s] [ 26%] [32mBuilding CXX object CMakeFiles/tracer_msgs__rosidl_typesupport_cpp.dir/rosidl_typesupport_cpp/tracer_msgs/msg/tracer_status__type_support.cpp.o[0m
[3.103s] [ 28%] [32mBuilding CXX object CMakeFiles/tracer_msgs__rosidl_typesupport_cpp.dir/rosidl_typesupport_cpp/tracer_msgs/msg/tracer_light_state__type_support.cpp.o[0m
[3.104s] [ 30%] [32mBuilding CXX object CMakeFiles/tracer_msgs__rosidl_typesupport_cpp.dir/rosidl_typesupport_cpp/tracer_msgs/msg/tracer_rc_state__type_support.cpp.o[0m
[3.112s] [ 31%] [32mBuilding CXX object CMakeFiles/tracer_msgs__rosidl_typesupport_introspection_cpp.dir/rosidl_typesupport_introspection_cpp/tracer_msgs/msg/detail/tracer_light_state__type_support.cpp.o[0m
[3.112s] [ 34%] [32mBuilding CXX object CMakeFiles/tracer_msgs__rosidl_typesupport_introspection_cpp.dir/rosidl_typesupport_introspection_cpp/tracer_msgs/msg/detail/tracer_light_cmd__type_support.cpp.o[0m
[3.112s] [ 34%] [32mBuilding CXX object CMakeFiles/tracer_msgs__rosidl_typesupport_introspection_cpp.dir/rosidl_typesupport_introspection_cpp/tracer_msgs/msg/detail/tracer_rc_state__type_support.cpp.o[0m
[3.112s] [ 36%] [32mBuilding CXX object CMakeFiles/tracer_msgs__rosidl_typesupport_introspection_cpp.dir/rosidl_typesupport_introspection_cpp/tracer_msgs/msg/detail/tracer_status__type_support.cpp.o[0m
[3.112s] [ 38%] [32mBuilding CXX object CMakeFiles/tracer_msgs__rosidl_typesupport_introspection_cpp.dir/rosidl_typesupport_introspection_cpp/tracer_msgs/msg/detail/tracer_actuator_state__type_support.cpp.o[0m
[3.297s] [ 39%] [32mBuilding CXX object CMakeFiles/tracer_msgs__rosidl_typesupport_c.dir/rosidl_typesupport_c/tracer_msgs/msg/tracer_actuator_state__type_support.cpp.o[0m
[3.297s] [ 41%] [32mBuilding CXX object CMakeFiles/tracer_msgs__rosidl_typesupport_c.dir/rosidl_typesupport_c/tracer_msgs/msg/tracer_light_cmd__type_support.cpp.o[0m
[3.297s] [ 44%] [32mBuilding CXX object CMakeFiles/tracer_msgs__rosidl_typesupport_c.dir/rosidl_typesupport_c/tracer_msgs/msg/tracer_light_state__type_support.cpp.o[0m
[3.298s] [ 44%] [32mBuilding CXX object CMakeFiles/tracer_msgs__rosidl_typesupport_c.dir/rosidl_typesupport_c/tracer_msgs/msg/tracer_status__type_support.cpp.o[0m
[3.298s] [ 46%] [32mBuilding CXX object CMakeFiles/tracer_msgs__rosidl_typesupport_c.dir/rosidl_typesupport_c/tracer_msgs/msg/tracer_rc_state__type_support.cpp.o[0m
[3.331s] [ 47%] [32m[1mLinking CXX shared library libtracer_msgs__rosidl_typesupport_c.so[0m
[3.361s] [ 47%] Built target tracer_msgs__rosidl_typesupport_c
[3.475s] [ 49%] [32mBuilding CXX object CMakeFiles/tracer_msgs__rosidl_typesupport_fastrtps_cpp.dir/rosidl_typesupport_fastrtps_cpp/tracer_msgs/msg/detail/dds_fastrtps/tracer_light_state__type_support.cpp.o[0m
[3.475s] [ 50%] [32mBuilding CXX object CMakeFiles/tracer_msgs__rosidl_typesupport_fastrtps_cpp.dir/rosidl_typesupport_fastrtps_cpp/tracer_msgs/msg/detail/dds_fastrtps/tracer_actuator_state__type_support.cpp.o[0m
[3.476s] [ 52%] [32mBuilding CXX object CMakeFiles/tracer_msgs__rosidl_typesupport_fastrtps_cpp.dir/rosidl_typesupport_fastrtps_cpp/tracer_msgs/msg/detail/dds_fastrtps/tracer_light_cmd__type_support.cpp.o[0m
[3.476s] [ 53%] [32mBuilding CXX object CMakeFiles/tracer_msgs__rosidl_typesupport_fastrtps_cpp.dir/rosidl_typesupport_fastrtps_cpp/tracer_msgs/msg/detail/dds_fastrtps/tracer_rc_state__type_support.cpp.o[0m
[3.476s] [ 55%] [32mBuilding CXX object CMakeFiles/tracer_msgs__rosidl_typesupport_fastrtps_cpp.dir/rosidl_typesupport_fastrtps_cpp/tracer_msgs/msg/detail/dds_fastrtps/tracer_status__type_support.cpp.o[0m
[3.507s] [ 57%] [32m[1mLinking CXX shared library libtracer_msgs__rosidl_typesupport_cpp.so[0m
[3.532s] [ 58%] [32mBuilding C object CMakeFiles/tracer_msgs__rosidl_typesupport_introspection_c.dir/rosidl_typesupport_introspection_c/tracer_msgs/msg/detail/tracer_actuator_state__type_support.c.o[0m
[3.533s] [ 60%] [32mBuilding C object CMakeFiles/tracer_msgs__rosidl_typesupport_introspection_c.dir/rosidl_typesupport_introspection_c/tracer_msgs/msg/detail/tracer_light_cmd__type_support.c.o[0m
[3.533s] [ 61%] [32mBuilding C object CMakeFiles/tracer_msgs__rosidl_typesupport_introspection_c.dir/rosidl_typesupport_introspection_c/tracer_msgs/msg/detail/tracer_light_state__type_support.c.o[0m
[3.533s] [ 63%] [32mBuilding C object CMakeFiles/tracer_msgs__rosidl_typesupport_introspection_c.dir/rosidl_typesupport_introspection_c/tracer_msgs/msg/detail/tracer_rc_state__type_support.c.o[0m
[3.534s] [ 65%] [32mBuilding C object CMakeFiles/tracer_msgs__rosidl_typesupport_introspection_c.dir/rosidl_typesupport_introspection_c/tracer_msgs/msg/detail/tracer_status__type_support.c.o[0m
[3.552s] [ 65%] Built target tracer_msgs__rosidl_typesupport_cpp
[3.572s] [ 66%] [32m[1mLinking C shared library libtracer_msgs__rosidl_typesupport_introspection_c.so[0m
[3.589s] [ 68%] [32mBuilding CXX object CMakeFiles/tracer_msgs__rosidl_typesupport_fastrtps_c.dir/rosidl_typesupport_fastrtps_c/tracer_msgs/msg/detail/tracer_light_state__type_support_c.cpp.o[0m
[3.590s] [ 69%] [32mBuilding CXX object CMakeFiles/tracer_msgs__rosidl_typesupport_fastrtps_c.dir/rosidl_typesupport_fastrtps_c/tracer_msgs/msg/detail/tracer_actuator_state__type_support_c.cpp.o[0m
[3.590s] [ 71%] [32mBuilding CXX object CMakeFiles/tracer_msgs__rosidl_typesupport_fastrtps_c.dir/rosidl_typesupport_fastrtps_c/tracer_msgs/msg/detail/tracer_light_cmd__type_support_c.cpp.o[0m
[3.590s] [ 74%] [32mBuilding CXX object CMakeFiles/tracer_msgs__rosidl_typesupport_fastrtps_c.dir/rosidl_typesupport_fastrtps_c/tracer_msgs/msg/detail/tracer_status__type_support_c.cpp.o[0m
[3.590s] [ 74%] [32mBuilding CXX object CMakeFiles/tracer_msgs__rosidl_typesupport_fastrtps_c.dir/rosidl_typesupport_fastrtps_c/tracer_msgs/msg/detail/tracer_rc_state__type_support_c.cpp.o[0m
[3.602s] [ 74%] Built target tracer_msgs__rosidl_typesupport_introspection_c
[3.602s] [ 76%] [32m[1mLinking CXX shared library libtracer_msgs__rosidl_typesupport_introspection_cpp.so[0m
[3.694s] [ 76%] Built target tracer_msgs__rosidl_typesupport_introspection_cpp
[3.947s] [ 77%] [32m[1mLinking CXX shared library libtracer_msgs__rosidl_typesupport_fastrtps_c.so[0m
[3.975s] [ 79%] [32m[1mLinking CXX shared library libtracer_msgs__rosidl_typesupport_fastrtps_cpp.so[0m
[3.998s] [ 79%] Built target tracer_msgs__rosidl_typesupport_fastrtps_c
[4.025s] [ 79%] Built target tracer_msgs__rosidl_typesupport_fastrtps_cpp
[4.035s] [ 79%] Built target tracer_msgs
[4.045s] [ 80%] [34m[1mGenerating Python code for ROS interfaces[0m
[4.535s] [ 80%] Built target tracer_msgs__py
[4.545s] [ 82%] [32mBuilding C object CMakeFiles/tracer_msgs__rosidl_generator_py.dir/rosidl_generator_py/tracer_msgs/msg/_tracer_actuator_state_s.c.o[0m
[4.545s] [ 84%] [32mBuilding C object CMakeFiles/tracer_msgs__rosidl_generator_py.dir/rosidl_generator_py/tracer_msgs/msg/_tracer_light_cmd_s.c.o[0m
[4.545s] [ 85%] [32mBuilding C object CMakeFiles/tracer_msgs__rosidl_generator_py.dir/rosidl_generator_py/tracer_msgs/msg/_tracer_light_state_s.c.o[0m
[4.545s] [ 87%] [32mBuilding C object CMakeFiles/tracer_msgs__rosidl_generator_py.dir/rosidl_generator_py/tracer_msgs/msg/_tracer_rc_state_s.c.o[0m
[4.545s] [ 88%] [32mBuilding C object CMakeFiles/tracer_msgs__rosidl_generator_py.dir/rosidl_generator_py/tracer_msgs/msg/_tracer_status_s.c.o[0m
[4.614s] [ 90%] [32m[1mLinking C shared library rosidl_generator_py/tracer_msgs/libtracer_msgs__rosidl_generator_py.so[0m
[4.640s] [ 90%] Built target tracer_msgs__rosidl_generator_py
[4.649s] [ 92%] [32mBuilding C object CMakeFiles/tracer_msgs__rosidl_typesupport_fastrtps_c__pyext.dir/rosidl_generator_py/tracer_msgs/_tracer_msgs_s.ep.rosidl_typesupport_fastrtps_c.c.o[0m
[4.649s] [ 93%] [32mBuilding C object CMakeFiles/tracer_msgs__rosidl_typesupport_introspection_c__pyext.dir/rosidl_generator_py/tracer_msgs/_tracer_msgs_s.ep.rosidl_typesupport_introspection_c.c.o[0m
[4.650s] [ 95%] [32mBuilding C object CMakeFiles/tracer_msgs__rosidl_typesupport_c__pyext.dir/rosidl_generator_py/tracer_msgs/_tracer_msgs_s.ep.rosidl_typesupport_c.c.o[0m
[4.714s] [ 96%] [32m[1mLinking C shared library rosidl_generator_py/tracer_msgs/tracer_msgs_s__rosidl_typesupport_introspection_c.cpython-310-x86_64-linux-gnu.so[0m
[4.724s] [ 98%] [32m[1mLinking C shared library rosidl_generator_py/tracer_msgs/tracer_msgs_s__rosidl_typesupport_c.cpython-310-x86_64-linux-gnu.so[0m
[4.724s] [100%] [32m[1mLinking C shared library rosidl_generator_py/tracer_msgs/tracer_msgs_s__rosidl_typesupport_fastrtps_c.cpython-310-x86_64-linux-gnu.so[0m
[4.734s] [100%] Built target tracer_msgs__rosidl_typesupport_introspection_c__pyext
[4.744s] [100%] Built target tracer_msgs__rosidl_typesupport_c__pyext
[4.746s] [100%] Built target tracer_msgs__rosidl_typesupport_fastrtps_c__pyext
[4.750s] Invoked command in '/home/tinker/tk24_navigation_tradition/tk24_navigation_tradition/build/tracer_msgs' returned '0': CMAKE_PREFIX_PATH=/home/tinker/Tinker_HOME/tk24_navigation/install/tracer_base:/home/tinker/Tinker_HOME/tk24_navigation/install/ros2_grasp_position_compute:/home/tinker/Tinker_HOME/tk24_navigation/install/nav_api:/opt/ros/humble:/home/tinker/Tinker_HOME/tk24_navigation/install/ugv_sdk:/home/tinker/Tinker_HOME/tk24_navigation/install/tracer_msgs:/home/tinker/Tinker_HOME/tk24_navigation/install/tk_nav_interfaces:/home/tinker/Tinker_HOME/tk24_navigation/install/tinker_nav_bringup:/home/tinker/Tinker_HOME/tk24_navigation/install/rtab_map:/home/tinker/Tinker_HOME/tk24_navigation/install/orbbec_description:/home/tinker/Tinker_HOME/tk24_navigation/install/orbbec_camera_msgs:/home/tinker/Tinker_HOME/tk24_navigation/install/compute_grasp_interface /home/tinker/.local/bin/cmake --build /home/tinker/tk24_navigation_tradition/tk24_navigation_tradition/build/tracer_msgs -- -j32 -l32
[4.921s] Invoking command in '/home/tinker/tk24_navigation_tradition/tk24_navigation_tradition/build/tracer_msgs': CMAKE_PREFIX_PATH=/home/tinker/Tinker_HOME/tk24_navigation/install/tracer_base:/home/tinker/Tinker_HOME/tk24_navigation/install/ros2_grasp_position_compute:/home/tinker/Tinker_HOME/tk24_navigation/install/nav_api:/opt/ros/humble:/home/tinker/Tinker_HOME/tk24_navigation/install/ugv_sdk:/home/tinker/Tinker_HOME/tk24_navigation/install/tracer_msgs:/home/tinker/Tinker_HOME/tk24_navigation/install/tk_nav_interfaces:/home/tinker/Tinker_HOME/tk24_navigation/install/tinker_nav_bringup:/home/tinker/Tinker_HOME/tk24_navigation/install/rtab_map:/home/tinker/Tinker_HOME/tk24_navigation/install/orbbec_description:/home/tinker/Tinker_HOME/tk24_navigation/install/orbbec_camera_msgs:/home/tinker/Tinker_HOME/tk24_navigation/install/compute_grasp_interface /home/tinker/.local/bin/cmake --install /home/tinker/tk24_navigation_tradition/tk24_navigation_tradition/build/tracer_msgs
[4.969s] -- Install configuration: ""
[4.969s] -- Installing: /home/tinker/tk24_navigation_tradition/tk24_navigation_tradition/install/tracer_msgs/share/ament_index/resource_index/rosidl_interfaces/tracer_msgs
[4.969s] -- Installing: /home/tinker/tk24_navigation_tradition/tk24_navigation_tradition/install/tracer_msgs/include/tracer_msgs/tracer_msgs
[4.969s] -- Installing: /home/tinker/tk24_navigation_tradition/tk24_navigation_tradition/install/tracer_msgs/include/tracer_msgs/tracer_msgs/msg
[4.969s] -- Installing: /home/tinker/tk24_navigation_tradition/tk24_navigation_tradition/install/tracer_msgs/include/tracer_msgs/tracer_msgs/msg/tracer_light_cmd.h
[4.969s] -- Installing: /home/tinker/tk24_navigation_tradition/tk24_navigation_tradition/install/tracer_msgs/include/tracer_msgs/tracer_msgs/msg/tracer_light_state.h
[4.969s] -- Installing: /home/tinker/tk24_navigation_tradition/tk24_navigation_tradition/install/tracer_msgs/include/tracer_msgs/tracer_msgs/msg/tracer_actuator_state.h
[4.969s] -- Installing: /home/tinker/tk24_navigation_tradition/tk24_navigation_tradition/install/tracer_msgs/include/tracer_msgs/tracer_msgs/msg/tracer_rc_state.h
[4.969s] -- Installing: /home/tinker/tk24_navigation_tradition/tk24_navigation_tradition/install/tracer_msgs/include/tracer_msgs/tracer_msgs/msg/rosidl_generator_c__visibility_control.h
[4.969s] -- Installing: /home/tinker/tk24_navigation_tradition/tk24_navigation_tradition/install/tracer_msgs/include/tracer_msgs/tracer_msgs/msg/tracer_status.h
[4.969s] -- Installing: /home/tinker/tk24_navigation_tradition/tk24_navigation_tradition/install/tracer_msgs/include/tracer_msgs/tracer_msgs/msg/detail
[4.969s] -- Installing: /home/tinker/tk24_navigation_tradition/tk24_navigation_tradition/install/tracer_msgs/include/tracer_msgs/tracer_msgs/msg/detail/tracer_light_state__struct.h
[4.969s] -- Installing: /home/tinker/tk24_navigation_tradition/tk24_navigation_tradition/install/tracer_msgs/include/tracer_msgs/tracer_msgs/msg/detail/tracer_rc_state__functions.c
[4.969s] -- Installing: /home/tinker/tk24_navigation_tradition/tk24_navigation_tradition/install/tracer_msgs/include/tracer_msgs/tracer_msgs/msg/detail/tracer_light_cmd__struct.h
[4.969s] -- Installing: /home/tinker/tk24_navigation_tradition/tk24_navigation_tradition/install/tracer_msgs/include/tracer_msgs/tracer_msgs/msg/detail/tracer_actuator_state__type_support.h
[4.969s] -- Installing: /home/tinker/tk24_navigation_tradition/tk24_navigation_tradition/install/tracer_msgs/include/tracer_msgs/tracer_msgs/msg/detail/tracer_actuator_state__functions.h
[4.969s] -- Installing: /home/tinker/tk24_navigation_tradition/tk24_navigation_tradition/install/tracer_msgs/include/tracer_msgs/tracer_msgs/msg/detail/tracer_light_state__type_support.h
[4.969s] -- Installing: /home/tinker/tk24_navigation_tradition/tk24_navigation_tradition/install/tracer_msgs/include/tracer_msgs/tracer_msgs/msg/detail/tracer_status__functions.h
[4.969s] -- Installing: /home/tinker/tk24_navigation_tradition/tk24_navigation_tradition/install/tracer_msgs/include/tracer_msgs/tracer_msgs/msg/detail/tracer_rc_state__functions.h
[4.970s] -- Installing: /home/tinker/tk24_navigation_tradition/tk24_navigation_tradition/install/tracer_msgs/include/tracer_msgs/tracer_msgs/msg/detail/tracer_light_cmd__type_support.h
[4.970s] -- Installing: /home/tinker/tk24_navigation_tradition/tk24_navigation_tradition/install/tracer_msgs/include/tracer_msgs/tracer_msgs/msg/detail/tracer_actuator_state__struct.h
[4.970s] -- Installing: /home/tinker/tk24_navigation_tradition/tk24_navigation_tradition/install/tracer_msgs/include/tracer_msgs/tracer_msgs/msg/detail/tracer_status__type_support.h
[4.970s] -- Installing: /home/tinker/tk24_navigation_tradition/tk24_navigation_tradition/install/tracer_msgs/include/tracer_msgs/tracer_msgs/msg/detail/tracer_actuator_state__functions.c
[4.970s] -- Installing: /home/tinker/tk24_navigation_tradition/tk24_navigation_tradition/install/tracer_msgs/include/tracer_msgs/tracer_msgs/msg/detail/tracer_light_state__functions.c
[4.970s] -- Installing: /home/tinker/tk24_navigation_tradition/tk24_navigation_tradition/install/tracer_msgs/include/tracer_msgs/tracer_msgs/msg/detail/tracer_rc_state__struct.h
[4.970s] -- Installing: /home/tinker/tk24_navigation_tradition/tk24_navigation_tradition/install/tracer_msgs/include/tracer_msgs/tracer_msgs/msg/detail/tracer_light_cmd__functions.h
[4.970s] -- Installing: /home/tinker/tk24_navigation_tradition/tk24_navigation_tradition/install/tracer_msgs/include/tracer_msgs/tracer_msgs/msg/detail/tracer_light_state__functions.h
[4.970s] -- Installing: /home/tinker/tk24_navigation_tradition/tk24_navigation_tradition/install/tracer_msgs/include/tracer_msgs/tracer_msgs/msg/detail/tracer_light_cmd__functions.c
[4.970s] -- Installing: /home/tinker/tk24_navigation_tradition/tk24_navigation_tradition/install/tracer_msgs/include/tracer_msgs/tracer_msgs/msg/detail/tracer_rc_state__type_support.h
[4.970s] -- Installing: /home/tinker/tk24_navigation_tradition/tk24_navigation_tradition/install/tracer_msgs/include/tracer_msgs/tracer_msgs/msg/detail/tracer_status__struct.h
[4.970s] -- Installing: /home/tinker/tk24_navigation_tradition/tk24_navigation_tradition/install/tracer_msgs/include/tracer_msgs/tracer_msgs/msg/detail/tracer_status__functions.c
[4.970s] -- Installing: /home/tinker/tk24_navigation_tradition/tk24_navigation_tradition/install/tracer_msgs/share/tracer_msgs/environment/library_path.sh
[4.970s] -- Installing: /home/tinker/tk24_navigation_tradition/tk24_navigation_tradition/install/tracer_msgs/share/tracer_msgs/environment/library_path.dsv
[4.970s] -- Installing: /home/tinker/tk24_navigation_tradition/tk24_navigation_tradition/install/tracer_msgs/lib/libtracer_msgs__rosidl_generator_c.so
[4.970s] -- Set non-toolchain portion of runtime path of "/home/tinker/tk24_navigation_tradition/tk24_navigation_tradition/install/tracer_msgs/lib/libtracer_msgs__rosidl_generator_c.so" to ""
[4.970s] -- Up-to-date: /home/tinker/tk24_navigation_tradition/tk24_navigation_tradition/install/tracer_msgs/include/tracer_msgs/tracer_msgs
[4.970s] -- Up-to-date: /home/tinker/tk24_navigation_tradition/tk24_navigation_tradition/install/tracer_msgs/include/tracer_msgs/tracer_msgs/msg
[4.970s] -- Installing: /home/tinker/tk24_navigation_tradition/tk24_navigation_tradition/install/tracer_msgs/include/tracer_msgs/tracer_msgs/msg/rosidl_typesupport_fastrtps_c__visibility_control.h
[4.970s] -- Up-to-date: /home/tinker/tk24_navigation_tradition/tk24_navigation_tradition/install/tracer_msgs/include/tracer_msgs/tracer_msgs/msg/detail
[4.970s] -- Installing: /home/tinker/tk24_navigation_tradition/tk24_navigation_tradition/install/tracer_msgs/include/tracer_msgs/tracer_msgs/msg/detail/tracer_light_state__rosidl_typesupport_fastrtps_c.h
[4.970s] -- Installing: /home/tinker/tk24_navigation_tradition/tk24_navigation_tradition/install/tracer_msgs/include/tracer_msgs/tracer_msgs/msg/detail/tracer_status__rosidl_typesupport_fastrtps_c.h
[4.970s] -- Installing: /home/tinker/tk24_navigation_tradition/tk24_navigation_tradition/install/tracer_msgs/include/tracer_msgs/tracer_msgs/msg/detail/tracer_light_cmd__rosidl_typesupport_fastrtps_c.h
[4.970s] -- Installing: /home/tinker/tk24_navigation_tradition/tk24_navigation_tradition/install/tracer_msgs/include/tracer_msgs/tracer_msgs/msg/detail/tracer_rc_state__rosidl_typesupport_fastrtps_c.h
[4.970s] -- Installing: /home/tinker/tk24_navigation_tradition/tk24_navigation_tradition/install/tracer_msgs/include/tracer_msgs/tracer_msgs/msg/detail/tracer_actuator_state__rosidl_typesupport_fastrtps_c.h
[4.970s] -- Installing: /home/tinker/tk24_navigation_tradition/tk24_navigation_tradition/install/tracer_msgs/lib/libtracer_msgs__rosidl_typesupport_fastrtps_c.so
[4.970s] -- Set non-toolchain portion of runtime path of "/home/tinker/tk24_navigation_tradition/tk24_navigation_tradition/install/tracer_msgs/lib/libtracer_msgs__rosidl_typesupport_fastrtps_c.so" to ""
[4.970s] -- Up-to-date: /home/tinker/tk24_navigation_tradition/tk24_navigation_tradition/install/tracer_msgs/include/tracer_msgs/tracer_msgs
[4.970s] -- Up-to-date: /home/tinker/tk24_navigation_tradition/tk24_navigation_tradition/install/tracer_msgs/include/tracer_msgs/tracer_msgs/msg
[4.970s] -- Installing: /home/tinker/tk24_navigation_tradition/tk24_navigation_tradition/install/tracer_msgs/include/tracer_msgs/tracer_msgs/msg/tracer_light_state.hpp
[4.970s] -- Installing: /home/tinker/tk24_navigation_tradition/tk24_navigation_tradition/install/tracer_msgs/include/tracer_msgs/tracer_msgs/msg/tracer_status.hpp
[4.970s] -- Installing: /home/tinker/tk24_navigation_tradition/tk24_navigation_tradition/install/tracer_msgs/include/tracer_msgs/tracer_msgs/msg/tracer_light_cmd.hpp
[4.971s] -- Installing: /home/tinker/tk24_navigation_tradition/tk24_navigation_tradition/install/tracer_msgs/include/tracer_msgs/tracer_msgs/msg/tracer_rc_state.hpp
[4.971s] -- Installing: /home/tinker/tk24_navigation_tradition/tk24_navigation_tradition/install/tracer_msgs/include/tracer_msgs/tracer_msgs/msg/tracer_actuator_state.hpp
[4.971s] -- Up-to-date: /home/tinker/tk24_navigation_tradition/tk24_navigation_tradition/install/tracer_msgs/include/tracer_msgs/tracer_msgs/msg/detail
[4.971s] -- Installing: /home/tinker/tk24_navigation_tradition/tk24_navigation_tradition/install/tracer_msgs/include/tracer_msgs/tracer_msgs/msg/detail/tracer_light_cmd__builder.hpp
[4.971s] -- Installing: /home/tinker/tk24_navigation_tradition/tk24_navigation_tradition/install/tracer_msgs/include/tracer_msgs/tracer_msgs/msg/detail/tracer_light_state__struct.hpp
[4.971s] -- Installing: /home/tinker/tk24_navigation_tradition/tk24_navigation_tradition/install/tracer_msgs/include/tracer_msgs/tracer_msgs/msg/detail/tracer_rc_state__traits.hpp
[4.971s] -- Installing: /home/tinker/tk24_navigation_tradition/tk24_navigation_tradition/install/tracer_msgs/include/tracer_msgs/tracer_msgs/msg/detail/tracer_actuator_state__traits.hpp
[4.971s] -- Installing: /home/tinker/tk24_navigation_tradition/tk24_navigation_tradition/install/tracer_msgs/include/tracer_msgs/tracer_msgs/msg/detail/tracer_status__builder.hpp
[4.971s] -- Installing: /home/tinker/tk24_navigation_tradition/tk24_navigation_tradition/install/tracer_msgs/include/tracer_msgs/tracer_msgs/msg/detail/tracer_rc_state__struct.hpp
[4.971s] -- Installing: /home/tinker/tk24_navigation_tradition/tk24_navigation_tradition/install/tracer_msgs/include/tracer_msgs/tracer_msgs/msg/detail/tracer_actuator_state__struct.hpp
[4.971s] -- Installing: /home/tinker/tk24_navigation_tradition/tk24_navigation_tradition/install/tracer_msgs/include/tracer_msgs/tracer_msgs/msg/detail/tracer_actuator_state__builder.hpp
[4.971s] -- Installing: /home/tinker/tk24_navigation_tradition/tk24_navigation_tradition/install/tracer_msgs/include/tracer_msgs/tracer_msgs/msg/detail/tracer_status__struct.hpp
[4.971s] -- Installing: /home/tinker/tk24_navigation_tradition/tk24_navigation_tradition/install/tracer_msgs/include/tracer_msgs/tracer_msgs/msg/detail/tracer_light_state__traits.hpp
[4.971s] -- Installing: /home/tinker/tk24_navigation_tradition/tk24_navigation_tradition/install/tracer_msgs/include/tracer_msgs/tracer_msgs/msg/detail/tracer_light_state__builder.hpp
[4.971s] -- Installing: /home/tinker/tk24_navigation_tradition/tk24_navigation_tradition/install/tracer_msgs/include/tracer_msgs/tracer_msgs/msg/detail/tracer_rc_state__builder.hpp
[4.971s] -- Installing: /home/tinker/tk24_navigation_tradition/tk24_navigation_tradition/install/tracer_msgs/include/tracer_msgs/tracer_msgs/msg/detail/tracer_status__traits.hpp
[4.971s] -- Installing: /home/tinker/tk24_navigation_tradition/tk24_navigation_tradition/install/tracer_msgs/include/tracer_msgs/tracer_msgs/msg/detail/tracer_light_cmd__traits.hpp
[4.971s] -- Installing: /home/tinker/tk24_navigation_tradition/tk24_navigation_tradition/install/tracer_msgs/include/tracer_msgs/tracer_msgs/msg/detail/tracer_light_cmd__struct.hpp
[4.971s] -- Up-to-date: /home/tinker/tk24_navigation_tradition/tk24_navigation_tradition/install/tracer_msgs/include/tracer_msgs/tracer_msgs
[4.971s] -- Up-to-date: /home/tinker/tk24_navigation_tradition/tk24_navigation_tradition/install/tracer_msgs/include/tracer_msgs/tracer_msgs/msg
[4.971s] -- Installing: /home/tinker/tk24_navigation_tradition/tk24_navigation_tradition/install/tracer_msgs/include/tracer_msgs/tracer_msgs/msg/rosidl_typesupport_fastrtps_cpp__visibility_control.h
[4.971s] -- Up-to-date: /home/tinker/tk24_navigation_tradition/tk24_navigation_tradition/install/tracer_msgs/include/tracer_msgs/tracer_msgs/msg/detail
[4.971s] -- Installing: /home/tinker/tk24_navigation_tradition/tk24_navigation_tradition/install/tracer_msgs/include/tracer_msgs/tracer_msgs/msg/detail/tracer_light_cmd__rosidl_typesupport_fastrtps_cpp.hpp
[4.971s] -- Installing: /home/tinker/tk24_navigation_tradition/tk24_navigation_tradition/install/tracer_msgs/include/tracer_msgs/tracer_msgs/msg/detail/tracer_rc_state__rosidl_typesupport_fastrtps_cpp.hpp
[4.971s] -- Installing: /home/tinker/tk24_navigation_tradition/tk24_navigation_tradition/install/tracer_msgs/include/tracer_msgs/tracer_msgs/msg/detail/dds_fastrtps
[4.971s] -- Installing: /home/tinker/tk24_navigation_tradition/tk24_navigation_tradition/install/tracer_msgs/include/tracer_msgs/tracer_msgs/msg/detail/tracer_actuator_state__rosidl_typesupport_fastrtps_cpp.hpp
[4.971s] -- Installing: /home/tinker/tk24_navigation_tradition/tk24_navigation_tradition/install/tracer_msgs/include/tracer_msgs/tracer_msgs/msg/detail/tracer_light_state__rosidl_typesupport_fastrtps_cpp.hpp
[4.971s] -- Installing: /home/tinker/tk24_navigation_tradition/tk24_navigation_tradition/install/tracer_msgs/include/tracer_msgs/tracer_msgs/msg/detail/tracer_status__rosidl_typesupport_fastrtps_cpp.hpp
[4.971s] -- Installing: /home/tinker/tk24_navigation_tradition/tk24_navigation_tradition/install/tracer_msgs/lib/libtracer_msgs__rosidl_typesupport_fastrtps_cpp.so
[4.971s] -- Set non-toolchain portion of runtime path of "/home/tinker/tk24_navigation_tradition/tk24_navigation_tradition/install/tracer_msgs/lib/libtracer_msgs__rosidl_typesupport_fastrtps_cpp.so" to ""
[4.971s] -- Up-to-date: /home/tinker/tk24_navigation_tradition/tk24_navigation_tradition/install/tracer_msgs/include/tracer_msgs/tracer_msgs
[4.971s] -- Up-to-date: /home/tinker/tk24_navigation_tradition/tk24_navigation_tradition/install/tracer_msgs/include/tracer_msgs/tracer_msgs/msg
[4.971s] -- Installing: /home/tinker/tk24_navigation_tradition/tk24_navigation_tradition/install/tracer_msgs/include/tracer_msgs/tracer_msgs/msg/rosidl_typesupport_introspection_c__visibility_control.h
[4.972s] -- Up-to-date: /home/tinker/tk24_navigation_tradition/tk24_navigation_tradition/install/tracer_msgs/include/tracer_msgs/tracer_msgs/msg/detail
[4.972s] -- Installing: /home/tinker/tk24_navigation_tradition/tk24_navigation_tradition/install/tracer_msgs/include/tracer_msgs/tracer_msgs/msg/detail/tracer_actuator_state__rosidl_typesupport_introspection_c.h
[4.972s] -- Installing: /home/tinker/tk24_navigation_tradition/tk24_navigation_tradition/install/tracer_msgs/include/tracer_msgs/tracer_msgs/msg/detail/tracer_light_state__rosidl_typesupport_introspection_c.h
[4.972s] -- Installing: /home/tinker/tk24_navigation_tradition/tk24_navigation_tradition/install/tracer_msgs/include/tracer_msgs/tracer_msgs/msg/detail/tracer_rc_state__type_support.c
[4.972s] -- Installing: /home/tinker/tk24_navigation_tradition/tk24_navigation_tradition/install/tracer_msgs/include/tracer_msgs/tracer_msgs/msg/detail/tracer_rc_state__rosidl_typesupport_introspection_c.h
[4.972s] -- Installing: /home/tinker/tk24_navigation_tradition/tk24_navigation_tradition/install/tracer_msgs/include/tracer_msgs/tracer_msgs/msg/detail/tracer_light_cmd__type_support.c
[4.972s] -- Installing: /home/tinker/tk24_navigation_tradition/tk24_navigation_tradition/install/tracer_msgs/include/tracer_msgs/tracer_msgs/msg/detail/tracer_status__type_support.c
[4.972s] -- Installing: /home/tinker/tk24_navigation_tradition/tk24_navigation_tradition/install/tracer_msgs/include/tracer_msgs/tracer_msgs/msg/detail/tracer_light_state__type_support.c
[4.972s] -- Installing: /home/tinker/tk24_navigation_tradition/tk24_navigation_tradition/install/tracer_msgs/include/tracer_msgs/tracer_msgs/msg/detail/tracer_actuator_state__type_support.c
[4.972s] -- Installing: /home/tinker/tk24_navigation_tradition/tk24_navigation_tradition/install/tracer_msgs/include/tracer_msgs/tracer_msgs/msg/detail/tracer_light_cmd__rosidl_typesupport_introspection_c.h
[4.972s] -- Installing: /home/tinker/tk24_navigation_tradition/tk24_navigation_tradition/install/tracer_msgs/include/tracer_msgs/tracer_msgs/msg/detail/tracer_status__rosidl_typesupport_introspection_c.h
[4.972s] -- Installing: /home/tinker/tk24_navigation_tradition/tk24_navigation_tradition/install/tracer_msgs/lib/libtracer_msgs__rosidl_typesupport_introspection_c.so
[4.972s] -- Set non-toolchain portion of runtime path of "/home/tinker/tk24_navigation_tradition/tk24_navigation_tradition/install/tracer_msgs/lib/libtracer_msgs__rosidl_typesupport_introspection_c.so" to ""
[4.972s] -- Installing: /home/tinker/tk24_navigation_tradition/tk24_navigation_tradition/install/tracer_msgs/lib/libtracer_msgs__rosidl_typesupport_c.so
[4.972s] -- Set non-toolchain portion of runtime path of "/home/tinker/tk24_navigation_tradition/tk24_navigation_tradition/install/tracer_msgs/lib/libtracer_msgs__rosidl_typesupport_c.so" to ""
[4.972s] -- Up-to-date: /home/tinker/tk24_navigation_tradition/tk24_navigation_tradition/install/tracer_msgs/include/tracer_msgs/tracer_msgs
[4.972s] -- Up-to-date: /home/tinker/tk24_navigation_tradition/tk24_navigation_tradition/install/tracer_msgs/include/tracer_msgs/tracer_msgs/msg
[4.972s] -- Up-to-date: /home/tinker/tk24_navigation_tradition/tk24_navigation_tradition/install/tracer_msgs/include/tracer_msgs/tracer_msgs/msg/detail
[4.972s] -- Installing: /home/tinker/tk24_navigation_tradition/tk24_navigation_tradition/install/tracer_msgs/include/tracer_msgs/tracer_msgs/msg/detail/tracer_status__type_support.cpp
[4.972s] -- Installing: /home/tinker/tk24_navigation_tradition/tk24_navigation_tradition/install/tracer_msgs/include/tracer_msgs/tracer_msgs/msg/detail/tracer_actuator_state__type_support.cpp
[4.972s] -- Installing: /home/tinker/tk24_navigation_tradition/tk24_navigation_tradition/install/tracer_msgs/include/tracer_msgs/tracer_msgs/msg/detail/tracer_light_cmd__type_support.cpp
[4.972s] -- Installing: /home/tinker/tk24_navigation_tradition/tk24_navigation_tradition/install/tracer_msgs/include/tracer_msgs/tracer_msgs/msg/detail/tracer_light_cmd__rosidl_typesupport_introspection_cpp.hpp
[4.972s] -- Installing: /home/tinker/tk24_navigation_tradition/tk24_navigation_tradition/install/tracer_msgs/include/tracer_msgs/tracer_msgs/msg/detail/tracer_status__rosidl_typesupport_introspection_cpp.hpp
[4.972s] -- Installing: /home/tinker/tk24_navigation_tradition/tk24_navigation_tradition/install/tracer_msgs/include/tracer_msgs/tracer_msgs/msg/detail/tracer_light_state__rosidl_typesupport_introspection_cpp.hpp
[4.972s] -- Installing: /home/tinker/tk24_navigation_tradition/tk24_navigation_tradition/install/tracer_msgs/include/tracer_msgs/tracer_msgs/msg/detail/tracer_light_state__type_support.cpp
[4.972s] -- Installing: /home/tinker/tk24_navigation_tradition/tk24_navigation_tradition/install/tracer_msgs/include/tracer_msgs/tracer_msgs/msg/detail/tracer_actuator_state__rosidl_typesupport_introspection_cpp.hpp
[4.972s] -- Installing: /home/tinker/tk24_navigation_tradition/tk24_navigation_tradition/install/tracer_msgs/include/tracer_msgs/tracer_msgs/msg/detail/tracer_rc_state__rosidl_typesupport_introspection_cpp.hpp
[4.972s] -- Installing: /home/tinker/tk24_navigation_tradition/tk24_navigation_tradition/install/tracer_msgs/include/tracer_msgs/tracer_msgs/msg/detail/tracer_rc_state__type_support.cpp
[4.972s] -- Installing: /home/tinker/tk24_navigation_tradition/tk24_navigation_tradition/install/tracer_msgs/lib/libtracer_msgs__rosidl_typesupport_introspection_cpp.so
[4.973s] -- Set non-toolchain portion of runtime path of "/home/tinker/tk24_navigation_tradition/tk24_navigation_tradition/install/tracer_msgs/lib/libtracer_msgs__rosidl_typesupport_introspection_cpp.so" to ""
[4.973s] -- Installing: /home/tinker/tk24_navigation_tradition/tk24_navigation_tradition/install/tracer_msgs/lib/libtracer_msgs__rosidl_typesupport_cpp.so
[4.973s] -- Set non-toolchain portion of runtime path of "/home/tinker/tk24_navigation_tradition/tk24_navigation_tradition/install/tracer_msgs/lib/libtracer_msgs__rosidl_typesupport_cpp.so" to ""
[4.973s] -- Installing: /home/tinker/tk24_navigation_tradition/tk24_navigation_tradition/install/tracer_msgs/share/tracer_msgs/environment/pythonpath.sh
[4.973s] -- Installing: /home/tinker/tk24_navigation_tradition/tk24_navigation_tradition/install/tracer_msgs/share/tracer_msgs/environment/pythonpath.dsv
[4.973s] -- Installing: /home/tinker/tk24_navigation_tradition/tk24_navigation_tradition/install/tracer_msgs/local/lib/python3.10/dist-packages/tracer_msgs-0.1.0-py3.10.egg-info
[4.973s] -- Installing: /home/tinker/tk24_navigation_tradition/tk24_navigation_tradition/install/tracer_msgs/local/lib/python3.10/dist-packages/tracer_msgs-0.1.0-py3.10.egg-info/SOURCES.txt
[4.973s] -- Installing: /home/tinker/tk24_navigation_tradition/tk24_navigation_tradition/install/tracer_msgs/local/lib/python3.10/dist-packages/tracer_msgs-0.1.0-py3.10.egg-info/dependency_links.txt
[4.973s] -- Installing: /home/tinker/tk24_navigation_tradition/tk24_navigation_tradition/install/tracer_msgs/local/lib/python3.10/dist-packages/tracer_msgs-0.1.0-py3.10.egg-info/PKG-INFO
[4.973s] -- Installing: /home/tinker/tk24_navigation_tradition/tk24_navigation_tradition/install/tracer_msgs/local/lib/python3.10/dist-packages/tracer_msgs-0.1.0-py3.10.egg-info/top_level.txt
[4.973s] -- Installing: /home/tinker/tk24_navigation_tradition/tk24_navigation_tradition/install/tracer_msgs/local/lib/python3.10/dist-packages/tracer_msgs
[4.973s] -- Installing: /home/tinker/tk24_navigation_tradition/tk24_navigation_tradition/install/tracer_msgs/local/lib/python3.10/dist-packages/tracer_msgs/__init__.py
[4.973s] -- Installing: /home/tinker/tk24_navigation_tradition/tk24_navigation_tradition/install/tracer_msgs/local/lib/python3.10/dist-packages/tracer_msgs/_tracer_msgs_s.ep.rosidl_typesupport_introspection_c.c
[4.973s] -- Installing: /home/tinker/tk24_navigation_tradition/tk24_navigation_tradition/install/tracer_msgs/local/lib/python3.10/dist-packages/tracer_msgs/tracer_msgs_s__rosidl_typesupport_fastrtps_c.cpython-310-x86_64-linux-gnu.so
[4.973s] -- Installing: /home/tinker/tk24_navigation_tradition/tk24_navigation_tradition/install/tracer_msgs/local/lib/python3.10/dist-packages/tracer_msgs/_tracer_msgs_s.ep.rosidl_typesupport_fastrtps_c.c
[4.973s] -- Installing: /home/tinker/tk24_navigation_tradition/tk24_navigation_tradition/install/tracer_msgs/local/lib/python3.10/dist-packages/tracer_msgs/libtracer_msgs__rosidl_generator_py.so
[4.973s] -- Installing: /home/tinker/tk24_navigation_tradition/tk24_navigation_tradition/install/tracer_msgs/local/lib/python3.10/dist-packages/tracer_msgs/_tracer_msgs_s.ep.rosidl_typesupport_c.c
[4.973s] -- Installing: /home/tinker/tk24_navigation_tradition/tk24_navigation_tradition/install/tracer_msgs/local/lib/python3.10/dist-packages/tracer_msgs/tracer_msgs_s__rosidl_typesupport_introspection_c.cpython-310-x86_64-linux-gnu.so
[4.973s] -- Installing: /home/tinker/tk24_navigation_tradition/tk24_navigation_tradition/install/tracer_msgs/local/lib/python3.10/dist-packages/tracer_msgs/msg
[4.973s] -- Installing: /home/tinker/tk24_navigation_tradition/tk24_navigation_tradition/install/tracer_msgs/local/lib/python3.10/dist-packages/tracer_msgs/msg/__init__.py
[4.973s] -- Installing: /home/tinker/tk24_navigation_tradition/tk24_navigation_tradition/install/tracer_msgs/local/lib/python3.10/dist-packages/tracer_msgs/msg/_tracer_status.py
[4.973s] -- Installing: /home/tinker/tk24_navigation_tradition/tk24_navigation_tradition/install/tracer_msgs/local/lib/python3.10/dist-packages/tracer_msgs/msg/_tracer_light_state_s.c
[4.973s] -- Installing: /home/tinker/tk24_navigation_tradition/tk24_navigation_tradition/install/tracer_msgs/local/lib/python3.10/dist-packages/tracer_msgs/msg/_tracer_actuator_state.py
[4.973s] -- Installing: /home/tinker/tk24_navigation_tradition/tk24_navigation_tradition/install/tracer_msgs/local/lib/python3.10/dist-packages/tracer_msgs/msg/_tracer_light_cmd_s.c
[4.973s] -- Installing: /home/tinker/tk24_navigation_tradition/tk24_navigation_tradition/install/tracer_msgs/local/lib/python3.10/dist-packages/tracer_msgs/msg/_tracer_light_state.py
[4.973s] -- Installing: /home/tinker/tk24_navigation_tradition/tk24_navigation_tradition/install/tracer_msgs/local/lib/python3.10/dist-packages/tracer_msgs/msg/_tracer_rc_state.py
[4.974s] -- Installing: /home/tinker/tk24_navigation_tradition/tk24_navigation_tradition/install/tracer_msgs/local/lib/python3.10/dist-packages/tracer_msgs/msg/_tracer_actuator_state_s.c
[4.974s] -- Installing: /home/tinker/tk24_navigation_tradition/tk24_navigation_tradition/install/tracer_msgs/local/lib/python3.10/dist-packages/tracer_msgs/msg/_tracer_light_cmd.py
[4.974s] -- Installing: /home/tinker/tk24_navigation_tradition/tk24_navigation_tradition/install/tracer_msgs/local/lib/python3.10/dist-packages/tracer_msgs/msg/_tracer_rc_state_s.c
[4.974s] -- Installing: /home/tinker/tk24_navigation_tradition/tk24_navigation_tradition/install/tracer_msgs/local/lib/python3.10/dist-packages/tracer_msgs/msg/_tracer_status_s.c
[4.974s] -- Installing: /home/tinker/tk24_navigation_tradition/tk24_navigation_tradition/install/tracer_msgs/local/lib/python3.10/dist-packages/tracer_msgs/tracer_msgs_s__rosidl_typesupport_c.cpython-310-x86_64-linux-gnu.so
[4.995s] Listing '/home/tinker/tk24_navigation_tradition/tk24_navigation_tradition/install/tracer_msgs/local/lib/python3.10/dist-packages/tracer_msgs'...
[4.995s] Compiling '/home/tinker/tk24_navigation_tradition/tk24_navigation_tradition/install/tracer_msgs/local/lib/python3.10/dist-packages/tracer_msgs/__init__.py'...
[4.995s] Listing '/home/tinker/tk24_navigation_tradition/tk24_navigation_tradition/install/tracer_msgs/local/lib/python3.10/dist-packages/tracer_msgs/msg'...
[4.995s] Compiling '/home/tinker/tk24_navigation_tradition/tk24_navigation_tradition/install/tracer_msgs/local/lib/python3.10/dist-packages/tracer_msgs/msg/__init__.py'...
[4.995s] Compiling '/home/tinker/tk24_navigation_tradition/tk24_navigation_tradition/install/tracer_msgs/local/lib/python3.10/dist-packages/tracer_msgs/msg/_tracer_actuator_state.py'...
[4.995s] Compiling '/home/tinker/tk24_navigation_tradition/tk24_navigation_tradition/install/tracer_msgs/local/lib/python3.10/dist-packages/tracer_msgs/msg/_tracer_light_cmd.py'...
[4.995s] Compiling '/home/tinker/tk24_navigation_tradition/tk24_navigation_tradition/install/tracer_msgs/local/lib/python3.10/dist-packages/tracer_msgs/msg/_tracer_light_state.py'...
[4.995s] Compiling '/home/tinker/tk24_navigation_tradition/tk24_navigation_tradition/install/tracer_msgs/local/lib/python3.10/dist-packages/tracer_msgs/msg/_tracer_rc_state.py'...
[4.995s] Compiling '/home/tinker/tk24_navigation_tradition/tk24_navigation_tradition/install/tracer_msgs/local/lib/python3.10/dist-packages/tracer_msgs/msg/_tracer_status.py'...
[4.997s] -- Installing: /home/tinker/tk24_navigation_tradition/tk24_navigation_tradition/install/tracer_msgs/local/lib/python3.10/dist-packages/tracer_msgs/tracer_msgs_s__rosidl_typesupport_fastrtps_c.cpython-310-x86_64-linux-gnu.so
[4.997s] -- Set non-toolchain portion of runtime path of "/home/tinker/tk24_navigation_tradition/tk24_navigation_tradition/install/tracer_msgs/local/lib/python3.10/dist-packages/tracer_msgs/tracer_msgs_s__rosidl_typesupport_fastrtps_c.cpython-310-x86_64-linux-gnu.so" to ""
[4.997s] -- Installing: /home/tinker/tk24_navigation_tradition/tk24_navigation_tradition/install/tracer_msgs/local/lib/python3.10/dist-packages/tracer_msgs/tracer_msgs_s__rosidl_typesupport_introspection_c.cpython-310-x86_64-linux-gnu.so
[4.998s] -- Set non-toolchain portion of runtime path of "/home/tinker/tk24_navigation_tradition/tk24_navigation_tradition/install/tracer_msgs/local/lib/python3.10/dist-packages/tracer_msgs/tracer_msgs_s__rosidl_typesupport_introspection_c.cpython-310-x86_64-linux-gnu.so" to ""
[4.998s] -- Installing: /home/tinker/tk24_navigation_tradition/tk24_navigation_tradition/install/tracer_msgs/local/lib/python3.10/dist-packages/tracer_msgs/tracer_msgs_s__rosidl_typesupport_c.cpython-310-x86_64-linux-gnu.so
[4.998s] -- Set non-toolchain portion of runtime path of "/home/tinker/tk24_navigation_tradition/tk24_navigation_tradition/install/tracer_msgs/local/lib/python3.10/dist-packages/tracer_msgs/tracer_msgs_s__rosidl_typesupport_c.cpython-310-x86_64-linux-gnu.so" to ""
[4.998s] -- Installing: /home/tinker/tk24_navigation_tradition/tk24_navigation_tradition/install/tracer_msgs/lib/libtracer_msgs__rosidl_generator_py.so
[4.998s] -- Set non-toolchain portion of runtime path of "/home/tinker/tk24_navigation_tradition/tk24_navigation_tradition/install/tracer_msgs/lib/libtracer_msgs__rosidl_generator_py.so" to ""
[4.998s] -- Installing: /home/tinker/tk24_navigation_tradition/tk24_navigation_tradition/install/tracer_msgs/share/tracer_msgs/msg/TracerActuatorState.idl
[4.998s] -- Installing: /home/tinker/tk24_navigation_tradition/tk24_navigation_tradition/install/tracer_msgs/share/tracer_msgs/msg/TracerLightCmd.idl
[4.998s] -- Installing: /home/tinker/tk24_navigation_tradition/tk24_navigation_tradition/install/tracer_msgs/share/tracer_msgs/msg/TracerLightState.idl
[4.998s] -- Installing: /home/tinker/tk24_navigation_tradition/tk24_navigation_tradition/install/tracer_msgs/share/tracer_msgs/msg/TracerRCState.idl
[4.998s] -- Installing: /home/tinker/tk24_navigation_tradition/tk24_navigation_tradition/install/tracer_msgs/share/tracer_msgs/msg/TracerStatus.idl
[4.998s] -- Installing: /home/tinker/tk24_navigation_tradition/tk24_navigation_tradition/install/tracer_msgs/share/tracer_msgs/msg/TracerActuatorState.msg
[4.998s] -- Installing: /home/tinker/tk24_navigation_tradition/tk24_navigation_tradition/install/tracer_msgs/share/tracer_msgs/msg/TracerLightCmd.msg
[4.998s] -- Installing: /home/tinker/tk24_navigation_tradition/tk24_navigation_tradition/install/tracer_msgs/share/tracer_msgs/msg/TracerLightState.msg
[4.998s] -- Installing: /home/tinker/tk24_navigation_tradition/tk24_navigation_tradition/install/tracer_msgs/share/tracer_msgs/msg/TracerRCState.msg
[4.998s] -- Installing: /home/tinker/tk24_navigation_tradition/tk24_navigation_tradition/install/tracer_msgs/share/tracer_msgs/msg/TracerStatus.msg
[4.999s] -- Installing: /home/tinker/tk24_navigation_tradition/tk24_navigation_tradition/install/tracer_msgs/share/ament_index/resource_index/package_run_dependencies/tracer_msgs
[4.999s] -- Installing: /home/tinker/tk24_navigation_tradition/tk24_navigation_tradition/install/tracer_msgs/share/ament_index/resource_index/parent_prefix_path/tracer_msgs
[4.999s] -- Installing: /home/tinker/tk24_navigation_tradition/tk24_navigation_tradition/install/tracer_msgs/share/tracer_msgs/environment/ament_prefix_path.sh
[4.999s] -- Installing: /home/tinker/tk24_navigation_tradition/tk24_navigation_tradition/install/tracer_msgs/share/tracer_msgs/environment/ament_prefix_path.dsv
[4.999s] -- Installing: /home/tinker/tk24_navigation_tradition/tk24_navigation_tradition/install/tracer_msgs/share/tracer_msgs/environment/path.sh
[4.999s] -- Installing: /home/tinker/tk24_navigation_tradition/tk24_navigation_tradition/install/tracer_msgs/share/tracer_msgs/environment/path.dsv
[4.999s] -- Installing: /home/tinker/tk24_navigation_tradition/tk24_navigation_tradition/install/tracer_msgs/share/tracer_msgs/local_setup.bash
[4.999s] -- Installing: /home/tinker/tk24_navigation_tradition/tk24_navigation_tradition/install/tracer_msgs/share/tracer_msgs/local_setup.sh
[4.999s] -- Installing: /home/tinker/tk24_navigation_tradition/tk24_navigation_tradition/install/tracer_msgs/share/tracer_msgs/local_setup.zsh
[4.999s] -- Installing: /home/tinker/tk24_navigation_tradition/tk24_navigation_tradition/install/tracer_msgs/share/tracer_msgs/local_setup.dsv
[4.999s] -- Installing: /home/tinker/tk24_navigation_tradition/tk24_navigation_tradition/install/tracer_msgs/share/tracer_msgs/package.dsv
[4.999s] -- Installing: /home/tinker/tk24_navigation_tradition/tk24_navigation_tradition/install/tracer_msgs/share/ament_index/resource_index/packages/tracer_msgs
[4.999s] -- Installing: /home/tinker/tk24_navigation_tradition/tk24_navigation_tradition/install/tracer_msgs/share/tracer_msgs/cmake/export_tracer_msgs__rosidl_generator_cExport.cmake
[4.999s] -- Installing: /home/tinker/tk24_navigation_tradition/tk24_navigation_tradition/install/tracer_msgs/share/tracer_msgs/cmake/export_tracer_msgs__rosidl_generator_cExport-noconfig.cmake
[4.999s] -- Installing: /home/tinker/tk24_navigation_tradition/tk24_navigation_tradition/install/tracer_msgs/share/tracer_msgs/cmake/export_tracer_msgs__rosidl_typesupport_fastrtps_cExport.cmake
[4.999s] -- Installing: /home/tinker/tk24_navigation_tradition/tk24_navigation_tradition/install/tracer_msgs/share/tracer_msgs/cmake/export_tracer_msgs__rosidl_typesupport_fastrtps_cExport-noconfig.cmake
[4.999s] -- Installing: /home/tinker/tk24_navigation_tradition/tk24_navigation_tradition/install/tracer_msgs/share/tracer_msgs/cmake/export_tracer_msgs__rosidl_generator_cppExport.cmake
[4.999s] -- Installing: /home/tinker/tk24_navigation_tradition/tk24_navigation_tradition/install/tracer_msgs/share/tracer_msgs/cmake/export_tracer_msgs__rosidl_typesupport_fastrtps_cppExport.cmake
[4.999s] -- Installing: /home/tinker/tk24_navigation_tradition/tk24_navigation_tradition/install/tracer_msgs/share/tracer_msgs/cmake/export_tracer_msgs__rosidl_typesupport_fastrtps_cppExport-noconfig.cmake
[4.999s] -- Installing: /home/tinker/tk24_navigation_tradition/tk24_navigation_tradition/install/tracer_msgs/share/tracer_msgs/cmake/tracer_msgs__rosidl_typesupport_introspection_cExport.cmake
[4.999s] -- Installing: /home/tinker/tk24_navigation_tradition/tk24_navigation_tradition/install/tracer_msgs/share/tracer_msgs/cmake/tracer_msgs__rosidl_typesupport_introspection_cExport-noconfig.cmake
[4.999s] -- Installing: /home/tinker/tk24_navigation_tradition/tk24_navigation_tradition/install/tracer_msgs/share/tracer_msgs/cmake/tracer_msgs__rosidl_typesupport_cExport.cmake
[5.000s] -- Installing: /home/tinker/tk24_navigation_tradition/tk24_navigation_tradition/install/tracer_msgs/share/tracer_msgs/cmake/tracer_msgs__rosidl_typesupport_cExport-noconfig.cmake
[5.000s] -- Installing: /home/tinker/tk24_navigation_tradition/tk24_navigation_tradition/install/tracer_msgs/share/tracer_msgs/cmake/tracer_msgs__rosidl_typesupport_introspection_cppExport.cmake
[5.000s] -- Installing: /home/tinker/tk24_navigation_tradition/tk24_navigation_tradition/install/tracer_msgs/share/tracer_msgs/cmake/tracer_msgs__rosidl_typesupport_introspection_cppExport-noconfig.cmake
[5.000s] -- Installing: /home/tinker/tk24_navigation_tradition/tk24_navigation_tradition/install/tracer_msgs/share/tracer_msgs/cmake/tracer_msgs__rosidl_typesupport_cppExport.cmake
[5.000s] -- Installing: /home/tinker/tk24_navigation_tradition/tk24_navigation_tradition/install/tracer_msgs/share/tracer_msgs/cmake/tracer_msgs__rosidl_typesupport_cppExport-noconfig.cmake
[5.000s] -- Installing: /home/tinker/tk24_navigation_tradition/tk24_navigation_tradition/install/tracer_msgs/share/tracer_msgs/cmake/export_tracer_msgs__rosidl_generator_pyExport.cmake
[5.000s] -- Installing: /home/tinker/tk24_navigation_tradition/tk24_navigation_tradition/install/tracer_msgs/share/tracer_msgs/cmake/export_tracer_msgs__rosidl_generator_pyExport-noconfig.cmake
[5.000s] -- Installing: /home/tinker/tk24_navigation_tradition/tk24_navigation_tradition/install/tracer_msgs/share/tracer_msgs/cmake/rosidl_cmake-extras.cmake
[5.000s] -- Installing: /home/tinker/tk24_navigation_tradition/tk24_navigation_tradition/install/tracer_msgs/share/tracer_msgs/cmake/ament_cmake_export_dependencies-extras.cmake
[5.000s] -- Installing: /home/tinker/tk24_navigation_tradition/tk24_navigation_tradition/install/tracer_msgs/share/tracer_msgs/cmake/ament_cmake_export_include_directories-extras.cmake
[5.000s] -- Installing: /home/tinker/tk24_navigation_tradition/tk24_navigation_tradition/install/tracer_msgs/share/tracer_msgs/cmake/ament_cmake_export_libraries-extras.cmake
[5.000s] -- Installing: /home/tinker/tk24_navigation_tradition/tk24_navigation_tradition/install/tracer_msgs/share/tracer_msgs/cmake/ament_cmake_export_targets-extras.cmake
[5.000s] -- Installing: /home/tinker/tk24_navigation_tradition/tk24_navigation_tradition/install/tracer_msgs/share/tracer_msgs/cmake/rosidl_cmake_export_typesupport_targets-extras.cmake
[5.000s] -- Installing: /home/tinker/tk24_navigation_tradition/tk24_navigation_tradition/install/tracer_msgs/share/tracer_msgs/cmake/rosidl_cmake_export_typesupport_libraries-extras.cmake
[5.000s] -- Installing: /home/tinker/tk24_navigation_tradition/tk24_navigation_tradition/install/tracer_msgs/share/tracer_msgs/cmake/tracer_msgsConfig.cmake
[5.000s] -- Installing: /home/tinker/tk24_navigation_tradition/tk24_navigation_tradition/install/tracer_msgs/share/tracer_msgs/cmake/tracer_msgsConfig-version.cmake
[5.000s] -- Installing: /home/tinker/tk24_navigation_tradition/tk24_navigation_tradition/install/tracer_msgs/share/tracer_msgs/package.xml
[5.002s] Invoked command in '/home/tinker/tk24_navigation_tradition/tk24_navigation_tradition/build/tracer_msgs' returned '0': CMAKE_PREFIX_PATH=/home/tinker/Tinker_HOME/tk24_navigation/install/tracer_base:/home/tinker/Tinker_HOME/tk24_navigation/install/ros2_grasp_position_compute:/home/tinker/Tinker_HOME/tk24_navigation/install/nav_api:/opt/ros/humble:/home/tinker/Tinker_HOME/tk24_navigation/install/ugv_sdk:/home/tinker/Tinker_HOME/tk24_navigation/install/tracer_msgs:/home/tinker/Tinker_HOME/tk24_navigation/install/tk_nav_interfaces:/home/tinker/Tinker_HOME/tk24_navigation/install/tinker_nav_bringup:/home/tinker/Tinker_HOME/tk24_navigation/install/rtab_map:/home/tinker/Tinker_HOME/tk24_navigation/install/orbbec_description:/home/tinker/Tinker_HOME/tk24_navigation/install/orbbec_camera_msgs:/home/tinker/Tinker_HOME/tk24_navigation/install/compute_grasp_interface /home/tinker/.local/bin/cmake --install /home/tinker/tk24_navigation_tradition/tk24_navigation_tradition/build/tracer_msgs
