[0.073s] DEBUG:colcon:Command line arguments: ['/usr/bin/colcon', 'list', '-p', '--base-paths', '/home/tinker/tk24_navigation_tradition/tk24_navigation_tradition']
[0.073s] DEBUG:colcon:Parsed command line arguments: Namespace(log_base=None, log_level=None, verb_name='list', build_base='build', ignore_user_meta=False, metas=['./colcon.meta'], base_paths=['/home/tinker/tk24_navigation_tradition/tk24_navigation_tradition'], packages_ignore=None, packages_ignore_regex=None, paths=None, packages_up_to=None, packages_up_to_regex=None, packages_above=None, packages_above_and_dependencies=None, packages_above_depth=None, packages_select_by_dep=None, packages_skip_by_dep=None, packages_skip_up_to=None, packages_select_build_failed=False, packages_skip_build_finished=False, packages_select_test_failures=False, packages_skip_test_passed=False, packages_select=None, packages_skip=None, packages_select_regex=None, packages_skip_regex=None, packages_start=None, packages_end=None, allow_overriding=[], topological_order=False, names_only=False, paths_only=True, topological_graph=False, topological_graph_dot=False, topological_graph_density=False, topological_graph_legend=False, topological_graph_dot_cluster=False, topological_graph_dot_include_skipped=False, mixin_files=None, mixin=None, verb_parser=<colcon_mixin.mixin.mixin_argument.MixinArgumentDecorator object at 0x7a1e3266e620>, verb_extension=<colcon_package_information.verb.list.ListVerb object at 0x7a1e3266d780>, main=<bound method ListVerb.main of <colcon_package_information.verb.list.ListVerb object at 0x7a1e3266d780>>, mixin_verb=('list',))
[0.187s] Level 1:colcon.colcon_core.package_discovery:discover_packages(colcon_meta) check parameters
[0.187s] Level 1:colcon.colcon_core.package_discovery:discover_packages(recursive) check parameters
[0.187s] Level 1:colcon.colcon_core.package_discovery:discover_packages(ignore) check parameters
[0.187s] Level 1:colcon.colcon_core.package_discovery:discover_packages(path) check parameters
[0.187s] Level 1:colcon.colcon_core.package_discovery:discover_packages(recursive) discover
[0.188s] INFO:colcon.colcon_core.package_discovery:Crawling recursively for packages in '/home/tinker/tk24_navigation_tradition/tk24_navigation_tradition'
[0.188s] Level 1:colcon.colcon_core.package_identification:_identify(/home/tinker/tk24_navigation_tradition/tk24_navigation_tradition) by extensions ['ignore', 'ignore_ament_install']
[0.188s] Level 1:colcon.colcon_core.package_identification:_identify(/home/tinker/tk24_navigation_tradition/tk24_navigation_tradition) by extension 'ignore'
[0.188s] Level 1:colcon.colcon_core.package_identification:_identify(/home/tinker/tk24_navigation_tradition/tk24_navigation_tradition) by extension 'ignore_ament_install'
[0.188s] Level 1:colcon.colcon_core.package_identification:_identify(/home/tinker/tk24_navigation_tradition/tk24_navigation_tradition) by extensions ['colcon_pkg']
[0.188s] Level 1:colcon.colcon_core.package_identification:_identify(/home/tinker/tk24_navigation_tradition/tk24_navigation_tradition) by extension 'colcon_pkg'
[0.188s] Level 1:colcon.colcon_core.package_identification:_identify(/home/tinker/tk24_navigation_tradition/tk24_navigation_tradition) by extensions ['colcon_meta']
[0.188s] Level 1:colcon.colcon_core.package_identification:_identify(/home/tinker/tk24_navigation_tradition/tk24_navigation_tradition) by extension 'colcon_meta'
[0.188s] Level 1:colcon.colcon_core.package_identification:_identify(/home/tinker/tk24_navigation_tradition/tk24_navigation_tradition) by extensions ['ros']
[0.188s] Level 1:colcon.colcon_core.package_identification:_identify(/home/tinker/tk24_navigation_tradition/tk24_navigation_tradition) by extension 'ros'
[0.196s] Level 1:colcon.colcon_core.package_identification:_identify(/home/tinker/tk24_navigation_tradition/tk24_navigation_tradition) by extensions ['cmake', 'python']
[0.196s] Level 1:colcon.colcon_core.package_identification:_identify(/home/tinker/tk24_navigation_tradition/tk24_navigation_tradition) by extension 'cmake'
[0.196s] Level 1:colcon.colcon_core.package_identification:_identify(/home/tinker/tk24_navigation_tradition/tk24_navigation_tradition) by extension 'python'
[0.196s] Level 1:colcon.colcon_core.package_identification:_identify(/home/tinker/tk24_navigation_tradition/tk24_navigation_tradition) by extensions ['python_setup_py']
[0.196s] Level 1:colcon.colcon_core.package_identification:_identify(/home/tinker/tk24_navigation_tradition/tk24_navigation_tradition) by extension 'python_setup_py'
[0.196s] Level 1:colcon.colcon_core.package_identification:_identify(/home/tinker/tk24_navigation_tradition/tk24_navigation_tradition/log) by extensions ['ignore', 'ignore_ament_install']
[0.196s] Level 1:colcon.colcon_core.package_identification:_identify(/home/tinker/tk24_navigation_tradition/tk24_navigation_tradition/log) by extension 'ignore'
[0.196s] Level 1:colcon.colcon_core.package_identification:_identify(/home/tinker/tk24_navigation_tradition/tk24_navigation_tradition/log) ignored
[0.196s] Level 1:colcon.colcon_core.package_identification:_identify(/home/tinker/tk24_navigation_tradition/tk24_navigation_tradition/src) by extensions ['ignore', 'ignore_ament_install']
[0.196s] Level 1:colcon.colcon_core.package_identification:_identify(/home/tinker/tk24_navigation_tradition/tk24_navigation_tradition/src) by extension 'ignore'
[0.196s] Level 1:colcon.colcon_core.package_identification:_identify(/home/tinker/tk24_navigation_tradition/tk24_navigation_tradition/src) by extension 'ignore_ament_install'
[0.196s] Level 1:colcon.colcon_core.package_identification:_identify(/home/tinker/tk24_navigation_tradition/tk24_navigation_tradition/src) by extensions ['colcon_pkg']
[0.196s] Level 1:colcon.colcon_core.package_identification:_identify(/home/tinker/tk24_navigation_tradition/tk24_navigation_tradition/src) by extension 'colcon_pkg'
[0.196s] Level 1:colcon.colcon_core.package_identification:_identify(/home/tinker/tk24_navigation_tradition/tk24_navigation_tradition/src) by extensions ['colcon_meta']
[0.196s] Level 1:colcon.colcon_core.package_identification:_identify(/home/tinker/tk24_navigation_tradition/tk24_navigation_tradition/src) by extension 'colcon_meta'
[0.196s] Level 1:colcon.colcon_core.package_identification:_identify(/home/tinker/tk24_navigation_tradition/tk24_navigation_tradition/src) by extensions ['ros']
[0.196s] Level 1:colcon.colcon_core.package_identification:_identify(/home/tinker/tk24_navigation_tradition/tk24_navigation_tradition/src) by extension 'ros'
[0.197s] Level 1:colcon.colcon_core.package_identification:_identify(/home/tinker/tk24_navigation_tradition/tk24_navigation_tradition/src) by extensions ['cmake', 'python']
[0.197s] Level 1:colcon.colcon_core.package_identification:_identify(/home/tinker/tk24_navigation_tradition/tk24_navigation_tradition/src) by extension 'cmake'
[0.197s] Level 1:colcon.colcon_core.package_identification:_identify(/home/tinker/tk24_navigation_tradition/tk24_navigation_tradition/src) by extension 'python'
[0.197s] Level 1:colcon.colcon_core.package_identification:_identify(/home/tinker/tk24_navigation_tradition/tk24_navigation_tradition/src) by extensions ['python_setup_py']
[0.197s] Level 1:colcon.colcon_core.package_identification:_identify(/home/tinker/tk24_navigation_tradition/tk24_navigation_tradition/src) by extension 'python_setup_py'
[0.197s] Level 1:colcon.colcon_core.package_identification:_identify(/home/tinker/tk24_navigation_tradition/tk24_navigation_tradition/src/navigation_bringup) by extensions ['ignore', 'ignore_ament_install']
[0.197s] Level 1:colcon.colcon_core.package_identification:_identify(/home/tinker/tk24_navigation_tradition/tk24_navigation_tradition/src/navigation_bringup) by extension 'ignore'
[0.197s] Level 1:colcon.colcon_core.package_identification:_identify(/home/tinker/tk24_navigation_tradition/tk24_navigation_tradition/src/navigation_bringup) by extension 'ignore_ament_install'
[0.197s] Level 1:colcon.colcon_core.package_identification:_identify(/home/tinker/tk24_navigation_tradition/tk24_navigation_tradition/src/navigation_bringup) by extensions ['colcon_pkg']
[0.197s] Level 1:colcon.colcon_core.package_identification:_identify(/home/tinker/tk24_navigation_tradition/tk24_navigation_tradition/src/navigation_bringup) by extension 'colcon_pkg'
[0.197s] Level 1:colcon.colcon_core.package_identification:_identify(/home/tinker/tk24_navigation_tradition/tk24_navigation_tradition/src/navigation_bringup) by extensions ['colcon_meta']
[0.197s] Level 1:colcon.colcon_core.package_identification:_identify(/home/tinker/tk24_navigation_tradition/tk24_navigation_tradition/src/navigation_bringup) by extension 'colcon_meta'
[0.197s] Level 1:colcon.colcon_core.package_identification:_identify(/home/tinker/tk24_navigation_tradition/tk24_navigation_tradition/src/navigation_bringup) by extensions ['ros']
[0.197s] Level 1:colcon.colcon_core.package_identification:_identify(/home/tinker/tk24_navigation_tradition/tk24_navigation_tradition/src/navigation_bringup) by extension 'ros'
[0.199s] DEBUG:colcon.colcon_core.package_identification:Package '/home/tinker/tk24_navigation_tradition/tk24_navigation_tradition/src/navigation_bringup' with type 'ros.ament_cmake' and name 'navigation_bringup'
[0.199s] Level 1:colcon.colcon_core.package_discovery:discover_packages(recursive) using defaults
